[2023-05-24 00:00:01,508] {taskinstance.py:1159} INFO - Dependencies all met for <TaskInstance: data_ingestion_gcs_dag.download_dataset_task scheduled__2023-05-23T00:00:00+00:00 [queued]>
[2023-05-24 00:00:01,519] {taskinstance.py:1159} INFO - Dependencies all met for <TaskInstance: data_ingestion_gcs_dag.download_dataset_task scheduled__2023-05-23T00:00:00+00:00 [queued]>
[2023-05-24 00:00:01,520] {taskinstance.py:1356} INFO - 
--------------------------------------------------------------------------------
[2023-05-24 00:00:01,521] {taskinstance.py:1357} INFO - Starting attempt 1 of 2
[2023-05-24 00:00:01,522] {taskinstance.py:1358} INFO - 
--------------------------------------------------------------------------------
[2023-05-24 00:00:01,536] {taskinstance.py:1377} INFO - Executing <Task(BashOperator): download_dataset_task> on 2023-05-23 00:00:00+00:00
[2023-05-24 00:00:01,541] {standard_task_runner.py:52} INFO - Started process 3601 to run task
[2023-05-24 00:00:01,545] {standard_task_runner.py:79} INFO - Running: ['***', 'tasks', 'run', 'data_ingestion_gcs_dag', 'download_dataset_task', 'scheduled__2023-05-23T00:00:00+00:00', '--job-id', '48', '--raw', '--subdir', 'DAGS_FOLDER/data_ingestion_gcs.py', '--cfg-path', '/tmp/tmp0lr32o9i', '--error-file', '/tmp/tmp03ybprde']
[2023-05-24 00:00:01,546] {standard_task_runner.py:80} INFO - Job 48: Subtask download_dataset_task
[2023-05-24 00:00:01,607] {task_command.py:370} INFO - Running <TaskInstance: data_ingestion_gcs_dag.download_dataset_task scheduled__2023-05-23T00:00:00+00:00 [running]> on host ca6ba07bb7b3
[2023-05-24 00:00:01,779] {taskinstance.py:1571} INFO - Exporting the following env vars:
AIRFLOW_CTX_DAG_OWNER=***
AIRFLOW_CTX_DAG_ID=data_ingestion_gcs_dag
AIRFLOW_CTX_TASK_ID=download_dataset_task
AIRFLOW_CTX_EXECUTION_DATE=2023-05-23T00:00:00+00:00
AIRFLOW_CTX_TRY_NUMBER=1
AIRFLOW_CTX_DAG_RUN_ID=scheduled__2023-05-23T00:00:00+00:00
[2023-05-24 00:00:01,784] {subprocess.py:62} INFO - Tmp dir root location: 
 /tmp
[2023-05-24 00:00:01,786] {subprocess.py:74} INFO - Running command: ['bash', '-c', 'curl -sSL https://d37ci6vzurychx.cloudfront.net/trip-data/yellow_tripdata_2021-01.parquet > /Users/eugene/Personal_Projects/Data_Project/app/***/yellow_tripdata_2021-01.parquet']
[2023-05-24 00:00:01,811] {subprocess.py:85} INFO - Output:
[2023-05-24 00:00:02,589] {subprocess.py:96} INFO - Command exited with return code 0
[2023-05-24 00:00:02,695] {taskinstance.py:1400} INFO - Marking task as SUCCESS. dag_id=data_ingestion_gcs_dag, task_id=download_dataset_task, execution_date=20230523T000000, start_date=20230524T000001, end_date=20230524T000002
[2023-05-24 00:00:02,782] {local_task_job.py:156} INFO - Task exited with return code 0
[2023-05-24 00:00:02,835] {local_task_job.py:273} INFO - 1 downstream tasks scheduled from follow-on schedule check
