[2023-06-03 22:38:40,767] {taskinstance.py:1159} INFO - Dependencies all met for <TaskInstance: data_ingestion_gcs_dag.download_fhv_dataset_task scheduled__2021-04-02T06:00:00+00:00 [queued]>
[2023-06-03 22:38:40,778] {taskinstance.py:1159} INFO - Dependencies all met for <TaskInstance: data_ingestion_gcs_dag.download_fhv_dataset_task scheduled__2021-04-02T06:00:00+00:00 [queued]>
[2023-06-03 22:38:40,780] {taskinstance.py:1356} INFO - 
--------------------------------------------------------------------------------
[2023-06-03 22:38:40,781] {taskinstance.py:1357} INFO - Starting attempt 1 of 2
[2023-06-03 22:38:40,782] {taskinstance.py:1358} INFO - 
--------------------------------------------------------------------------------
[2023-06-03 22:38:40,800] {taskinstance.py:1377} INFO - Executing <Task(BashOperator): download_fhv_dataset_task> on 2021-04-02 06:00:00+00:00
[2023-06-03 22:38:40,814] {standard_task_runner.py:52} INFO - Started process 643 to run task
[2023-06-03 22:38:40,819] {standard_task_runner.py:79} INFO - Running: ['***', 'tasks', 'run', 'data_ingestion_gcs_dag', 'download_fhv_dataset_task', 'scheduled__2021-04-02T06:00:00+00:00', '--job-id', '129', '--raw', '--subdir', 'DAGS_FOLDER/data_ingestion_gcs.py', '--cfg-path', '/tmp/tmp8433cpnq', '--error-file', '/tmp/tmpecq04di6']
[2023-06-03 22:38:40,821] {standard_task_runner.py:80} INFO - Job 129: Subtask download_fhv_dataset_task
[2023-06-03 22:38:40,898] {task_command.py:370} INFO - Running <TaskInstance: data_ingestion_gcs_dag.download_fhv_dataset_task scheduled__2021-04-02T06:00:00+00:00 [running]> on host ca6ba07bb7b3
[2023-06-03 22:38:40,956] {logging_mixin.py:115} WARNING - /home/***/.local/lib/python3.7/site-packages/***/utils/context.py:202 AirflowContextDeprecationWarning: Accessing 'execution_date' from the template is deprecated and will be removed in a future version. Please use 'data_interval_start' or 'logical_date' instead.
[2023-06-03 22:38:41,006] {taskinstance.py:1571} INFO - Exporting the following env vars:
AIRFLOW_CTX_DAG_OWNER=***
AIRFLOW_CTX_DAG_ID=data_ingestion_gcs_dag
AIRFLOW_CTX_TASK_ID=download_fhv_dataset_task
AIRFLOW_CTX_EXECUTION_DATE=2021-04-02T06:00:00+00:00
AIRFLOW_CTX_TRY_NUMBER=1
AIRFLOW_CTX_DAG_RUN_ID=scheduled__2021-04-02T06:00:00+00:00
[2023-06-03 22:38:41,011] {subprocess.py:62} INFO - Tmp dir root location: 
 /tmp
[2023-06-03 22:38:41,014] {subprocess.py:74} INFO - Running command: ['bash', '-c', 'curl -sSL https://d37ci6vzurychx.cloudfront.net/trip-data/fhv_tripdata_2021-04.parquet > /Users/eugene/Personal_Projects/Data_Project/app/***/fhv_tripdata_2021-04.parquet']
[2023-06-03 22:38:41,030] {subprocess.py:85} INFO - Output:
[2023-06-03 22:38:45,995] {subprocess.py:96} INFO - Command exited with return code 0
[2023-06-03 22:38:46,042] {taskinstance.py:1400} INFO - Marking task as SUCCESS. dag_id=data_ingestion_gcs_dag, task_id=download_fhv_dataset_task, execution_date=20210402T060000, start_date=20230603T223840, end_date=20230603T223846
[2023-06-03 22:38:46,089] {local_task_job.py:156} INFO - Task exited with return code 0
[2023-06-03 22:38:46,138] {local_task_job.py:273} INFO - 1 downstream tasks scheduled from follow-on schedule check
