[2023-05-26 13:43:42,414] {taskinstance.py:1159} INFO - Dependencies all met for <TaskInstance: data_ingestion_gcs_dag.bigquery_external_table_task manual__2023-05-26T13:43:23.898184+00:00 [queued]>
[2023-05-26 13:43:42,429] {taskinstance.py:1159} INFO - Dependencies all met for <TaskInstance: data_ingestion_gcs_dag.bigquery_external_table_task manual__2023-05-26T13:43:23.898184+00:00 [queued]>
[2023-05-26 13:43:42,430] {taskinstance.py:1356} INFO - 
--------------------------------------------------------------------------------
[2023-05-26 13:43:42,431] {taskinstance.py:1357} INFO - Starting attempt 1 of 2
[2023-05-26 13:43:42,433] {taskinstance.py:1358} INFO - 
--------------------------------------------------------------------------------
[2023-05-26 13:43:42,453] {taskinstance.py:1377} INFO - Executing <Task(BigQueryCreateExternalTableOperator): bigquery_external_table_task> on 2023-05-26 13:43:23.898184+00:00
[2023-05-26 13:43:42,459] {standard_task_runner.py:52} INFO - Started process 2534 to run task
[2023-05-26 13:43:42,464] {standard_task_runner.py:79} INFO - Running: ['***', 'tasks', 'run', 'data_ingestion_gcs_dag', 'bigquery_external_table_task', 'manual__2023-05-26T13:43:23.898184+00:00', '--job-id', '80', '--raw', '--subdir', 'DAGS_FOLDER/data_ingestion_gcs.py', '--cfg-path', '/tmp/tmp03fc2zbv', '--error-file', '/tmp/tmpvx2wuv46']
[2023-05-26 13:43:42,466] {standard_task_runner.py:80} INFO - Job 80: Subtask bigquery_external_table_task
[2023-05-26 13:43:42,563] {task_command.py:370} INFO - Running <TaskInstance: data_ingestion_gcs_dag.bigquery_external_table_task manual__2023-05-26T13:43:23.898184+00:00 [running]> on host ca6ba07bb7b3
[2023-05-26 13:43:42,639] {logging_mixin.py:115} WARNING - /home/***/.local/lib/python3.7/site-packages/***/utils/context.py:202 AirflowContextDeprecationWarning: Accessing 'execution_date' from the template is deprecated and will be removed in a future version. Please use 'data_interval_start' or 'logical_date' instead.
[2023-05-26 13:43:42,693] {taskinstance.py:1571} INFO - Exporting the following env vars:
AIRFLOW_CTX_DAG_OWNER=***
AIRFLOW_CTX_DAG_ID=data_ingestion_gcs_dag
AIRFLOW_CTX_TASK_ID=bigquery_external_table_task
AIRFLOW_CTX_EXECUTION_DATE=2023-05-26T13:43:23.898184+00:00
AIRFLOW_CTX_TRY_NUMBER=1
AIRFLOW_CTX_DAG_RUN_ID=manual__2023-05-26T13:43:23.898184+00:00
[2023-05-26 13:43:42,697] {crypto.py:82} WARNING - empty cryptography key - values will not be stored encrypted.
[2023-05-26 13:43:42,699] {base.py:68} INFO - Using connection ID 'google_cloud_default' for task execution.
[2023-05-26 13:43:43,141] {taskinstance.py:1400} INFO - Marking task as SUCCESS. dag_id=data_ingestion_gcs_dag, task_id=bigquery_external_table_task, execution_date=20230526T134323, start_date=20230526T134342, end_date=20230526T134343
[2023-05-26 13:43:43,204] {local_task_job.py:156} INFO - Task exited with return code 0
[2023-05-26 13:43:43,242] {local_task_job.py:273} INFO - 0 downstream tasks scheduled from follow-on schedule check
