[2023-05-26 13:45:01,806] {taskinstance.py:1159} INFO - Dependencies all met for <TaskInstance: data_ingestion_gcs_dag.bigquery_external_table_task scheduled__2021-04-02T06:00:00+00:00 [queued]>
[2023-05-26 13:45:01,820] {taskinstance.py:1159} INFO - Dependencies all met for <TaskInstance: data_ingestion_gcs_dag.bigquery_external_table_task scheduled__2021-04-02T06:00:00+00:00 [queued]>
[2023-05-26 13:45:01,822] {taskinstance.py:1356} INFO - 
--------------------------------------------------------------------------------
[2023-05-26 13:45:01,823] {taskinstance.py:1357} INFO - Starting attempt 1 of 2
[2023-05-26 13:45:01,824] {taskinstance.py:1358} INFO - 
--------------------------------------------------------------------------------
[2023-05-26 13:45:01,846] {taskinstance.py:1377} INFO - Executing <Task(BigQueryCreateExternalTableOperator): bigquery_external_table_task> on 2021-04-02 06:00:00+00:00
[2023-05-26 13:45:01,853] {standard_task_runner.py:52} INFO - Started process 2603 to run task
[2023-05-26 13:45:01,858] {standard_task_runner.py:79} INFO - Running: ['***', 'tasks', 'run', 'data_ingestion_gcs_dag', 'bigquery_external_table_task', 'scheduled__2021-04-02T06:00:00+00:00', '--job-id', '89', '--raw', '--subdir', 'DAGS_FOLDER/data_ingestion_gcs.py', '--cfg-path', '/tmp/tmpriz9_r6g', '--error-file', '/tmp/tmp905qs8lg']
[2023-05-26 13:45:01,860] {standard_task_runner.py:80} INFO - Job 89: Subtask bigquery_external_table_task
[2023-05-26 13:45:01,946] {task_command.py:370} INFO - Running <TaskInstance: data_ingestion_gcs_dag.bigquery_external_table_task scheduled__2021-04-02T06:00:00+00:00 [running]> on host ca6ba07bb7b3
[2023-05-26 13:45:02,035] {logging_mixin.py:115} WARNING - /home/***/.local/lib/python3.7/site-packages/***/utils/context.py:202 AirflowContextDeprecationWarning: Accessing 'execution_date' from the template is deprecated and will be removed in a future version. Please use 'data_interval_start' or 'logical_date' instead.
[2023-05-26 13:45:02,087] {taskinstance.py:1571} INFO - Exporting the following env vars:
AIRFLOW_CTX_DAG_OWNER=***
AIRFLOW_CTX_DAG_ID=data_ingestion_gcs_dag
AIRFLOW_CTX_TASK_ID=bigquery_external_table_task
AIRFLOW_CTX_EXECUTION_DATE=2021-04-02T06:00:00+00:00
AIRFLOW_CTX_TRY_NUMBER=1
AIRFLOW_CTX_DAG_RUN_ID=scheduled__2021-04-02T06:00:00+00:00
[2023-05-26 13:45:02,090] {crypto.py:82} WARNING - empty cryptography key - values will not be stored encrypted.
[2023-05-26 13:45:02,092] {base.py:68} INFO - Using connection ID 'google_cloud_default' for task execution.
[2023-05-26 13:45:02,509] {taskinstance.py:1400} INFO - Marking task as SUCCESS. dag_id=data_ingestion_gcs_dag, task_id=bigquery_external_table_task, execution_date=20210402T060000, start_date=20230526T134501, end_date=20230526T134502
[2023-05-26 13:45:02,557] {local_task_job.py:156} INFO - Task exited with return code 0
[2023-05-26 13:45:02,591] {local_task_job.py:273} INFO - 0 downstream tasks scheduled from follow-on schedule check
