[2023-06-03 22:37:28,725] {taskinstance.py:1159} INFO - Dependencies all met for <TaskInstance: data_ingestion_gcs_dag.local_to_gcs_task_yellow scheduled__2021-01-02T06:00:00+00:00 [queued]>
[2023-06-03 22:37:28,749] {taskinstance.py:1159} INFO - Dependencies all met for <TaskInstance: data_ingestion_gcs_dag.local_to_gcs_task_yellow scheduled__2021-01-02T06:00:00+00:00 [queued]>
[2023-06-03 22:37:28,751] {taskinstance.py:1356} INFO - 
--------------------------------------------------------------------------------
[2023-06-03 22:37:28,753] {taskinstance.py:1357} INFO - Starting attempt 1 of 2
[2023-06-03 22:37:28,756] {taskinstance.py:1358} INFO - 
--------------------------------------------------------------------------------
[2023-06-03 22:37:28,790] {taskinstance.py:1377} INFO - Executing <Task(PythonOperator): local_to_gcs_task_yellow> on 2021-01-02 06:00:00+00:00
[2023-06-03 22:37:28,801] {standard_task_runner.py:52} INFO - Started process 523 to run task
[2023-06-03 22:37:28,814] {standard_task_runner.py:79} INFO - Running: ['***', 'tasks', 'run', 'data_ingestion_gcs_dag', 'local_to_gcs_task_yellow', 'scheduled__2021-01-02T06:00:00+00:00', '--job-id', '106', '--raw', '--subdir', 'DAGS_FOLDER/data_ingestion_gcs.py', '--cfg-path', '/tmp/tmpczntfsfe', '--error-file', '/tmp/tmpwsz6tg8j']
[2023-06-03 22:37:28,817] {standard_task_runner.py:80} INFO - Job 106: Subtask local_to_gcs_task_yellow
[2023-06-03 22:37:28,936] {task_command.py:370} INFO - Running <TaskInstance: data_ingestion_gcs_dag.local_to_gcs_task_yellow scheduled__2021-01-02T06:00:00+00:00 [running]> on host ca6ba07bb7b3
[2023-06-03 22:37:29,024] {logging_mixin.py:115} WARNING - /home/***/.local/lib/python3.7/site-packages/***/utils/context.py:202 AirflowContextDeprecationWarning: Accessing 'execution_date' from the template is deprecated and will be removed in a future version. Please use 'data_interval_start' or 'logical_date' instead.
[2023-06-03 22:37:29,101] {taskinstance.py:1571} INFO - Exporting the following env vars:
AIRFLOW_CTX_DAG_OWNER=***
AIRFLOW_CTX_DAG_ID=data_ingestion_gcs_dag
AIRFLOW_CTX_TASK_ID=local_to_gcs_task_yellow
AIRFLOW_CTX_EXECUTION_DATE=2021-01-02T06:00:00+00:00
AIRFLOW_CTX_TRY_NUMBER=1
AIRFLOW_CTX_DAG_RUN_ID=scheduled__2021-01-02T06:00:00+00:00
[2023-06-03 22:37:35,760] {python.py:173} INFO - Done. Returned value was: None
[2023-06-03 22:37:35,825] {taskinstance.py:1400} INFO - Marking task as SUCCESS. dag_id=data_ingestion_gcs_dag, task_id=local_to_gcs_task_yellow, execution_date=20210102T060000, start_date=20230603T223728, end_date=20230603T223735
[2023-06-03 22:37:35,915] {local_task_job.py:156} INFO - Task exited with return code 0
[2023-06-03 22:37:35,996] {local_task_job.py:273} INFO - 1 downstream tasks scheduled from follow-on schedule check
