[2023-06-03 22:37:56,662] {taskinstance.py:1159} INFO - Dependencies all met for <TaskInstance: data_ingestion_gcs_dag.local_to_gcs_task_fhv scheduled__2021-02-02T06:00:00+00:00 [queued]>
[2023-06-03 22:37:56,671] {taskinstance.py:1159} INFO - Dependencies all met for <TaskInstance: data_ingestion_gcs_dag.local_to_gcs_task_fhv scheduled__2021-02-02T06:00:00+00:00 [queued]>
[2023-06-03 22:37:56,672] {taskinstance.py:1356} INFO - 
--------------------------------------------------------------------------------
[2023-06-03 22:37:56,673] {taskinstance.py:1357} INFO - Starting attempt 1 of 2
[2023-06-03 22:37:56,674] {taskinstance.py:1358} INFO - 
--------------------------------------------------------------------------------
[2023-06-03 22:37:56,688] {taskinstance.py:1377} INFO - Executing <Task(PythonOperator): local_to_gcs_task_fhv> on 2021-02-02 06:00:00+00:00
[2023-06-03 22:37:56,693] {standard_task_runner.py:52} INFO - Started process 569 to run task
[2023-06-03 22:37:56,698] {standard_task_runner.py:79} INFO - Running: ['***', 'tasks', 'run', 'data_ingestion_gcs_dag', 'local_to_gcs_task_fhv', 'scheduled__2021-02-02T06:00:00+00:00', '--job-id', '114', '--raw', '--subdir', 'DAGS_FOLDER/data_ingestion_gcs.py', '--cfg-path', '/tmp/tmp_34r95mx', '--error-file', '/tmp/tmpk77dg9gu']
[2023-06-03 22:37:56,701] {standard_task_runner.py:80} INFO - Job 114: Subtask local_to_gcs_task_fhv
[2023-06-03 22:37:56,766] {task_command.py:370} INFO - Running <TaskInstance: data_ingestion_gcs_dag.local_to_gcs_task_fhv scheduled__2021-02-02T06:00:00+00:00 [running]> on host ca6ba07bb7b3
[2023-06-03 22:37:56,813] {logging_mixin.py:115} WARNING - /home/***/.local/lib/python3.7/site-packages/***/utils/context.py:202 AirflowContextDeprecationWarning: Accessing 'execution_date' from the template is deprecated and will be removed in a future version. Please use 'data_interval_start' or 'logical_date' instead.
[2023-06-03 22:37:56,855] {taskinstance.py:1571} INFO - Exporting the following env vars:
AIRFLOW_CTX_DAG_OWNER=***
AIRFLOW_CTX_DAG_ID=data_ingestion_gcs_dag
AIRFLOW_CTX_TASK_ID=local_to_gcs_task_fhv
AIRFLOW_CTX_EXECUTION_DATE=2021-02-02T06:00:00+00:00
AIRFLOW_CTX_TRY_NUMBER=1
AIRFLOW_CTX_DAG_RUN_ID=scheduled__2021-02-02T06:00:00+00:00
[2023-06-03 22:38:01,180] {python.py:173} INFO - Done. Returned value was: None
[2023-06-03 22:38:01,196] {taskinstance.py:1400} INFO - Marking task as SUCCESS. dag_id=data_ingestion_gcs_dag, task_id=local_to_gcs_task_fhv, execution_date=20210202T060000, start_date=20230603T223756, end_date=20230603T223801
[2023-06-03 22:38:01,218] {local_task_job.py:156} INFO - Task exited with return code 0
[2023-06-03 22:38:01,255] {local_task_job.py:273} INFO - 1 downstream tasks scheduled from follow-on schedule check
