[2023-05-26 13:01:44,708] {taskinstance.py:1159} INFO - Dependencies all met for <TaskInstance: data_ingestion_gcs_dag.local_to_gcs_task manual__2023-05-26T13:01:40.823457+00:00 [queued]>
[2023-05-26 13:01:44,720] {taskinstance.py:1159} INFO - Dependencies all met for <TaskInstance: data_ingestion_gcs_dag.local_to_gcs_task manual__2023-05-26T13:01:40.823457+00:00 [queued]>
[2023-05-26 13:01:44,721] {taskinstance.py:1356} INFO - 
--------------------------------------------------------------------------------
[2023-05-26 13:01:44,723] {taskinstance.py:1357} INFO - Starting attempt 1 of 2
[2023-05-26 13:01:44,725] {taskinstance.py:1358} INFO - 
--------------------------------------------------------------------------------
[2023-05-26 13:01:44,745] {taskinstance.py:1377} INFO - Executing <Task(PythonOperator): local_to_gcs_task> on 2023-05-26 13:01:40.823457+00:00
[2023-05-26 13:01:44,753] {standard_task_runner.py:52} INFO - Started process 1247 to run task
[2023-05-26 13:01:44,758] {standard_task_runner.py:79} INFO - Running: ['***', 'tasks', 'run', 'data_ingestion_gcs_dag', 'local_to_gcs_task', 'manual__2023-05-26T13:01:40.823457+00:00', '--job-id', '70', '--raw', '--subdir', 'DAGS_FOLDER/data_ingestion_gcs.py', '--cfg-path', '/tmp/tmpthua63d5', '--error-file', '/tmp/tmpsiblki5n']
[2023-05-26 13:01:44,761] {standard_task_runner.py:80} INFO - Job 70: Subtask local_to_gcs_task
[2023-05-26 13:01:44,836] {task_command.py:370} INFO - Running <TaskInstance: data_ingestion_gcs_dag.local_to_gcs_task manual__2023-05-26T13:01:40.823457+00:00 [running]> on host ca6ba07bb7b3
[2023-05-26 13:01:44,899] {logging_mixin.py:115} WARNING - /home/***/.local/lib/python3.7/site-packages/***/utils/context.py:202 AirflowContextDeprecationWarning: Accessing 'execution_date' from the template is deprecated and will be removed in a future version. Please use 'data_interval_start' or 'logical_date' instead.
[2023-05-26 13:01:44,980] {taskinstance.py:1571} INFO - Exporting the following env vars:
AIRFLOW_CTX_DAG_OWNER=***
AIRFLOW_CTX_DAG_ID=data_ingestion_gcs_dag
AIRFLOW_CTX_TASK_ID=local_to_gcs_task
AIRFLOW_CTX_EXECUTION_DATE=2023-05-26T13:01:40.823457+00:00
AIRFLOW_CTX_TRY_NUMBER=1
AIRFLOW_CTX_DAG_RUN_ID=manual__2023-05-26T13:01:40.823457+00:00
[2023-05-26 13:01:45,247] {python.py:173} INFO - Done. Returned value was: None
[2023-05-26 13:01:45,271] {taskinstance.py:1400} INFO - Marking task as SUCCESS. dag_id=data_ingestion_gcs_dag, task_id=local_to_gcs_task, execution_date=20230526T130140, start_date=20230526T130144, end_date=20230526T130145
[2023-05-26 13:01:45,335] {local_task_job.py:156} INFO - Task exited with return code 0
[2023-05-26 13:01:45,386] {local_task_job.py:273} INFO - 1 downstream tasks scheduled from follow-on schedule check
