[2023-05-26 13:44:17,721] {taskinstance.py:1159} INFO - Dependencies all met for <TaskInstance: data_ingestion_gcs_dag.local_to_gcs_task scheduled__2021-02-02T06:00:00+00:00 [queued]>
[2023-05-26 13:44:17,734] {taskinstance.py:1159} INFO - Dependencies all met for <TaskInstance: data_ingestion_gcs_dag.local_to_gcs_task scheduled__2021-02-02T06:00:00+00:00 [queued]>
[2023-05-26 13:44:17,735] {taskinstance.py:1356} INFO - 
--------------------------------------------------------------------------------
[2023-05-26 13:44:17,736] {taskinstance.py:1357} INFO - Starting attempt 1 of 2
[2023-05-26 13:44:17,737] {taskinstance.py:1358} INFO - 
--------------------------------------------------------------------------------
[2023-05-26 13:44:17,756] {taskinstance.py:1377} INFO - Executing <Task(PythonOperator): local_to_gcs_task> on 2021-02-02 06:00:00+00:00
[2023-05-26 13:44:17,763] {standard_task_runner.py:52} INFO - Started process 2556 to run task
[2023-05-26 13:44:17,767] {standard_task_runner.py:79} INFO - Running: ['***', 'tasks', 'run', 'data_ingestion_gcs_dag', 'local_to_gcs_task', 'scheduled__2021-02-02T06:00:00+00:00', '--job-id', '82', '--raw', '--subdir', 'DAGS_FOLDER/data_ingestion_gcs.py', '--cfg-path', '/tmp/tmpp9pyux89', '--error-file', '/tmp/tmpgg5jf0qd']
[2023-05-26 13:44:17,769] {standard_task_runner.py:80} INFO - Job 82: Subtask local_to_gcs_task
[2023-05-26 13:44:17,842] {task_command.py:370} INFO - Running <TaskInstance: data_ingestion_gcs_dag.local_to_gcs_task scheduled__2021-02-02T06:00:00+00:00 [running]> on host ca6ba07bb7b3
[2023-05-26 13:44:17,907] {logging_mixin.py:115} WARNING - /home/***/.local/lib/python3.7/site-packages/***/utils/context.py:202 AirflowContextDeprecationWarning: Accessing 'execution_date' from the template is deprecated and will be removed in a future version. Please use 'data_interval_start' or 'logical_date' instead.
[2023-05-26 13:44:17,950] {taskinstance.py:1571} INFO - Exporting the following env vars:
AIRFLOW_CTX_DAG_OWNER=***
AIRFLOW_CTX_DAG_ID=data_ingestion_gcs_dag
AIRFLOW_CTX_TASK_ID=local_to_gcs_task
AIRFLOW_CTX_EXECUTION_DATE=2021-02-02T06:00:00+00:00
AIRFLOW_CTX_TRY_NUMBER=1
AIRFLOW_CTX_DAG_RUN_ID=scheduled__2021-02-02T06:00:00+00:00
[2023-05-26 13:44:21,048] {python.py:173} INFO - Done. Returned value was: None
[2023-05-26 13:44:21,069] {taskinstance.py:1400} INFO - Marking task as SUCCESS. dag_id=data_ingestion_gcs_dag, task_id=local_to_gcs_task, execution_date=20210202T060000, start_date=20230526T134417, end_date=20230526T134421
[2023-05-26 13:44:21,125] {local_task_job.py:156} INFO - Task exited with return code 0
[2023-05-26 13:44:21,185] {local_task_job.py:273} INFO - 1 downstream tasks scheduled from follow-on schedule check
