[2023-05-23 21:04:14,841] {taskinstance.py:1159} INFO - Dependencies all met for <TaskInstance: data_ingestion_gcs_dag.local_to_gcs_task manual__2023-05-23T21:04:10.480678+00:00 [queued]>
[2023-05-23 21:04:14,853] {taskinstance.py:1159} INFO - Dependencies all met for <TaskInstance: data_ingestion_gcs_dag.local_to_gcs_task manual__2023-05-23T21:04:10.480678+00:00 [queued]>
[2023-05-23 21:04:14,854] {taskinstance.py:1356} INFO - 
--------------------------------------------------------------------------------
[2023-05-23 21:04:14,855] {taskinstance.py:1357} INFO - Starting attempt 1 of 2
[2023-05-23 21:04:14,856] {taskinstance.py:1358} INFO - 
--------------------------------------------------------------------------------
[2023-05-23 21:04:14,870] {taskinstance.py:1377} INFO - Executing <Task(PythonOperator): local_to_gcs_task> on 2023-05-23 21:04:10.480678+00:00
[2023-05-23 21:04:14,875] {standard_task_runner.py:52} INFO - Started process 207 to run task
[2023-05-23 21:04:14,879] {standard_task_runner.py:79} INFO - Running: ['***', 'tasks', 'run', 'data_ingestion_gcs_dag', 'local_to_gcs_task', 'manual__2023-05-23T21:04:10.480678+00:00', '--job-id', '42', '--raw', '--subdir', 'DAGS_FOLDER/data_ingestion_gcs.py', '--cfg-path', '/tmp/tmpyn67qynt', '--error-file', '/tmp/tmp5j49nrhb']
[2023-05-23 21:04:14,882] {standard_task_runner.py:80} INFO - Job 42: Subtask local_to_gcs_task
[2023-05-23 21:04:14,942] {task_command.py:370} INFO - Running <TaskInstance: data_ingestion_gcs_dag.local_to_gcs_task manual__2023-05-23T21:04:10.480678+00:00 [running]> on host ca6ba07bb7b3
[2023-05-23 21:04:15,035] {taskinstance.py:1571} INFO - Exporting the following env vars:
AIRFLOW_CTX_DAG_OWNER=***
AIRFLOW_CTX_DAG_ID=data_ingestion_gcs_dag
AIRFLOW_CTX_TASK_ID=local_to_gcs_task
AIRFLOW_CTX_EXECUTION_DATE=2023-05-23T21:04:10.480678+00:00
AIRFLOW_CTX_TRY_NUMBER=1
AIRFLOW_CTX_DAG_RUN_ID=manual__2023-05-23T21:04:10.480678+00:00
[2023-05-23 21:04:16,596] {python.py:173} INFO - Done. Returned value was: None
[2023-05-23 21:04:16,612] {taskinstance.py:1400} INFO - Marking task as SUCCESS. dag_id=data_ingestion_gcs_dag, task_id=local_to_gcs_task, execution_date=20230523T210410, start_date=20230523T210414, end_date=20230523T210416
[2023-05-23 21:04:16,661] {local_task_job.py:156} INFO - Task exited with return code 0
[2023-05-23 21:04:16,698] {local_task_job.py:273} INFO - 1 downstream tasks scheduled from follow-on schedule check
