[2023-03-18 23:48:56,776] {taskinstance.py:1159} INFO - Dependencies all met for <TaskInstance: data_ingestion_gcs_dag.local_to_gcs_task scheduled__2023-03-17T00:00:00+00:00 [queued]>
[2023-03-18 23:48:56,787] {taskinstance.py:1159} INFO - Dependencies all met for <TaskInstance: data_ingestion_gcs_dag.local_to_gcs_task scheduled__2023-03-17T00:00:00+00:00 [queued]>
[2023-03-18 23:48:56,789] {taskinstance.py:1356} INFO - 
--------------------------------------------------------------------------------
[2023-03-18 23:48:56,790] {taskinstance.py:1357} INFO - Starting attempt 1 of 2
[2023-03-18 23:48:56,791] {taskinstance.py:1358} INFO - 
--------------------------------------------------------------------------------
[2023-03-18 23:48:56,811] {taskinstance.py:1377} INFO - Executing <Task(PythonOperator): local_to_gcs_task> on 2023-03-17 00:00:00+00:00
[2023-03-18 23:48:56,819] {standard_task_runner.py:52} INFO - Started process 213 to run task
[2023-03-18 23:48:56,823] {standard_task_runner.py:79} INFO - Running: ['***', 'tasks', 'run', 'data_ingestion_gcs_dag', 'local_to_gcs_task', 'scheduled__2023-03-17T00:00:00+00:00', '--job-id', '3', '--raw', '--subdir', 'DAGS_FOLDER/data_ingestion_gcs.py', '--cfg-path', '/tmp/tmphevtbhtl', '--error-file', '/tmp/tmplerydy1l']
[2023-03-18 23:48:56,826] {standard_task_runner.py:80} INFO - Job 3: Subtask local_to_gcs_task
[2023-03-18 23:48:56,847] {logging_mixin.py:115} WARNING - /home/***/.local/lib/python3.7/site-packages/***/configuration.py:525 DeprecationWarning: The sql_alchemy_conn option in [core] has been moved to the sql_alchemy_conn option in [database] - the old setting has been used, but please update your config.
[2023-03-18 23:48:56,898] {task_command.py:370} INFO - Running <TaskInstance: data_ingestion_gcs_dag.local_to_gcs_task scheduled__2023-03-17T00:00:00+00:00 [running]> on host 3c67d305fd30
[2023-03-18 23:48:56,997] {taskinstance.py:1571} INFO - Exporting the following env vars:
AIRFLOW_CTX_DAG_OWNER=***
AIRFLOW_CTX_DAG_ID=data_ingestion_gcs_dag
AIRFLOW_CTX_TASK_ID=local_to_gcs_task
AIRFLOW_CTX_EXECUTION_DATE=2023-03-17T00:00:00+00:00
AIRFLOW_CTX_TRY_NUMBER=1
AIRFLOW_CTX_DAG_RUN_ID=scheduled__2023-03-17T00:00:00+00:00
[2023-03-18 23:49:03,464] {python.py:173} INFO - Done. Returned value was: None
[2023-03-18 23:49:03,486] {taskinstance.py:1400} INFO - Marking task as SUCCESS. dag_id=data_ingestion_gcs_dag, task_id=local_to_gcs_task, execution_date=20230317T000000, start_date=20230318T234856, end_date=20230318T234903
[2023-03-18 23:49:03,552] {local_task_job.py:156} INFO - Task exited with return code 0
[2023-03-18 23:49:03,587] {local_task_job.py:273} INFO - 1 downstream tasks scheduled from follow-on schedule check
