[2023-03-18 23:49:14,002] {taskinstance.py:1159} INFO - Dependencies all met for <TaskInstance: data_ingestion_gcs_dag.local_to_gcs_task manual__2023-03-18T23:48:46.070373+00:00 [queued]>
[2023-03-18 23:49:14,012] {taskinstance.py:1159} INFO - Dependencies all met for <TaskInstance: data_ingestion_gcs_dag.local_to_gcs_task manual__2023-03-18T23:48:46.070373+00:00 [queued]>
[2023-03-18 23:49:14,013] {taskinstance.py:1356} INFO - 
--------------------------------------------------------------------------------
[2023-03-18 23:49:14,014] {taskinstance.py:1357} INFO - Starting attempt 1 of 2
[2023-03-18 23:49:14,015] {taskinstance.py:1358} INFO - 
--------------------------------------------------------------------------------
[2023-03-18 23:49:14,030] {taskinstance.py:1377} INFO - Executing <Task(PythonOperator): local_to_gcs_task> on 2023-03-18 23:48:46.070373+00:00
[2023-03-18 23:49:14,036] {standard_task_runner.py:52} INFO - Started process 225 to run task
[2023-03-18 23:49:14,040] {standard_task_runner.py:79} INFO - Running: ['***', 'tasks', 'run', 'data_ingestion_gcs_dag', 'local_to_gcs_task', 'manual__2023-03-18T23:48:46.070373+00:00', '--job-id', '6', '--raw', '--subdir', 'DAGS_FOLDER/data_ingestion_gcs.py', '--cfg-path', '/tmp/tmphhxgewbd', '--error-file', '/tmp/tmp1wtbx68n']
[2023-03-18 23:49:14,042] {standard_task_runner.py:80} INFO - Job 6: Subtask local_to_gcs_task
[2023-03-18 23:49:14,106] {task_command.py:370} INFO - Running <TaskInstance: data_ingestion_gcs_dag.local_to_gcs_task manual__2023-03-18T23:48:46.070373+00:00 [running]> on host 3c67d305fd30
[2023-03-18 23:49:14,188] {taskinstance.py:1571} INFO - Exporting the following env vars:
AIRFLOW_CTX_DAG_OWNER=***
AIRFLOW_CTX_DAG_ID=data_ingestion_gcs_dag
AIRFLOW_CTX_TASK_ID=local_to_gcs_task
AIRFLOW_CTX_EXECUTION_DATE=2023-03-18T23:48:46.070373+00:00
AIRFLOW_CTX_TRY_NUMBER=1
AIRFLOW_CTX_DAG_RUN_ID=manual__2023-03-18T23:48:46.070373+00:00
[2023-03-18 23:49:20,860] {python.py:173} INFO - Done. Returned value was: None
[2023-03-18 23:49:20,876] {taskinstance.py:1400} INFO - Marking task as SUCCESS. dag_id=data_ingestion_gcs_dag, task_id=local_to_gcs_task, execution_date=20230318T234846, start_date=20230318T234914, end_date=20230318T234920
[2023-03-18 23:49:20,925] {local_task_job.py:156} INFO - Task exited with return code 0
[2023-03-18 23:49:20,958] {local_task_job.py:273} INFO - 1 downstream tasks scheduled from follow-on schedule check
