[2023-06-03 22:38:53,863] {taskinstance.py:1159} INFO - Dependencies all met for <TaskInstance: data_ingestion_gcs_dag.local_to_gcs_task_yellow scheduled__2021-04-02T06:00:00+00:00 [queued]>
[2023-06-03 22:38:53,875] {taskinstance.py:1159} INFO - Dependencies all met for <TaskInstance: data_ingestion_gcs_dag.local_to_gcs_task_yellow scheduled__2021-04-02T06:00:00+00:00 [queued]>
[2023-06-03 22:38:53,877] {taskinstance.py:1356} INFO - 
--------------------------------------------------------------------------------
[2023-06-03 22:38:53,878] {taskinstance.py:1357} INFO - Starting attempt 1 of 2
[2023-06-03 22:38:53,879] {taskinstance.py:1358} INFO - 
--------------------------------------------------------------------------------
[2023-06-03 22:38:53,894] {taskinstance.py:1377} INFO - Executing <Task(PythonOperator): local_to_gcs_task_yellow> on 2021-04-02 06:00:00+00:00
[2023-06-03 22:38:53,901] {standard_task_runner.py:52} INFO - Started process 672 to run task
[2023-06-03 22:38:53,905] {standard_task_runner.py:79} INFO - Running: ['***', 'tasks', 'run', 'data_ingestion_gcs_dag', 'local_to_gcs_task_yellow', 'scheduled__2021-04-02T06:00:00+00:00', '--job-id', '133', '--raw', '--subdir', 'DAGS_FOLDER/data_ingestion_gcs.py', '--cfg-path', '/tmp/tmpphhib9lh', '--error-file', '/tmp/tmpuv27dfov']
[2023-06-03 22:38:53,907] {standard_task_runner.py:80} INFO - Job 133: Subtask local_to_gcs_task_yellow
[2023-06-03 22:38:53,982] {task_command.py:370} INFO - Running <TaskInstance: data_ingestion_gcs_dag.local_to_gcs_task_yellow scheduled__2021-04-02T06:00:00+00:00 [running]> on host ca6ba07bb7b3
[2023-06-03 22:38:54,042] {logging_mixin.py:115} WARNING - /home/***/.local/lib/python3.7/site-packages/***/utils/context.py:202 AirflowContextDeprecationWarning: Accessing 'execution_date' from the template is deprecated and will be removed in a future version. Please use 'data_interval_start' or 'logical_date' instead.
[2023-06-03 22:38:54,101] {taskinstance.py:1571} INFO - Exporting the following env vars:
AIRFLOW_CTX_DAG_OWNER=***
AIRFLOW_CTX_DAG_ID=data_ingestion_gcs_dag
AIRFLOW_CTX_TASK_ID=local_to_gcs_task_yellow
AIRFLOW_CTX_EXECUTION_DATE=2021-04-02T06:00:00+00:00
AIRFLOW_CTX_TRY_NUMBER=1
AIRFLOW_CTX_DAG_RUN_ID=scheduled__2021-04-02T06:00:00+00:00
[2023-06-03 22:39:05,272] {python.py:173} INFO - Done. Returned value was: None
[2023-06-03 22:39:05,289] {taskinstance.py:1400} INFO - Marking task as SUCCESS. dag_id=data_ingestion_gcs_dag, task_id=local_to_gcs_task_yellow, execution_date=20210402T060000, start_date=20230603T223853, end_date=20230603T223905
[2023-06-03 22:39:05,338] {local_task_job.py:156} INFO - Task exited with return code 0
[2023-06-03 22:39:05,370] {local_task_job.py:273} INFO - 1 downstream tasks scheduled from follow-on schedule check
