[2023-05-24 00:00:10,069] {processor.py:153} INFO - Started process (PID=3611) to work on /Users/eugene/Personal_Projects/Data_Project/app/airflow/dags/data_ingestion_gcs.py
[2023-05-24 00:00:10,071] {processor.py:641} INFO - Processing file /Users/eugene/Personal_Projects/Data_Project/app/airflow/dags/data_ingestion_gcs.py for tasks to queue
[2023-05-24 00:00:10,072] {logging_mixin.py:115} INFO - [2023-05-24 00:00:10,072] {dagbag.py:507} INFO - Filling up the DagBag from /Users/eugene/Personal_Projects/Data_Project/app/airflow/dags/data_ingestion_gcs.py
[2023-05-24 00:00:10,638] {processor.py:651} INFO - DAG(s) dict_keys(['data_ingestion_gcs_dag']) retrieved from /Users/eugene/Personal_Projects/Data_Project/app/airflow/dags/data_ingestion_gcs.py
[2023-05-24 00:00:10,702] {logging_mixin.py:115} INFO - [2023-05-24 00:00:10,701] {dag.py:2379} INFO - Sync 1 DAGs
[2023-05-24 00:00:10,722] {logging_mixin.py:115} INFO - [2023-05-24 00:00:10,722] {dag.py:2931} INFO - Setting next_dagrun for data_ingestion_gcs_dag to 2023-05-24T00:00:00+00:00, run_after=2023-05-25T00:00:00+00:00
[2023-05-24 00:00:10,735] {processor.py:161} INFO - Processing /Users/eugene/Personal_Projects/Data_Project/app/airflow/dags/data_ingestion_gcs.py took 0.670 seconds
[2023-05-24 00:00:40,846] {processor.py:153} INFO - Started process (PID=3624) to work on /Users/eugene/Personal_Projects/Data_Project/app/airflow/dags/data_ingestion_gcs.py
[2023-05-24 00:00:40,848] {processor.py:641} INFO - Processing file /Users/eugene/Personal_Projects/Data_Project/app/airflow/dags/data_ingestion_gcs.py for tasks to queue
[2023-05-24 00:00:40,849] {logging_mixin.py:115} INFO - [2023-05-24 00:00:40,849] {dagbag.py:507} INFO - Filling up the DagBag from /Users/eugene/Personal_Projects/Data_Project/app/airflow/dags/data_ingestion_gcs.py
[2023-05-24 00:00:41,368] {processor.py:651} INFO - DAG(s) dict_keys(['data_ingestion_gcs_dag']) retrieved from /Users/eugene/Personal_Projects/Data_Project/app/airflow/dags/data_ingestion_gcs.py
[2023-05-24 00:00:41,389] {logging_mixin.py:115} INFO - [2023-05-24 00:00:41,388] {dag.py:2379} INFO - Sync 1 DAGs
[2023-05-24 00:00:41,405] {logging_mixin.py:115} INFO - [2023-05-24 00:00:41,405] {dag.py:2931} INFO - Setting next_dagrun for data_ingestion_gcs_dag to 2023-05-24T00:00:00+00:00, run_after=2023-05-25T00:00:00+00:00
[2023-05-24 00:00:41,416] {processor.py:161} INFO - Processing /Users/eugene/Personal_Projects/Data_Project/app/airflow/dags/data_ingestion_gcs.py took 0.574 seconds
[2023-05-24 00:01:11,577] {processor.py:153} INFO - Started process (PID=3637) to work on /Users/eugene/Personal_Projects/Data_Project/app/airflow/dags/data_ingestion_gcs.py
[2023-05-24 00:01:11,579] {processor.py:641} INFO - Processing file /Users/eugene/Personal_Projects/Data_Project/app/airflow/dags/data_ingestion_gcs.py for tasks to queue
[2023-05-24 00:01:11,580] {logging_mixin.py:115} INFO - [2023-05-24 00:01:11,580] {dagbag.py:507} INFO - Filling up the DagBag from /Users/eugene/Personal_Projects/Data_Project/app/airflow/dags/data_ingestion_gcs.py
[2023-05-24 00:01:12,144] {processor.py:651} INFO - DAG(s) dict_keys(['data_ingestion_gcs_dag']) retrieved from /Users/eugene/Personal_Projects/Data_Project/app/airflow/dags/data_ingestion_gcs.py
[2023-05-24 00:01:12,167] {logging_mixin.py:115} INFO - [2023-05-24 00:01:12,167] {dag.py:2379} INFO - Sync 1 DAGs
[2023-05-24 00:01:12,187] {logging_mixin.py:115} INFO - [2023-05-24 00:01:12,187] {dag.py:2931} INFO - Setting next_dagrun for data_ingestion_gcs_dag to 2023-05-24T00:00:00+00:00, run_after=2023-05-25T00:00:00+00:00
[2023-05-24 00:01:12,198] {processor.py:161} INFO - Processing /Users/eugene/Personal_Projects/Data_Project/app/airflow/dags/data_ingestion_gcs.py took 0.626 seconds
[2023-05-24 00:01:42,310] {processor.py:153} INFO - Started process (PID=3650) to work on /Users/eugene/Personal_Projects/Data_Project/app/airflow/dags/data_ingestion_gcs.py
[2023-05-24 00:01:42,311] {processor.py:641} INFO - Processing file /Users/eugene/Personal_Projects/Data_Project/app/airflow/dags/data_ingestion_gcs.py for tasks to queue
[2023-05-24 00:01:42,313] {logging_mixin.py:115} INFO - [2023-05-24 00:01:42,313] {dagbag.py:507} INFO - Filling up the DagBag from /Users/eugene/Personal_Projects/Data_Project/app/airflow/dags/data_ingestion_gcs.py
[2023-05-24 00:01:42,799] {processor.py:651} INFO - DAG(s) dict_keys(['data_ingestion_gcs_dag']) retrieved from /Users/eugene/Personal_Projects/Data_Project/app/airflow/dags/data_ingestion_gcs.py
[2023-05-24 00:01:42,822] {logging_mixin.py:115} INFO - [2023-05-24 00:01:42,822] {dag.py:2379} INFO - Sync 1 DAGs
[2023-05-24 00:01:42,838] {logging_mixin.py:115} INFO - [2023-05-24 00:01:42,838] {dag.py:2931} INFO - Setting next_dagrun for data_ingestion_gcs_dag to 2023-05-24T00:00:00+00:00, run_after=2023-05-25T00:00:00+00:00
[2023-05-24 00:01:42,848] {processor.py:161} INFO - Processing /Users/eugene/Personal_Projects/Data_Project/app/airflow/dags/data_ingestion_gcs.py took 0.545 seconds
[2023-05-24 00:02:12,967] {processor.py:153} INFO - Started process (PID=3663) to work on /Users/eugene/Personal_Projects/Data_Project/app/airflow/dags/data_ingestion_gcs.py
[2023-05-24 00:02:12,968] {processor.py:641} INFO - Processing file /Users/eugene/Personal_Projects/Data_Project/app/airflow/dags/data_ingestion_gcs.py for tasks to queue
[2023-05-24 00:02:12,970] {logging_mixin.py:115} INFO - [2023-05-24 00:02:12,970] {dagbag.py:507} INFO - Filling up the DagBag from /Users/eugene/Personal_Projects/Data_Project/app/airflow/dags/data_ingestion_gcs.py
[2023-05-24 00:02:13,521] {processor.py:651} INFO - DAG(s) dict_keys(['data_ingestion_gcs_dag']) retrieved from /Users/eugene/Personal_Projects/Data_Project/app/airflow/dags/data_ingestion_gcs.py
[2023-05-24 00:02:13,555] {logging_mixin.py:115} INFO - [2023-05-24 00:02:13,555] {dag.py:2379} INFO - Sync 1 DAGs
[2023-05-24 00:02:13,578] {logging_mixin.py:115} INFO - [2023-05-24 00:02:13,577] {dag.py:2931} INFO - Setting next_dagrun for data_ingestion_gcs_dag to 2023-05-24T00:00:00+00:00, run_after=2023-05-25T00:00:00+00:00
[2023-05-24 00:02:13,592] {processor.py:161} INFO - Processing /Users/eugene/Personal_Projects/Data_Project/app/airflow/dags/data_ingestion_gcs.py took 0.631 seconds
[2023-05-24 00:02:43,707] {processor.py:153} INFO - Started process (PID=3683) to work on /Users/eugene/Personal_Projects/Data_Project/app/airflow/dags/data_ingestion_gcs.py
[2023-05-24 00:02:43,709] {processor.py:641} INFO - Processing file /Users/eugene/Personal_Projects/Data_Project/app/airflow/dags/data_ingestion_gcs.py for tasks to queue
[2023-05-24 00:02:43,711] {logging_mixin.py:115} INFO - [2023-05-24 00:02:43,711] {dagbag.py:507} INFO - Filling up the DagBag from /Users/eugene/Personal_Projects/Data_Project/app/airflow/dags/data_ingestion_gcs.py
[2023-05-24 00:02:44,239] {processor.py:651} INFO - DAG(s) dict_keys(['data_ingestion_gcs_dag']) retrieved from /Users/eugene/Personal_Projects/Data_Project/app/airflow/dags/data_ingestion_gcs.py
[2023-05-24 00:02:44,260] {logging_mixin.py:115} INFO - [2023-05-24 00:02:44,260] {dag.py:2379} INFO - Sync 1 DAGs
[2023-05-24 00:02:44,277] {logging_mixin.py:115} INFO - [2023-05-24 00:02:44,277] {dag.py:2931} INFO - Setting next_dagrun for data_ingestion_gcs_dag to 2023-05-24T00:00:00+00:00, run_after=2023-05-25T00:00:00+00:00
[2023-05-24 00:02:44,288] {processor.py:161} INFO - Processing /Users/eugene/Personal_Projects/Data_Project/app/airflow/dags/data_ingestion_gcs.py took 0.586 seconds
[2023-05-24 00:03:14,406] {processor.py:153} INFO - Started process (PID=3696) to work on /Users/eugene/Personal_Projects/Data_Project/app/airflow/dags/data_ingestion_gcs.py
[2023-05-24 00:03:14,407] {processor.py:641} INFO - Processing file /Users/eugene/Personal_Projects/Data_Project/app/airflow/dags/data_ingestion_gcs.py for tasks to queue
[2023-05-24 00:03:14,409] {logging_mixin.py:115} INFO - [2023-05-24 00:03:14,409] {dagbag.py:507} INFO - Filling up the DagBag from /Users/eugene/Personal_Projects/Data_Project/app/airflow/dags/data_ingestion_gcs.py
[2023-05-24 00:03:14,965] {processor.py:651} INFO - DAG(s) dict_keys(['data_ingestion_gcs_dag']) retrieved from /Users/eugene/Personal_Projects/Data_Project/app/airflow/dags/data_ingestion_gcs.py
[2023-05-24 00:03:14,991] {logging_mixin.py:115} INFO - [2023-05-24 00:03:14,991] {dag.py:2379} INFO - Sync 1 DAGs
[2023-05-24 00:03:15,015] {logging_mixin.py:115} INFO - [2023-05-24 00:03:15,015] {dag.py:2931} INFO - Setting next_dagrun for data_ingestion_gcs_dag to 2023-05-24T00:00:00+00:00, run_after=2023-05-25T00:00:00+00:00
[2023-05-24 00:03:15,025] {processor.py:161} INFO - Processing /Users/eugene/Personal_Projects/Data_Project/app/airflow/dags/data_ingestion_gcs.py took 0.625 seconds
[2023-05-24 00:03:45,127] {processor.py:153} INFO - Started process (PID=3709) to work on /Users/eugene/Personal_Projects/Data_Project/app/airflow/dags/data_ingestion_gcs.py
[2023-05-24 00:03:45,129] {processor.py:641} INFO - Processing file /Users/eugene/Personal_Projects/Data_Project/app/airflow/dags/data_ingestion_gcs.py for tasks to queue
[2023-05-24 00:03:45,131] {logging_mixin.py:115} INFO - [2023-05-24 00:03:45,130] {dagbag.py:507} INFO - Filling up the DagBag from /Users/eugene/Personal_Projects/Data_Project/app/airflow/dags/data_ingestion_gcs.py
[2023-05-24 00:03:45,758] {processor.py:651} INFO - DAG(s) dict_keys(['data_ingestion_gcs_dag']) retrieved from /Users/eugene/Personal_Projects/Data_Project/app/airflow/dags/data_ingestion_gcs.py
[2023-05-24 00:03:45,780] {logging_mixin.py:115} INFO - [2023-05-24 00:03:45,780] {dag.py:2379} INFO - Sync 1 DAGs
[2023-05-24 00:03:45,807] {logging_mixin.py:115} INFO - [2023-05-24 00:03:45,807] {dag.py:2931} INFO - Setting next_dagrun for data_ingestion_gcs_dag to 2023-05-24T00:00:00+00:00, run_after=2023-05-25T00:00:00+00:00
[2023-05-24 00:03:45,823] {processor.py:161} INFO - Processing /Users/eugene/Personal_Projects/Data_Project/app/airflow/dags/data_ingestion_gcs.py took 0.701 seconds
[2023-05-24 00:04:15,941] {processor.py:153} INFO - Started process (PID=3722) to work on /Users/eugene/Personal_Projects/Data_Project/app/airflow/dags/data_ingestion_gcs.py
[2023-05-24 00:04:15,944] {processor.py:641} INFO - Processing file /Users/eugene/Personal_Projects/Data_Project/app/airflow/dags/data_ingestion_gcs.py for tasks to queue
[2023-05-24 00:04:15,946] {logging_mixin.py:115} INFO - [2023-05-24 00:04:15,946] {dagbag.py:507} INFO - Filling up the DagBag from /Users/eugene/Personal_Projects/Data_Project/app/airflow/dags/data_ingestion_gcs.py
[2023-05-24 00:04:16,649] {processor.py:651} INFO - DAG(s) dict_keys(['data_ingestion_gcs_dag']) retrieved from /Users/eugene/Personal_Projects/Data_Project/app/airflow/dags/data_ingestion_gcs.py
[2023-05-24 00:04:16,669] {logging_mixin.py:115} INFO - [2023-05-24 00:04:16,669] {dag.py:2379} INFO - Sync 1 DAGs
[2023-05-24 00:04:16,687] {logging_mixin.py:115} INFO - [2023-05-24 00:04:16,687] {dag.py:2931} INFO - Setting next_dagrun for data_ingestion_gcs_dag to 2023-05-24T00:00:00+00:00, run_after=2023-05-25T00:00:00+00:00
[2023-05-24 00:04:16,698] {processor.py:161} INFO - Processing /Users/eugene/Personal_Projects/Data_Project/app/airflow/dags/data_ingestion_gcs.py took 0.763 seconds
[2023-05-24 00:04:46,822] {processor.py:153} INFO - Started process (PID=3735) to work on /Users/eugene/Personal_Projects/Data_Project/app/airflow/dags/data_ingestion_gcs.py
[2023-05-24 00:04:46,825] {processor.py:641} INFO - Processing file /Users/eugene/Personal_Projects/Data_Project/app/airflow/dags/data_ingestion_gcs.py for tasks to queue
[2023-05-24 00:04:46,828] {logging_mixin.py:115} INFO - [2023-05-24 00:04:46,827] {dagbag.py:507} INFO - Filling up the DagBag from /Users/eugene/Personal_Projects/Data_Project/app/airflow/dags/data_ingestion_gcs.py
[2023-05-24 00:04:47,743] {processor.py:651} INFO - DAG(s) dict_keys(['data_ingestion_gcs_dag']) retrieved from /Users/eugene/Personal_Projects/Data_Project/app/airflow/dags/data_ingestion_gcs.py
[2023-05-24 00:04:47,778] {logging_mixin.py:115} INFO - [2023-05-24 00:04:47,777] {dag.py:2379} INFO - Sync 1 DAGs
[2023-05-24 00:04:47,809] {logging_mixin.py:115} INFO - [2023-05-24 00:04:47,809] {dag.py:2931} INFO - Setting next_dagrun for data_ingestion_gcs_dag to 2023-05-24T00:00:00+00:00, run_after=2023-05-25T00:00:00+00:00
[2023-05-24 00:04:47,832] {processor.py:161} INFO - Processing /Users/eugene/Personal_Projects/Data_Project/app/airflow/dags/data_ingestion_gcs.py took 1.016 seconds
[2023-05-24 00:05:17,906] {processor.py:153} INFO - Started process (PID=3748) to work on /Users/eugene/Personal_Projects/Data_Project/app/airflow/dags/data_ingestion_gcs.py
[2023-05-24 00:05:17,909] {processor.py:641} INFO - Processing file /Users/eugene/Personal_Projects/Data_Project/app/airflow/dags/data_ingestion_gcs.py for tasks to queue
[2023-05-24 00:05:17,910] {logging_mixin.py:115} INFO - [2023-05-24 00:05:17,910] {dagbag.py:507} INFO - Filling up the DagBag from /Users/eugene/Personal_Projects/Data_Project/app/airflow/dags/data_ingestion_gcs.py
[2023-05-24 00:05:18,434] {processor.py:651} INFO - DAG(s) dict_keys(['data_ingestion_gcs_dag']) retrieved from /Users/eugene/Personal_Projects/Data_Project/app/airflow/dags/data_ingestion_gcs.py
[2023-05-24 00:05:18,456] {logging_mixin.py:115} INFO - [2023-05-24 00:05:18,455] {dag.py:2379} INFO - Sync 1 DAGs
[2023-05-24 00:05:18,473] {logging_mixin.py:115} INFO - [2023-05-24 00:05:18,473] {dag.py:2931} INFO - Setting next_dagrun for data_ingestion_gcs_dag to 2023-05-24T00:00:00+00:00, run_after=2023-05-25T00:00:00+00:00
[2023-05-24 00:05:18,484] {processor.py:161} INFO - Processing /Users/eugene/Personal_Projects/Data_Project/app/airflow/dags/data_ingestion_gcs.py took 0.583 seconds
[2023-05-24 00:05:48,596] {processor.py:153} INFO - Started process (PID=3761) to work on /Users/eugene/Personal_Projects/Data_Project/app/airflow/dags/data_ingestion_gcs.py
[2023-05-24 00:05:48,597] {processor.py:641} INFO - Processing file /Users/eugene/Personal_Projects/Data_Project/app/airflow/dags/data_ingestion_gcs.py for tasks to queue
[2023-05-24 00:05:48,599] {logging_mixin.py:115} INFO - [2023-05-24 00:05:48,599] {dagbag.py:507} INFO - Filling up the DagBag from /Users/eugene/Personal_Projects/Data_Project/app/airflow/dags/data_ingestion_gcs.py
[2023-05-24 00:05:49,124] {processor.py:651} INFO - DAG(s) dict_keys(['data_ingestion_gcs_dag']) retrieved from /Users/eugene/Personal_Projects/Data_Project/app/airflow/dags/data_ingestion_gcs.py
[2023-05-24 00:05:49,145] {logging_mixin.py:115} INFO - [2023-05-24 00:05:49,145] {dag.py:2379} INFO - Sync 1 DAGs
[2023-05-24 00:05:49,162] {logging_mixin.py:115} INFO - [2023-05-24 00:05:49,162] {dag.py:2931} INFO - Setting next_dagrun for data_ingestion_gcs_dag to 2023-05-24T00:00:00+00:00, run_after=2023-05-25T00:00:00+00:00
[2023-05-24 00:05:49,172] {processor.py:161} INFO - Processing /Users/eugene/Personal_Projects/Data_Project/app/airflow/dags/data_ingestion_gcs.py took 0.582 seconds
[2023-05-24 00:06:19,272] {processor.py:153} INFO - Started process (PID=3774) to work on /Users/eugene/Personal_Projects/Data_Project/app/airflow/dags/data_ingestion_gcs.py
[2023-05-24 00:06:19,274] {processor.py:641} INFO - Processing file /Users/eugene/Personal_Projects/Data_Project/app/airflow/dags/data_ingestion_gcs.py for tasks to queue
[2023-05-24 00:06:19,275] {logging_mixin.py:115} INFO - [2023-05-24 00:06:19,275] {dagbag.py:507} INFO - Filling up the DagBag from /Users/eugene/Personal_Projects/Data_Project/app/airflow/dags/data_ingestion_gcs.py
[2023-05-24 00:06:19,845] {processor.py:651} INFO - DAG(s) dict_keys(['data_ingestion_gcs_dag']) retrieved from /Users/eugene/Personal_Projects/Data_Project/app/airflow/dags/data_ingestion_gcs.py
[2023-05-24 00:06:19,867] {logging_mixin.py:115} INFO - [2023-05-24 00:06:19,867] {dag.py:2379} INFO - Sync 1 DAGs
[2023-05-24 00:06:19,885] {logging_mixin.py:115} INFO - [2023-05-24 00:06:19,885] {dag.py:2931} INFO - Setting next_dagrun for data_ingestion_gcs_dag to 2023-05-24T00:00:00+00:00, run_after=2023-05-25T00:00:00+00:00
[2023-05-24 00:06:19,895] {processor.py:161} INFO - Processing /Users/eugene/Personal_Projects/Data_Project/app/airflow/dags/data_ingestion_gcs.py took 0.628 seconds
[2023-05-24 00:06:50,014] {processor.py:153} INFO - Started process (PID=3787) to work on /Users/eugene/Personal_Projects/Data_Project/app/airflow/dags/data_ingestion_gcs.py
[2023-05-24 00:06:50,017] {processor.py:641} INFO - Processing file /Users/eugene/Personal_Projects/Data_Project/app/airflow/dags/data_ingestion_gcs.py for tasks to queue
[2023-05-24 00:06:50,019] {logging_mixin.py:115} INFO - [2023-05-24 00:06:50,019] {dagbag.py:507} INFO - Filling up the DagBag from /Users/eugene/Personal_Projects/Data_Project/app/airflow/dags/data_ingestion_gcs.py
[2023-05-24 00:06:50,639] {processor.py:651} INFO - DAG(s) dict_keys(['data_ingestion_gcs_dag']) retrieved from /Users/eugene/Personal_Projects/Data_Project/app/airflow/dags/data_ingestion_gcs.py
[2023-05-24 00:06:50,669] {logging_mixin.py:115} INFO - [2023-05-24 00:06:50,669] {dag.py:2379} INFO - Sync 1 DAGs
[2023-05-24 00:06:50,694] {logging_mixin.py:115} INFO - [2023-05-24 00:06:50,694] {dag.py:2931} INFO - Setting next_dagrun for data_ingestion_gcs_dag to 2023-05-24T00:00:00+00:00, run_after=2023-05-25T00:00:00+00:00
[2023-05-24 00:06:50,706] {processor.py:161} INFO - Processing /Users/eugene/Personal_Projects/Data_Project/app/airflow/dags/data_ingestion_gcs.py took 0.697 seconds
[2023-05-24 00:07:20,814] {processor.py:153} INFO - Started process (PID=3800) to work on /Users/eugene/Personal_Projects/Data_Project/app/airflow/dags/data_ingestion_gcs.py
[2023-05-24 00:07:20,816] {processor.py:641} INFO - Processing file /Users/eugene/Personal_Projects/Data_Project/app/airflow/dags/data_ingestion_gcs.py for tasks to queue
[2023-05-24 00:07:20,817] {logging_mixin.py:115} INFO - [2023-05-24 00:07:20,817] {dagbag.py:507} INFO - Filling up the DagBag from /Users/eugene/Personal_Projects/Data_Project/app/airflow/dags/data_ingestion_gcs.py
[2023-05-24 00:07:21,353] {processor.py:651} INFO - DAG(s) dict_keys(['data_ingestion_gcs_dag']) retrieved from /Users/eugene/Personal_Projects/Data_Project/app/airflow/dags/data_ingestion_gcs.py
[2023-05-24 00:07:21,375] {logging_mixin.py:115} INFO - [2023-05-24 00:07:21,375] {dag.py:2379} INFO - Sync 1 DAGs
[2023-05-24 00:07:21,393] {logging_mixin.py:115} INFO - [2023-05-24 00:07:21,393] {dag.py:2931} INFO - Setting next_dagrun for data_ingestion_gcs_dag to 2023-05-24T00:00:00+00:00, run_after=2023-05-25T00:00:00+00:00
[2023-05-24 00:07:21,404] {processor.py:161} INFO - Processing /Users/eugene/Personal_Projects/Data_Project/app/airflow/dags/data_ingestion_gcs.py took 0.594 seconds
[2023-05-24 00:07:51,502] {processor.py:153} INFO - Started process (PID=3813) to work on /Users/eugene/Personal_Projects/Data_Project/app/airflow/dags/data_ingestion_gcs.py
[2023-05-24 00:07:51,503] {processor.py:641} INFO - Processing file /Users/eugene/Personal_Projects/Data_Project/app/airflow/dags/data_ingestion_gcs.py for tasks to queue
[2023-05-24 00:07:51,506] {logging_mixin.py:115} INFO - [2023-05-24 00:07:51,506] {dagbag.py:507} INFO - Filling up the DagBag from /Users/eugene/Personal_Projects/Data_Project/app/airflow/dags/data_ingestion_gcs.py
[2023-05-24 00:07:51,997] {processor.py:651} INFO - DAG(s) dict_keys(['data_ingestion_gcs_dag']) retrieved from /Users/eugene/Personal_Projects/Data_Project/app/airflow/dags/data_ingestion_gcs.py
[2023-05-24 00:07:52,019] {logging_mixin.py:115} INFO - [2023-05-24 00:07:52,019] {dag.py:2379} INFO - Sync 1 DAGs
[2023-05-24 00:07:52,037] {logging_mixin.py:115} INFO - [2023-05-24 00:07:52,037] {dag.py:2931} INFO - Setting next_dagrun for data_ingestion_gcs_dag to 2023-05-24T00:00:00+00:00, run_after=2023-05-25T00:00:00+00:00
[2023-05-24 00:07:52,047] {processor.py:161} INFO - Processing /Users/eugene/Personal_Projects/Data_Project/app/airflow/dags/data_ingestion_gcs.py took 0.549 seconds
[2023-05-24 00:08:22,156] {processor.py:153} INFO - Started process (PID=3826) to work on /Users/eugene/Personal_Projects/Data_Project/app/airflow/dags/data_ingestion_gcs.py
[2023-05-24 00:08:22,157] {processor.py:641} INFO - Processing file /Users/eugene/Personal_Projects/Data_Project/app/airflow/dags/data_ingestion_gcs.py for tasks to queue
[2023-05-24 00:08:22,158] {logging_mixin.py:115} INFO - [2023-05-24 00:08:22,158] {dagbag.py:507} INFO - Filling up the DagBag from /Users/eugene/Personal_Projects/Data_Project/app/airflow/dags/data_ingestion_gcs.py
[2023-05-24 00:08:22,767] {processor.py:651} INFO - DAG(s) dict_keys(['data_ingestion_gcs_dag']) retrieved from /Users/eugene/Personal_Projects/Data_Project/app/airflow/dags/data_ingestion_gcs.py
[2023-05-24 00:08:22,804] {logging_mixin.py:115} INFO - [2023-05-24 00:08:22,803] {dag.py:2379} INFO - Sync 1 DAGs
[2023-05-24 00:08:22,830] {logging_mixin.py:115} INFO - [2023-05-24 00:08:22,830] {dag.py:2931} INFO - Setting next_dagrun for data_ingestion_gcs_dag to 2023-05-24T00:00:00+00:00, run_after=2023-05-25T00:00:00+00:00
[2023-05-24 00:08:22,842] {processor.py:161} INFO - Processing /Users/eugene/Personal_Projects/Data_Project/app/airflow/dags/data_ingestion_gcs.py took 0.691 seconds
[2023-05-24 00:08:52,956] {processor.py:153} INFO - Started process (PID=3839) to work on /Users/eugene/Personal_Projects/Data_Project/app/airflow/dags/data_ingestion_gcs.py
[2023-05-24 00:08:52,959] {processor.py:641} INFO - Processing file /Users/eugene/Personal_Projects/Data_Project/app/airflow/dags/data_ingestion_gcs.py for tasks to queue
[2023-05-24 00:08:52,961] {logging_mixin.py:115} INFO - [2023-05-24 00:08:52,961] {dagbag.py:507} INFO - Filling up the DagBag from /Users/eugene/Personal_Projects/Data_Project/app/airflow/dags/data_ingestion_gcs.py
[2023-05-24 00:08:53,484] {processor.py:651} INFO - DAG(s) dict_keys(['data_ingestion_gcs_dag']) retrieved from /Users/eugene/Personal_Projects/Data_Project/app/airflow/dags/data_ingestion_gcs.py
[2023-05-24 00:08:53,506] {logging_mixin.py:115} INFO - [2023-05-24 00:08:53,506] {dag.py:2379} INFO - Sync 1 DAGs
[2023-05-24 00:08:53,523] {logging_mixin.py:115} INFO - [2023-05-24 00:08:53,523] {dag.py:2931} INFO - Setting next_dagrun for data_ingestion_gcs_dag to 2023-05-24T00:00:00+00:00, run_after=2023-05-25T00:00:00+00:00
[2023-05-24 00:08:53,534] {processor.py:161} INFO - Processing /Users/eugene/Personal_Projects/Data_Project/app/airflow/dags/data_ingestion_gcs.py took 0.583 seconds
[2023-05-24 00:09:23,660] {processor.py:153} INFO - Started process (PID=3852) to work on /Users/eugene/Personal_Projects/Data_Project/app/airflow/dags/data_ingestion_gcs.py
[2023-05-24 00:09:23,661] {processor.py:641} INFO - Processing file /Users/eugene/Personal_Projects/Data_Project/app/airflow/dags/data_ingestion_gcs.py for tasks to queue
[2023-05-24 00:09:23,663] {logging_mixin.py:115} INFO - [2023-05-24 00:09:23,663] {dagbag.py:507} INFO - Filling up the DagBag from /Users/eugene/Personal_Projects/Data_Project/app/airflow/dags/data_ingestion_gcs.py
[2023-05-24 00:09:24,150] {processor.py:651} INFO - DAG(s) dict_keys(['data_ingestion_gcs_dag']) retrieved from /Users/eugene/Personal_Projects/Data_Project/app/airflow/dags/data_ingestion_gcs.py
[2023-05-24 00:09:24,172] {logging_mixin.py:115} INFO - [2023-05-24 00:09:24,172] {dag.py:2379} INFO - Sync 1 DAGs
[2023-05-24 00:09:24,190] {logging_mixin.py:115} INFO - [2023-05-24 00:09:24,190] {dag.py:2931} INFO - Setting next_dagrun for data_ingestion_gcs_dag to 2023-05-24T00:00:00+00:00, run_after=2023-05-25T00:00:00+00:00
[2023-05-24 00:09:24,201] {processor.py:161} INFO - Processing /Users/eugene/Personal_Projects/Data_Project/app/airflow/dags/data_ingestion_gcs.py took 0.546 seconds
[2023-05-24 00:09:54,309] {processor.py:153} INFO - Started process (PID=3865) to work on /Users/eugene/Personal_Projects/Data_Project/app/airflow/dags/data_ingestion_gcs.py
[2023-05-24 00:09:54,310] {processor.py:641} INFO - Processing file /Users/eugene/Personal_Projects/Data_Project/app/airflow/dags/data_ingestion_gcs.py for tasks to queue
[2023-05-24 00:09:54,312] {logging_mixin.py:115} INFO - [2023-05-24 00:09:54,312] {dagbag.py:507} INFO - Filling up the DagBag from /Users/eugene/Personal_Projects/Data_Project/app/airflow/dags/data_ingestion_gcs.py
[2023-05-24 00:09:54,809] {processor.py:651} INFO - DAG(s) dict_keys(['data_ingestion_gcs_dag']) retrieved from /Users/eugene/Personal_Projects/Data_Project/app/airflow/dags/data_ingestion_gcs.py
[2023-05-24 00:09:54,831] {logging_mixin.py:115} INFO - [2023-05-24 00:09:54,831] {dag.py:2379} INFO - Sync 1 DAGs
[2023-05-24 00:09:54,849] {logging_mixin.py:115} INFO - [2023-05-24 00:09:54,849] {dag.py:2931} INFO - Setting next_dagrun for data_ingestion_gcs_dag to 2023-05-24T00:00:00+00:00, run_after=2023-05-25T00:00:00+00:00
[2023-05-24 00:09:54,859] {processor.py:161} INFO - Processing /Users/eugene/Personal_Projects/Data_Project/app/airflow/dags/data_ingestion_gcs.py took 0.555 seconds
[2023-05-24 00:10:24,987] {processor.py:153} INFO - Started process (PID=3878) to work on /Users/eugene/Personal_Projects/Data_Project/app/airflow/dags/data_ingestion_gcs.py
[2023-05-24 00:10:24,988] {processor.py:641} INFO - Processing file /Users/eugene/Personal_Projects/Data_Project/app/airflow/dags/data_ingestion_gcs.py for tasks to queue
[2023-05-24 00:10:24,990] {logging_mixin.py:115} INFO - [2023-05-24 00:10:24,989] {dagbag.py:507} INFO - Filling up the DagBag from /Users/eugene/Personal_Projects/Data_Project/app/airflow/dags/data_ingestion_gcs.py
[2023-05-24 00:10:25,495] {processor.py:651} INFO - DAG(s) dict_keys(['data_ingestion_gcs_dag']) retrieved from /Users/eugene/Personal_Projects/Data_Project/app/airflow/dags/data_ingestion_gcs.py
[2023-05-24 00:10:25,517] {logging_mixin.py:115} INFO - [2023-05-24 00:10:25,517] {dag.py:2379} INFO - Sync 1 DAGs
[2023-05-24 00:10:25,534] {logging_mixin.py:115} INFO - [2023-05-24 00:10:25,533] {dag.py:2931} INFO - Setting next_dagrun for data_ingestion_gcs_dag to 2023-05-24T00:00:00+00:00, run_after=2023-05-25T00:00:00+00:00
[2023-05-24 00:10:25,543] {processor.py:161} INFO - Processing /Users/eugene/Personal_Projects/Data_Project/app/airflow/dags/data_ingestion_gcs.py took 0.562 seconds
[2023-05-24 00:10:55,647] {processor.py:153} INFO - Started process (PID=3891) to work on /Users/eugene/Personal_Projects/Data_Project/app/airflow/dags/data_ingestion_gcs.py
[2023-05-24 00:10:55,649] {processor.py:641} INFO - Processing file /Users/eugene/Personal_Projects/Data_Project/app/airflow/dags/data_ingestion_gcs.py for tasks to queue
[2023-05-24 00:10:55,651] {logging_mixin.py:115} INFO - [2023-05-24 00:10:55,651] {dagbag.py:507} INFO - Filling up the DagBag from /Users/eugene/Personal_Projects/Data_Project/app/airflow/dags/data_ingestion_gcs.py
[2023-05-24 00:10:56,191] {processor.py:651} INFO - DAG(s) dict_keys(['data_ingestion_gcs_dag']) retrieved from /Users/eugene/Personal_Projects/Data_Project/app/airflow/dags/data_ingestion_gcs.py
[2023-05-24 00:10:56,210] {logging_mixin.py:115} INFO - [2023-05-24 00:10:56,210] {dag.py:2379} INFO - Sync 1 DAGs
[2023-05-24 00:10:56,228] {logging_mixin.py:115} INFO - [2023-05-24 00:10:56,228] {dag.py:2931} INFO - Setting next_dagrun for data_ingestion_gcs_dag to 2023-05-24T00:00:00+00:00, run_after=2023-05-25T00:00:00+00:00
[2023-05-24 00:10:56,239] {processor.py:161} INFO - Processing /Users/eugene/Personal_Projects/Data_Project/app/airflow/dags/data_ingestion_gcs.py took 0.597 seconds
[2023-05-24 00:11:26,358] {processor.py:153} INFO - Started process (PID=3904) to work on /Users/eugene/Personal_Projects/Data_Project/app/airflow/dags/data_ingestion_gcs.py
[2023-05-24 00:11:26,360] {processor.py:641} INFO - Processing file /Users/eugene/Personal_Projects/Data_Project/app/airflow/dags/data_ingestion_gcs.py for tasks to queue
[2023-05-24 00:11:26,362] {logging_mixin.py:115} INFO - [2023-05-24 00:11:26,362] {dagbag.py:507} INFO - Filling up the DagBag from /Users/eugene/Personal_Projects/Data_Project/app/airflow/dags/data_ingestion_gcs.py
[2023-05-24 00:11:26,862] {processor.py:651} INFO - DAG(s) dict_keys(['data_ingestion_gcs_dag']) retrieved from /Users/eugene/Personal_Projects/Data_Project/app/airflow/dags/data_ingestion_gcs.py
[2023-05-24 00:11:26,884] {logging_mixin.py:115} INFO - [2023-05-24 00:11:26,884] {dag.py:2379} INFO - Sync 1 DAGs
[2023-05-24 00:11:26,901] {logging_mixin.py:115} INFO - [2023-05-24 00:11:26,901] {dag.py:2931} INFO - Setting next_dagrun for data_ingestion_gcs_dag to 2023-05-24T00:00:00+00:00, run_after=2023-05-25T00:00:00+00:00
[2023-05-24 00:11:26,912] {processor.py:161} INFO - Processing /Users/eugene/Personal_Projects/Data_Project/app/airflow/dags/data_ingestion_gcs.py took 0.559 seconds
[2023-05-24 00:11:57,017] {processor.py:153} INFO - Started process (PID=3917) to work on /Users/eugene/Personal_Projects/Data_Project/app/airflow/dags/data_ingestion_gcs.py
[2023-05-24 00:11:57,019] {processor.py:641} INFO - Processing file /Users/eugene/Personal_Projects/Data_Project/app/airflow/dags/data_ingestion_gcs.py for tasks to queue
[2023-05-24 00:11:57,020] {logging_mixin.py:115} INFO - [2023-05-24 00:11:57,020] {dagbag.py:507} INFO - Filling up the DagBag from /Users/eugene/Personal_Projects/Data_Project/app/airflow/dags/data_ingestion_gcs.py
[2023-05-24 00:11:57,553] {processor.py:651} INFO - DAG(s) dict_keys(['data_ingestion_gcs_dag']) retrieved from /Users/eugene/Personal_Projects/Data_Project/app/airflow/dags/data_ingestion_gcs.py
[2023-05-24 00:11:57,574] {logging_mixin.py:115} INFO - [2023-05-24 00:11:57,574] {dag.py:2379} INFO - Sync 1 DAGs
[2023-05-24 00:11:57,592] {logging_mixin.py:115} INFO - [2023-05-24 00:11:57,592] {dag.py:2931} INFO - Setting next_dagrun for data_ingestion_gcs_dag to 2023-05-24T00:00:00+00:00, run_after=2023-05-25T00:00:00+00:00
[2023-05-24 00:11:57,603] {processor.py:161} INFO - Processing /Users/eugene/Personal_Projects/Data_Project/app/airflow/dags/data_ingestion_gcs.py took 0.590 seconds
[2023-05-24 00:12:27,719] {processor.py:153} INFO - Started process (PID=3930) to work on /Users/eugene/Personal_Projects/Data_Project/app/airflow/dags/data_ingestion_gcs.py
[2023-05-24 00:12:27,720] {processor.py:641} INFO - Processing file /Users/eugene/Personal_Projects/Data_Project/app/airflow/dags/data_ingestion_gcs.py for tasks to queue
[2023-05-24 00:12:27,722] {logging_mixin.py:115} INFO - [2023-05-24 00:12:27,722] {dagbag.py:507} INFO - Filling up the DagBag from /Users/eugene/Personal_Projects/Data_Project/app/airflow/dags/data_ingestion_gcs.py
[2023-05-24 00:12:28,297] {processor.py:651} INFO - DAG(s) dict_keys(['data_ingestion_gcs_dag']) retrieved from /Users/eugene/Personal_Projects/Data_Project/app/airflow/dags/data_ingestion_gcs.py
[2023-05-24 00:12:28,320] {logging_mixin.py:115} INFO - [2023-05-24 00:12:28,320] {dag.py:2379} INFO - Sync 1 DAGs
[2023-05-24 00:12:28,339] {logging_mixin.py:115} INFO - [2023-05-24 00:12:28,339] {dag.py:2931} INFO - Setting next_dagrun for data_ingestion_gcs_dag to 2023-05-24T00:00:00+00:00, run_after=2023-05-25T00:00:00+00:00
[2023-05-24 00:12:28,350] {processor.py:161} INFO - Processing /Users/eugene/Personal_Projects/Data_Project/app/airflow/dags/data_ingestion_gcs.py took 0.636 seconds
[2023-05-24 00:12:58,457] {processor.py:153} INFO - Started process (PID=3943) to work on /Users/eugene/Personal_Projects/Data_Project/app/airflow/dags/data_ingestion_gcs.py
[2023-05-24 00:12:58,458] {processor.py:641} INFO - Processing file /Users/eugene/Personal_Projects/Data_Project/app/airflow/dags/data_ingestion_gcs.py for tasks to queue
[2023-05-24 00:12:58,460] {logging_mixin.py:115} INFO - [2023-05-24 00:12:58,460] {dagbag.py:507} INFO - Filling up the DagBag from /Users/eugene/Personal_Projects/Data_Project/app/airflow/dags/data_ingestion_gcs.py
[2023-05-24 00:12:58,993] {processor.py:651} INFO - DAG(s) dict_keys(['data_ingestion_gcs_dag']) retrieved from /Users/eugene/Personal_Projects/Data_Project/app/airflow/dags/data_ingestion_gcs.py
[2023-05-24 00:12:59,016] {logging_mixin.py:115} INFO - [2023-05-24 00:12:59,015] {dag.py:2379} INFO - Sync 1 DAGs
[2023-05-24 00:12:59,035] {logging_mixin.py:115} INFO - [2023-05-24 00:12:59,035] {dag.py:2931} INFO - Setting next_dagrun for data_ingestion_gcs_dag to 2023-05-24T00:00:00+00:00, run_after=2023-05-25T00:00:00+00:00
[2023-05-24 00:12:59,046] {processor.py:161} INFO - Processing /Users/eugene/Personal_Projects/Data_Project/app/airflow/dags/data_ingestion_gcs.py took 0.594 seconds
[2023-05-24 00:13:29,170] {processor.py:153} INFO - Started process (PID=3956) to work on /Users/eugene/Personal_Projects/Data_Project/app/airflow/dags/data_ingestion_gcs.py
[2023-05-24 00:13:29,173] {processor.py:641} INFO - Processing file /Users/eugene/Personal_Projects/Data_Project/app/airflow/dags/data_ingestion_gcs.py for tasks to queue
[2023-05-24 00:13:29,175] {logging_mixin.py:115} INFO - [2023-05-24 00:13:29,175] {dagbag.py:507} INFO - Filling up the DagBag from /Users/eugene/Personal_Projects/Data_Project/app/airflow/dags/data_ingestion_gcs.py
[2023-05-24 00:13:29,680] {processor.py:651} INFO - DAG(s) dict_keys(['data_ingestion_gcs_dag']) retrieved from /Users/eugene/Personal_Projects/Data_Project/app/airflow/dags/data_ingestion_gcs.py
[2023-05-24 00:13:29,702] {logging_mixin.py:115} INFO - [2023-05-24 00:13:29,701] {dag.py:2379} INFO - Sync 1 DAGs
[2023-05-24 00:13:29,720] {logging_mixin.py:115} INFO - [2023-05-24 00:13:29,720] {dag.py:2931} INFO - Setting next_dagrun for data_ingestion_gcs_dag to 2023-05-24T00:00:00+00:00, run_after=2023-05-25T00:00:00+00:00
[2023-05-24 00:13:29,730] {processor.py:161} INFO - Processing /Users/eugene/Personal_Projects/Data_Project/app/airflow/dags/data_ingestion_gcs.py took 0.565 seconds
[2023-05-24 00:13:59,846] {processor.py:153} INFO - Started process (PID=3969) to work on /Users/eugene/Personal_Projects/Data_Project/app/airflow/dags/data_ingestion_gcs.py
[2023-05-24 00:13:59,848] {processor.py:641} INFO - Processing file /Users/eugene/Personal_Projects/Data_Project/app/airflow/dags/data_ingestion_gcs.py for tasks to queue
[2023-05-24 00:13:59,850] {logging_mixin.py:115} INFO - [2023-05-24 00:13:59,850] {dagbag.py:507} INFO - Filling up the DagBag from /Users/eugene/Personal_Projects/Data_Project/app/airflow/dags/data_ingestion_gcs.py
[2023-05-24 00:14:00,371] {processor.py:651} INFO - DAG(s) dict_keys(['data_ingestion_gcs_dag']) retrieved from /Users/eugene/Personal_Projects/Data_Project/app/airflow/dags/data_ingestion_gcs.py
[2023-05-24 00:14:00,395] {logging_mixin.py:115} INFO - [2023-05-24 00:14:00,394] {dag.py:2379} INFO - Sync 1 DAGs
[2023-05-24 00:14:00,425] {logging_mixin.py:115} INFO - [2023-05-24 00:14:00,425] {dag.py:2931} INFO - Setting next_dagrun for data_ingestion_gcs_dag to 2023-05-24T00:00:00+00:00, run_after=2023-05-25T00:00:00+00:00
[2023-05-24 00:14:00,438] {processor.py:161} INFO - Processing /Users/eugene/Personal_Projects/Data_Project/app/airflow/dags/data_ingestion_gcs.py took 0.597 seconds
[2023-05-24 00:14:30,572] {processor.py:153} INFO - Started process (PID=3982) to work on /Users/eugene/Personal_Projects/Data_Project/app/airflow/dags/data_ingestion_gcs.py
[2023-05-24 00:14:30,574] {processor.py:641} INFO - Processing file /Users/eugene/Personal_Projects/Data_Project/app/airflow/dags/data_ingestion_gcs.py for tasks to queue
[2023-05-24 00:14:30,576] {logging_mixin.py:115} INFO - [2023-05-24 00:14:30,576] {dagbag.py:507} INFO - Filling up the DagBag from /Users/eugene/Personal_Projects/Data_Project/app/airflow/dags/data_ingestion_gcs.py
[2023-05-24 00:14:31,119] {processor.py:651} INFO - DAG(s) dict_keys(['data_ingestion_gcs_dag']) retrieved from /Users/eugene/Personal_Projects/Data_Project/app/airflow/dags/data_ingestion_gcs.py
[2023-05-24 00:14:31,139] {logging_mixin.py:115} INFO - [2023-05-24 00:14:31,139] {dag.py:2379} INFO - Sync 1 DAGs
[2023-05-24 00:14:31,160] {logging_mixin.py:115} INFO - [2023-05-24 00:14:31,160] {dag.py:2931} INFO - Setting next_dagrun for data_ingestion_gcs_dag to 2023-05-24T00:00:00+00:00, run_after=2023-05-25T00:00:00+00:00
[2023-05-24 00:14:31,172] {processor.py:161} INFO - Processing /Users/eugene/Personal_Projects/Data_Project/app/airflow/dags/data_ingestion_gcs.py took 0.604 seconds
[2023-05-24 00:15:01,282] {processor.py:153} INFO - Started process (PID=3995) to work on /Users/eugene/Personal_Projects/Data_Project/app/airflow/dags/data_ingestion_gcs.py
[2023-05-24 00:15:01,284] {processor.py:641} INFO - Processing file /Users/eugene/Personal_Projects/Data_Project/app/airflow/dags/data_ingestion_gcs.py for tasks to queue
[2023-05-24 00:15:01,285] {logging_mixin.py:115} INFO - [2023-05-24 00:15:01,285] {dagbag.py:507} INFO - Filling up the DagBag from /Users/eugene/Personal_Projects/Data_Project/app/airflow/dags/data_ingestion_gcs.py
[2023-05-24 00:15:01,805] {processor.py:651} INFO - DAG(s) dict_keys(['data_ingestion_gcs_dag']) retrieved from /Users/eugene/Personal_Projects/Data_Project/app/airflow/dags/data_ingestion_gcs.py
[2023-05-24 00:15:01,825] {logging_mixin.py:115} INFO - [2023-05-24 00:15:01,825] {dag.py:2379} INFO - Sync 1 DAGs
[2023-05-24 00:15:01,843] {logging_mixin.py:115} INFO - [2023-05-24 00:15:01,843] {dag.py:2931} INFO - Setting next_dagrun for data_ingestion_gcs_dag to 2023-05-24T00:00:00+00:00, run_after=2023-05-25T00:00:00+00:00
[2023-05-24 00:15:01,853] {processor.py:161} INFO - Processing /Users/eugene/Personal_Projects/Data_Project/app/airflow/dags/data_ingestion_gcs.py took 0.575 seconds
[2023-05-24 00:15:31,975] {processor.py:153} INFO - Started process (PID=4008) to work on /Users/eugene/Personal_Projects/Data_Project/app/airflow/dags/data_ingestion_gcs.py
[2023-05-24 00:15:31,977] {processor.py:641} INFO - Processing file /Users/eugene/Personal_Projects/Data_Project/app/airflow/dags/data_ingestion_gcs.py for tasks to queue
[2023-05-24 00:15:31,978] {logging_mixin.py:115} INFO - [2023-05-24 00:15:31,978] {dagbag.py:507} INFO - Filling up the DagBag from /Users/eugene/Personal_Projects/Data_Project/app/airflow/dags/data_ingestion_gcs.py
[2023-05-24 00:15:32,492] {processor.py:651} INFO - DAG(s) dict_keys(['data_ingestion_gcs_dag']) retrieved from /Users/eugene/Personal_Projects/Data_Project/app/airflow/dags/data_ingestion_gcs.py
[2023-05-24 00:15:32,516] {logging_mixin.py:115} INFO - [2023-05-24 00:15:32,516] {dag.py:2379} INFO - Sync 1 DAGs
[2023-05-24 00:15:32,536] {logging_mixin.py:115} INFO - [2023-05-24 00:15:32,536] {dag.py:2931} INFO - Setting next_dagrun for data_ingestion_gcs_dag to 2023-05-24T00:00:00+00:00, run_after=2023-05-25T00:00:00+00:00
[2023-05-24 00:15:32,548] {processor.py:161} INFO - Processing /Users/eugene/Personal_Projects/Data_Project/app/airflow/dags/data_ingestion_gcs.py took 0.578 seconds
[2023-05-24 00:16:02,688] {processor.py:153} INFO - Started process (PID=4021) to work on /Users/eugene/Personal_Projects/Data_Project/app/airflow/dags/data_ingestion_gcs.py
[2023-05-24 00:16:02,689] {processor.py:641} INFO - Processing file /Users/eugene/Personal_Projects/Data_Project/app/airflow/dags/data_ingestion_gcs.py for tasks to queue
[2023-05-24 00:16:02,691] {logging_mixin.py:115} INFO - [2023-05-24 00:16:02,691] {dagbag.py:507} INFO - Filling up the DagBag from /Users/eugene/Personal_Projects/Data_Project/app/airflow/dags/data_ingestion_gcs.py
[2023-05-24 00:16:03,232] {processor.py:651} INFO - DAG(s) dict_keys(['data_ingestion_gcs_dag']) retrieved from /Users/eugene/Personal_Projects/Data_Project/app/airflow/dags/data_ingestion_gcs.py
[2023-05-24 00:16:03,254] {logging_mixin.py:115} INFO - [2023-05-24 00:16:03,254] {dag.py:2379} INFO - Sync 1 DAGs
[2023-05-24 00:16:03,273] {logging_mixin.py:115} INFO - [2023-05-24 00:16:03,273] {dag.py:2931} INFO - Setting next_dagrun for data_ingestion_gcs_dag to 2023-05-24T00:00:00+00:00, run_after=2023-05-25T00:00:00+00:00
[2023-05-24 00:16:03,283] {processor.py:161} INFO - Processing /Users/eugene/Personal_Projects/Data_Project/app/airflow/dags/data_ingestion_gcs.py took 0.601 seconds
[2023-05-24 00:16:33,398] {processor.py:153} INFO - Started process (PID=4034) to work on /Users/eugene/Personal_Projects/Data_Project/app/airflow/dags/data_ingestion_gcs.py
[2023-05-24 00:16:33,400] {processor.py:641} INFO - Processing file /Users/eugene/Personal_Projects/Data_Project/app/airflow/dags/data_ingestion_gcs.py for tasks to queue
[2023-05-24 00:16:33,402] {logging_mixin.py:115} INFO - [2023-05-24 00:16:33,401] {dagbag.py:507} INFO - Filling up the DagBag from /Users/eugene/Personal_Projects/Data_Project/app/airflow/dags/data_ingestion_gcs.py
[2023-05-24 00:16:33,905] {processor.py:651} INFO - DAG(s) dict_keys(['data_ingestion_gcs_dag']) retrieved from /Users/eugene/Personal_Projects/Data_Project/app/airflow/dags/data_ingestion_gcs.py
[2023-05-24 00:16:33,927] {logging_mixin.py:115} INFO - [2023-05-24 00:16:33,927] {dag.py:2379} INFO - Sync 1 DAGs
[2023-05-24 00:16:33,946] {logging_mixin.py:115} INFO - [2023-05-24 00:16:33,946] {dag.py:2931} INFO - Setting next_dagrun for data_ingestion_gcs_dag to 2023-05-24T00:00:00+00:00, run_after=2023-05-25T00:00:00+00:00
[2023-05-24 00:16:33,957] {processor.py:161} INFO - Processing /Users/eugene/Personal_Projects/Data_Project/app/airflow/dags/data_ingestion_gcs.py took 0.564 seconds
[2023-05-24 00:17:04,055] {processor.py:153} INFO - Started process (PID=4047) to work on /Users/eugene/Personal_Projects/Data_Project/app/airflow/dags/data_ingestion_gcs.py
[2023-05-24 00:17:04,058] {processor.py:641} INFO - Processing file /Users/eugene/Personal_Projects/Data_Project/app/airflow/dags/data_ingestion_gcs.py for tasks to queue
[2023-05-24 00:17:04,059] {logging_mixin.py:115} INFO - [2023-05-24 00:17:04,059] {dagbag.py:507} INFO - Filling up the DagBag from /Users/eugene/Personal_Projects/Data_Project/app/airflow/dags/data_ingestion_gcs.py
[2023-05-24 00:17:04,592] {processor.py:651} INFO - DAG(s) dict_keys(['data_ingestion_gcs_dag']) retrieved from /Users/eugene/Personal_Projects/Data_Project/app/airflow/dags/data_ingestion_gcs.py
[2023-05-24 00:17:04,617] {logging_mixin.py:115} INFO - [2023-05-24 00:17:04,617] {dag.py:2379} INFO - Sync 1 DAGs
[2023-05-24 00:17:04,637] {logging_mixin.py:115} INFO - [2023-05-24 00:17:04,637] {dag.py:2931} INFO - Setting next_dagrun for data_ingestion_gcs_dag to 2023-05-24T00:00:00+00:00, run_after=2023-05-25T00:00:00+00:00
[2023-05-24 00:17:04,649] {processor.py:161} INFO - Processing /Users/eugene/Personal_Projects/Data_Project/app/airflow/dags/data_ingestion_gcs.py took 0.598 seconds
[2023-05-24 00:17:34,764] {processor.py:153} INFO - Started process (PID=4060) to work on /Users/eugene/Personal_Projects/Data_Project/app/airflow/dags/data_ingestion_gcs.py
[2023-05-24 00:17:34,766] {processor.py:641} INFO - Processing file /Users/eugene/Personal_Projects/Data_Project/app/airflow/dags/data_ingestion_gcs.py for tasks to queue
[2023-05-24 00:17:34,768] {logging_mixin.py:115} INFO - [2023-05-24 00:17:34,768] {dagbag.py:507} INFO - Filling up the DagBag from /Users/eugene/Personal_Projects/Data_Project/app/airflow/dags/data_ingestion_gcs.py
[2023-05-24 00:17:35,319] {processor.py:651} INFO - DAG(s) dict_keys(['data_ingestion_gcs_dag']) retrieved from /Users/eugene/Personal_Projects/Data_Project/app/airflow/dags/data_ingestion_gcs.py
[2023-05-24 00:17:35,340] {logging_mixin.py:115} INFO - [2023-05-24 00:17:35,340] {dag.py:2379} INFO - Sync 1 DAGs
[2023-05-24 00:17:35,361] {logging_mixin.py:115} INFO - [2023-05-24 00:17:35,360] {dag.py:2931} INFO - Setting next_dagrun for data_ingestion_gcs_dag to 2023-05-24T00:00:00+00:00, run_after=2023-05-25T00:00:00+00:00
[2023-05-24 00:17:35,372] {processor.py:161} INFO - Processing /Users/eugene/Personal_Projects/Data_Project/app/airflow/dags/data_ingestion_gcs.py took 0.613 seconds
[2023-05-24 00:18:05,473] {processor.py:153} INFO - Started process (PID=4073) to work on /Users/eugene/Personal_Projects/Data_Project/app/airflow/dags/data_ingestion_gcs.py
[2023-05-24 00:18:05,474] {processor.py:641} INFO - Processing file /Users/eugene/Personal_Projects/Data_Project/app/airflow/dags/data_ingestion_gcs.py for tasks to queue
[2023-05-24 00:18:05,476] {logging_mixin.py:115} INFO - [2023-05-24 00:18:05,475] {dagbag.py:507} INFO - Filling up the DagBag from /Users/eugene/Personal_Projects/Data_Project/app/airflow/dags/data_ingestion_gcs.py
[2023-05-24 00:18:06,005] {processor.py:651} INFO - DAG(s) dict_keys(['data_ingestion_gcs_dag']) retrieved from /Users/eugene/Personal_Projects/Data_Project/app/airflow/dags/data_ingestion_gcs.py
[2023-05-24 00:18:06,029] {logging_mixin.py:115} INFO - [2023-05-24 00:18:06,028] {dag.py:2379} INFO - Sync 1 DAGs
[2023-05-24 00:18:06,051] {logging_mixin.py:115} INFO - [2023-05-24 00:18:06,051] {dag.py:2931} INFO - Setting next_dagrun for data_ingestion_gcs_dag to 2023-05-24T00:00:00+00:00, run_after=2023-05-25T00:00:00+00:00
[2023-05-24 00:18:06,064] {processor.py:161} INFO - Processing /Users/eugene/Personal_Projects/Data_Project/app/airflow/dags/data_ingestion_gcs.py took 0.594 seconds
[2023-05-24 00:18:36,185] {processor.py:153} INFO - Started process (PID=4086) to work on /Users/eugene/Personal_Projects/Data_Project/app/airflow/dags/data_ingestion_gcs.py
[2023-05-24 00:18:36,187] {processor.py:641} INFO - Processing file /Users/eugene/Personal_Projects/Data_Project/app/airflow/dags/data_ingestion_gcs.py for tasks to queue
[2023-05-24 00:18:36,188] {logging_mixin.py:115} INFO - [2023-05-24 00:18:36,188] {dagbag.py:507} INFO - Filling up the DagBag from /Users/eugene/Personal_Projects/Data_Project/app/airflow/dags/data_ingestion_gcs.py
[2023-05-24 00:18:36,863] {processor.py:651} INFO - DAG(s) dict_keys(['data_ingestion_gcs_dag']) retrieved from /Users/eugene/Personal_Projects/Data_Project/app/airflow/dags/data_ingestion_gcs.py
[2023-05-24 00:18:36,898] {logging_mixin.py:115} INFO - [2023-05-24 00:18:36,898] {dag.py:2379} INFO - Sync 1 DAGs
[2023-05-24 00:18:36,929] {logging_mixin.py:115} INFO - [2023-05-24 00:18:36,929] {dag.py:2931} INFO - Setting next_dagrun for data_ingestion_gcs_dag to 2023-05-24T00:00:00+00:00, run_after=2023-05-25T00:00:00+00:00
[2023-05-24 00:18:36,948] {processor.py:161} INFO - Processing /Users/eugene/Personal_Projects/Data_Project/app/airflow/dags/data_ingestion_gcs.py took 0.767 seconds
[2023-05-24 00:19:07,074] {processor.py:153} INFO - Started process (PID=4099) to work on /Users/eugene/Personal_Projects/Data_Project/app/airflow/dags/data_ingestion_gcs.py
[2023-05-24 00:19:07,076] {processor.py:641} INFO - Processing file /Users/eugene/Personal_Projects/Data_Project/app/airflow/dags/data_ingestion_gcs.py for tasks to queue
[2023-05-24 00:19:07,077] {logging_mixin.py:115} INFO - [2023-05-24 00:19:07,077] {dagbag.py:507} INFO - Filling up the DagBag from /Users/eugene/Personal_Projects/Data_Project/app/airflow/dags/data_ingestion_gcs.py
[2023-05-24 00:19:07,571] {processor.py:651} INFO - DAG(s) dict_keys(['data_ingestion_gcs_dag']) retrieved from /Users/eugene/Personal_Projects/Data_Project/app/airflow/dags/data_ingestion_gcs.py
[2023-05-24 00:19:07,592] {logging_mixin.py:115} INFO - [2023-05-24 00:19:07,592] {dag.py:2379} INFO - Sync 1 DAGs
[2023-05-24 00:19:07,609] {logging_mixin.py:115} INFO - [2023-05-24 00:19:07,609] {dag.py:2931} INFO - Setting next_dagrun for data_ingestion_gcs_dag to 2023-05-24T00:00:00+00:00, run_after=2023-05-25T00:00:00+00:00
[2023-05-24 00:19:07,620] {processor.py:161} INFO - Processing /Users/eugene/Personal_Projects/Data_Project/app/airflow/dags/data_ingestion_gcs.py took 0.550 seconds
[2023-05-24 00:19:37,712] {processor.py:153} INFO - Started process (PID=4112) to work on /Users/eugene/Personal_Projects/Data_Project/app/airflow/dags/data_ingestion_gcs.py
[2023-05-24 00:19:37,714] {processor.py:641} INFO - Processing file /Users/eugene/Personal_Projects/Data_Project/app/airflow/dags/data_ingestion_gcs.py for tasks to queue
[2023-05-24 00:19:37,715] {logging_mixin.py:115} INFO - [2023-05-24 00:19:37,715] {dagbag.py:507} INFO - Filling up the DagBag from /Users/eugene/Personal_Projects/Data_Project/app/airflow/dags/data_ingestion_gcs.py
[2023-05-24 00:19:38,209] {processor.py:651} INFO - DAG(s) dict_keys(['data_ingestion_gcs_dag']) retrieved from /Users/eugene/Personal_Projects/Data_Project/app/airflow/dags/data_ingestion_gcs.py
[2023-05-24 00:19:38,230] {logging_mixin.py:115} INFO - [2023-05-24 00:19:38,230] {dag.py:2379} INFO - Sync 1 DAGs
[2023-05-24 00:19:38,248] {logging_mixin.py:115} INFO - [2023-05-24 00:19:38,248] {dag.py:2931} INFO - Setting next_dagrun for data_ingestion_gcs_dag to 2023-05-24T00:00:00+00:00, run_after=2023-05-25T00:00:00+00:00
[2023-05-24 00:19:38,257] {processor.py:161} INFO - Processing /Users/eugene/Personal_Projects/Data_Project/app/airflow/dags/data_ingestion_gcs.py took 0.550 seconds
[2023-05-24 00:20:08,371] {processor.py:153} INFO - Started process (PID=4125) to work on /Users/eugene/Personal_Projects/Data_Project/app/airflow/dags/data_ingestion_gcs.py
[2023-05-24 00:20:08,373] {processor.py:641} INFO - Processing file /Users/eugene/Personal_Projects/Data_Project/app/airflow/dags/data_ingestion_gcs.py for tasks to queue
[2023-05-24 00:20:08,375] {logging_mixin.py:115} INFO - [2023-05-24 00:20:08,375] {dagbag.py:507} INFO - Filling up the DagBag from /Users/eugene/Personal_Projects/Data_Project/app/airflow/dags/data_ingestion_gcs.py
[2023-05-24 00:20:08,905] {processor.py:651} INFO - DAG(s) dict_keys(['data_ingestion_gcs_dag']) retrieved from /Users/eugene/Personal_Projects/Data_Project/app/airflow/dags/data_ingestion_gcs.py
[2023-05-24 00:20:08,926] {logging_mixin.py:115} INFO - [2023-05-24 00:20:08,926] {dag.py:2379} INFO - Sync 1 DAGs
[2023-05-24 00:20:08,944] {logging_mixin.py:115} INFO - [2023-05-24 00:20:08,944] {dag.py:2931} INFO - Setting next_dagrun for data_ingestion_gcs_dag to 2023-05-24T00:00:00+00:00, run_after=2023-05-25T00:00:00+00:00
[2023-05-24 00:20:08,955] {processor.py:161} INFO - Processing /Users/eugene/Personal_Projects/Data_Project/app/airflow/dags/data_ingestion_gcs.py took 0.588 seconds
[2023-05-24 00:20:39,055] {processor.py:153} INFO - Started process (PID=4138) to work on /Users/eugene/Personal_Projects/Data_Project/app/airflow/dags/data_ingestion_gcs.py
[2023-05-24 00:20:39,057] {processor.py:641} INFO - Processing file /Users/eugene/Personal_Projects/Data_Project/app/airflow/dags/data_ingestion_gcs.py for tasks to queue
[2023-05-24 00:20:39,059] {logging_mixin.py:115} INFO - [2023-05-24 00:20:39,059] {dagbag.py:507} INFO - Filling up the DagBag from /Users/eugene/Personal_Projects/Data_Project/app/airflow/dags/data_ingestion_gcs.py
[2023-05-24 00:20:39,574] {processor.py:651} INFO - DAG(s) dict_keys(['data_ingestion_gcs_dag']) retrieved from /Users/eugene/Personal_Projects/Data_Project/app/airflow/dags/data_ingestion_gcs.py
[2023-05-24 00:20:39,597] {logging_mixin.py:115} INFO - [2023-05-24 00:20:39,596] {dag.py:2379} INFO - Sync 1 DAGs
[2023-05-24 00:20:39,615] {logging_mixin.py:115} INFO - [2023-05-24 00:20:39,615] {dag.py:2931} INFO - Setting next_dagrun for data_ingestion_gcs_dag to 2023-05-24T00:00:00+00:00, run_after=2023-05-25T00:00:00+00:00
[2023-05-24 00:20:39,626] {processor.py:161} INFO - Processing /Users/eugene/Personal_Projects/Data_Project/app/airflow/dags/data_ingestion_gcs.py took 0.576 seconds
[2023-05-24 00:21:09,772] {processor.py:153} INFO - Started process (PID=4151) to work on /Users/eugene/Personal_Projects/Data_Project/app/airflow/dags/data_ingestion_gcs.py
[2023-05-24 00:21:09,774] {processor.py:641} INFO - Processing file /Users/eugene/Personal_Projects/Data_Project/app/airflow/dags/data_ingestion_gcs.py for tasks to queue
[2023-05-24 00:21:09,775] {logging_mixin.py:115} INFO - [2023-05-24 00:21:09,775] {dagbag.py:507} INFO - Filling up the DagBag from /Users/eugene/Personal_Projects/Data_Project/app/airflow/dags/data_ingestion_gcs.py
[2023-05-24 00:21:10,275] {processor.py:651} INFO - DAG(s) dict_keys(['data_ingestion_gcs_dag']) retrieved from /Users/eugene/Personal_Projects/Data_Project/app/airflow/dags/data_ingestion_gcs.py
[2023-05-24 00:21:10,296] {logging_mixin.py:115} INFO - [2023-05-24 00:21:10,296] {dag.py:2379} INFO - Sync 1 DAGs
[2023-05-24 00:21:10,313] {logging_mixin.py:115} INFO - [2023-05-24 00:21:10,313] {dag.py:2931} INFO - Setting next_dagrun for data_ingestion_gcs_dag to 2023-05-24T00:00:00+00:00, run_after=2023-05-25T00:00:00+00:00
[2023-05-24 00:21:10,325] {processor.py:161} INFO - Processing /Users/eugene/Personal_Projects/Data_Project/app/airflow/dags/data_ingestion_gcs.py took 0.557 seconds
[2023-05-24 00:21:40,440] {processor.py:153} INFO - Started process (PID=4164) to work on /Users/eugene/Personal_Projects/Data_Project/app/airflow/dags/data_ingestion_gcs.py
[2023-05-24 00:21:40,441] {processor.py:641} INFO - Processing file /Users/eugene/Personal_Projects/Data_Project/app/airflow/dags/data_ingestion_gcs.py for tasks to queue
[2023-05-24 00:21:40,443] {logging_mixin.py:115} INFO - [2023-05-24 00:21:40,442] {dagbag.py:507} INFO - Filling up the DagBag from /Users/eugene/Personal_Projects/Data_Project/app/airflow/dags/data_ingestion_gcs.py
[2023-05-24 00:21:40,974] {processor.py:651} INFO - DAG(s) dict_keys(['data_ingestion_gcs_dag']) retrieved from /Users/eugene/Personal_Projects/Data_Project/app/airflow/dags/data_ingestion_gcs.py
[2023-05-24 00:21:40,998] {logging_mixin.py:115} INFO - [2023-05-24 00:21:40,998] {dag.py:2379} INFO - Sync 1 DAGs
[2023-05-24 00:21:41,019] {logging_mixin.py:115} INFO - [2023-05-24 00:21:41,018] {dag.py:2931} INFO - Setting next_dagrun for data_ingestion_gcs_dag to 2023-05-24T00:00:00+00:00, run_after=2023-05-25T00:00:00+00:00
[2023-05-24 00:21:41,030] {processor.py:161} INFO - Processing /Users/eugene/Personal_Projects/Data_Project/app/airflow/dags/data_ingestion_gcs.py took 0.595 seconds
[2023-05-24 00:22:11,141] {processor.py:153} INFO - Started process (PID=4177) to work on /Users/eugene/Personal_Projects/Data_Project/app/airflow/dags/data_ingestion_gcs.py
[2023-05-24 00:22:11,142] {processor.py:641} INFO - Processing file /Users/eugene/Personal_Projects/Data_Project/app/airflow/dags/data_ingestion_gcs.py for tasks to queue
[2023-05-24 00:22:11,144] {logging_mixin.py:115} INFO - [2023-05-24 00:22:11,144] {dagbag.py:507} INFO - Filling up the DagBag from /Users/eugene/Personal_Projects/Data_Project/app/airflow/dags/data_ingestion_gcs.py
[2023-05-24 00:22:11,667] {processor.py:651} INFO - DAG(s) dict_keys(['data_ingestion_gcs_dag']) retrieved from /Users/eugene/Personal_Projects/Data_Project/app/airflow/dags/data_ingestion_gcs.py
[2023-05-24 00:22:11,690] {logging_mixin.py:115} INFO - [2023-05-24 00:22:11,689] {dag.py:2379} INFO - Sync 1 DAGs
[2023-05-24 00:22:11,710] {logging_mixin.py:115} INFO - [2023-05-24 00:22:11,710] {dag.py:2931} INFO - Setting next_dagrun for data_ingestion_gcs_dag to 2023-05-24T00:00:00+00:00, run_after=2023-05-25T00:00:00+00:00
[2023-05-24 00:22:11,721] {processor.py:161} INFO - Processing /Users/eugene/Personal_Projects/Data_Project/app/airflow/dags/data_ingestion_gcs.py took 0.585 seconds
[2023-05-24 00:22:41,825] {processor.py:153} INFO - Started process (PID=4190) to work on /Users/eugene/Personal_Projects/Data_Project/app/airflow/dags/data_ingestion_gcs.py
[2023-05-24 00:22:41,827] {processor.py:641} INFO - Processing file /Users/eugene/Personal_Projects/Data_Project/app/airflow/dags/data_ingestion_gcs.py for tasks to queue
[2023-05-24 00:22:41,829] {logging_mixin.py:115} INFO - [2023-05-24 00:22:41,828] {dagbag.py:507} INFO - Filling up the DagBag from /Users/eugene/Personal_Projects/Data_Project/app/airflow/dags/data_ingestion_gcs.py
[2023-05-24 00:22:42,325] {processor.py:651} INFO - DAG(s) dict_keys(['data_ingestion_gcs_dag']) retrieved from /Users/eugene/Personal_Projects/Data_Project/app/airflow/dags/data_ingestion_gcs.py
[2023-05-24 00:22:42,346] {logging_mixin.py:115} INFO - [2023-05-24 00:22:42,345] {dag.py:2379} INFO - Sync 1 DAGs
[2023-05-24 00:22:42,363] {logging_mixin.py:115} INFO - [2023-05-24 00:22:42,363] {dag.py:2931} INFO - Setting next_dagrun for data_ingestion_gcs_dag to 2023-05-24T00:00:00+00:00, run_after=2023-05-25T00:00:00+00:00
[2023-05-24 00:22:42,373] {processor.py:161} INFO - Processing /Users/eugene/Personal_Projects/Data_Project/app/airflow/dags/data_ingestion_gcs.py took 0.553 seconds
[2023-05-24 00:23:12,491] {processor.py:153} INFO - Started process (PID=4203) to work on /Users/eugene/Personal_Projects/Data_Project/app/airflow/dags/data_ingestion_gcs.py
[2023-05-24 00:23:12,492] {processor.py:641} INFO - Processing file /Users/eugene/Personal_Projects/Data_Project/app/airflow/dags/data_ingestion_gcs.py for tasks to queue
[2023-05-24 00:23:12,494] {logging_mixin.py:115} INFO - [2023-05-24 00:23:12,494] {dagbag.py:507} INFO - Filling up the DagBag from /Users/eugene/Personal_Projects/Data_Project/app/airflow/dags/data_ingestion_gcs.py
[2023-05-24 00:23:13,052] {processor.py:651} INFO - DAG(s) dict_keys(['data_ingestion_gcs_dag']) retrieved from /Users/eugene/Personal_Projects/Data_Project/app/airflow/dags/data_ingestion_gcs.py
[2023-05-24 00:23:13,074] {logging_mixin.py:115} INFO - [2023-05-24 00:23:13,074] {dag.py:2379} INFO - Sync 1 DAGs
[2023-05-24 00:23:13,091] {logging_mixin.py:115} INFO - [2023-05-24 00:23:13,091] {dag.py:2931} INFO - Setting next_dagrun for data_ingestion_gcs_dag to 2023-05-24T00:00:00+00:00, run_after=2023-05-25T00:00:00+00:00
[2023-05-24 00:23:13,103] {processor.py:161} INFO - Processing /Users/eugene/Personal_Projects/Data_Project/app/airflow/dags/data_ingestion_gcs.py took 0.616 seconds
[2023-05-24 00:23:43,208] {processor.py:153} INFO - Started process (PID=4216) to work on /Users/eugene/Personal_Projects/Data_Project/app/airflow/dags/data_ingestion_gcs.py
[2023-05-24 00:23:43,209] {processor.py:641} INFO - Processing file /Users/eugene/Personal_Projects/Data_Project/app/airflow/dags/data_ingestion_gcs.py for tasks to queue
[2023-05-24 00:23:43,210] {logging_mixin.py:115} INFO - [2023-05-24 00:23:43,210] {dagbag.py:507} INFO - Filling up the DagBag from /Users/eugene/Personal_Projects/Data_Project/app/airflow/dags/data_ingestion_gcs.py
[2023-05-24 00:23:43,792] {processor.py:651} INFO - DAG(s) dict_keys(['data_ingestion_gcs_dag']) retrieved from /Users/eugene/Personal_Projects/Data_Project/app/airflow/dags/data_ingestion_gcs.py
[2023-05-24 00:23:43,820] {logging_mixin.py:115} INFO - [2023-05-24 00:23:43,820] {dag.py:2379} INFO - Sync 1 DAGs
[2023-05-24 00:23:43,842] {logging_mixin.py:115} INFO - [2023-05-24 00:23:43,842] {dag.py:2931} INFO - Setting next_dagrun for data_ingestion_gcs_dag to 2023-05-24T00:00:00+00:00, run_after=2023-05-25T00:00:00+00:00
[2023-05-24 00:23:43,856] {processor.py:161} INFO - Processing /Users/eugene/Personal_Projects/Data_Project/app/airflow/dags/data_ingestion_gcs.py took 0.654 seconds
[2023-05-24 00:24:13,989] {processor.py:153} INFO - Started process (PID=4229) to work on /Users/eugene/Personal_Projects/Data_Project/app/airflow/dags/data_ingestion_gcs.py
[2023-05-24 00:24:13,991] {processor.py:641} INFO - Processing file /Users/eugene/Personal_Projects/Data_Project/app/airflow/dags/data_ingestion_gcs.py for tasks to queue
[2023-05-24 00:24:13,993] {logging_mixin.py:115} INFO - [2023-05-24 00:24:13,992] {dagbag.py:507} INFO - Filling up the DagBag from /Users/eugene/Personal_Projects/Data_Project/app/airflow/dags/data_ingestion_gcs.py
[2023-05-24 00:24:14,574] {processor.py:651} INFO - DAG(s) dict_keys(['data_ingestion_gcs_dag']) retrieved from /Users/eugene/Personal_Projects/Data_Project/app/airflow/dags/data_ingestion_gcs.py
[2023-05-24 00:24:14,596] {logging_mixin.py:115} INFO - [2023-05-24 00:24:14,595] {dag.py:2379} INFO - Sync 1 DAGs
[2023-05-24 00:24:14,614] {logging_mixin.py:115} INFO - [2023-05-24 00:24:14,614] {dag.py:2931} INFO - Setting next_dagrun for data_ingestion_gcs_dag to 2023-05-24T00:00:00+00:00, run_after=2023-05-25T00:00:00+00:00
[2023-05-24 00:24:14,624] {processor.py:161} INFO - Processing /Users/eugene/Personal_Projects/Data_Project/app/airflow/dags/data_ingestion_gcs.py took 0.639 seconds
[2023-05-24 00:24:44,737] {processor.py:153} INFO - Started process (PID=4242) to work on /Users/eugene/Personal_Projects/Data_Project/app/airflow/dags/data_ingestion_gcs.py
[2023-05-24 00:24:44,738] {processor.py:641} INFO - Processing file /Users/eugene/Personal_Projects/Data_Project/app/airflow/dags/data_ingestion_gcs.py for tasks to queue
[2023-05-24 00:24:44,740] {logging_mixin.py:115} INFO - [2023-05-24 00:24:44,740] {dagbag.py:507} INFO - Filling up the DagBag from /Users/eugene/Personal_Projects/Data_Project/app/airflow/dags/data_ingestion_gcs.py
[2023-05-24 00:24:45,222] {processor.py:651} INFO - DAG(s) dict_keys(['data_ingestion_gcs_dag']) retrieved from /Users/eugene/Personal_Projects/Data_Project/app/airflow/dags/data_ingestion_gcs.py
[2023-05-24 00:24:45,244] {logging_mixin.py:115} INFO - [2023-05-24 00:24:45,244] {dag.py:2379} INFO - Sync 1 DAGs
[2023-05-24 00:24:45,261] {logging_mixin.py:115} INFO - [2023-05-24 00:24:45,261] {dag.py:2931} INFO - Setting next_dagrun for data_ingestion_gcs_dag to 2023-05-24T00:00:00+00:00, run_after=2023-05-25T00:00:00+00:00
[2023-05-24 00:24:45,271] {processor.py:161} INFO - Processing /Users/eugene/Personal_Projects/Data_Project/app/airflow/dags/data_ingestion_gcs.py took 0.539 seconds
[2023-05-24 00:25:15,397] {processor.py:153} INFO - Started process (PID=4255) to work on /Users/eugene/Personal_Projects/Data_Project/app/airflow/dags/data_ingestion_gcs.py
[2023-05-24 00:25:15,400] {processor.py:641} INFO - Processing file /Users/eugene/Personal_Projects/Data_Project/app/airflow/dags/data_ingestion_gcs.py for tasks to queue
[2023-05-24 00:25:15,401] {logging_mixin.py:115} INFO - [2023-05-24 00:25:15,401] {dagbag.py:507} INFO - Filling up the DagBag from /Users/eugene/Personal_Projects/Data_Project/app/airflow/dags/data_ingestion_gcs.py
[2023-05-24 00:25:15,988] {processor.py:651} INFO - DAG(s) dict_keys(['data_ingestion_gcs_dag']) retrieved from /Users/eugene/Personal_Projects/Data_Project/app/airflow/dags/data_ingestion_gcs.py
[2023-05-24 00:25:16,011] {logging_mixin.py:115} INFO - [2023-05-24 00:25:16,011] {dag.py:2379} INFO - Sync 1 DAGs
[2023-05-24 00:25:16,031] {logging_mixin.py:115} INFO - [2023-05-24 00:25:16,031] {dag.py:2931} INFO - Setting next_dagrun for data_ingestion_gcs_dag to 2023-05-24T00:00:00+00:00, run_after=2023-05-25T00:00:00+00:00
[2023-05-24 00:25:16,043] {processor.py:161} INFO - Processing /Users/eugene/Personal_Projects/Data_Project/app/airflow/dags/data_ingestion_gcs.py took 0.651 seconds
[2023-05-24 00:25:46,151] {processor.py:153} INFO - Started process (PID=4268) to work on /Users/eugene/Personal_Projects/Data_Project/app/airflow/dags/data_ingestion_gcs.py
[2023-05-24 00:25:46,153] {processor.py:641} INFO - Processing file /Users/eugene/Personal_Projects/Data_Project/app/airflow/dags/data_ingestion_gcs.py for tasks to queue
[2023-05-24 00:25:46,154] {logging_mixin.py:115} INFO - [2023-05-24 00:25:46,154] {dagbag.py:507} INFO - Filling up the DagBag from /Users/eugene/Personal_Projects/Data_Project/app/airflow/dags/data_ingestion_gcs.py
[2023-05-24 00:25:46,750] {processor.py:651} INFO - DAG(s) dict_keys(['data_ingestion_gcs_dag']) retrieved from /Users/eugene/Personal_Projects/Data_Project/app/airflow/dags/data_ingestion_gcs.py
[2023-05-24 00:25:46,775] {logging_mixin.py:115} INFO - [2023-05-24 00:25:46,775] {dag.py:2379} INFO - Sync 1 DAGs
[2023-05-24 00:25:46,798] {logging_mixin.py:115} INFO - [2023-05-24 00:25:46,798] {dag.py:2931} INFO - Setting next_dagrun for data_ingestion_gcs_dag to 2023-05-24T00:00:00+00:00, run_after=2023-05-25T00:00:00+00:00
[2023-05-24 00:25:46,812] {processor.py:161} INFO - Processing /Users/eugene/Personal_Projects/Data_Project/app/airflow/dags/data_ingestion_gcs.py took 0.665 seconds
[2023-05-24 00:26:16,961] {processor.py:153} INFO - Started process (PID=4281) to work on /Users/eugene/Personal_Projects/Data_Project/app/airflow/dags/data_ingestion_gcs.py
[2023-05-24 00:26:16,962] {processor.py:641} INFO - Processing file /Users/eugene/Personal_Projects/Data_Project/app/airflow/dags/data_ingestion_gcs.py for tasks to queue
[2023-05-24 00:26:16,964] {logging_mixin.py:115} INFO - [2023-05-24 00:26:16,964] {dagbag.py:507} INFO - Filling up the DagBag from /Users/eugene/Personal_Projects/Data_Project/app/airflow/dags/data_ingestion_gcs.py
[2023-05-24 00:26:17,601] {processor.py:651} INFO - DAG(s) dict_keys(['data_ingestion_gcs_dag']) retrieved from /Users/eugene/Personal_Projects/Data_Project/app/airflow/dags/data_ingestion_gcs.py
[2023-05-24 00:26:17,628] {logging_mixin.py:115} INFO - [2023-05-24 00:26:17,627] {dag.py:2379} INFO - Sync 1 DAGs
[2023-05-24 00:26:17,653] {logging_mixin.py:115} INFO - [2023-05-24 00:26:17,653] {dag.py:2931} INFO - Setting next_dagrun for data_ingestion_gcs_dag to 2023-05-24T00:00:00+00:00, run_after=2023-05-25T00:00:00+00:00
[2023-05-24 00:26:17,666] {processor.py:161} INFO - Processing /Users/eugene/Personal_Projects/Data_Project/app/airflow/dags/data_ingestion_gcs.py took 0.710 seconds
[2023-05-24 00:26:47,779] {processor.py:153} INFO - Started process (PID=4301) to work on /Users/eugene/Personal_Projects/Data_Project/app/airflow/dags/data_ingestion_gcs.py
[2023-05-24 00:26:47,780] {processor.py:641} INFO - Processing file /Users/eugene/Personal_Projects/Data_Project/app/airflow/dags/data_ingestion_gcs.py for tasks to queue
[2023-05-24 00:26:47,783] {logging_mixin.py:115} INFO - [2023-05-24 00:26:47,783] {dagbag.py:507} INFO - Filling up the DagBag from /Users/eugene/Personal_Projects/Data_Project/app/airflow/dags/data_ingestion_gcs.py
[2023-05-24 00:26:48,417] {processor.py:651} INFO - DAG(s) dict_keys(['data_ingestion_gcs_dag']) retrieved from /Users/eugene/Personal_Projects/Data_Project/app/airflow/dags/data_ingestion_gcs.py
[2023-05-24 00:26:48,448] {logging_mixin.py:115} INFO - [2023-05-24 00:26:48,447] {dag.py:2379} INFO - Sync 1 DAGs
[2023-05-24 00:26:48,474] {logging_mixin.py:115} INFO - [2023-05-24 00:26:48,474] {dag.py:2931} INFO - Setting next_dagrun for data_ingestion_gcs_dag to 2023-05-24T00:00:00+00:00, run_after=2023-05-25T00:00:00+00:00
[2023-05-24 00:26:48,489] {processor.py:161} INFO - Processing /Users/eugene/Personal_Projects/Data_Project/app/airflow/dags/data_ingestion_gcs.py took 0.715 seconds
[2023-05-24 00:27:18,601] {processor.py:153} INFO - Started process (PID=4314) to work on /Users/eugene/Personal_Projects/Data_Project/app/airflow/dags/data_ingestion_gcs.py
[2023-05-24 00:27:18,603] {processor.py:641} INFO - Processing file /Users/eugene/Personal_Projects/Data_Project/app/airflow/dags/data_ingestion_gcs.py for tasks to queue
[2023-05-24 00:27:18,604] {logging_mixin.py:115} INFO - [2023-05-24 00:27:18,604] {dagbag.py:507} INFO - Filling up the DagBag from /Users/eugene/Personal_Projects/Data_Project/app/airflow/dags/data_ingestion_gcs.py
[2023-05-24 00:27:19,198] {processor.py:651} INFO - DAG(s) dict_keys(['data_ingestion_gcs_dag']) retrieved from /Users/eugene/Personal_Projects/Data_Project/app/airflow/dags/data_ingestion_gcs.py
[2023-05-24 00:27:19,227] {logging_mixin.py:115} INFO - [2023-05-24 00:27:19,227] {dag.py:2379} INFO - Sync 1 DAGs
[2023-05-24 00:27:19,253] {logging_mixin.py:115} INFO - [2023-05-24 00:27:19,253] {dag.py:2931} INFO - Setting next_dagrun for data_ingestion_gcs_dag to 2023-05-24T00:00:00+00:00, run_after=2023-05-25T00:00:00+00:00
[2023-05-24 00:27:19,268] {processor.py:161} INFO - Processing /Users/eugene/Personal_Projects/Data_Project/app/airflow/dags/data_ingestion_gcs.py took 0.671 seconds
[2023-05-24 00:27:49,387] {processor.py:153} INFO - Started process (PID=4327) to work on /Users/eugene/Personal_Projects/Data_Project/app/airflow/dags/data_ingestion_gcs.py
[2023-05-24 00:27:49,389] {processor.py:641} INFO - Processing file /Users/eugene/Personal_Projects/Data_Project/app/airflow/dags/data_ingestion_gcs.py for tasks to queue
[2023-05-24 00:27:49,390] {logging_mixin.py:115} INFO - [2023-05-24 00:27:49,390] {dagbag.py:507} INFO - Filling up the DagBag from /Users/eugene/Personal_Projects/Data_Project/app/airflow/dags/data_ingestion_gcs.py
[2023-05-24 00:27:49,935] {processor.py:651} INFO - DAG(s) dict_keys(['data_ingestion_gcs_dag']) retrieved from /Users/eugene/Personal_Projects/Data_Project/app/airflow/dags/data_ingestion_gcs.py
[2023-05-24 00:27:49,956] {logging_mixin.py:115} INFO - [2023-05-24 00:27:49,956] {dag.py:2379} INFO - Sync 1 DAGs
[2023-05-24 00:27:49,974] {logging_mixin.py:115} INFO - [2023-05-24 00:27:49,974] {dag.py:2931} INFO - Setting next_dagrun for data_ingestion_gcs_dag to 2023-05-24T00:00:00+00:00, run_after=2023-05-25T00:00:00+00:00
[2023-05-24 00:27:49,985] {processor.py:161} INFO - Processing /Users/eugene/Personal_Projects/Data_Project/app/airflow/dags/data_ingestion_gcs.py took 0.603 seconds
[2023-05-24 00:28:20,092] {processor.py:153} INFO - Started process (PID=4340) to work on /Users/eugene/Personal_Projects/Data_Project/app/airflow/dags/data_ingestion_gcs.py
[2023-05-24 00:28:20,093] {processor.py:641} INFO - Processing file /Users/eugene/Personal_Projects/Data_Project/app/airflow/dags/data_ingestion_gcs.py for tasks to queue
[2023-05-24 00:28:20,095] {logging_mixin.py:115} INFO - [2023-05-24 00:28:20,094] {dagbag.py:507} INFO - Filling up the DagBag from /Users/eugene/Personal_Projects/Data_Project/app/airflow/dags/data_ingestion_gcs.py
[2023-05-24 00:28:20,592] {processor.py:651} INFO - DAG(s) dict_keys(['data_ingestion_gcs_dag']) retrieved from /Users/eugene/Personal_Projects/Data_Project/app/airflow/dags/data_ingestion_gcs.py
[2023-05-24 00:28:20,615] {logging_mixin.py:115} INFO - [2023-05-24 00:28:20,615] {dag.py:2379} INFO - Sync 1 DAGs
[2023-05-24 00:28:20,633] {logging_mixin.py:115} INFO - [2023-05-24 00:28:20,633] {dag.py:2931} INFO - Setting next_dagrun for data_ingestion_gcs_dag to 2023-05-24T00:00:00+00:00, run_after=2023-05-25T00:00:00+00:00
[2023-05-24 00:28:20,644] {processor.py:161} INFO - Processing /Users/eugene/Personal_Projects/Data_Project/app/airflow/dags/data_ingestion_gcs.py took 0.557 seconds
[2023-05-24 00:28:50,776] {processor.py:153} INFO - Started process (PID=4353) to work on /Users/eugene/Personal_Projects/Data_Project/app/airflow/dags/data_ingestion_gcs.py
[2023-05-24 00:28:50,778] {processor.py:641} INFO - Processing file /Users/eugene/Personal_Projects/Data_Project/app/airflow/dags/data_ingestion_gcs.py for tasks to queue
[2023-05-24 00:28:50,781] {logging_mixin.py:115} INFO - [2023-05-24 00:28:50,781] {dagbag.py:507} INFO - Filling up the DagBag from /Users/eugene/Personal_Projects/Data_Project/app/airflow/dags/data_ingestion_gcs.py
[2023-05-24 00:28:51,324] {processor.py:651} INFO - DAG(s) dict_keys(['data_ingestion_gcs_dag']) retrieved from /Users/eugene/Personal_Projects/Data_Project/app/airflow/dags/data_ingestion_gcs.py
[2023-05-24 00:28:51,345] {logging_mixin.py:115} INFO - [2023-05-24 00:28:51,345] {dag.py:2379} INFO - Sync 1 DAGs
[2023-05-24 00:28:51,362] {logging_mixin.py:115} INFO - [2023-05-24 00:28:51,362] {dag.py:2931} INFO - Setting next_dagrun for data_ingestion_gcs_dag to 2023-05-24T00:00:00+00:00, run_after=2023-05-25T00:00:00+00:00
[2023-05-24 00:28:51,372] {processor.py:161} INFO - Processing /Users/eugene/Personal_Projects/Data_Project/app/airflow/dags/data_ingestion_gcs.py took 0.604 seconds
[2023-05-24 00:29:21,478] {processor.py:153} INFO - Started process (PID=4366) to work on /Users/eugene/Personal_Projects/Data_Project/app/airflow/dags/data_ingestion_gcs.py
[2023-05-24 00:29:21,480] {processor.py:641} INFO - Processing file /Users/eugene/Personal_Projects/Data_Project/app/airflow/dags/data_ingestion_gcs.py for tasks to queue
[2023-05-24 00:29:21,482] {logging_mixin.py:115} INFO - [2023-05-24 00:29:21,481] {dagbag.py:507} INFO - Filling up the DagBag from /Users/eugene/Personal_Projects/Data_Project/app/airflow/dags/data_ingestion_gcs.py
[2023-05-24 00:29:22,030] {processor.py:651} INFO - DAG(s) dict_keys(['data_ingestion_gcs_dag']) retrieved from /Users/eugene/Personal_Projects/Data_Project/app/airflow/dags/data_ingestion_gcs.py
[2023-05-24 00:29:22,053] {logging_mixin.py:115} INFO - [2023-05-24 00:29:22,052] {dag.py:2379} INFO - Sync 1 DAGs
[2023-05-24 00:29:22,072] {logging_mixin.py:115} INFO - [2023-05-24 00:29:22,072] {dag.py:2931} INFO - Setting next_dagrun for data_ingestion_gcs_dag to 2023-05-24T00:00:00+00:00, run_after=2023-05-25T00:00:00+00:00
[2023-05-24 00:29:22,084] {processor.py:161} INFO - Processing /Users/eugene/Personal_Projects/Data_Project/app/airflow/dags/data_ingestion_gcs.py took 0.611 seconds
[2023-05-24 00:29:52,207] {processor.py:153} INFO - Started process (PID=4379) to work on /Users/eugene/Personal_Projects/Data_Project/app/airflow/dags/data_ingestion_gcs.py
[2023-05-24 00:29:52,209] {processor.py:641} INFO - Processing file /Users/eugene/Personal_Projects/Data_Project/app/airflow/dags/data_ingestion_gcs.py for tasks to queue
[2023-05-24 00:29:52,210] {logging_mixin.py:115} INFO - [2023-05-24 00:29:52,210] {dagbag.py:507} INFO - Filling up the DagBag from /Users/eugene/Personal_Projects/Data_Project/app/airflow/dags/data_ingestion_gcs.py
[2023-05-24 00:29:52,707] {processor.py:651} INFO - DAG(s) dict_keys(['data_ingestion_gcs_dag']) retrieved from /Users/eugene/Personal_Projects/Data_Project/app/airflow/dags/data_ingestion_gcs.py
[2023-05-24 00:29:52,729] {logging_mixin.py:115} INFO - [2023-05-24 00:29:52,728] {dag.py:2379} INFO - Sync 1 DAGs
[2023-05-24 00:29:52,746] {logging_mixin.py:115} INFO - [2023-05-24 00:29:52,746] {dag.py:2931} INFO - Setting next_dagrun for data_ingestion_gcs_dag to 2023-05-24T00:00:00+00:00, run_after=2023-05-25T00:00:00+00:00
[2023-05-24 00:29:52,757] {processor.py:161} INFO - Processing /Users/eugene/Personal_Projects/Data_Project/app/airflow/dags/data_ingestion_gcs.py took 0.554 seconds
[2023-05-24 00:30:22,867] {processor.py:153} INFO - Started process (PID=4392) to work on /Users/eugene/Personal_Projects/Data_Project/app/airflow/dags/data_ingestion_gcs.py
[2023-05-24 00:30:22,869] {processor.py:641} INFO - Processing file /Users/eugene/Personal_Projects/Data_Project/app/airflow/dags/data_ingestion_gcs.py for tasks to queue
[2023-05-24 00:30:22,870] {logging_mixin.py:115} INFO - [2023-05-24 00:30:22,870] {dagbag.py:507} INFO - Filling up the DagBag from /Users/eugene/Personal_Projects/Data_Project/app/airflow/dags/data_ingestion_gcs.py
[2023-05-24 00:30:23,366] {processor.py:651} INFO - DAG(s) dict_keys(['data_ingestion_gcs_dag']) retrieved from /Users/eugene/Personal_Projects/Data_Project/app/airflow/dags/data_ingestion_gcs.py
[2023-05-24 00:30:23,390] {logging_mixin.py:115} INFO - [2023-05-24 00:30:23,390] {dag.py:2379} INFO - Sync 1 DAGs
[2023-05-24 00:30:23,409] {logging_mixin.py:115} INFO - [2023-05-24 00:30:23,409] {dag.py:2931} INFO - Setting next_dagrun for data_ingestion_gcs_dag to 2023-05-24T00:00:00+00:00, run_after=2023-05-25T00:00:00+00:00
[2023-05-24 00:30:23,421] {processor.py:161} INFO - Processing /Users/eugene/Personal_Projects/Data_Project/app/airflow/dags/data_ingestion_gcs.py took 0.559 seconds
[2023-05-24 00:30:53,538] {processor.py:153} INFO - Started process (PID=4405) to work on /Users/eugene/Personal_Projects/Data_Project/app/airflow/dags/data_ingestion_gcs.py
[2023-05-24 00:30:53,541] {processor.py:641} INFO - Processing file /Users/eugene/Personal_Projects/Data_Project/app/airflow/dags/data_ingestion_gcs.py for tasks to queue
[2023-05-24 00:30:53,542] {logging_mixin.py:115} INFO - [2023-05-24 00:30:53,542] {dagbag.py:507} INFO - Filling up the DagBag from /Users/eugene/Personal_Projects/Data_Project/app/airflow/dags/data_ingestion_gcs.py
[2023-05-24 00:30:54,177] {processor.py:651} INFO - DAG(s) dict_keys(['data_ingestion_gcs_dag']) retrieved from /Users/eugene/Personal_Projects/Data_Project/app/airflow/dags/data_ingestion_gcs.py
[2023-05-24 00:30:54,207] {logging_mixin.py:115} INFO - [2023-05-24 00:30:54,206] {dag.py:2379} INFO - Sync 1 DAGs
[2023-05-24 00:30:54,235] {logging_mixin.py:115} INFO - [2023-05-24 00:30:54,235] {dag.py:2931} INFO - Setting next_dagrun for data_ingestion_gcs_dag to 2023-05-24T00:00:00+00:00, run_after=2023-05-25T00:00:00+00:00
[2023-05-24 00:30:54,251] {processor.py:161} INFO - Processing /Users/eugene/Personal_Projects/Data_Project/app/airflow/dags/data_ingestion_gcs.py took 0.717 seconds
[2023-05-24 00:31:24,366] {processor.py:153} INFO - Started process (PID=4418) to work on /Users/eugene/Personal_Projects/Data_Project/app/airflow/dags/data_ingestion_gcs.py
[2023-05-24 00:31:24,369] {processor.py:641} INFO - Processing file /Users/eugene/Personal_Projects/Data_Project/app/airflow/dags/data_ingestion_gcs.py for tasks to queue
[2023-05-24 00:31:24,370] {logging_mixin.py:115} INFO - [2023-05-24 00:31:24,370] {dagbag.py:507} INFO - Filling up the DagBag from /Users/eugene/Personal_Projects/Data_Project/app/airflow/dags/data_ingestion_gcs.py
[2023-05-24 00:31:24,916] {processor.py:651} INFO - DAG(s) dict_keys(['data_ingestion_gcs_dag']) retrieved from /Users/eugene/Personal_Projects/Data_Project/app/airflow/dags/data_ingestion_gcs.py
[2023-05-24 00:31:24,938] {logging_mixin.py:115} INFO - [2023-05-24 00:31:24,938] {dag.py:2379} INFO - Sync 1 DAGs
[2023-05-24 00:31:24,958] {logging_mixin.py:115} INFO - [2023-05-24 00:31:24,957] {dag.py:2931} INFO - Setting next_dagrun for data_ingestion_gcs_dag to 2023-05-24T00:00:00+00:00, run_after=2023-05-25T00:00:00+00:00
[2023-05-24 00:31:24,969] {processor.py:161} INFO - Processing /Users/eugene/Personal_Projects/Data_Project/app/airflow/dags/data_ingestion_gcs.py took 0.607 seconds
[2023-05-24 00:31:55,093] {processor.py:153} INFO - Started process (PID=4431) to work on /Users/eugene/Personal_Projects/Data_Project/app/airflow/dags/data_ingestion_gcs.py
[2023-05-24 00:31:55,096] {processor.py:641} INFO - Processing file /Users/eugene/Personal_Projects/Data_Project/app/airflow/dags/data_ingestion_gcs.py for tasks to queue
[2023-05-24 00:31:55,098] {logging_mixin.py:115} INFO - [2023-05-24 00:31:55,098] {dagbag.py:507} INFO - Filling up the DagBag from /Users/eugene/Personal_Projects/Data_Project/app/airflow/dags/data_ingestion_gcs.py
[2023-05-24 00:31:55,651] {processor.py:651} INFO - DAG(s) dict_keys(['data_ingestion_gcs_dag']) retrieved from /Users/eugene/Personal_Projects/Data_Project/app/airflow/dags/data_ingestion_gcs.py
[2023-05-24 00:31:55,674] {logging_mixin.py:115} INFO - [2023-05-24 00:31:55,674] {dag.py:2379} INFO - Sync 1 DAGs
[2023-05-24 00:31:55,693] {logging_mixin.py:115} INFO - [2023-05-24 00:31:55,693] {dag.py:2931} INFO - Setting next_dagrun for data_ingestion_gcs_dag to 2023-05-24T00:00:00+00:00, run_after=2023-05-25T00:00:00+00:00
[2023-05-24 00:31:55,705] {processor.py:161} INFO - Processing /Users/eugene/Personal_Projects/Data_Project/app/airflow/dags/data_ingestion_gcs.py took 0.619 seconds
[2023-05-24 00:32:25,808] {processor.py:153} INFO - Started process (PID=4444) to work on /Users/eugene/Personal_Projects/Data_Project/app/airflow/dags/data_ingestion_gcs.py
[2023-05-24 00:32:25,811] {processor.py:641} INFO - Processing file /Users/eugene/Personal_Projects/Data_Project/app/airflow/dags/data_ingestion_gcs.py for tasks to queue
[2023-05-24 00:32:25,812] {logging_mixin.py:115} INFO - [2023-05-24 00:32:25,812] {dagbag.py:507} INFO - Filling up the DagBag from /Users/eugene/Personal_Projects/Data_Project/app/airflow/dags/data_ingestion_gcs.py
[2023-05-24 00:32:26,316] {processor.py:651} INFO - DAG(s) dict_keys(['data_ingestion_gcs_dag']) retrieved from /Users/eugene/Personal_Projects/Data_Project/app/airflow/dags/data_ingestion_gcs.py
[2023-05-24 00:32:26,339] {logging_mixin.py:115} INFO - [2023-05-24 00:32:26,338] {dag.py:2379} INFO - Sync 1 DAGs
[2023-05-24 00:32:26,356] {logging_mixin.py:115} INFO - [2023-05-24 00:32:26,356] {dag.py:2931} INFO - Setting next_dagrun for data_ingestion_gcs_dag to 2023-05-24T00:00:00+00:00, run_after=2023-05-25T00:00:00+00:00
[2023-05-24 00:32:26,366] {processor.py:161} INFO - Processing /Users/eugene/Personal_Projects/Data_Project/app/airflow/dags/data_ingestion_gcs.py took 0.563 seconds
[2023-05-24 00:32:56,485] {processor.py:153} INFO - Started process (PID=4457) to work on /Users/eugene/Personal_Projects/Data_Project/app/airflow/dags/data_ingestion_gcs.py
[2023-05-24 00:32:56,487] {processor.py:641} INFO - Processing file /Users/eugene/Personal_Projects/Data_Project/app/airflow/dags/data_ingestion_gcs.py for tasks to queue
[2023-05-24 00:32:56,489] {logging_mixin.py:115} INFO - [2023-05-24 00:32:56,488] {dagbag.py:507} INFO - Filling up the DagBag from /Users/eugene/Personal_Projects/Data_Project/app/airflow/dags/data_ingestion_gcs.py
[2023-05-24 00:32:56,985] {processor.py:651} INFO - DAG(s) dict_keys(['data_ingestion_gcs_dag']) retrieved from /Users/eugene/Personal_Projects/Data_Project/app/airflow/dags/data_ingestion_gcs.py
[2023-05-24 00:32:57,007] {logging_mixin.py:115} INFO - [2023-05-24 00:32:57,006] {dag.py:2379} INFO - Sync 1 DAGs
[2023-05-24 00:32:57,024] {logging_mixin.py:115} INFO - [2023-05-24 00:32:57,024] {dag.py:2931} INFO - Setting next_dagrun for data_ingestion_gcs_dag to 2023-05-24T00:00:00+00:00, run_after=2023-05-25T00:00:00+00:00
[2023-05-24 00:32:57,035] {processor.py:161} INFO - Processing /Users/eugene/Personal_Projects/Data_Project/app/airflow/dags/data_ingestion_gcs.py took 0.554 seconds
[2023-05-24 00:33:27,132] {processor.py:153} INFO - Started process (PID=4471) to work on /Users/eugene/Personal_Projects/Data_Project/app/airflow/dags/data_ingestion_gcs.py
[2023-05-24 00:33:27,134] {processor.py:641} INFO - Processing file /Users/eugene/Personal_Projects/Data_Project/app/airflow/dags/data_ingestion_gcs.py for tasks to queue
[2023-05-24 00:33:27,135] {logging_mixin.py:115} INFO - [2023-05-24 00:33:27,135] {dagbag.py:507} INFO - Filling up the DagBag from /Users/eugene/Personal_Projects/Data_Project/app/airflow/dags/data_ingestion_gcs.py
[2023-05-24 00:33:27,628] {processor.py:651} INFO - DAG(s) dict_keys(['data_ingestion_gcs_dag']) retrieved from /Users/eugene/Personal_Projects/Data_Project/app/airflow/dags/data_ingestion_gcs.py
[2023-05-24 00:33:27,650] {logging_mixin.py:115} INFO - [2023-05-24 00:33:27,649] {dag.py:2379} INFO - Sync 1 DAGs
[2023-05-24 00:33:27,666] {logging_mixin.py:115} INFO - [2023-05-24 00:33:27,666] {dag.py:2931} INFO - Setting next_dagrun for data_ingestion_gcs_dag to 2023-05-24T00:00:00+00:00, run_after=2023-05-25T00:00:00+00:00
[2023-05-24 00:33:27,677] {processor.py:161} INFO - Processing /Users/eugene/Personal_Projects/Data_Project/app/airflow/dags/data_ingestion_gcs.py took 0.549 seconds
[2023-05-24 00:33:57,799] {processor.py:153} INFO - Started process (PID=4484) to work on /Users/eugene/Personal_Projects/Data_Project/app/airflow/dags/data_ingestion_gcs.py
[2023-05-24 00:33:57,802] {processor.py:641} INFO - Processing file /Users/eugene/Personal_Projects/Data_Project/app/airflow/dags/data_ingestion_gcs.py for tasks to queue
[2023-05-24 00:33:57,804] {logging_mixin.py:115} INFO - [2023-05-24 00:33:57,803] {dagbag.py:507} INFO - Filling up the DagBag from /Users/eugene/Personal_Projects/Data_Project/app/airflow/dags/data_ingestion_gcs.py
[2023-05-24 00:33:58,320] {processor.py:651} INFO - DAG(s) dict_keys(['data_ingestion_gcs_dag']) retrieved from /Users/eugene/Personal_Projects/Data_Project/app/airflow/dags/data_ingestion_gcs.py
[2023-05-24 00:33:58,341] {logging_mixin.py:115} INFO - [2023-05-24 00:33:58,341] {dag.py:2379} INFO - Sync 1 DAGs
[2023-05-24 00:33:58,359] {logging_mixin.py:115} INFO - [2023-05-24 00:33:58,358] {dag.py:2931} INFO - Setting next_dagrun for data_ingestion_gcs_dag to 2023-05-24T00:00:00+00:00, run_after=2023-05-25T00:00:00+00:00
[2023-05-24 00:33:58,369] {processor.py:161} INFO - Processing /Users/eugene/Personal_Projects/Data_Project/app/airflow/dags/data_ingestion_gcs.py took 0.575 seconds
[2023-05-24 00:34:28,467] {processor.py:153} INFO - Started process (PID=4497) to work on /Users/eugene/Personal_Projects/Data_Project/app/airflow/dags/data_ingestion_gcs.py
[2023-05-24 00:34:28,468] {processor.py:641} INFO - Processing file /Users/eugene/Personal_Projects/Data_Project/app/airflow/dags/data_ingestion_gcs.py for tasks to queue
[2023-05-24 00:34:28,470] {logging_mixin.py:115} INFO - [2023-05-24 00:34:28,470] {dagbag.py:507} INFO - Filling up the DagBag from /Users/eugene/Personal_Projects/Data_Project/app/airflow/dags/data_ingestion_gcs.py
[2023-05-24 00:34:28,995] {processor.py:651} INFO - DAG(s) dict_keys(['data_ingestion_gcs_dag']) retrieved from /Users/eugene/Personal_Projects/Data_Project/app/airflow/dags/data_ingestion_gcs.py
[2023-05-24 00:34:29,018] {logging_mixin.py:115} INFO - [2023-05-24 00:34:29,018] {dag.py:2379} INFO - Sync 1 DAGs
[2023-05-24 00:34:29,039] {logging_mixin.py:115} INFO - [2023-05-24 00:34:29,039] {dag.py:2931} INFO - Setting next_dagrun for data_ingestion_gcs_dag to 2023-05-24T00:00:00+00:00, run_after=2023-05-25T00:00:00+00:00
[2023-05-24 00:34:29,055] {processor.py:161} INFO - Processing /Users/eugene/Personal_Projects/Data_Project/app/airflow/dags/data_ingestion_gcs.py took 0.593 seconds
[2023-05-24 00:34:59,186] {processor.py:153} INFO - Started process (PID=4510) to work on /Users/eugene/Personal_Projects/Data_Project/app/airflow/dags/data_ingestion_gcs.py
[2023-05-24 00:34:59,187] {processor.py:641} INFO - Processing file /Users/eugene/Personal_Projects/Data_Project/app/airflow/dags/data_ingestion_gcs.py for tasks to queue
[2023-05-24 00:34:59,189] {logging_mixin.py:115} INFO - [2023-05-24 00:34:59,189] {dagbag.py:507} INFO - Filling up the DagBag from /Users/eugene/Personal_Projects/Data_Project/app/airflow/dags/data_ingestion_gcs.py
[2023-05-24 00:34:59,710] {processor.py:651} INFO - DAG(s) dict_keys(['data_ingestion_gcs_dag']) retrieved from /Users/eugene/Personal_Projects/Data_Project/app/airflow/dags/data_ingestion_gcs.py
[2023-05-24 00:34:59,732] {logging_mixin.py:115} INFO - [2023-05-24 00:34:59,732] {dag.py:2379} INFO - Sync 1 DAGs
[2023-05-24 00:34:59,750] {logging_mixin.py:115} INFO - [2023-05-24 00:34:59,750] {dag.py:2931} INFO - Setting next_dagrun for data_ingestion_gcs_dag to 2023-05-24T00:00:00+00:00, run_after=2023-05-25T00:00:00+00:00
[2023-05-24 00:34:59,759] {processor.py:161} INFO - Processing /Users/eugene/Personal_Projects/Data_Project/app/airflow/dags/data_ingestion_gcs.py took 0.578 seconds
[2023-05-24 00:35:29,857] {processor.py:153} INFO - Started process (PID=4523) to work on /Users/eugene/Personal_Projects/Data_Project/app/airflow/dags/data_ingestion_gcs.py
[2023-05-24 00:35:29,858] {processor.py:641} INFO - Processing file /Users/eugene/Personal_Projects/Data_Project/app/airflow/dags/data_ingestion_gcs.py for tasks to queue
[2023-05-24 00:35:29,860] {logging_mixin.py:115} INFO - [2023-05-24 00:35:29,860] {dagbag.py:507} INFO - Filling up the DagBag from /Users/eugene/Personal_Projects/Data_Project/app/airflow/dags/data_ingestion_gcs.py
[2023-05-24 00:35:30,399] {processor.py:651} INFO - DAG(s) dict_keys(['data_ingestion_gcs_dag']) retrieved from /Users/eugene/Personal_Projects/Data_Project/app/airflow/dags/data_ingestion_gcs.py
[2023-05-24 00:35:30,431] {logging_mixin.py:115} INFO - [2023-05-24 00:35:30,431] {dag.py:2379} INFO - Sync 1 DAGs
[2023-05-24 00:35:30,451] {logging_mixin.py:115} INFO - [2023-05-24 00:35:30,451] {dag.py:2931} INFO - Setting next_dagrun for data_ingestion_gcs_dag to 2023-05-24T00:00:00+00:00, run_after=2023-05-25T00:00:00+00:00
[2023-05-24 00:35:30,462] {processor.py:161} INFO - Processing /Users/eugene/Personal_Projects/Data_Project/app/airflow/dags/data_ingestion_gcs.py took 0.610 seconds
[2023-05-24 00:36:00,603] {processor.py:153} INFO - Started process (PID=4536) to work on /Users/eugene/Personal_Projects/Data_Project/app/airflow/dags/data_ingestion_gcs.py
[2023-05-24 00:36:00,604] {processor.py:641} INFO - Processing file /Users/eugene/Personal_Projects/Data_Project/app/airflow/dags/data_ingestion_gcs.py for tasks to queue
[2023-05-24 00:36:00,606] {logging_mixin.py:115} INFO - [2023-05-24 00:36:00,606] {dagbag.py:507} INFO - Filling up the DagBag from /Users/eugene/Personal_Projects/Data_Project/app/airflow/dags/data_ingestion_gcs.py
[2023-05-24 00:36:01,172] {processor.py:651} INFO - DAG(s) dict_keys(['data_ingestion_gcs_dag']) retrieved from /Users/eugene/Personal_Projects/Data_Project/app/airflow/dags/data_ingestion_gcs.py
[2023-05-24 00:36:01,195] {logging_mixin.py:115} INFO - [2023-05-24 00:36:01,195] {dag.py:2379} INFO - Sync 1 DAGs
[2023-05-24 00:36:01,214] {logging_mixin.py:115} INFO - [2023-05-24 00:36:01,214] {dag.py:2931} INFO - Setting next_dagrun for data_ingestion_gcs_dag to 2023-05-24T00:00:00+00:00, run_after=2023-05-25T00:00:00+00:00
[2023-05-24 00:36:01,226] {processor.py:161} INFO - Processing /Users/eugene/Personal_Projects/Data_Project/app/airflow/dags/data_ingestion_gcs.py took 0.629 seconds
[2023-05-24 00:36:31,368] {processor.py:153} INFO - Started process (PID=4549) to work on /Users/eugene/Personal_Projects/Data_Project/app/airflow/dags/data_ingestion_gcs.py
[2023-05-24 00:36:31,371] {processor.py:641} INFO - Processing file /Users/eugene/Personal_Projects/Data_Project/app/airflow/dags/data_ingestion_gcs.py for tasks to queue
[2023-05-24 00:36:31,373] {logging_mixin.py:115} INFO - [2023-05-24 00:36:31,373] {dagbag.py:507} INFO - Filling up the DagBag from /Users/eugene/Personal_Projects/Data_Project/app/airflow/dags/data_ingestion_gcs.py
[2023-05-24 00:36:32,044] {processor.py:651} INFO - DAG(s) dict_keys(['data_ingestion_gcs_dag']) retrieved from /Users/eugene/Personal_Projects/Data_Project/app/airflow/dags/data_ingestion_gcs.py
[2023-05-24 00:36:32,074] {logging_mixin.py:115} INFO - [2023-05-24 00:36:32,073] {dag.py:2379} INFO - Sync 1 DAGs
[2023-05-24 00:36:32,098] {logging_mixin.py:115} INFO - [2023-05-24 00:36:32,098] {dag.py:2931} INFO - Setting next_dagrun for data_ingestion_gcs_dag to 2023-05-24T00:00:00+00:00, run_after=2023-05-25T00:00:00+00:00
[2023-05-24 00:36:32,114] {processor.py:161} INFO - Processing /Users/eugene/Personal_Projects/Data_Project/app/airflow/dags/data_ingestion_gcs.py took 0.752 seconds
[2023-05-24 00:37:02,227] {processor.py:153} INFO - Started process (PID=4562) to work on /Users/eugene/Personal_Projects/Data_Project/app/airflow/dags/data_ingestion_gcs.py
[2023-05-24 00:37:02,229] {processor.py:641} INFO - Processing file /Users/eugene/Personal_Projects/Data_Project/app/airflow/dags/data_ingestion_gcs.py for tasks to queue
[2023-05-24 00:37:02,231] {logging_mixin.py:115} INFO - [2023-05-24 00:37:02,231] {dagbag.py:507} INFO - Filling up the DagBag from /Users/eugene/Personal_Projects/Data_Project/app/airflow/dags/data_ingestion_gcs.py
[2023-05-24 00:37:02,831] {processor.py:651} INFO - DAG(s) dict_keys(['data_ingestion_gcs_dag']) retrieved from /Users/eugene/Personal_Projects/Data_Project/app/airflow/dags/data_ingestion_gcs.py
[2023-05-24 00:37:02,854] {logging_mixin.py:115} INFO - [2023-05-24 00:37:02,854] {dag.py:2379} INFO - Sync 1 DAGs
[2023-05-24 00:37:02,874] {logging_mixin.py:115} INFO - [2023-05-24 00:37:02,874] {dag.py:2931} INFO - Setting next_dagrun for data_ingestion_gcs_dag to 2023-05-24T00:00:00+00:00, run_after=2023-05-25T00:00:00+00:00
[2023-05-24 00:37:02,887] {processor.py:161} INFO - Processing /Users/eugene/Personal_Projects/Data_Project/app/airflow/dags/data_ingestion_gcs.py took 0.664 seconds
[2023-05-24 00:37:33,018] {processor.py:153} INFO - Started process (PID=4575) to work on /Users/eugene/Personal_Projects/Data_Project/app/airflow/dags/data_ingestion_gcs.py
[2023-05-24 00:37:33,021] {processor.py:641} INFO - Processing file /Users/eugene/Personal_Projects/Data_Project/app/airflow/dags/data_ingestion_gcs.py for tasks to queue
[2023-05-24 00:37:33,025] {logging_mixin.py:115} INFO - [2023-05-24 00:37:33,025] {dagbag.py:507} INFO - Filling up the DagBag from /Users/eugene/Personal_Projects/Data_Project/app/airflow/dags/data_ingestion_gcs.py
[2023-05-24 00:37:33,716] {processor.py:651} INFO - DAG(s) dict_keys(['data_ingestion_gcs_dag']) retrieved from /Users/eugene/Personal_Projects/Data_Project/app/airflow/dags/data_ingestion_gcs.py
[2023-05-24 00:37:33,740] {logging_mixin.py:115} INFO - [2023-05-24 00:37:33,739] {dag.py:2379} INFO - Sync 1 DAGs
[2023-05-24 00:37:33,759] {logging_mixin.py:115} INFO - [2023-05-24 00:37:33,759] {dag.py:2931} INFO - Setting next_dagrun for data_ingestion_gcs_dag to 2023-05-24T00:00:00+00:00, run_after=2023-05-25T00:00:00+00:00
[2023-05-24 00:37:33,771] {processor.py:161} INFO - Processing /Users/eugene/Personal_Projects/Data_Project/app/airflow/dags/data_ingestion_gcs.py took 0.760 seconds
[2023-05-24 00:38:03,869] {processor.py:153} INFO - Started process (PID=4588) to work on /Users/eugene/Personal_Projects/Data_Project/app/airflow/dags/data_ingestion_gcs.py
[2023-05-24 00:38:03,871] {processor.py:641} INFO - Processing file /Users/eugene/Personal_Projects/Data_Project/app/airflow/dags/data_ingestion_gcs.py for tasks to queue
[2023-05-24 00:38:03,872] {logging_mixin.py:115} INFO - [2023-05-24 00:38:03,872] {dagbag.py:507} INFO - Filling up the DagBag from /Users/eugene/Personal_Projects/Data_Project/app/airflow/dags/data_ingestion_gcs.py
[2023-05-24 00:38:04,426] {processor.py:651} INFO - DAG(s) dict_keys(['data_ingestion_gcs_dag']) retrieved from /Users/eugene/Personal_Projects/Data_Project/app/airflow/dags/data_ingestion_gcs.py
[2023-05-24 00:38:04,446] {logging_mixin.py:115} INFO - [2023-05-24 00:38:04,446] {dag.py:2379} INFO - Sync 1 DAGs
[2023-05-24 00:38:04,462] {logging_mixin.py:115} INFO - [2023-05-24 00:38:04,462] {dag.py:2931} INFO - Setting next_dagrun for data_ingestion_gcs_dag to 2023-05-24T00:00:00+00:00, run_after=2023-05-25T00:00:00+00:00
[2023-05-24 00:38:04,472] {processor.py:161} INFO - Processing /Users/eugene/Personal_Projects/Data_Project/app/airflow/dags/data_ingestion_gcs.py took 0.607 seconds
[2023-05-24 00:38:34,578] {processor.py:153} INFO - Started process (PID=4601) to work on /Users/eugene/Personal_Projects/Data_Project/app/airflow/dags/data_ingestion_gcs.py
[2023-05-24 00:38:34,581] {processor.py:641} INFO - Processing file /Users/eugene/Personal_Projects/Data_Project/app/airflow/dags/data_ingestion_gcs.py for tasks to queue
[2023-05-24 00:38:34,583] {logging_mixin.py:115} INFO - [2023-05-24 00:38:34,583] {dagbag.py:507} INFO - Filling up the DagBag from /Users/eugene/Personal_Projects/Data_Project/app/airflow/dags/data_ingestion_gcs.py
[2023-05-24 00:38:35,140] {processor.py:651} INFO - DAG(s) dict_keys(['data_ingestion_gcs_dag']) retrieved from /Users/eugene/Personal_Projects/Data_Project/app/airflow/dags/data_ingestion_gcs.py
[2023-05-24 00:38:35,163] {logging_mixin.py:115} INFO - [2023-05-24 00:38:35,162] {dag.py:2379} INFO - Sync 1 DAGs
[2023-05-24 00:38:35,182] {logging_mixin.py:115} INFO - [2023-05-24 00:38:35,182] {dag.py:2931} INFO - Setting next_dagrun for data_ingestion_gcs_dag to 2023-05-24T00:00:00+00:00, run_after=2023-05-25T00:00:00+00:00
[2023-05-24 00:38:35,193] {processor.py:161} INFO - Processing /Users/eugene/Personal_Projects/Data_Project/app/airflow/dags/data_ingestion_gcs.py took 0.620 seconds
[2023-05-24 00:39:05,309] {processor.py:153} INFO - Started process (PID=4614) to work on /Users/eugene/Personal_Projects/Data_Project/app/airflow/dags/data_ingestion_gcs.py
[2023-05-24 00:39:05,311] {processor.py:641} INFO - Processing file /Users/eugene/Personal_Projects/Data_Project/app/airflow/dags/data_ingestion_gcs.py for tasks to queue
[2023-05-24 00:39:05,313] {logging_mixin.py:115} INFO - [2023-05-24 00:39:05,312] {dagbag.py:507} INFO - Filling up the DagBag from /Users/eugene/Personal_Projects/Data_Project/app/airflow/dags/data_ingestion_gcs.py
[2023-05-24 00:39:05,854] {processor.py:651} INFO - DAG(s) dict_keys(['data_ingestion_gcs_dag']) retrieved from /Users/eugene/Personal_Projects/Data_Project/app/airflow/dags/data_ingestion_gcs.py
[2023-05-24 00:39:05,879] {logging_mixin.py:115} INFO - [2023-05-24 00:39:05,878] {dag.py:2379} INFO - Sync 1 DAGs
[2023-05-24 00:39:05,897] {logging_mixin.py:115} INFO - [2023-05-24 00:39:05,897] {dag.py:2931} INFO - Setting next_dagrun for data_ingestion_gcs_dag to 2023-05-24T00:00:00+00:00, run_after=2023-05-25T00:00:00+00:00
[2023-05-24 00:39:05,907] {processor.py:161} INFO - Processing /Users/eugene/Personal_Projects/Data_Project/app/airflow/dags/data_ingestion_gcs.py took 0.603 seconds
[2023-05-24 00:39:36,022] {processor.py:153} INFO - Started process (PID=4627) to work on /Users/eugene/Personal_Projects/Data_Project/app/airflow/dags/data_ingestion_gcs.py
[2023-05-24 00:39:36,024] {processor.py:641} INFO - Processing file /Users/eugene/Personal_Projects/Data_Project/app/airflow/dags/data_ingestion_gcs.py for tasks to queue
[2023-05-24 00:39:36,026] {logging_mixin.py:115} INFO - [2023-05-24 00:39:36,026] {dagbag.py:507} INFO - Filling up the DagBag from /Users/eugene/Personal_Projects/Data_Project/app/airflow/dags/data_ingestion_gcs.py
[2023-05-24 00:39:36,598] {processor.py:651} INFO - DAG(s) dict_keys(['data_ingestion_gcs_dag']) retrieved from /Users/eugene/Personal_Projects/Data_Project/app/airflow/dags/data_ingestion_gcs.py
[2023-05-24 00:39:36,620] {logging_mixin.py:115} INFO - [2023-05-24 00:39:36,620] {dag.py:2379} INFO - Sync 1 DAGs
[2023-05-24 00:39:36,639] {logging_mixin.py:115} INFO - [2023-05-24 00:39:36,638] {dag.py:2931} INFO - Setting next_dagrun for data_ingestion_gcs_dag to 2023-05-24T00:00:00+00:00, run_after=2023-05-25T00:00:00+00:00
[2023-05-24 00:39:36,649] {processor.py:161} INFO - Processing /Users/eugene/Personal_Projects/Data_Project/app/airflow/dags/data_ingestion_gcs.py took 0.637 seconds
