[2023-05-26 12:34:32,448] {taskinstance.py:1159} INFO - Dependencies all met for <TaskInstance: data_ingestion_gcs_dag.download_dataset_task scheduled__2023-05-25T00:00:00+00:00 [queued]>
[2023-05-26 12:34:32,458] {taskinstance.py:1159} INFO - Dependencies all met for <TaskInstance: data_ingestion_gcs_dag.download_dataset_task scheduled__2023-05-25T00:00:00+00:00 [queued]>
[2023-05-26 12:34:32,460] {taskinstance.py:1356} INFO - 
--------------------------------------------------------------------------------
[2023-05-26 12:34:32,461] {taskinstance.py:1357} INFO - Starting attempt 1 of 2
[2023-05-26 12:34:32,462] {taskinstance.py:1358} INFO - 
--------------------------------------------------------------------------------
[2023-05-26 12:34:32,476] {taskinstance.py:1377} INFO - Executing <Task(BashOperator): download_dataset_task> on 2023-05-25 00:00:00+00:00
[2023-05-26 12:34:32,483] {standard_task_runner.py:52} INFO - Started process 450 to run task
[2023-05-26 12:34:32,487] {standard_task_runner.py:79} INFO - Running: ['***', 'tasks', 'run', 'data_ingestion_gcs_dag', 'download_dataset_task', 'scheduled__2023-05-25T00:00:00+00:00', '--job-id', '57', '--raw', '--subdir', 'DAGS_FOLDER/data_ingestion_gcs.py', '--cfg-path', '/tmp/tmpvh2nbz3s', '--error-file', '/tmp/tmpe7wzcnjh']
[2023-05-26 12:34:32,489] {standard_task_runner.py:80} INFO - Job 57: Subtask download_dataset_task
[2023-05-26 12:34:32,559] {task_command.py:370} INFO - Running <TaskInstance: data_ingestion_gcs_dag.download_dataset_task scheduled__2023-05-25T00:00:00+00:00 [running]> on host ca6ba07bb7b3
[2023-05-26 12:34:32,606] {logging_mixin.py:115} WARNING - /home/***/.local/lib/python3.7/site-packages/***/utils/context.py:202 AirflowContextDeprecationWarning: Accessing 'execution_date' from the template is deprecated and will be removed in a future version. Please use 'data_interval_start' or 'logical_date' instead.
[2023-05-26 12:34:32,647] {taskinstance.py:1571} INFO - Exporting the following env vars:
AIRFLOW_CTX_DAG_OWNER=***
AIRFLOW_CTX_DAG_ID=data_ingestion_gcs_dag
AIRFLOW_CTX_TASK_ID=download_dataset_task
AIRFLOW_CTX_EXECUTION_DATE=2023-05-25T00:00:00+00:00
AIRFLOW_CTX_TRY_NUMBER=1
AIRFLOW_CTX_DAG_RUN_ID=scheduled__2023-05-25T00:00:00+00:00
[2023-05-26 12:34:32,650] {subprocess.py:62} INFO - Tmp dir root location: 
 /tmp
[2023-05-26 12:34:32,652] {subprocess.py:74} INFO - Running command: ['bash', '-c', 'curl -sSL https://d37ci6vzurychx.cloudfront.net/trip-data/yellow_tripdata_2023-05.parquet > /Users/eugene/Personal_Projects/Data_Project/app/***/yellow_tripdata_2023-05.parquet']
[2023-05-26 12:34:32,665] {subprocess.py:85} INFO - Output:
[2023-05-26 12:34:33,116] {subprocess.py:96} INFO - Command exited with return code 0
[2023-05-26 12:34:33,151] {taskinstance.py:1400} INFO - Marking task as SUCCESS. dag_id=data_ingestion_gcs_dag, task_id=download_dataset_task, execution_date=20230525T000000, start_date=20230526T123432, end_date=20230526T123433
[2023-05-26 12:34:33,185] {local_task_job.py:156} INFO - Task exited with return code 0
[2023-05-26 12:34:33,229] {local_task_job.py:273} INFO - 1 downstream tasks scheduled from follow-on schedule check
