[2023-05-23 23:22:40,508] {taskinstance.py:1159} INFO - Dependencies all met for <TaskInstance: data_ingestion_gcs_dag.local_to_gcs_task manual__2023-05-23T23:22:36.377878+00:00 [queued]>
[2023-05-23 23:22:40,522] {taskinstance.py:1159} INFO - Dependencies all met for <TaskInstance: data_ingestion_gcs_dag.local_to_gcs_task manual__2023-05-23T23:22:36.377878+00:00 [queued]>
[2023-05-23 23:22:40,523] {taskinstance.py:1356} INFO - 
--------------------------------------------------------------------------------
[2023-05-23 23:22:40,524] {taskinstance.py:1357} INFO - Starting attempt 1 of 2
[2023-05-23 23:22:40,526] {taskinstance.py:1358} INFO - 
--------------------------------------------------------------------------------
[2023-05-23 23:22:40,544] {taskinstance.py:1377} INFO - Executing <Task(PythonOperator): local_to_gcs_task> on 2023-05-23 23:22:36.377878+00:00
[2023-05-23 23:22:40,569] {standard_task_runner.py:52} INFO - Started process 2633 to run task
[2023-05-23 23:22:40,575] {standard_task_runner.py:79} INFO - Running: ['***', 'tasks', 'run', 'data_ingestion_gcs_dag', 'local_to_gcs_task', 'manual__2023-05-23T23:22:36.377878+00:00', '--job-id', '46', '--raw', '--subdir', 'DAGS_FOLDER/data_ingestion_gcs.py', '--cfg-path', '/tmp/tmpb88on_4e', '--error-file', '/tmp/tmp6ri8y5wr']
[2023-05-23 23:22:40,590] {standard_task_runner.py:80} INFO - Job 46: Subtask local_to_gcs_task
[2023-05-23 23:22:40,655] {task_command.py:370} INFO - Running <TaskInstance: data_ingestion_gcs_dag.local_to_gcs_task manual__2023-05-23T23:22:36.377878+00:00 [running]> on host ca6ba07bb7b3
[2023-05-23 23:22:40,732] {taskinstance.py:1571} INFO - Exporting the following env vars:
AIRFLOW_CTX_DAG_OWNER=***
AIRFLOW_CTX_DAG_ID=data_ingestion_gcs_dag
AIRFLOW_CTX_TASK_ID=local_to_gcs_task
AIRFLOW_CTX_EXECUTION_DATE=2023-05-23T23:22:36.377878+00:00
AIRFLOW_CTX_TRY_NUMBER=1
AIRFLOW_CTX_DAG_RUN_ID=manual__2023-05-23T23:22:36.377878+00:00
[2023-05-23 23:22:42,205] {python.py:173} INFO - Done. Returned value was: None
[2023-05-23 23:22:42,222] {taskinstance.py:1400} INFO - Marking task as SUCCESS. dag_id=data_ingestion_gcs_dag, task_id=local_to_gcs_task, execution_date=20230523T232236, start_date=20230523T232240, end_date=20230523T232242
[2023-05-23 23:22:42,252] {local_task_job.py:156} INFO - Task exited with return code 0
[2023-05-23 23:22:42,290] {local_task_job.py:273} INFO - 1 downstream tasks scheduled from follow-on schedule check
