[2023-05-23 20:31:39,070] {taskinstance.py:1159} INFO - Dependencies all met for <TaskInstance: data_ingestion_gcs_dag.download_dataset_task manual__2023-05-23T20:26:30.442600+00:00 [queued]>
[2023-05-23 20:31:39,079] {taskinstance.py:1159} INFO - Dependencies all met for <TaskInstance: data_ingestion_gcs_dag.download_dataset_task manual__2023-05-23T20:26:30.442600+00:00 [queued]>
[2023-05-23 20:31:39,080] {taskinstance.py:1356} INFO - 
--------------------------------------------------------------------------------
[2023-05-23 20:31:39,081] {taskinstance.py:1357} INFO - Starting attempt 1 of 2
[2023-05-23 20:31:39,082] {taskinstance.py:1358} INFO - 
--------------------------------------------------------------------------------
[2023-05-23 20:31:39,096] {taskinstance.py:1377} INFO - Executing <Task(BashOperator): download_dataset_task> on 2023-05-23 20:26:30.442600+00:00
[2023-05-23 20:31:39,101] {standard_task_runner.py:52} INFO - Started process 354 to run task
[2023-05-23 20:31:39,105] {standard_task_runner.py:79} INFO - Running: ['***', 'tasks', 'run', 'data_ingestion_gcs_dag', 'download_dataset_task', 'manual__2023-05-23T20:26:30.442600+00:00', '--job-id', '27', '--raw', '--subdir', 'DAGS_FOLDER/data_ingestion_gcs.py', '--cfg-path', '/tmp/tmpgtvqn9e1', '--error-file', '/tmp/tmpdalangrf']
[2023-05-23 20:31:39,107] {standard_task_runner.py:80} INFO - Job 27: Subtask download_dataset_task
[2023-05-23 20:31:39,163] {task_command.py:370} INFO - Running <TaskInstance: data_ingestion_gcs_dag.download_dataset_task manual__2023-05-23T20:26:30.442600+00:00 [running]> on host bfd57a4116d5
[2023-05-23 20:31:39,236] {taskinstance.py:1571} INFO - Exporting the following env vars:
AIRFLOW_CTX_DAG_OWNER=***
AIRFLOW_CTX_DAG_ID=data_ingestion_gcs_dag
AIRFLOW_CTX_TASK_ID=download_dataset_task
AIRFLOW_CTX_EXECUTION_DATE=2023-05-23T20:26:30.442600+00:00
AIRFLOW_CTX_TRY_NUMBER=1
AIRFLOW_CTX_DAG_RUN_ID=manual__2023-05-23T20:26:30.442600+00:00
[2023-05-23 20:31:39,238] {subprocess.py:62} INFO - Tmp dir root location: 
 /tmp
[2023-05-23 20:31:39,240] {subprocess.py:74} INFO - Running command: ['bash', '-c', 'curl -sSL https://d37ci6vzurychx.cloudfront.net/trip-data/yellow_tripdata_2021-01.parquet > /Users/eugene/Personal_Projects/Data_Project/app/***/yellow_tripdata_2021-01.parquet']
[2023-05-23 20:31:39,249] {subprocess.py:85} INFO - Output:
[2023-05-23 20:31:39,839] {subprocess.py:96} INFO - Command exited with return code 0
[2023-05-23 20:31:39,890] {taskinstance.py:1400} INFO - Marking task as SUCCESS. dag_id=data_ingestion_gcs_dag, task_id=download_dataset_task, execution_date=20230523T202630, start_date=20230523T203139, end_date=20230523T203139
[2023-05-23 20:31:39,922] {local_task_job.py:156} INFO - Task exited with return code 0
[2023-05-23 20:31:39,963] {local_task_job.py:273} INFO - 1 downstream tasks scheduled from follow-on schedule check
