[2023-05-22 13:49:46,697] {taskinstance.py:1159} INFO - Dependencies all met for <TaskInstance: data_ingestion_gcs_dag.download_dataset_task manual__2023-05-22T13:49:45.167285+00:00 [queued]>
[2023-05-22 13:49:46,711] {taskinstance.py:1159} INFO - Dependencies all met for <TaskInstance: data_ingestion_gcs_dag.download_dataset_task manual__2023-05-22T13:49:45.167285+00:00 [queued]>
[2023-05-22 13:49:46,712] {taskinstance.py:1356} INFO - 
--------------------------------------------------------------------------------
[2023-05-22 13:49:46,713] {taskinstance.py:1357} INFO - Starting attempt 1 of 2
[2023-05-22 13:49:46,714] {taskinstance.py:1358} INFO - 
--------------------------------------------------------------------------------
[2023-05-22 13:49:46,729] {taskinstance.py:1377} INFO - Executing <Task(BashOperator): download_dataset_task> on 2023-05-22 13:49:45.167285+00:00
[2023-05-22 13:49:46,735] {standard_task_runner.py:52} INFO - Started process 1722 to run task
[2023-05-22 13:49:46,741] {standard_task_runner.py:79} INFO - Running: ['***', 'tasks', 'run', 'data_ingestion_gcs_dag', 'download_dataset_task', 'manual__2023-05-22T13:49:45.167285+00:00', '--job-id', '8', '--raw', '--subdir', 'DAGS_FOLDER/data_ingestion_gcs.py', '--cfg-path', '/tmp/tmp_12aevua', '--error-file', '/tmp/tmpfr97g60p']
[2023-05-22 13:49:46,742] {standard_task_runner.py:80} INFO - Job 8: Subtask download_dataset_task
[2023-05-22 13:49:46,814] {task_command.py:370} INFO - Running <TaskInstance: data_ingestion_gcs_dag.download_dataset_task manual__2023-05-22T13:49:45.167285+00:00 [running]> on host 5436e4fb5b09
[2023-05-22 13:49:46,969] {taskinstance.py:1571} INFO - Exporting the following env vars:
AIRFLOW_CTX_DAG_OWNER=***
AIRFLOW_CTX_DAG_ID=data_ingestion_gcs_dag
AIRFLOW_CTX_TASK_ID=download_dataset_task
AIRFLOW_CTX_EXECUTION_DATE=2023-05-22T13:49:45.167285+00:00
AIRFLOW_CTX_TRY_NUMBER=1
AIRFLOW_CTX_DAG_RUN_ID=manual__2023-05-22T13:49:45.167285+00:00
[2023-05-22 13:49:46,975] {subprocess.py:62} INFO - Tmp dir root location: 
 /tmp
[2023-05-22 13:49:46,998] {subprocess.py:74} INFO - Running command: ['bash', '-c', 'curl -sSL https://d37ci6vzurychx.cloudfront.net/trip-data/yellow_tripdata_2021-01.parquet > /Users/eugene/Personal_Projects/Data_Project/app/***/yellow_tripdata_2021-01.parquet']
[2023-05-22 13:49:47,017] {subprocess.py:85} INFO - Output:
[2023-05-22 13:49:51,824] {subprocess.py:96} INFO - Command exited with return code 0
[2023-05-22 13:49:51,872] {taskinstance.py:1400} INFO - Marking task as SUCCESS. dag_id=data_ingestion_gcs_dag, task_id=download_dataset_task, execution_date=20230522T134945, start_date=20230522T134946, end_date=20230522T134951
[2023-05-22 13:49:51,908] {local_task_job.py:156} INFO - Task exited with return code 0
[2023-05-22 13:49:51,944] {local_task_job.py:273} INFO - 1 downstream tasks scheduled from follow-on schedule check
