[2023-05-26 13:45:18,811] {taskinstance.py:1159} INFO - Dependencies all met for <TaskInstance: data_ingestion_gcs_dag.local_to_gcs_task scheduled__2021-05-02T06:00:00+00:00 [queued]>
[2023-05-26 13:45:18,839] {taskinstance.py:1159} INFO - Dependencies all met for <TaskInstance: data_ingestion_gcs_dag.local_to_gcs_task scheduled__2021-05-02T06:00:00+00:00 [queued]>
[2023-05-26 13:45:18,841] {taskinstance.py:1356} INFO - 
--------------------------------------------------------------------------------
[2023-05-26 13:45:18,844] {taskinstance.py:1357} INFO - Starting attempt 1 of 2
[2023-05-26 13:45:18,846] {taskinstance.py:1358} INFO - 
--------------------------------------------------------------------------------
[2023-05-26 13:45:18,884] {taskinstance.py:1377} INFO - Executing <Task(PythonOperator): local_to_gcs_task> on 2021-05-02 06:00:00+00:00
[2023-05-26 13:45:18,897] {standard_task_runner.py:52} INFO - Started process 2618 to run task
[2023-05-26 13:45:18,911] {standard_task_runner.py:79} INFO - Running: ['***', 'tasks', 'run', 'data_ingestion_gcs_dag', 'local_to_gcs_task', 'scheduled__2021-05-02T06:00:00+00:00', '--job-id', '91', '--raw', '--subdir', 'DAGS_FOLDER/data_ingestion_gcs.py', '--cfg-path', '/tmp/tmpyzwtcyyc', '--error-file', '/tmp/tmpm_rn3l4i']
[2023-05-26 13:45:18,916] {standard_task_runner.py:80} INFO - Job 91: Subtask local_to_gcs_task
[2023-05-26 13:45:19,173] {task_command.py:370} INFO - Running <TaskInstance: data_ingestion_gcs_dag.local_to_gcs_task scheduled__2021-05-02T06:00:00+00:00 [running]> on host ca6ba07bb7b3
[2023-05-26 13:45:19,312] {logging_mixin.py:115} WARNING - /home/***/.local/lib/python3.7/site-packages/***/utils/context.py:202 AirflowContextDeprecationWarning: Accessing 'execution_date' from the template is deprecated and will be removed in a future version. Please use 'data_interval_start' or 'logical_date' instead.
[2023-05-26 13:45:19,372] {taskinstance.py:1571} INFO - Exporting the following env vars:
AIRFLOW_CTX_DAG_OWNER=***
AIRFLOW_CTX_DAG_ID=data_ingestion_gcs_dag
AIRFLOW_CTX_TASK_ID=local_to_gcs_task
AIRFLOW_CTX_EXECUTION_DATE=2021-05-02T06:00:00+00:00
AIRFLOW_CTX_TRY_NUMBER=1
AIRFLOW_CTX_DAG_RUN_ID=scheduled__2021-05-02T06:00:00+00:00
[2023-05-26 13:45:24,255] {python.py:173} INFO - Done. Returned value was: None
[2023-05-26 13:45:24,271] {taskinstance.py:1400} INFO - Marking task as SUCCESS. dag_id=data_ingestion_gcs_dag, task_id=local_to_gcs_task, execution_date=20210502T060000, start_date=20230526T134518, end_date=20230526T134524
[2023-05-26 13:45:24,301] {local_task_job.py:156} INFO - Task exited with return code 0
[2023-05-26 13:45:24,337] {local_task_job.py:273} INFO - 1 downstream tasks scheduled from follow-on schedule check
