[2023-05-26 13:45:29,091] {taskinstance.py:1159} INFO - Dependencies all met for <TaskInstance: data_ingestion_gcs_dag.download_dataset_task scheduled__2021-06-02T06:00:00+00:00 [queued]>
[2023-05-26 13:45:29,108] {taskinstance.py:1159} INFO - Dependencies all met for <TaskInstance: data_ingestion_gcs_dag.download_dataset_task scheduled__2021-06-02T06:00:00+00:00 [queued]>
[2023-05-26 13:45:29,110] {taskinstance.py:1356} INFO - 
--------------------------------------------------------------------------------
[2023-05-26 13:45:29,112] {taskinstance.py:1357} INFO - Starting attempt 1 of 2
[2023-05-26 13:45:29,114] {taskinstance.py:1358} INFO - 
--------------------------------------------------------------------------------
[2023-05-26 13:45:29,137] {taskinstance.py:1377} INFO - Executing <Task(BashOperator): download_dataset_task> on 2021-06-02 06:00:00+00:00
[2023-05-26 13:45:29,148] {standard_task_runner.py:52} INFO - Started process 2631 to run task
[2023-05-26 13:45:29,153] {standard_task_runner.py:79} INFO - Running: ['***', 'tasks', 'run', 'data_ingestion_gcs_dag', 'download_dataset_task', 'scheduled__2021-06-02T06:00:00+00:00', '--job-id', '93', '--raw', '--subdir', 'DAGS_FOLDER/data_ingestion_gcs.py', '--cfg-path', '/tmp/tmpfk_24z4r', '--error-file', '/tmp/tmp_iorrggk']
[2023-05-26 13:45:29,167] {standard_task_runner.py:80} INFO - Job 93: Subtask download_dataset_task
[2023-05-26 13:45:29,267] {task_command.py:370} INFO - Running <TaskInstance: data_ingestion_gcs_dag.download_dataset_task scheduled__2021-06-02T06:00:00+00:00 [running]> on host ca6ba07bb7b3
[2023-05-26 13:45:29,329] {logging_mixin.py:115} WARNING - /home/***/.local/lib/python3.7/site-packages/***/utils/context.py:202 AirflowContextDeprecationWarning: Accessing 'execution_date' from the template is deprecated and will be removed in a future version. Please use 'data_interval_start' or 'logical_date' instead.
[2023-05-26 13:45:29,382] {taskinstance.py:1571} INFO - Exporting the following env vars:
AIRFLOW_CTX_DAG_OWNER=***
AIRFLOW_CTX_DAG_ID=data_ingestion_gcs_dag
AIRFLOW_CTX_TASK_ID=download_dataset_task
AIRFLOW_CTX_EXECUTION_DATE=2021-06-02T06:00:00+00:00
AIRFLOW_CTX_TRY_NUMBER=1
AIRFLOW_CTX_DAG_RUN_ID=scheduled__2021-06-02T06:00:00+00:00
[2023-05-26 13:45:29,385] {subprocess.py:62} INFO - Tmp dir root location: 
 /tmp
[2023-05-26 13:45:29,390] {subprocess.py:74} INFO - Running command: ['bash', '-c', 'curl -sSL https://d37ci6vzurychx.cloudfront.net/trip-data/yellow_tripdata_2021-06.parquet > /Users/eugene/Personal_Projects/Data_Project/app/***/yellow_tripdata_2021-06.parquet']
[2023-05-26 13:45:29,409] {subprocess.py:85} INFO - Output:
[2023-05-26 13:45:37,949] {subprocess.py:96} INFO - Command exited with return code 0
[2023-05-26 13:45:37,994] {taskinstance.py:1400} INFO - Marking task as SUCCESS. dag_id=data_ingestion_gcs_dag, task_id=download_dataset_task, execution_date=20210602T060000, start_date=20230526T134529, end_date=20230526T134537
[2023-05-26 13:45:38,024] {local_task_job.py:156} INFO - Task exited with return code 0
[2023-05-26 13:45:38,063] {local_task_job.py:273} INFO - 1 downstream tasks scheduled from follow-on schedule check
