[2023-05-24 00:00:04,289] {taskinstance.py:1159} INFO - Dependencies all met for <TaskInstance: data_ingestion_gcs_dag.local_to_gcs_task scheduled__2023-05-23T00:00:00+00:00 [queued]>
[2023-05-24 00:00:04,303] {taskinstance.py:1159} INFO - Dependencies all met for <TaskInstance: data_ingestion_gcs_dag.local_to_gcs_task scheduled__2023-05-23T00:00:00+00:00 [queued]>
[2023-05-24 00:00:04,305] {taskinstance.py:1356} INFO - 
--------------------------------------------------------------------------------
[2023-05-24 00:00:04,306] {taskinstance.py:1357} INFO - Starting attempt 1 of 2
[2023-05-24 00:00:04,307] {taskinstance.py:1358} INFO - 
--------------------------------------------------------------------------------
[2023-05-24 00:00:04,326] {taskinstance.py:1377} INFO - Executing <Task(PythonOperator): local_to_gcs_task> on 2023-05-23 00:00:00+00:00
[2023-05-24 00:00:04,332] {standard_task_runner.py:52} INFO - Started process 3607 to run task
[2023-05-24 00:00:04,337] {standard_task_runner.py:79} INFO - Running: ['***', 'tasks', 'run', 'data_ingestion_gcs_dag', 'local_to_gcs_task', 'scheduled__2023-05-23T00:00:00+00:00', '--job-id', '49', '--raw', '--subdir', 'DAGS_FOLDER/data_ingestion_gcs.py', '--cfg-path', '/tmp/tmp3kcvliq6', '--error-file', '/tmp/tmp1aozln6o']
[2023-05-24 00:00:04,340] {standard_task_runner.py:80} INFO - Job 49: Subtask local_to_gcs_task
[2023-05-24 00:00:04,406] {task_command.py:370} INFO - Running <TaskInstance: data_ingestion_gcs_dag.local_to_gcs_task scheduled__2023-05-23T00:00:00+00:00 [running]> on host ca6ba07bb7b3
[2023-05-24 00:00:04,481] {taskinstance.py:1571} INFO - Exporting the following env vars:
AIRFLOW_CTX_DAG_OWNER=***
AIRFLOW_CTX_DAG_ID=data_ingestion_gcs_dag
AIRFLOW_CTX_TASK_ID=local_to_gcs_task
AIRFLOW_CTX_EXECUTION_DATE=2023-05-23T00:00:00+00:00
AIRFLOW_CTX_TRY_NUMBER=1
AIRFLOW_CTX_DAG_RUN_ID=scheduled__2023-05-23T00:00:00+00:00
[2023-05-24 00:00:06,044] {python.py:173} INFO - Done. Returned value was: None
[2023-05-24 00:00:06,061] {taskinstance.py:1400} INFO - Marking task as SUCCESS. dag_id=data_ingestion_gcs_dag, task_id=local_to_gcs_task, execution_date=20230523T000000, start_date=20230524T000004, end_date=20230524T000006
[2023-05-24 00:00:06,083] {local_task_job.py:156} INFO - Task exited with return code 0
[2023-05-24 00:00:06,121] {local_task_job.py:273} INFO - 1 downstream tasks scheduled from follow-on schedule check
