[2023-06-03 22:37:16,778] {taskinstance.py:1159} INFO - Dependencies all met for <TaskInstance: data_ingestion_gcs_dag.download_green_dataset_task scheduled__2021-01-02T06:00:00+00:00 [queued]>
[2023-06-03 22:37:16,801] {taskinstance.py:1159} INFO - Dependencies all met for <TaskInstance: data_ingestion_gcs_dag.download_green_dataset_task scheduled__2021-01-02T06:00:00+00:00 [queued]>
[2023-06-03 22:37:16,802] {taskinstance.py:1356} INFO - 
--------------------------------------------------------------------------------
[2023-06-03 22:37:16,805] {taskinstance.py:1357} INFO - Starting attempt 1 of 2
[2023-06-03 22:37:16,810] {taskinstance.py:1358} INFO - 
--------------------------------------------------------------------------------
[2023-06-03 22:37:16,846] {taskinstance.py:1377} INFO - Executing <Task(BashOperator): download_green_dataset_task> on 2021-01-02 06:00:00+00:00
[2023-06-03 22:37:16,859] {standard_task_runner.py:52} INFO - Started process 494 to run task
[2023-06-03 22:37:16,871] {standard_task_runner.py:79} INFO - Running: ['***', 'tasks', 'run', 'data_ingestion_gcs_dag', 'download_green_dataset_task', 'scheduled__2021-01-02T06:00:00+00:00', '--job-id', '100', '--raw', '--subdir', 'DAGS_FOLDER/data_ingestion_gcs.py', '--cfg-path', '/tmp/tmpqjpp6lsp', '--error-file', '/tmp/tmpc_xgz5kr']
[2023-06-03 22:37:16,876] {standard_task_runner.py:80} INFO - Job 100: Subtask download_green_dataset_task
[2023-06-03 22:37:17,183] {task_command.py:370} INFO - Running <TaskInstance: data_ingestion_gcs_dag.download_green_dataset_task scheduled__2021-01-02T06:00:00+00:00 [running]> on host ca6ba07bb7b3
[2023-06-03 22:37:17,331] {logging_mixin.py:115} WARNING - /home/***/.local/lib/python3.7/site-packages/***/utils/context.py:202 AirflowContextDeprecationWarning: Accessing 'execution_date' from the template is deprecated and will be removed in a future version. Please use 'data_interval_start' or 'logical_date' instead.
[2023-06-03 22:37:17,440] {taskinstance.py:1571} INFO - Exporting the following env vars:
AIRFLOW_CTX_DAG_OWNER=***
AIRFLOW_CTX_DAG_ID=data_ingestion_gcs_dag
AIRFLOW_CTX_TASK_ID=download_green_dataset_task
AIRFLOW_CTX_EXECUTION_DATE=2021-01-02T06:00:00+00:00
AIRFLOW_CTX_TRY_NUMBER=1
AIRFLOW_CTX_DAG_RUN_ID=scheduled__2021-01-02T06:00:00+00:00
[2023-06-03 22:37:17,448] {subprocess.py:62} INFO - Tmp dir root location: 
 /tmp
[2023-06-03 22:37:17,452] {subprocess.py:74} INFO - Running command: ['bash', '-c', 'curl -sSL https://d37ci6vzurychx.cloudfront.net/trip-data/green_tripdata_2021-01.parquet > /Users/eugene/Personal_Projects/Data_Project/app/***/green_tripdata_2021-01.parquet']
[2023-06-03 22:37:17,489] {subprocess.py:85} INFO - Output:
[2023-06-03 22:37:18,280] {subprocess.py:96} INFO - Command exited with return code 0
[2023-06-03 22:37:18,344] {taskinstance.py:1400} INFO - Marking task as SUCCESS. dag_id=data_ingestion_gcs_dag, task_id=download_green_dataset_task, execution_date=20210102T060000, start_date=20230603T223716, end_date=20230603T223718
[2023-06-03 22:37:18,423] {local_task_job.py:156} INFO - Task exited with return code 0
[2023-06-03 22:37:18,494] {local_task_job.py:273} INFO - 1 downstream tasks scheduled from follow-on schedule check
