[2023-06-03 22:37:51,628] {taskinstance.py:1159} INFO - Dependencies all met for <TaskInstance: data_ingestion_gcs_dag.download_yellow_dataset_task scheduled__2021-02-02T06:00:00+00:00 [queued]>
[2023-06-03 22:37:51,639] {taskinstance.py:1159} INFO - Dependencies all met for <TaskInstance: data_ingestion_gcs_dag.download_yellow_dataset_task scheduled__2021-02-02T06:00:00+00:00 [queued]>
[2023-06-03 22:37:51,640] {taskinstance.py:1356} INFO - 
--------------------------------------------------------------------------------
[2023-06-03 22:37:51,641] {taskinstance.py:1357} INFO - Starting attempt 1 of 2
[2023-06-03 22:37:51,642] {taskinstance.py:1358} INFO - 
--------------------------------------------------------------------------------
[2023-06-03 22:37:51,659] {taskinstance.py:1377} INFO - Executing <Task(BashOperator): download_yellow_dataset_task> on 2021-02-02 06:00:00+00:00
[2023-06-03 22:37:51,666] {standard_task_runner.py:52} INFO - Started process 549 to run task
[2023-06-03 22:37:51,671] {standard_task_runner.py:79} INFO - Running: ['***', 'tasks', 'run', 'data_ingestion_gcs_dag', 'download_yellow_dataset_task', 'scheduled__2021-02-02T06:00:00+00:00', '--job-id', '109', '--raw', '--subdir', 'DAGS_FOLDER/data_ingestion_gcs.py', '--cfg-path', '/tmp/tmpc3_47qnp', '--error-file', '/tmp/tmpbfzinx3v']
[2023-06-03 22:37:51,673] {standard_task_runner.py:80} INFO - Job 109: Subtask download_yellow_dataset_task
[2023-06-03 22:37:51,753] {task_command.py:370} INFO - Running <TaskInstance: data_ingestion_gcs_dag.download_yellow_dataset_task scheduled__2021-02-02T06:00:00+00:00 [running]> on host ca6ba07bb7b3
[2023-06-03 22:37:51,810] {logging_mixin.py:115} WARNING - /home/***/.local/lib/python3.7/site-packages/***/utils/context.py:202 AirflowContextDeprecationWarning: Accessing 'execution_date' from the template is deprecated and will be removed in a future version. Please use 'data_interval_start' or 'logical_date' instead.
[2023-06-03 22:37:51,858] {taskinstance.py:1571} INFO - Exporting the following env vars:
AIRFLOW_CTX_DAG_OWNER=***
AIRFLOW_CTX_DAG_ID=data_ingestion_gcs_dag
AIRFLOW_CTX_TASK_ID=download_yellow_dataset_task
AIRFLOW_CTX_EXECUTION_DATE=2021-02-02T06:00:00+00:00
AIRFLOW_CTX_TRY_NUMBER=1
AIRFLOW_CTX_DAG_RUN_ID=scheduled__2021-02-02T06:00:00+00:00
[2023-06-03 22:37:51,861] {subprocess.py:62} INFO - Tmp dir root location: 
 /tmp
[2023-06-03 22:37:51,863] {subprocess.py:74} INFO - Running command: ['bash', '-c', 'curl -sSL https://d37ci6vzurychx.cloudfront.net/trip-data/yellow_tripdata_2021-02.parquet > /Users/eugene/Personal_Projects/Data_Project/app/***/yellow_tripdata_2021-02.parquet']
[2023-06-03 22:37:51,876] {subprocess.py:85} INFO - Output:
[2023-06-03 22:38:00,789] {subprocess.py:96} INFO - Command exited with return code 0
[2023-06-03 22:38:00,830] {taskinstance.py:1400} INFO - Marking task as SUCCESS. dag_id=data_ingestion_gcs_dag, task_id=download_yellow_dataset_task, execution_date=20210202T060000, start_date=20230603T223751, end_date=20230603T223800
[2023-06-03 22:38:00,856] {local_task_job.py:156} INFO - Task exited with return code 0
[2023-06-03 22:38:00,894] {local_task_job.py:273} INFO - 1 downstream tasks scheduled from follow-on schedule check
