[2023-05-26 13:45:04,670] {taskinstance.py:1159} INFO - Dependencies all met for <TaskInstance: data_ingestion_gcs_dag.download_dataset_task scheduled__2021-05-02T06:00:00+00:00 [queued]>
[2023-05-26 13:45:04,685] {taskinstance.py:1159} INFO - Dependencies all met for <TaskInstance: data_ingestion_gcs_dag.download_dataset_task scheduled__2021-05-02T06:00:00+00:00 [queued]>
[2023-05-26 13:45:04,687] {taskinstance.py:1356} INFO - 
--------------------------------------------------------------------------------
[2023-05-26 13:45:04,689] {taskinstance.py:1357} INFO - Starting attempt 1 of 2
[2023-05-26 13:45:04,690] {taskinstance.py:1358} INFO - 
--------------------------------------------------------------------------------
[2023-05-26 13:45:04,712] {taskinstance.py:1377} INFO - Executing <Task(BashOperator): download_dataset_task> on 2021-05-02 06:00:00+00:00
[2023-05-26 13:45:04,720] {standard_task_runner.py:52} INFO - Started process 2606 to run task
[2023-05-26 13:45:04,726] {standard_task_runner.py:79} INFO - Running: ['***', 'tasks', 'run', 'data_ingestion_gcs_dag', 'download_dataset_task', 'scheduled__2021-05-02T06:00:00+00:00', '--job-id', '90', '--raw', '--subdir', 'DAGS_FOLDER/data_ingestion_gcs.py', '--cfg-path', '/tmp/tmp60o3l7bc', '--error-file', '/tmp/tmp1v0xfh51']
[2023-05-26 13:45:04,728] {standard_task_runner.py:80} INFO - Job 90: Subtask download_dataset_task
[2023-05-26 13:45:04,817] {task_command.py:370} INFO - Running <TaskInstance: data_ingestion_gcs_dag.download_dataset_task scheduled__2021-05-02T06:00:00+00:00 [running]> on host ca6ba07bb7b3
[2023-05-26 13:45:04,880] {logging_mixin.py:115} WARNING - /home/***/.local/lib/python3.7/site-packages/***/utils/context.py:202 AirflowContextDeprecationWarning: Accessing 'execution_date' from the template is deprecated and will be removed in a future version. Please use 'data_interval_start' or 'logical_date' instead.
[2023-05-26 13:45:04,933] {taskinstance.py:1571} INFO - Exporting the following env vars:
AIRFLOW_CTX_DAG_OWNER=***
AIRFLOW_CTX_DAG_ID=data_ingestion_gcs_dag
AIRFLOW_CTX_TASK_ID=download_dataset_task
AIRFLOW_CTX_EXECUTION_DATE=2021-05-02T06:00:00+00:00
AIRFLOW_CTX_TRY_NUMBER=1
AIRFLOW_CTX_DAG_RUN_ID=scheduled__2021-05-02T06:00:00+00:00
[2023-05-26 13:45:04,936] {subprocess.py:62} INFO - Tmp dir root location: 
 /tmp
[2023-05-26 13:45:04,938] {subprocess.py:74} INFO - Running command: ['bash', '-c', 'curl -sSL https://d37ci6vzurychx.cloudfront.net/trip-data/yellow_tripdata_2021-05.parquet > /Users/eugene/Personal_Projects/Data_Project/app/***/yellow_tripdata_2021-05.parquet']
[2023-05-26 13:45:04,954] {subprocess.py:85} INFO - Output:
[2023-05-26 13:45:16,375] {subprocess.py:96} INFO - Command exited with return code 0
[2023-05-26 13:45:16,451] {taskinstance.py:1400} INFO - Marking task as SUCCESS. dag_id=data_ingestion_gcs_dag, task_id=download_dataset_task, execution_date=20210502T060000, start_date=20230526T134504, end_date=20230526T134516
[2023-05-26 13:45:16,491] {local_task_job.py:156} INFO - Task exited with return code 0
[2023-05-26 13:45:16,540] {local_task_job.py:273} INFO - 1 downstream tasks scheduled from follow-on schedule check
