[2023-06-03 22:38:16,380] {taskinstance.py:1159} INFO - Dependencies all met for <TaskInstance: data_ingestion_gcs_dag.local_to_gcs_task_green scheduled__2021-03-02T06:00:00+00:00 [queued]>
[2023-06-03 22:38:16,390] {taskinstance.py:1159} INFO - Dependencies all met for <TaskInstance: data_ingestion_gcs_dag.local_to_gcs_task_green scheduled__2021-03-02T06:00:00+00:00 [queued]>
[2023-06-03 22:38:16,391] {taskinstance.py:1356} INFO - 
--------------------------------------------------------------------------------
[2023-06-03 22:38:16,392] {taskinstance.py:1357} INFO - Starting attempt 1 of 2
[2023-06-03 22:38:16,393] {taskinstance.py:1358} INFO - 
--------------------------------------------------------------------------------
[2023-06-03 22:38:16,406] {taskinstance.py:1377} INFO - Executing <Task(PythonOperator): local_to_gcs_task_green> on 2021-03-02 06:00:00+00:00
[2023-06-03 22:38:16,412] {standard_task_runner.py:52} INFO - Started process 606 to run task
[2023-06-03 22:38:16,416] {standard_task_runner.py:79} INFO - Running: ['***', 'tasks', 'run', 'data_ingestion_gcs_dag', 'local_to_gcs_task_green', 'scheduled__2021-03-02T06:00:00+00:00', '--job-id', '121', '--raw', '--subdir', 'DAGS_FOLDER/data_ingestion_gcs.py', '--cfg-path', '/tmp/tmpnr9oqf26', '--error-file', '/tmp/tmpohbe_7xa']
[2023-06-03 22:38:16,417] {standard_task_runner.py:80} INFO - Job 121: Subtask local_to_gcs_task_green
[2023-06-03 22:38:16,482] {task_command.py:370} INFO - Running <TaskInstance: data_ingestion_gcs_dag.local_to_gcs_task_green scheduled__2021-03-02T06:00:00+00:00 [running]> on host ca6ba07bb7b3
[2023-06-03 22:38:16,528] {logging_mixin.py:115} WARNING - /home/***/.local/lib/python3.7/site-packages/***/utils/context.py:202 AirflowContextDeprecationWarning: Accessing 'execution_date' from the template is deprecated and will be removed in a future version. Please use 'data_interval_start' or 'logical_date' instead.
[2023-06-03 22:38:16,566] {taskinstance.py:1571} INFO - Exporting the following env vars:
AIRFLOW_CTX_DAG_OWNER=***
AIRFLOW_CTX_DAG_ID=data_ingestion_gcs_dag
AIRFLOW_CTX_TASK_ID=local_to_gcs_task_green
AIRFLOW_CTX_EXECUTION_DATE=2021-03-02T06:00:00+00:00
AIRFLOW_CTX_TRY_NUMBER=1
AIRFLOW_CTX_DAG_RUN_ID=scheduled__2021-03-02T06:00:00+00:00
[2023-06-03 22:38:17,306] {python.py:173} INFO - Done. Returned value was: None
[2023-06-03 22:38:17,352] {taskinstance.py:1400} INFO - Marking task as SUCCESS. dag_id=data_ingestion_gcs_dag, task_id=local_to_gcs_task_green, execution_date=20210302T060000, start_date=20230603T223816, end_date=20230603T223817
[2023-06-03 22:38:17,434] {local_task_job.py:156} INFO - Task exited with return code 0
[2023-06-03 22:38:17,507] {local_task_job.py:273} INFO - 1 downstream tasks scheduled from follow-on schedule check
