[2023-05-23 21:04:12,279] {taskinstance.py:1159} INFO - Dependencies all met for <TaskInstance: data_ingestion_gcs_dag.download_dataset_task manual__2023-05-23T21:04:10.480678+00:00 [queued]>
[2023-05-23 21:04:12,291] {taskinstance.py:1159} INFO - Dependencies all met for <TaskInstance: data_ingestion_gcs_dag.download_dataset_task manual__2023-05-23T21:04:10.480678+00:00 [queued]>
[2023-05-23 21:04:12,292] {taskinstance.py:1356} INFO - 
--------------------------------------------------------------------------------
[2023-05-23 21:04:12,293] {taskinstance.py:1357} INFO - Starting attempt 1 of 2
[2023-05-23 21:04:12,294] {taskinstance.py:1358} INFO - 
--------------------------------------------------------------------------------
[2023-05-23 21:04:12,308] {taskinstance.py:1377} INFO - Executing <Task(BashOperator): download_dataset_task> on 2023-05-23 21:04:10.480678+00:00
[2023-05-23 21:04:12,314] {standard_task_runner.py:52} INFO - Started process 201 to run task
[2023-05-23 21:04:12,318] {standard_task_runner.py:79} INFO - Running: ['***', 'tasks', 'run', 'data_ingestion_gcs_dag', 'download_dataset_task', 'manual__2023-05-23T21:04:10.480678+00:00', '--job-id', '41', '--raw', '--subdir', 'DAGS_FOLDER/data_ingestion_gcs.py', '--cfg-path', '/tmp/tmppikjc_ns', '--error-file', '/tmp/tmpzl77ckp1']
[2023-05-23 21:04:12,320] {standard_task_runner.py:80} INFO - Job 41: Subtask download_dataset_task
[2023-05-23 21:04:12,386] {task_command.py:370} INFO - Running <TaskInstance: data_ingestion_gcs_dag.download_dataset_task manual__2023-05-23T21:04:10.480678+00:00 [running]> on host ca6ba07bb7b3
[2023-05-23 21:04:12,486] {taskinstance.py:1571} INFO - Exporting the following env vars:
AIRFLOW_CTX_DAG_OWNER=***
AIRFLOW_CTX_DAG_ID=data_ingestion_gcs_dag
AIRFLOW_CTX_TASK_ID=download_dataset_task
AIRFLOW_CTX_EXECUTION_DATE=2023-05-23T21:04:10.480678+00:00
AIRFLOW_CTX_TRY_NUMBER=1
AIRFLOW_CTX_DAG_RUN_ID=manual__2023-05-23T21:04:10.480678+00:00
[2023-05-23 21:04:12,495] {subprocess.py:62} INFO - Tmp dir root location: 
 /tmp
[2023-05-23 21:04:12,498] {subprocess.py:74} INFO - Running command: ['bash', '-c', 'curl -sSL https://d37ci6vzurychx.cloudfront.net/trip-data/yellow_tripdata_2021-01.parquet > /Users/eugene/Personal_Projects/Data_Project/app/***/yellow_tripdata_2021-01.parquet']
[2023-05-23 21:04:12,514] {subprocess.py:85} INFO - Output:
[2023-05-23 21:04:13,094] {subprocess.py:96} INFO - Command exited with return code 0
[2023-05-23 21:04:13,146] {taskinstance.py:1400} INFO - Marking task as SUCCESS. dag_id=data_ingestion_gcs_dag, task_id=download_dataset_task, execution_date=20230523T210410, start_date=20230523T210412, end_date=20230523T210413
[2023-05-23 21:04:13,190] {local_task_job.py:156} INFO - Task exited with return code 0
[2023-05-23 21:04:13,235] {local_task_job.py:273} INFO - 1 downstream tasks scheduled from follow-on schedule check
