[2023-06-03 22:37:31,342] {taskinstance.py:1159} INFO - Dependencies all met for <TaskInstance: data_ingestion_gcs_dag.bigquery_external_table_task_fhv scheduled__2021-01-02T06:00:00+00:00 [queued]>
[2023-06-03 22:37:31,366] {taskinstance.py:1159} INFO - Dependencies all met for <TaskInstance: data_ingestion_gcs_dag.bigquery_external_table_task_fhv scheduled__2021-01-02T06:00:00+00:00 [queued]>
[2023-06-03 22:37:31,369] {taskinstance.py:1356} INFO - 
--------------------------------------------------------------------------------
[2023-06-03 22:37:31,371] {taskinstance.py:1357} INFO - Starting attempt 1 of 2
[2023-06-03 22:37:31,375] {taskinstance.py:1358} INFO - 
--------------------------------------------------------------------------------
[2023-06-03 22:37:31,415] {taskinstance.py:1377} INFO - Executing <Task(BigQueryCreateExternalTableOperator): bigquery_external_table_task_fhv> on 2021-01-02 06:00:00+00:00
[2023-06-03 22:37:31,429] {standard_task_runner.py:52} INFO - Started process 526 to run task
[2023-06-03 22:37:31,449] {standard_task_runner.py:79} INFO - Running: ['***', 'tasks', 'run', 'data_ingestion_gcs_dag', 'bigquery_external_table_task_fhv', 'scheduled__2021-01-02T06:00:00+00:00', '--job-id', '107', '--raw', '--subdir', 'DAGS_FOLDER/data_ingestion_gcs.py', '--cfg-path', '/tmp/tmpaykqw7nl', '--error-file', '/tmp/tmp34ya09za']
[2023-06-03 22:37:31,457] {standard_task_runner.py:80} INFO - Job 107: Subtask bigquery_external_table_task_fhv
[2023-06-03 22:37:31,592] {task_command.py:370} INFO - Running <TaskInstance: data_ingestion_gcs_dag.bigquery_external_table_task_fhv scheduled__2021-01-02T06:00:00+00:00 [running]> on host ca6ba07bb7b3
[2023-06-03 22:37:31,691] {logging_mixin.py:115} WARNING - /home/***/.local/lib/python3.7/site-packages/***/utils/context.py:202 AirflowContextDeprecationWarning: Accessing 'execution_date' from the template is deprecated and will be removed in a future version. Please use 'data_interval_start' or 'logical_date' instead.
[2023-06-03 22:37:31,767] {taskinstance.py:1571} INFO - Exporting the following env vars:
AIRFLOW_CTX_DAG_OWNER=***
AIRFLOW_CTX_DAG_ID=data_ingestion_gcs_dag
AIRFLOW_CTX_TASK_ID=bigquery_external_table_task_fhv
AIRFLOW_CTX_EXECUTION_DATE=2021-01-02T06:00:00+00:00
AIRFLOW_CTX_TRY_NUMBER=1
AIRFLOW_CTX_DAG_RUN_ID=scheduled__2021-01-02T06:00:00+00:00
[2023-06-03 22:37:31,773] {crypto.py:82} WARNING - empty cryptography key - values will not be stored encrypted.
[2023-06-03 22:37:31,775] {base.py:68} INFO - Using connection ID 'google_cloud_default' for task execution.
[2023-06-03 22:37:32,310] {taskinstance.py:1400} INFO - Marking task as SUCCESS. dag_id=data_ingestion_gcs_dag, task_id=bigquery_external_table_task_fhv, execution_date=20210102T060000, start_date=20230603T223731, end_date=20230603T223732
[2023-06-03 22:37:32,352] {local_task_job.py:156} INFO - Task exited with return code 0
[2023-06-03 22:37:32,414] {local_task_job.py:273} INFO - 0 downstream tasks scheduled from follow-on schedule check
