[2023-06-03 22:39:06,547] {taskinstance.py:1159} INFO - Dependencies all met for <TaskInstance: data_ingestion_gcs_dag.bigquery_external_table_task_yellow scheduled__2021-04-02T06:00:00+00:00 [queued]>
[2023-06-03 22:39:06,557] {taskinstance.py:1159} INFO - Dependencies all met for <TaskInstance: data_ingestion_gcs_dag.bigquery_external_table_task_yellow scheduled__2021-04-02T06:00:00+00:00 [queued]>
[2023-06-03 22:39:06,558] {taskinstance.py:1356} INFO - 
--------------------------------------------------------------------------------
[2023-06-03 22:39:06,558] {taskinstance.py:1357} INFO - Starting attempt 1 of 2
[2023-06-03 22:39:06,559] {taskinstance.py:1358} INFO - 
--------------------------------------------------------------------------------
[2023-06-03 22:39:06,572] {taskinstance.py:1377} INFO - Executing <Task(BigQueryCreateExternalTableOperator): bigquery_external_table_task_yellow> on 2021-04-02 06:00:00+00:00
[2023-06-03 22:39:06,578] {standard_task_runner.py:52} INFO - Started process 676 to run task
[2023-06-03 22:39:06,582] {standard_task_runner.py:79} INFO - Running: ['***', 'tasks', 'run', 'data_ingestion_gcs_dag', 'bigquery_external_table_task_yellow', 'scheduled__2021-04-02T06:00:00+00:00', '--job-id', '135', '--raw', '--subdir', 'DAGS_FOLDER/data_ingestion_gcs.py', '--cfg-path', '/tmp/tmpiimkxtod', '--error-file', '/tmp/tmpkw53hbyx']
[2023-06-03 22:39:06,583] {standard_task_runner.py:80} INFO - Job 135: Subtask bigquery_external_table_task_yellow
[2023-06-03 22:39:06,646] {task_command.py:370} INFO - Running <TaskInstance: data_ingestion_gcs_dag.bigquery_external_table_task_yellow scheduled__2021-04-02T06:00:00+00:00 [running]> on host ca6ba07bb7b3
[2023-06-03 22:39:06,693] {logging_mixin.py:115} WARNING - /home/***/.local/lib/python3.7/site-packages/***/utils/context.py:202 AirflowContextDeprecationWarning: Accessing 'execution_date' from the template is deprecated and will be removed in a future version. Please use 'data_interval_start' or 'logical_date' instead.
[2023-06-03 22:39:06,732] {taskinstance.py:1571} INFO - Exporting the following env vars:
AIRFLOW_CTX_DAG_OWNER=***
AIRFLOW_CTX_DAG_ID=data_ingestion_gcs_dag
AIRFLOW_CTX_TASK_ID=bigquery_external_table_task_yellow
AIRFLOW_CTX_EXECUTION_DATE=2021-04-02T06:00:00+00:00
AIRFLOW_CTX_TRY_NUMBER=1
AIRFLOW_CTX_DAG_RUN_ID=scheduled__2021-04-02T06:00:00+00:00
[2023-06-03 22:39:06,735] {crypto.py:82} WARNING - empty cryptography key - values will not be stored encrypted.
[2023-06-03 22:39:06,737] {base.py:68} INFO - Using connection ID 'google_cloud_default' for task execution.
[2023-06-03 22:39:07,173] {taskinstance.py:1400} INFO - Marking task as SUCCESS. dag_id=data_ingestion_gcs_dag, task_id=bigquery_external_table_task_yellow, execution_date=20210402T060000, start_date=20230603T223906, end_date=20230603T223907
[2023-06-03 22:39:07,200] {local_task_job.py:156} INFO - Task exited with return code 0
[2023-06-03 22:39:07,234] {local_task_job.py:273} INFO - 0 downstream tasks scheduled from follow-on schedule check
