[2023-05-26 13:44:41,670] {taskinstance.py:1159} INFO - Dependencies all met for <TaskInstance: data_ingestion_gcs_dag.bigquery_external_table_task scheduled__2021-03-02T06:00:00+00:00 [queued]>
[2023-05-26 13:44:41,681] {taskinstance.py:1159} INFO - Dependencies all met for <TaskInstance: data_ingestion_gcs_dag.bigquery_external_table_task scheduled__2021-03-02T06:00:00+00:00 [queued]>
[2023-05-26 13:44:41,683] {taskinstance.py:1356} INFO - 
--------------------------------------------------------------------------------
[2023-05-26 13:44:41,684] {taskinstance.py:1357} INFO - Starting attempt 1 of 2
[2023-05-26 13:44:41,686] {taskinstance.py:1358} INFO - 
--------------------------------------------------------------------------------
[2023-05-26 13:44:41,704] {taskinstance.py:1377} INFO - Executing <Task(BigQueryCreateExternalTableOperator): bigquery_external_table_task> on 2021-03-02 06:00:00+00:00
[2023-05-26 13:44:41,712] {standard_task_runner.py:52} INFO - Started process 2582 to run task
[2023-05-26 13:44:41,720] {standard_task_runner.py:79} INFO - Running: ['***', 'tasks', 'run', 'data_ingestion_gcs_dag', 'bigquery_external_table_task', 'scheduled__2021-03-02T06:00:00+00:00', '--job-id', '86', '--raw', '--subdir', 'DAGS_FOLDER/data_ingestion_gcs.py', '--cfg-path', '/tmp/tmpqm14f4i5', '--error-file', '/tmp/tmp2aq06ew0']
[2023-05-26 13:44:41,723] {standard_task_runner.py:80} INFO - Job 86: Subtask bigquery_external_table_task
[2023-05-26 13:44:41,869] {task_command.py:370} INFO - Running <TaskInstance: data_ingestion_gcs_dag.bigquery_external_table_task scheduled__2021-03-02T06:00:00+00:00 [running]> on host ca6ba07bb7b3
[2023-05-26 13:44:41,958] {logging_mixin.py:115} WARNING - /home/***/.local/lib/python3.7/site-packages/***/utils/context.py:202 AirflowContextDeprecationWarning: Accessing 'execution_date' from the template is deprecated and will be removed in a future version. Please use 'data_interval_start' or 'logical_date' instead.
[2023-05-26 13:44:42,016] {taskinstance.py:1571} INFO - Exporting the following env vars:
AIRFLOW_CTX_DAG_OWNER=***
AIRFLOW_CTX_DAG_ID=data_ingestion_gcs_dag
AIRFLOW_CTX_TASK_ID=bigquery_external_table_task
AIRFLOW_CTX_EXECUTION_DATE=2021-03-02T06:00:00+00:00
AIRFLOW_CTX_TRY_NUMBER=1
AIRFLOW_CTX_DAG_RUN_ID=scheduled__2021-03-02T06:00:00+00:00
[2023-05-26 13:44:42,022] {crypto.py:82} WARNING - empty cryptography key - values will not be stored encrypted.
[2023-05-26 13:44:42,024] {base.py:68} INFO - Using connection ID 'google_cloud_default' for task execution.
[2023-05-26 13:44:42,481] {taskinstance.py:1400} INFO - Marking task as SUCCESS. dag_id=data_ingestion_gcs_dag, task_id=bigquery_external_table_task, execution_date=20210302T060000, start_date=20230526T134441, end_date=20230526T134442
[2023-05-26 13:44:42,540] {local_task_job.py:156} INFO - Task exited with return code 0
[2023-05-26 13:44:42,578] {local_task_job.py:273} INFO - 0 downstream tasks scheduled from follow-on schedule check
