[2023-05-26 12:54:46,440] {taskinstance.py:1159} INFO - Dependencies all met for <TaskInstance: data_ingestion_gcs_dag.download_dataset_task manual__2023-05-26T12:49:34.277125+00:00 [queued]>
[2023-05-26 12:54:46,455] {taskinstance.py:1159} INFO - Dependencies all met for <TaskInstance: data_ingestion_gcs_dag.download_dataset_task manual__2023-05-26T12:49:34.277125+00:00 [queued]>
[2023-05-26 12:54:46,457] {taskinstance.py:1356} INFO - 
--------------------------------------------------------------------------------
[2023-05-26 12:54:46,458] {taskinstance.py:1357} INFO - Starting attempt 1 of 2
[2023-05-26 12:54:46,460] {taskinstance.py:1358} INFO - 
--------------------------------------------------------------------------------
[2023-05-26 12:54:46,478] {taskinstance.py:1377} INFO - Executing <Task(BashOperator): download_dataset_task> on 2023-05-26 12:49:34.277125+00:00
[2023-05-26 12:54:46,484] {standard_task_runner.py:52} INFO - Started process 1018 to run task
[2023-05-26 12:54:46,489] {standard_task_runner.py:79} INFO - Running: ['***', 'tasks', 'run', 'data_ingestion_gcs_dag', 'download_dataset_task', 'manual__2023-05-26T12:49:34.277125+00:00', '--job-id', '65', '--raw', '--subdir', 'DAGS_FOLDER/data_ingestion_gcs.py', '--cfg-path', '/tmp/tmp0cgm5k8l', '--error-file', '/tmp/tmpvhz6c9q4']
[2023-05-26 12:54:46,491] {standard_task_runner.py:80} INFO - Job 65: Subtask download_dataset_task
[2023-05-26 12:54:46,565] {task_command.py:370} INFO - Running <TaskInstance: data_ingestion_gcs_dag.download_dataset_task manual__2023-05-26T12:49:34.277125+00:00 [running]> on host ca6ba07bb7b3
[2023-05-26 12:54:46,620] {logging_mixin.py:115} WARNING - /home/***/.local/lib/python3.7/site-packages/***/utils/context.py:202 AirflowContextDeprecationWarning: Accessing 'execution_date' from the template is deprecated and will be removed in a future version. Please use 'data_interval_start' or 'logical_date' instead.
[2023-05-26 12:54:46,672] {taskinstance.py:1571} INFO - Exporting the following env vars:
AIRFLOW_CTX_DAG_OWNER=***
AIRFLOW_CTX_DAG_ID=data_ingestion_gcs_dag
AIRFLOW_CTX_TASK_ID=download_dataset_task
AIRFLOW_CTX_EXECUTION_DATE=2023-05-26T12:49:34.277125+00:00
AIRFLOW_CTX_TRY_NUMBER=1
AIRFLOW_CTX_DAG_RUN_ID=manual__2023-05-26T12:49:34.277125+00:00
[2023-05-26 12:54:46,675] {subprocess.py:62} INFO - Tmp dir root location: 
 /tmp
[2023-05-26 12:54:46,676] {subprocess.py:74} INFO - Running command: ['bash', '-c', 'curl -sSL https://d37ci6vzurychx.cloudfront.net/trip-data/yellow_tripdata_2023-05.parquet > /Users/eugene/Personal_Projects/Data_Project/app/***/yellow_tripdata_2023-05.parquet']
[2023-05-26 12:54:46,699] {subprocess.py:85} INFO - Output:
[2023-05-26 12:54:47,222] {subprocess.py:96} INFO - Command exited with return code 0
[2023-05-26 12:54:47,268] {taskinstance.py:1400} INFO - Marking task as SUCCESS. dag_id=data_ingestion_gcs_dag, task_id=download_dataset_task, execution_date=20230526T124934, start_date=20230526T125446, end_date=20230526T125447
[2023-05-26 12:54:47,308] {local_task_job.py:156} INFO - Task exited with return code 0
[2023-05-26 12:54:47,386] {local_task_job.py:273} INFO - 1 downstream tasks scheduled from follow-on schedule check
