[2023-03-19 00:00:07,960] {taskinstance.py:1159} INFO - Dependencies all met for <TaskInstance: data_ingestion_gcs_dag.local_to_gcs_task scheduled__2023-03-18T00:00:00+00:00 [queued]>
[2023-03-19 00:00:07,972] {taskinstance.py:1159} INFO - Dependencies all met for <TaskInstance: data_ingestion_gcs_dag.local_to_gcs_task scheduled__2023-03-18T00:00:00+00:00 [queued]>
[2023-03-19 00:00:07,974] {taskinstance.py:1356} INFO - 
--------------------------------------------------------------------------------
[2023-03-19 00:00:07,975] {taskinstance.py:1357} INFO - Starting attempt 1 of 2
[2023-03-19 00:00:07,976] {taskinstance.py:1358} INFO - 
--------------------------------------------------------------------------------
[2023-03-19 00:00:07,993] {taskinstance.py:1377} INFO - Executing <Task(PythonOperator): local_to_gcs_task> on 2023-03-18 00:00:00+00:00
[2023-03-19 00:00:08,001] {standard_task_runner.py:52} INFO - Started process 363 to run task
[2023-03-19 00:00:08,005] {standard_task_runner.py:79} INFO - Running: ['***', 'tasks', 'run', 'data_ingestion_gcs_dag', 'local_to_gcs_task', 'scheduled__2023-03-18T00:00:00+00:00', '--job-id', '9', '--raw', '--subdir', 'DAGS_FOLDER/data_ingestion_gcs.py', '--cfg-path', '/tmp/tmp4xuxx59b', '--error-file', '/tmp/tmprbs8a38r']
[2023-03-19 00:00:08,007] {standard_task_runner.py:80} INFO - Job 9: Subtask local_to_gcs_task
[2023-03-19 00:00:08,026] {logging_mixin.py:115} WARNING - /home/***/.local/lib/python3.7/site-packages/***/configuration.py:525 DeprecationWarning: The sql_alchemy_conn option in [core] has been moved to the sql_alchemy_conn option in [database] - the old setting has been used, but please update your config.
[2023-03-19 00:00:08,089] {task_command.py:370} INFO - Running <TaskInstance: data_ingestion_gcs_dag.local_to_gcs_task scheduled__2023-03-18T00:00:00+00:00 [running]> on host 3c67d305fd30
[2023-03-19 00:00:08,183] {taskinstance.py:1571} INFO - Exporting the following env vars:
AIRFLOW_CTX_DAG_OWNER=***
AIRFLOW_CTX_DAG_ID=data_ingestion_gcs_dag
AIRFLOW_CTX_TASK_ID=local_to_gcs_task
AIRFLOW_CTX_EXECUTION_DATE=2023-03-18T00:00:00+00:00
AIRFLOW_CTX_TRY_NUMBER=1
AIRFLOW_CTX_DAG_RUN_ID=scheduled__2023-03-18T00:00:00+00:00
[2023-03-19 00:00:14,729] {python.py:173} INFO - Done. Returned value was: None
[2023-03-19 00:00:14,748] {taskinstance.py:1400} INFO - Marking task as SUCCESS. dag_id=data_ingestion_gcs_dag, task_id=local_to_gcs_task, execution_date=20230318T000000, start_date=20230319T000007, end_date=20230319T000014
[2023-03-19 00:00:14,823] {local_task_job.py:156} INFO - Task exited with return code 0
[2023-03-19 00:00:14,852] {local_task_job.py:273} INFO - 1 downstream tasks scheduled from follow-on schedule check
