[2023-03-19 00:00:15,874] {taskinstance.py:1159} INFO - Dependencies all met for <TaskInstance: data_ingestion_gcs_dag.bigquery_external_table_task scheduled__2023-03-18T00:00:00+00:00 [queued]>
[2023-03-19 00:00:15,884] {taskinstance.py:1159} INFO - Dependencies all met for <TaskInstance: data_ingestion_gcs_dag.bigquery_external_table_task scheduled__2023-03-18T00:00:00+00:00 [queued]>
[2023-03-19 00:00:15,886] {taskinstance.py:1356} INFO - 
--------------------------------------------------------------------------------
[2023-03-19 00:00:15,887] {taskinstance.py:1357} INFO - Starting attempt 1 of 2
[2023-03-19 00:00:15,888] {taskinstance.py:1358} INFO - 
--------------------------------------------------------------------------------
[2023-03-19 00:00:15,902] {taskinstance.py:1377} INFO - Executing <Task(BigQueryCreateExternalTableOperator): bigquery_external_table_task> on 2023-03-18 00:00:00+00:00
[2023-03-19 00:00:15,908] {standard_task_runner.py:52} INFO - Started process 372 to run task
[2023-03-19 00:00:15,912] {standard_task_runner.py:79} INFO - Running: ['***', 'tasks', 'run', 'data_ingestion_gcs_dag', 'bigquery_external_table_task', 'scheduled__2023-03-18T00:00:00+00:00', '--job-id', '10', '--raw', '--subdir', 'DAGS_FOLDER/data_ingestion_gcs.py', '--cfg-path', '/tmp/tmpqxavkchy', '--error-file', '/tmp/tmpv9w3ie4d']
[2023-03-19 00:00:15,914] {standard_task_runner.py:80} INFO - Job 10: Subtask bigquery_external_table_task
[2023-03-19 00:00:15,933] {logging_mixin.py:115} WARNING - /home/***/.local/lib/python3.7/site-packages/***/configuration.py:525 DeprecationWarning: The sql_alchemy_conn option in [core] has been moved to the sql_alchemy_conn option in [database] - the old setting has been used, but please update your config.
[2023-03-19 00:00:15,983] {task_command.py:370} INFO - Running <TaskInstance: data_ingestion_gcs_dag.bigquery_external_table_task scheduled__2023-03-18T00:00:00+00:00 [running]> on host 3c67d305fd30
[2023-03-19 00:00:16,058] {taskinstance.py:1571} INFO - Exporting the following env vars:
AIRFLOW_CTX_DAG_OWNER=***
AIRFLOW_CTX_DAG_ID=data_ingestion_gcs_dag
AIRFLOW_CTX_TASK_ID=bigquery_external_table_task
AIRFLOW_CTX_EXECUTION_DATE=2023-03-18T00:00:00+00:00
AIRFLOW_CTX_TRY_NUMBER=1
AIRFLOW_CTX_DAG_RUN_ID=scheduled__2023-03-18T00:00:00+00:00
[2023-03-19 00:00:16,061] {crypto.py:82} WARNING - empty cryptography key - values will not be stored encrypted.
[2023-03-19 00:00:16,062] {base.py:68} INFO - Using connection ID 'google_cloud_default' for task execution.
[2023-03-19 00:00:16,553] {taskinstance.py:1400} INFO - Marking task as SUCCESS. dag_id=data_ingestion_gcs_dag, task_id=bigquery_external_table_task, execution_date=20230318T000000, start_date=20230319T000015, end_date=20230319T000016
[2023-03-19 00:00:16,609] {local_task_job.py:156} INFO - Task exited with return code 0
[2023-03-19 00:00:16,647] {local_task_job.py:273} INFO - 0 downstream tasks scheduled from follow-on schedule check
