[2023-05-26 13:43:38,406] {taskinstance.py:1159} INFO - Dependencies all met for <TaskInstance: data_ingestion_gcs_dag.download_dataset_task manual__2023-05-26T13:43:23.898184+00:00 [queued]>
[2023-05-26 13:43:38,417] {taskinstance.py:1159} INFO - Dependencies all met for <TaskInstance: data_ingestion_gcs_dag.download_dataset_task manual__2023-05-26T13:43:23.898184+00:00 [queued]>
[2023-05-26 13:43:38,418] {taskinstance.py:1356} INFO - 
--------------------------------------------------------------------------------
[2023-05-26 13:43:38,419] {taskinstance.py:1357} INFO - Starting attempt 1 of 2
[2023-05-26 13:43:38,420] {taskinstance.py:1358} INFO - 
--------------------------------------------------------------------------------
[2023-05-26 13:43:38,436] {taskinstance.py:1377} INFO - Executing <Task(BashOperator): download_dataset_task> on 2023-05-26 13:43:23.898184+00:00
[2023-05-26 13:43:38,442] {standard_task_runner.py:52} INFO - Started process 2519 to run task
[2023-05-26 13:43:38,447] {standard_task_runner.py:79} INFO - Running: ['***', 'tasks', 'run', 'data_ingestion_gcs_dag', 'download_dataset_task', 'manual__2023-05-26T13:43:23.898184+00:00', '--job-id', '78', '--raw', '--subdir', 'DAGS_FOLDER/data_ingestion_gcs.py', '--cfg-path', '/tmp/tmped0gqocl', '--error-file', '/tmp/tmpqqjm5smn']
[2023-05-26 13:43:38,449] {standard_task_runner.py:80} INFO - Job 78: Subtask download_dataset_task
[2023-05-26 13:43:38,522] {task_command.py:370} INFO - Running <TaskInstance: data_ingestion_gcs_dag.download_dataset_task manual__2023-05-26T13:43:23.898184+00:00 [running]> on host ca6ba07bb7b3
[2023-05-26 13:43:38,577] {logging_mixin.py:115} WARNING - /home/***/.local/lib/python3.7/site-packages/***/utils/context.py:202 AirflowContextDeprecationWarning: Accessing 'execution_date' from the template is deprecated and will be removed in a future version. Please use 'data_interval_start' or 'logical_date' instead.
[2023-05-26 13:43:38,621] {taskinstance.py:1571} INFO - Exporting the following env vars:
AIRFLOW_CTX_DAG_OWNER=***
AIRFLOW_CTX_DAG_ID=data_ingestion_gcs_dag
AIRFLOW_CTX_TASK_ID=download_dataset_task
AIRFLOW_CTX_EXECUTION_DATE=2023-05-26T13:43:23.898184+00:00
AIRFLOW_CTX_TRY_NUMBER=1
AIRFLOW_CTX_DAG_RUN_ID=manual__2023-05-26T13:43:23.898184+00:00
[2023-05-26 13:43:38,624] {subprocess.py:62} INFO - Tmp dir root location: 
 /tmp
[2023-05-26 13:43:38,626] {subprocess.py:74} INFO - Running command: ['bash', '-c', 'curl -sSL https://d37ci6vzurychx.cloudfront.net/trip-data/yellow_tripdata_2023-05.parquet > /Users/eugene/Personal_Projects/Data_Project/app/***/yellow_tripdata_2023-05.parquet']
[2023-05-26 13:43:38,641] {subprocess.py:85} INFO - Output:
[2023-05-26 13:43:39,053] {subprocess.py:96} INFO - Command exited with return code 0
[2023-05-26 13:43:39,093] {taskinstance.py:1400} INFO - Marking task as SUCCESS. dag_id=data_ingestion_gcs_dag, task_id=download_dataset_task, execution_date=20230526T134323, start_date=20230526T134338, end_date=20230526T134339
[2023-05-26 13:43:39,152] {local_task_job.py:156} INFO - Task exited with return code 0
[2023-05-26 13:43:39,211] {local_task_job.py:273} INFO - 1 downstream tasks scheduled from follow-on schedule check
