[2023-03-19 00:00:10,780] {processor.py:153} INFO - Started process (PID=364) to work on /Users/eugene/Personal_Projects/Data_Project/app/airflow/dags/data_ingestion_gcs.py
[2023-03-19 00:00:10,782] {processor.py:641} INFO - Processing file /Users/eugene/Personal_Projects/Data_Project/app/airflow/dags/data_ingestion_gcs.py for tasks to queue
[2023-03-19 00:00:10,785] {logging_mixin.py:115} INFO - [2023-03-19 00:00:10,785] {dagbag.py:507} INFO - Filling up the DagBag from /Users/eugene/Personal_Projects/Data_Project/app/airflow/dags/data_ingestion_gcs.py
[2023-03-19 00:00:12,397] {processor.py:651} INFO - DAG(s) dict_keys(['data_ingestion_gcs_dag']) retrieved from /Users/eugene/Personal_Projects/Data_Project/app/airflow/dags/data_ingestion_gcs.py
[2023-03-19 00:00:12,626] {logging_mixin.py:115} INFO - [2023-03-19 00:00:12,626] {dag.py:2379} INFO - Sync 1 DAGs
[2023-03-19 00:00:12,655] {processor.py:161} INFO - Processing /Users/eugene/Personal_Projects/Data_Project/app/airflow/dags/data_ingestion_gcs.py took 1.898 seconds
[2023-03-19 00:00:42,836] {processor.py:153} INFO - Started process (PID=373) to work on /Users/eugene/Personal_Projects/Data_Project/app/airflow/dags/data_ingestion_gcs.py
[2023-03-19 00:00:42,838] {processor.py:641} INFO - Processing file /Users/eugene/Personal_Projects/Data_Project/app/airflow/dags/data_ingestion_gcs.py for tasks to queue
[2023-03-19 00:00:42,839] {logging_mixin.py:115} INFO - [2023-03-19 00:00:42,839] {dagbag.py:507} INFO - Filling up the DagBag from /Users/eugene/Personal_Projects/Data_Project/app/airflow/dags/data_ingestion_gcs.py
[2023-03-19 00:00:43,369] {processor.py:651} INFO - DAG(s) dict_keys(['data_ingestion_gcs_dag']) retrieved from /Users/eugene/Personal_Projects/Data_Project/app/airflow/dags/data_ingestion_gcs.py
[2023-03-19 00:00:43,399] {logging_mixin.py:115} INFO - [2023-03-19 00:00:43,399] {dag.py:2379} INFO - Sync 1 DAGs
[2023-03-19 00:00:43,425] {logging_mixin.py:115} INFO - [2023-03-19 00:00:43,425] {dag.py:2931} INFO - Setting next_dagrun for data_ingestion_gcs_dag to 2023-03-19T00:00:00+00:00, run_after=2023-03-20T00:00:00+00:00
[2023-03-19 00:00:43,438] {processor.py:161} INFO - Processing /Users/eugene/Personal_Projects/Data_Project/app/airflow/dags/data_ingestion_gcs.py took 0.606 seconds
[2023-03-19 00:01:13,573] {processor.py:153} INFO - Started process (PID=379) to work on /Users/eugene/Personal_Projects/Data_Project/app/airflow/dags/data_ingestion_gcs.py
[2023-03-19 00:01:13,574] {processor.py:641} INFO - Processing file /Users/eugene/Personal_Projects/Data_Project/app/airflow/dags/data_ingestion_gcs.py for tasks to queue
[2023-03-19 00:01:13,576] {logging_mixin.py:115} INFO - [2023-03-19 00:01:13,576] {dagbag.py:507} INFO - Filling up the DagBag from /Users/eugene/Personal_Projects/Data_Project/app/airflow/dags/data_ingestion_gcs.py
[2023-03-19 00:01:14,084] {processor.py:651} INFO - DAG(s) dict_keys(['data_ingestion_gcs_dag']) retrieved from /Users/eugene/Personal_Projects/Data_Project/app/airflow/dags/data_ingestion_gcs.py
[2023-03-19 00:01:14,108] {logging_mixin.py:115} INFO - [2023-03-19 00:01:14,108] {dag.py:2379} INFO - Sync 1 DAGs
[2023-03-19 00:01:14,127] {logging_mixin.py:115} INFO - [2023-03-19 00:01:14,127] {dag.py:2931} INFO - Setting next_dagrun for data_ingestion_gcs_dag to 2023-03-19T00:00:00+00:00, run_after=2023-03-20T00:00:00+00:00
[2023-03-19 00:01:14,137] {processor.py:161} INFO - Processing /Users/eugene/Personal_Projects/Data_Project/app/airflow/dags/data_ingestion_gcs.py took 0.569 seconds
[2023-03-19 00:01:44,242] {processor.py:153} INFO - Started process (PID=385) to work on /Users/eugene/Personal_Projects/Data_Project/app/airflow/dags/data_ingestion_gcs.py
[2023-03-19 00:01:44,244] {processor.py:641} INFO - Processing file /Users/eugene/Personal_Projects/Data_Project/app/airflow/dags/data_ingestion_gcs.py for tasks to queue
[2023-03-19 00:01:44,245] {logging_mixin.py:115} INFO - [2023-03-19 00:01:44,245] {dagbag.py:507} INFO - Filling up the DagBag from /Users/eugene/Personal_Projects/Data_Project/app/airflow/dags/data_ingestion_gcs.py
[2023-03-19 00:01:44,758] {processor.py:651} INFO - DAG(s) dict_keys(['data_ingestion_gcs_dag']) retrieved from /Users/eugene/Personal_Projects/Data_Project/app/airflow/dags/data_ingestion_gcs.py
[2023-03-19 00:01:44,778] {logging_mixin.py:115} INFO - [2023-03-19 00:01:44,777] {dag.py:2379} INFO - Sync 1 DAGs
[2023-03-19 00:01:44,797] {logging_mixin.py:115} INFO - [2023-03-19 00:01:44,797] {dag.py:2931} INFO - Setting next_dagrun for data_ingestion_gcs_dag to 2023-03-19T00:00:00+00:00, run_after=2023-03-20T00:00:00+00:00
[2023-03-19 00:01:44,807] {processor.py:161} INFO - Processing /Users/eugene/Personal_Projects/Data_Project/app/airflow/dags/data_ingestion_gcs.py took 0.570 seconds
[2023-03-19 00:02:14,932] {processor.py:153} INFO - Started process (PID=391) to work on /Users/eugene/Personal_Projects/Data_Project/app/airflow/dags/data_ingestion_gcs.py
[2023-03-19 00:02:14,934] {processor.py:641} INFO - Processing file /Users/eugene/Personal_Projects/Data_Project/app/airflow/dags/data_ingestion_gcs.py for tasks to queue
[2023-03-19 00:02:14,936] {logging_mixin.py:115} INFO - [2023-03-19 00:02:14,935] {dagbag.py:507} INFO - Filling up the DagBag from /Users/eugene/Personal_Projects/Data_Project/app/airflow/dags/data_ingestion_gcs.py
[2023-03-19 00:02:15,579] {processor.py:651} INFO - DAG(s) dict_keys(['data_ingestion_gcs_dag']) retrieved from /Users/eugene/Personal_Projects/Data_Project/app/airflow/dags/data_ingestion_gcs.py
[2023-03-19 00:02:15,601] {logging_mixin.py:115} INFO - [2023-03-19 00:02:15,601] {dag.py:2379} INFO - Sync 1 DAGs
[2023-03-19 00:02:15,624] {logging_mixin.py:115} INFO - [2023-03-19 00:02:15,623] {dag.py:2931} INFO - Setting next_dagrun for data_ingestion_gcs_dag to 2023-03-19T00:00:00+00:00, run_after=2023-03-20T00:00:00+00:00
[2023-03-19 00:02:15,635] {processor.py:161} INFO - Processing /Users/eugene/Personal_Projects/Data_Project/app/airflow/dags/data_ingestion_gcs.py took 0.709 seconds
[2023-03-19 00:02:45,791] {processor.py:153} INFO - Started process (PID=397) to work on /Users/eugene/Personal_Projects/Data_Project/app/airflow/dags/data_ingestion_gcs.py
[2023-03-19 00:02:45,793] {processor.py:641} INFO - Processing file /Users/eugene/Personal_Projects/Data_Project/app/airflow/dags/data_ingestion_gcs.py for tasks to queue
[2023-03-19 00:02:45,794] {logging_mixin.py:115} INFO - [2023-03-19 00:02:45,794] {dagbag.py:507} INFO - Filling up the DagBag from /Users/eugene/Personal_Projects/Data_Project/app/airflow/dags/data_ingestion_gcs.py
[2023-03-19 00:02:46,528] {processor.py:651} INFO - DAG(s) dict_keys(['data_ingestion_gcs_dag']) retrieved from /Users/eugene/Personal_Projects/Data_Project/app/airflow/dags/data_ingestion_gcs.py
[2023-03-19 00:02:46,554] {logging_mixin.py:115} INFO - [2023-03-19 00:02:46,553] {dag.py:2379} INFO - Sync 1 DAGs
[2023-03-19 00:02:46,578] {logging_mixin.py:115} INFO - [2023-03-19 00:02:46,578] {dag.py:2931} INFO - Setting next_dagrun for data_ingestion_gcs_dag to 2023-03-19T00:00:00+00:00, run_after=2023-03-20T00:00:00+00:00
[2023-03-19 00:02:46,590] {processor.py:161} INFO - Processing /Users/eugene/Personal_Projects/Data_Project/app/airflow/dags/data_ingestion_gcs.py took 0.803 seconds
[2023-03-19 00:03:16,695] {processor.py:153} INFO - Started process (PID=403) to work on /Users/eugene/Personal_Projects/Data_Project/app/airflow/dags/data_ingestion_gcs.py
[2023-03-19 00:03:16,697] {processor.py:641} INFO - Processing file /Users/eugene/Personal_Projects/Data_Project/app/airflow/dags/data_ingestion_gcs.py for tasks to queue
[2023-03-19 00:03:16,699] {logging_mixin.py:115} INFO - [2023-03-19 00:03:16,699] {dagbag.py:507} INFO - Filling up the DagBag from /Users/eugene/Personal_Projects/Data_Project/app/airflow/dags/data_ingestion_gcs.py
[2023-03-19 00:03:17,210] {processor.py:651} INFO - DAG(s) dict_keys(['data_ingestion_gcs_dag']) retrieved from /Users/eugene/Personal_Projects/Data_Project/app/airflow/dags/data_ingestion_gcs.py
[2023-03-19 00:03:17,231] {logging_mixin.py:115} INFO - [2023-03-19 00:03:17,231] {dag.py:2379} INFO - Sync 1 DAGs
[2023-03-19 00:03:17,252] {logging_mixin.py:115} INFO - [2023-03-19 00:03:17,252] {dag.py:2931} INFO - Setting next_dagrun for data_ingestion_gcs_dag to 2023-03-19T00:00:00+00:00, run_after=2023-03-20T00:00:00+00:00
[2023-03-19 00:03:17,264] {processor.py:161} INFO - Processing /Users/eugene/Personal_Projects/Data_Project/app/airflow/dags/data_ingestion_gcs.py took 0.574 seconds
[2023-03-19 00:03:47,385] {processor.py:153} INFO - Started process (PID=409) to work on /Users/eugene/Personal_Projects/Data_Project/app/airflow/dags/data_ingestion_gcs.py
[2023-03-19 00:03:47,387] {processor.py:641} INFO - Processing file /Users/eugene/Personal_Projects/Data_Project/app/airflow/dags/data_ingestion_gcs.py for tasks to queue
[2023-03-19 00:03:47,389] {logging_mixin.py:115} INFO - [2023-03-19 00:03:47,389] {dagbag.py:507} INFO - Filling up the DagBag from /Users/eugene/Personal_Projects/Data_Project/app/airflow/dags/data_ingestion_gcs.py
[2023-03-19 00:03:47,970] {processor.py:651} INFO - DAG(s) dict_keys(['data_ingestion_gcs_dag']) retrieved from /Users/eugene/Personal_Projects/Data_Project/app/airflow/dags/data_ingestion_gcs.py
[2023-03-19 00:03:47,992] {logging_mixin.py:115} INFO - [2023-03-19 00:03:47,992] {dag.py:2379} INFO - Sync 1 DAGs
[2023-03-19 00:03:48,014] {logging_mixin.py:115} INFO - [2023-03-19 00:03:48,014] {dag.py:2931} INFO - Setting next_dagrun for data_ingestion_gcs_dag to 2023-03-19T00:00:00+00:00, run_after=2023-03-20T00:00:00+00:00
[2023-03-19 00:03:48,025] {processor.py:161} INFO - Processing /Users/eugene/Personal_Projects/Data_Project/app/airflow/dags/data_ingestion_gcs.py took 0.645 seconds
[2023-03-19 00:04:18,132] {processor.py:153} INFO - Started process (PID=415) to work on /Users/eugene/Personal_Projects/Data_Project/app/airflow/dags/data_ingestion_gcs.py
[2023-03-19 00:04:18,133] {processor.py:641} INFO - Processing file /Users/eugene/Personal_Projects/Data_Project/app/airflow/dags/data_ingestion_gcs.py for tasks to queue
[2023-03-19 00:04:18,135] {logging_mixin.py:115} INFO - [2023-03-19 00:04:18,134] {dagbag.py:507} INFO - Filling up the DagBag from /Users/eugene/Personal_Projects/Data_Project/app/airflow/dags/data_ingestion_gcs.py
[2023-03-19 00:04:18,639] {processor.py:651} INFO - DAG(s) dict_keys(['data_ingestion_gcs_dag']) retrieved from /Users/eugene/Personal_Projects/Data_Project/app/airflow/dags/data_ingestion_gcs.py
[2023-03-19 00:04:18,660] {logging_mixin.py:115} INFO - [2023-03-19 00:04:18,660] {dag.py:2379} INFO - Sync 1 DAGs
[2023-03-19 00:04:18,681] {logging_mixin.py:115} INFO - [2023-03-19 00:04:18,681] {dag.py:2931} INFO - Setting next_dagrun for data_ingestion_gcs_dag to 2023-03-19T00:00:00+00:00, run_after=2023-03-20T00:00:00+00:00
[2023-03-19 00:04:18,692] {processor.py:161} INFO - Processing /Users/eugene/Personal_Projects/Data_Project/app/airflow/dags/data_ingestion_gcs.py took 0.564 seconds
[2023-03-19 00:04:48,816] {processor.py:153} INFO - Started process (PID=421) to work on /Users/eugene/Personal_Projects/Data_Project/app/airflow/dags/data_ingestion_gcs.py
[2023-03-19 00:04:48,819] {processor.py:641} INFO - Processing file /Users/eugene/Personal_Projects/Data_Project/app/airflow/dags/data_ingestion_gcs.py for tasks to queue
[2023-03-19 00:04:48,821] {logging_mixin.py:115} INFO - [2023-03-19 00:04:48,821] {dagbag.py:507} INFO - Filling up the DagBag from /Users/eugene/Personal_Projects/Data_Project/app/airflow/dags/data_ingestion_gcs.py
[2023-03-19 00:04:49,560] {processor.py:651} INFO - DAG(s) dict_keys(['data_ingestion_gcs_dag']) retrieved from /Users/eugene/Personal_Projects/Data_Project/app/airflow/dags/data_ingestion_gcs.py
[2023-03-19 00:04:49,593] {logging_mixin.py:115} INFO - [2023-03-19 00:04:49,593] {dag.py:2379} INFO - Sync 1 DAGs
[2023-03-19 00:04:49,625] {logging_mixin.py:115} INFO - [2023-03-19 00:04:49,625] {dag.py:2931} INFO - Setting next_dagrun for data_ingestion_gcs_dag to 2023-03-19T00:00:00+00:00, run_after=2023-03-20T00:00:00+00:00
[2023-03-19 00:04:49,639] {processor.py:161} INFO - Processing /Users/eugene/Personal_Projects/Data_Project/app/airflow/dags/data_ingestion_gcs.py took 0.829 seconds
[2023-03-19 00:05:19,760] {processor.py:153} INFO - Started process (PID=427) to work on /Users/eugene/Personal_Projects/Data_Project/app/airflow/dags/data_ingestion_gcs.py
[2023-03-19 00:05:19,761] {processor.py:641} INFO - Processing file /Users/eugene/Personal_Projects/Data_Project/app/airflow/dags/data_ingestion_gcs.py for tasks to queue
[2023-03-19 00:05:19,763] {logging_mixin.py:115} INFO - [2023-03-19 00:05:19,763] {dagbag.py:507} INFO - Filling up the DagBag from /Users/eugene/Personal_Projects/Data_Project/app/airflow/dags/data_ingestion_gcs.py
[2023-03-19 00:05:20,364] {processor.py:651} INFO - DAG(s) dict_keys(['data_ingestion_gcs_dag']) retrieved from /Users/eugene/Personal_Projects/Data_Project/app/airflow/dags/data_ingestion_gcs.py
[2023-03-19 00:05:20,384] {logging_mixin.py:115} INFO - [2023-03-19 00:05:20,384] {dag.py:2379} INFO - Sync 1 DAGs
[2023-03-19 00:05:20,405] {logging_mixin.py:115} INFO - [2023-03-19 00:05:20,404] {dag.py:2931} INFO - Setting next_dagrun for data_ingestion_gcs_dag to 2023-03-19T00:00:00+00:00, run_after=2023-03-20T00:00:00+00:00
[2023-03-19 00:05:20,415] {processor.py:161} INFO - Processing /Users/eugene/Personal_Projects/Data_Project/app/airflow/dags/data_ingestion_gcs.py took 0.660 seconds
[2023-03-19 00:05:50,519] {processor.py:153} INFO - Started process (PID=433) to work on /Users/eugene/Personal_Projects/Data_Project/app/airflow/dags/data_ingestion_gcs.py
[2023-03-19 00:05:50,520] {processor.py:641} INFO - Processing file /Users/eugene/Personal_Projects/Data_Project/app/airflow/dags/data_ingestion_gcs.py for tasks to queue
[2023-03-19 00:05:50,522] {logging_mixin.py:115} INFO - [2023-03-19 00:05:50,522] {dagbag.py:507} INFO - Filling up the DagBag from /Users/eugene/Personal_Projects/Data_Project/app/airflow/dags/data_ingestion_gcs.py
[2023-03-19 00:05:51,049] {processor.py:651} INFO - DAG(s) dict_keys(['data_ingestion_gcs_dag']) retrieved from /Users/eugene/Personal_Projects/Data_Project/app/airflow/dags/data_ingestion_gcs.py
[2023-03-19 00:05:51,073] {logging_mixin.py:115} INFO - [2023-03-19 00:05:51,073] {dag.py:2379} INFO - Sync 1 DAGs
[2023-03-19 00:05:51,093] {logging_mixin.py:115} INFO - [2023-03-19 00:05:51,093] {dag.py:2931} INFO - Setting next_dagrun for data_ingestion_gcs_dag to 2023-03-19T00:00:00+00:00, run_after=2023-03-20T00:00:00+00:00
[2023-03-19 00:05:51,105] {processor.py:161} INFO - Processing /Users/eugene/Personal_Projects/Data_Project/app/airflow/dags/data_ingestion_gcs.py took 0.591 seconds
[2023-03-19 00:06:21,236] {processor.py:153} INFO - Started process (PID=439) to work on /Users/eugene/Personal_Projects/Data_Project/app/airflow/dags/data_ingestion_gcs.py
[2023-03-19 00:06:21,238] {processor.py:641} INFO - Processing file /Users/eugene/Personal_Projects/Data_Project/app/airflow/dags/data_ingestion_gcs.py for tasks to queue
[2023-03-19 00:06:21,239] {logging_mixin.py:115} INFO - [2023-03-19 00:06:21,239] {dagbag.py:507} INFO - Filling up the DagBag from /Users/eugene/Personal_Projects/Data_Project/app/airflow/dags/data_ingestion_gcs.py
[2023-03-19 00:06:21,713] {processor.py:651} INFO - DAG(s) dict_keys(['data_ingestion_gcs_dag']) retrieved from /Users/eugene/Personal_Projects/Data_Project/app/airflow/dags/data_ingestion_gcs.py
[2023-03-19 00:06:21,735] {logging_mixin.py:115} INFO - [2023-03-19 00:06:21,735] {dag.py:2379} INFO - Sync 1 DAGs
[2023-03-19 00:06:21,755] {logging_mixin.py:115} INFO - [2023-03-19 00:06:21,755] {dag.py:2931} INFO - Setting next_dagrun for data_ingestion_gcs_dag to 2023-03-19T00:00:00+00:00, run_after=2023-03-20T00:00:00+00:00
[2023-03-19 00:06:21,767] {processor.py:161} INFO - Processing /Users/eugene/Personal_Projects/Data_Project/app/airflow/dags/data_ingestion_gcs.py took 0.534 seconds
[2023-03-19 00:06:51,867] {processor.py:153} INFO - Started process (PID=445) to work on /Users/eugene/Personal_Projects/Data_Project/app/airflow/dags/data_ingestion_gcs.py
[2023-03-19 00:06:51,869] {processor.py:641} INFO - Processing file /Users/eugene/Personal_Projects/Data_Project/app/airflow/dags/data_ingestion_gcs.py for tasks to queue
[2023-03-19 00:06:51,871] {logging_mixin.py:115} INFO - [2023-03-19 00:06:51,871] {dagbag.py:507} INFO - Filling up the DagBag from /Users/eugene/Personal_Projects/Data_Project/app/airflow/dags/data_ingestion_gcs.py
[2023-03-19 00:06:52,355] {processor.py:651} INFO - DAG(s) dict_keys(['data_ingestion_gcs_dag']) retrieved from /Users/eugene/Personal_Projects/Data_Project/app/airflow/dags/data_ingestion_gcs.py
[2023-03-19 00:06:52,377] {logging_mixin.py:115} INFO - [2023-03-19 00:06:52,377] {dag.py:2379} INFO - Sync 1 DAGs
[2023-03-19 00:06:52,397] {logging_mixin.py:115} INFO - [2023-03-19 00:06:52,397] {dag.py:2931} INFO - Setting next_dagrun for data_ingestion_gcs_dag to 2023-03-19T00:00:00+00:00, run_after=2023-03-20T00:00:00+00:00
[2023-03-19 00:06:52,409] {processor.py:161} INFO - Processing /Users/eugene/Personal_Projects/Data_Project/app/airflow/dags/data_ingestion_gcs.py took 0.546 seconds
[2023-03-19 00:07:22,555] {processor.py:153} INFO - Started process (PID=451) to work on /Users/eugene/Personal_Projects/Data_Project/app/airflow/dags/data_ingestion_gcs.py
[2023-03-19 00:07:22,556] {processor.py:641} INFO - Processing file /Users/eugene/Personal_Projects/Data_Project/app/airflow/dags/data_ingestion_gcs.py for tasks to queue
[2023-03-19 00:07:22,558] {logging_mixin.py:115} INFO - [2023-03-19 00:07:22,558] {dagbag.py:507} INFO - Filling up the DagBag from /Users/eugene/Personal_Projects/Data_Project/app/airflow/dags/data_ingestion_gcs.py
[2023-03-19 00:07:23,049] {processor.py:651} INFO - DAG(s) dict_keys(['data_ingestion_gcs_dag']) retrieved from /Users/eugene/Personal_Projects/Data_Project/app/airflow/dags/data_ingestion_gcs.py
[2023-03-19 00:07:23,070] {logging_mixin.py:115} INFO - [2023-03-19 00:07:23,070] {dag.py:2379} INFO - Sync 1 DAGs
[2023-03-19 00:07:23,089] {logging_mixin.py:115} INFO - [2023-03-19 00:07:23,089] {dag.py:2931} INFO - Setting next_dagrun for data_ingestion_gcs_dag to 2023-03-19T00:00:00+00:00, run_after=2023-03-20T00:00:00+00:00
[2023-03-19 00:07:23,101] {processor.py:161} INFO - Processing /Users/eugene/Personal_Projects/Data_Project/app/airflow/dags/data_ingestion_gcs.py took 0.550 seconds
[2023-03-19 00:07:53,212] {processor.py:153} INFO - Started process (PID=457) to work on /Users/eugene/Personal_Projects/Data_Project/app/airflow/dags/data_ingestion_gcs.py
[2023-03-19 00:07:53,214] {processor.py:641} INFO - Processing file /Users/eugene/Personal_Projects/Data_Project/app/airflow/dags/data_ingestion_gcs.py for tasks to queue
[2023-03-19 00:07:53,215] {logging_mixin.py:115} INFO - [2023-03-19 00:07:53,215] {dagbag.py:507} INFO - Filling up the DagBag from /Users/eugene/Personal_Projects/Data_Project/app/airflow/dags/data_ingestion_gcs.py
[2023-03-19 00:07:53,722] {processor.py:651} INFO - DAG(s) dict_keys(['data_ingestion_gcs_dag']) retrieved from /Users/eugene/Personal_Projects/Data_Project/app/airflow/dags/data_ingestion_gcs.py
[2023-03-19 00:07:53,743] {logging_mixin.py:115} INFO - [2023-03-19 00:07:53,743] {dag.py:2379} INFO - Sync 1 DAGs
[2023-03-19 00:07:53,763] {logging_mixin.py:115} INFO - [2023-03-19 00:07:53,763] {dag.py:2931} INFO - Setting next_dagrun for data_ingestion_gcs_dag to 2023-03-19T00:00:00+00:00, run_after=2023-03-20T00:00:00+00:00
[2023-03-19 00:07:53,776] {processor.py:161} INFO - Processing /Users/eugene/Personal_Projects/Data_Project/app/airflow/dags/data_ingestion_gcs.py took 0.569 seconds
[2023-03-19 00:08:23,911] {processor.py:153} INFO - Started process (PID=463) to work on /Users/eugene/Personal_Projects/Data_Project/app/airflow/dags/data_ingestion_gcs.py
[2023-03-19 00:08:23,912] {processor.py:641} INFO - Processing file /Users/eugene/Personal_Projects/Data_Project/app/airflow/dags/data_ingestion_gcs.py for tasks to queue
[2023-03-19 00:08:23,914] {logging_mixin.py:115} INFO - [2023-03-19 00:08:23,914] {dagbag.py:507} INFO - Filling up the DagBag from /Users/eugene/Personal_Projects/Data_Project/app/airflow/dags/data_ingestion_gcs.py
[2023-03-19 00:08:24,466] {processor.py:651} INFO - DAG(s) dict_keys(['data_ingestion_gcs_dag']) retrieved from /Users/eugene/Personal_Projects/Data_Project/app/airflow/dags/data_ingestion_gcs.py
[2023-03-19 00:08:24,488] {logging_mixin.py:115} INFO - [2023-03-19 00:08:24,488] {dag.py:2379} INFO - Sync 1 DAGs
[2023-03-19 00:08:24,510] {logging_mixin.py:115} INFO - [2023-03-19 00:08:24,510] {dag.py:2931} INFO - Setting next_dagrun for data_ingestion_gcs_dag to 2023-03-19T00:00:00+00:00, run_after=2023-03-20T00:00:00+00:00
[2023-03-19 00:08:24,521] {processor.py:161} INFO - Processing /Users/eugene/Personal_Projects/Data_Project/app/airflow/dags/data_ingestion_gcs.py took 0.614 seconds
[2023-03-19 00:08:54,624] {processor.py:153} INFO - Started process (PID=469) to work on /Users/eugene/Personal_Projects/Data_Project/app/airflow/dags/data_ingestion_gcs.py
[2023-03-19 00:08:54,626] {processor.py:641} INFO - Processing file /Users/eugene/Personal_Projects/Data_Project/app/airflow/dags/data_ingestion_gcs.py for tasks to queue
[2023-03-19 00:08:54,627] {logging_mixin.py:115} INFO - [2023-03-19 00:08:54,627] {dagbag.py:507} INFO - Filling up the DagBag from /Users/eugene/Personal_Projects/Data_Project/app/airflow/dags/data_ingestion_gcs.py
[2023-03-19 00:08:55,201] {processor.py:651} INFO - DAG(s) dict_keys(['data_ingestion_gcs_dag']) retrieved from /Users/eugene/Personal_Projects/Data_Project/app/airflow/dags/data_ingestion_gcs.py
[2023-03-19 00:08:55,224] {logging_mixin.py:115} INFO - [2023-03-19 00:08:55,223] {dag.py:2379} INFO - Sync 1 DAGs
[2023-03-19 00:08:55,248] {logging_mixin.py:115} INFO - [2023-03-19 00:08:55,248] {dag.py:2931} INFO - Setting next_dagrun for data_ingestion_gcs_dag to 2023-03-19T00:00:00+00:00, run_after=2023-03-20T00:00:00+00:00
[2023-03-19 00:08:55,260] {processor.py:161} INFO - Processing /Users/eugene/Personal_Projects/Data_Project/app/airflow/dags/data_ingestion_gcs.py took 0.640 seconds
[2023-03-19 00:09:25,386] {processor.py:153} INFO - Started process (PID=475) to work on /Users/eugene/Personal_Projects/Data_Project/app/airflow/dags/data_ingestion_gcs.py
[2023-03-19 00:09:25,387] {processor.py:641} INFO - Processing file /Users/eugene/Personal_Projects/Data_Project/app/airflow/dags/data_ingestion_gcs.py for tasks to queue
[2023-03-19 00:09:25,389] {logging_mixin.py:115} INFO - [2023-03-19 00:09:25,388] {dagbag.py:507} INFO - Filling up the DagBag from /Users/eugene/Personal_Projects/Data_Project/app/airflow/dags/data_ingestion_gcs.py
[2023-03-19 00:09:25,928] {processor.py:651} INFO - DAG(s) dict_keys(['data_ingestion_gcs_dag']) retrieved from /Users/eugene/Personal_Projects/Data_Project/app/airflow/dags/data_ingestion_gcs.py
[2023-03-19 00:09:25,949] {logging_mixin.py:115} INFO - [2023-03-19 00:09:25,949] {dag.py:2379} INFO - Sync 1 DAGs
[2023-03-19 00:09:25,971] {logging_mixin.py:115} INFO - [2023-03-19 00:09:25,971] {dag.py:2931} INFO - Setting next_dagrun for data_ingestion_gcs_dag to 2023-03-19T00:00:00+00:00, run_after=2023-03-20T00:00:00+00:00
[2023-03-19 00:09:25,982] {processor.py:161} INFO - Processing /Users/eugene/Personal_Projects/Data_Project/app/airflow/dags/data_ingestion_gcs.py took 0.601 seconds
[2023-03-19 00:09:56,093] {processor.py:153} INFO - Started process (PID=481) to work on /Users/eugene/Personal_Projects/Data_Project/app/airflow/dags/data_ingestion_gcs.py
[2023-03-19 00:09:56,094] {processor.py:641} INFO - Processing file /Users/eugene/Personal_Projects/Data_Project/app/airflow/dags/data_ingestion_gcs.py for tasks to queue
[2023-03-19 00:09:56,096] {logging_mixin.py:115} INFO - [2023-03-19 00:09:56,096] {dagbag.py:507} INFO - Filling up the DagBag from /Users/eugene/Personal_Projects/Data_Project/app/airflow/dags/data_ingestion_gcs.py
[2023-03-19 00:09:56,617] {processor.py:651} INFO - DAG(s) dict_keys(['data_ingestion_gcs_dag']) retrieved from /Users/eugene/Personal_Projects/Data_Project/app/airflow/dags/data_ingestion_gcs.py
[2023-03-19 00:09:56,639] {logging_mixin.py:115} INFO - [2023-03-19 00:09:56,639] {dag.py:2379} INFO - Sync 1 DAGs
[2023-03-19 00:09:56,659] {logging_mixin.py:115} INFO - [2023-03-19 00:09:56,659] {dag.py:2931} INFO - Setting next_dagrun for data_ingestion_gcs_dag to 2023-03-19T00:00:00+00:00, run_after=2023-03-20T00:00:00+00:00
[2023-03-19 00:09:56,672] {processor.py:161} INFO - Processing /Users/eugene/Personal_Projects/Data_Project/app/airflow/dags/data_ingestion_gcs.py took 0.584 seconds
[2023-03-19 00:10:26,792] {processor.py:153} INFO - Started process (PID=487) to work on /Users/eugene/Personal_Projects/Data_Project/app/airflow/dags/data_ingestion_gcs.py
[2023-03-19 00:10:26,794] {processor.py:641} INFO - Processing file /Users/eugene/Personal_Projects/Data_Project/app/airflow/dags/data_ingestion_gcs.py for tasks to queue
[2023-03-19 00:10:26,795] {logging_mixin.py:115} INFO - [2023-03-19 00:10:26,795] {dagbag.py:507} INFO - Filling up the DagBag from /Users/eugene/Personal_Projects/Data_Project/app/airflow/dags/data_ingestion_gcs.py
[2023-03-19 00:10:27,237] {processor.py:651} INFO - DAG(s) dict_keys(['data_ingestion_gcs_dag']) retrieved from /Users/eugene/Personal_Projects/Data_Project/app/airflow/dags/data_ingestion_gcs.py
[2023-03-19 00:10:27,263] {logging_mixin.py:115} INFO - [2023-03-19 00:10:27,263] {dag.py:2379} INFO - Sync 1 DAGs
[2023-03-19 00:10:27,282] {logging_mixin.py:115} INFO - [2023-03-19 00:10:27,282] {dag.py:2931} INFO - Setting next_dagrun for data_ingestion_gcs_dag to 2023-03-19T00:00:00+00:00, run_after=2023-03-20T00:00:00+00:00
[2023-03-19 00:10:27,295] {processor.py:161} INFO - Processing /Users/eugene/Personal_Projects/Data_Project/app/airflow/dags/data_ingestion_gcs.py took 0.506 seconds
[2023-03-19 00:10:57,430] {processor.py:153} INFO - Started process (PID=493) to work on /Users/eugene/Personal_Projects/Data_Project/app/airflow/dags/data_ingestion_gcs.py
[2023-03-19 00:10:57,438] {processor.py:641} INFO - Processing file /Users/eugene/Personal_Projects/Data_Project/app/airflow/dags/data_ingestion_gcs.py for tasks to queue
[2023-03-19 00:10:57,442] {logging_mixin.py:115} INFO - [2023-03-19 00:10:57,441] {dagbag.py:507} INFO - Filling up the DagBag from /Users/eugene/Personal_Projects/Data_Project/app/airflow/dags/data_ingestion_gcs.py
[2023-03-19 00:10:58,225] {processor.py:651} INFO - DAG(s) dict_keys(['data_ingestion_gcs_dag']) retrieved from /Users/eugene/Personal_Projects/Data_Project/app/airflow/dags/data_ingestion_gcs.py
[2023-03-19 00:10:58,252] {logging_mixin.py:115} INFO - [2023-03-19 00:10:58,252] {dag.py:2379} INFO - Sync 1 DAGs
[2023-03-19 00:10:58,284] {logging_mixin.py:115} INFO - [2023-03-19 00:10:58,283] {dag.py:2931} INFO - Setting next_dagrun for data_ingestion_gcs_dag to 2023-03-19T00:00:00+00:00, run_after=2023-03-20T00:00:00+00:00
[2023-03-19 00:10:58,302] {processor.py:161} INFO - Processing /Users/eugene/Personal_Projects/Data_Project/app/airflow/dags/data_ingestion_gcs.py took 0.880 seconds
[2023-03-19 00:11:28,431] {processor.py:153} INFO - Started process (PID=499) to work on /Users/eugene/Personal_Projects/Data_Project/app/airflow/dags/data_ingestion_gcs.py
[2023-03-19 00:11:28,447] {processor.py:641} INFO - Processing file /Users/eugene/Personal_Projects/Data_Project/app/airflow/dags/data_ingestion_gcs.py for tasks to queue
[2023-03-19 00:11:28,454] {logging_mixin.py:115} INFO - [2023-03-19 00:11:28,453] {dagbag.py:507} INFO - Filling up the DagBag from /Users/eugene/Personal_Projects/Data_Project/app/airflow/dags/data_ingestion_gcs.py
[2023-03-19 00:11:29,200] {processor.py:651} INFO - DAG(s) dict_keys(['data_ingestion_gcs_dag']) retrieved from /Users/eugene/Personal_Projects/Data_Project/app/airflow/dags/data_ingestion_gcs.py
[2023-03-19 00:11:29,224] {logging_mixin.py:115} INFO - [2023-03-19 00:11:29,224] {dag.py:2379} INFO - Sync 1 DAGs
[2023-03-19 00:11:29,251] {logging_mixin.py:115} INFO - [2023-03-19 00:11:29,251] {dag.py:2931} INFO - Setting next_dagrun for data_ingestion_gcs_dag to 2023-03-19T00:00:00+00:00, run_after=2023-03-20T00:00:00+00:00
[2023-03-19 00:11:29,269] {processor.py:161} INFO - Processing /Users/eugene/Personal_Projects/Data_Project/app/airflow/dags/data_ingestion_gcs.py took 0.854 seconds
[2023-03-19 00:11:59,406] {processor.py:153} INFO - Started process (PID=505) to work on /Users/eugene/Personal_Projects/Data_Project/app/airflow/dags/data_ingestion_gcs.py
[2023-03-19 00:11:59,409] {processor.py:641} INFO - Processing file /Users/eugene/Personal_Projects/Data_Project/app/airflow/dags/data_ingestion_gcs.py for tasks to queue
[2023-03-19 00:11:59,411] {logging_mixin.py:115} INFO - [2023-03-19 00:11:59,411] {dagbag.py:507} INFO - Filling up the DagBag from /Users/eugene/Personal_Projects/Data_Project/app/airflow/dags/data_ingestion_gcs.py
[2023-03-19 00:11:59,963] {processor.py:651} INFO - DAG(s) dict_keys(['data_ingestion_gcs_dag']) retrieved from /Users/eugene/Personal_Projects/Data_Project/app/airflow/dags/data_ingestion_gcs.py
[2023-03-19 00:11:59,988] {logging_mixin.py:115} INFO - [2023-03-19 00:11:59,988] {dag.py:2379} INFO - Sync 1 DAGs
[2023-03-19 00:12:00,015] {logging_mixin.py:115} INFO - [2023-03-19 00:12:00,014] {dag.py:2931} INFO - Setting next_dagrun for data_ingestion_gcs_dag to 2023-03-19T00:00:00+00:00, run_after=2023-03-20T00:00:00+00:00
[2023-03-19 00:12:00,030] {processor.py:161} INFO - Processing /Users/eugene/Personal_Projects/Data_Project/app/airflow/dags/data_ingestion_gcs.py took 0.628 seconds
[2023-03-19 00:12:30,182] {processor.py:153} INFO - Started process (PID=511) to work on /Users/eugene/Personal_Projects/Data_Project/app/airflow/dags/data_ingestion_gcs.py
[2023-03-19 00:12:30,183] {processor.py:641} INFO - Processing file /Users/eugene/Personal_Projects/Data_Project/app/airflow/dags/data_ingestion_gcs.py for tasks to queue
[2023-03-19 00:12:30,185] {logging_mixin.py:115} INFO - [2023-03-19 00:12:30,185] {dagbag.py:507} INFO - Filling up the DagBag from /Users/eugene/Personal_Projects/Data_Project/app/airflow/dags/data_ingestion_gcs.py
[2023-03-19 00:12:30,706] {processor.py:651} INFO - DAG(s) dict_keys(['data_ingestion_gcs_dag']) retrieved from /Users/eugene/Personal_Projects/Data_Project/app/airflow/dags/data_ingestion_gcs.py
[2023-03-19 00:12:30,731] {logging_mixin.py:115} INFO - [2023-03-19 00:12:30,731] {dag.py:2379} INFO - Sync 1 DAGs
[2023-03-19 00:12:30,754] {logging_mixin.py:115} INFO - [2023-03-19 00:12:30,754] {dag.py:2931} INFO - Setting next_dagrun for data_ingestion_gcs_dag to 2023-03-19T00:00:00+00:00, run_after=2023-03-20T00:00:00+00:00
[2023-03-19 00:12:30,769] {processor.py:161} INFO - Processing /Users/eugene/Personal_Projects/Data_Project/app/airflow/dags/data_ingestion_gcs.py took 0.592 seconds
[2023-03-19 00:13:00,883] {processor.py:153} INFO - Started process (PID=517) to work on /Users/eugene/Personal_Projects/Data_Project/app/airflow/dags/data_ingestion_gcs.py
[2023-03-19 00:13:00,885] {processor.py:641} INFO - Processing file /Users/eugene/Personal_Projects/Data_Project/app/airflow/dags/data_ingestion_gcs.py for tasks to queue
[2023-03-19 00:13:00,887] {logging_mixin.py:115} INFO - [2023-03-19 00:13:00,886] {dagbag.py:507} INFO - Filling up the DagBag from /Users/eugene/Personal_Projects/Data_Project/app/airflow/dags/data_ingestion_gcs.py
[2023-03-19 00:13:01,373] {processor.py:651} INFO - DAG(s) dict_keys(['data_ingestion_gcs_dag']) retrieved from /Users/eugene/Personal_Projects/Data_Project/app/airflow/dags/data_ingestion_gcs.py
[2023-03-19 00:13:01,395] {logging_mixin.py:115} INFO - [2023-03-19 00:13:01,394] {dag.py:2379} INFO - Sync 1 DAGs
[2023-03-19 00:13:01,419] {logging_mixin.py:115} INFO - [2023-03-19 00:13:01,419] {dag.py:2931} INFO - Setting next_dagrun for data_ingestion_gcs_dag to 2023-03-19T00:00:00+00:00, run_after=2023-03-20T00:00:00+00:00
[2023-03-19 00:13:01,432] {processor.py:161} INFO - Processing /Users/eugene/Personal_Projects/Data_Project/app/airflow/dags/data_ingestion_gcs.py took 0.553 seconds
[2023-03-19 00:13:31,555] {processor.py:153} INFO - Started process (PID=523) to work on /Users/eugene/Personal_Projects/Data_Project/app/airflow/dags/data_ingestion_gcs.py
[2023-03-19 00:13:31,556] {processor.py:641} INFO - Processing file /Users/eugene/Personal_Projects/Data_Project/app/airflow/dags/data_ingestion_gcs.py for tasks to queue
[2023-03-19 00:13:31,558] {logging_mixin.py:115} INFO - [2023-03-19 00:13:31,558] {dagbag.py:507} INFO - Filling up the DagBag from /Users/eugene/Personal_Projects/Data_Project/app/airflow/dags/data_ingestion_gcs.py
[2023-03-19 00:13:32,096] {processor.py:651} INFO - DAG(s) dict_keys(['data_ingestion_gcs_dag']) retrieved from /Users/eugene/Personal_Projects/Data_Project/app/airflow/dags/data_ingestion_gcs.py
[2023-03-19 00:13:32,118] {logging_mixin.py:115} INFO - [2023-03-19 00:13:32,118] {dag.py:2379} INFO - Sync 1 DAGs
[2023-03-19 00:13:32,141] {logging_mixin.py:115} INFO - [2023-03-19 00:13:32,140] {dag.py:2931} INFO - Setting next_dagrun for data_ingestion_gcs_dag to 2023-03-19T00:00:00+00:00, run_after=2023-03-20T00:00:00+00:00
[2023-03-19 00:13:32,152] {processor.py:161} INFO - Processing /Users/eugene/Personal_Projects/Data_Project/app/airflow/dags/data_ingestion_gcs.py took 0.602 seconds
[2023-03-19 00:14:02,259] {processor.py:153} INFO - Started process (PID=529) to work on /Users/eugene/Personal_Projects/Data_Project/app/airflow/dags/data_ingestion_gcs.py
[2023-03-19 00:14:02,261] {processor.py:641} INFO - Processing file /Users/eugene/Personal_Projects/Data_Project/app/airflow/dags/data_ingestion_gcs.py for tasks to queue
[2023-03-19 00:14:02,262] {logging_mixin.py:115} INFO - [2023-03-19 00:14:02,262] {dagbag.py:507} INFO - Filling up the DagBag from /Users/eugene/Personal_Projects/Data_Project/app/airflow/dags/data_ingestion_gcs.py
[2023-03-19 00:14:02,795] {processor.py:651} INFO - DAG(s) dict_keys(['data_ingestion_gcs_dag']) retrieved from /Users/eugene/Personal_Projects/Data_Project/app/airflow/dags/data_ingestion_gcs.py
[2023-03-19 00:14:02,819] {logging_mixin.py:115} INFO - [2023-03-19 00:14:02,819] {dag.py:2379} INFO - Sync 1 DAGs
[2023-03-19 00:14:02,841] {logging_mixin.py:115} INFO - [2023-03-19 00:14:02,841] {dag.py:2931} INFO - Setting next_dagrun for data_ingestion_gcs_dag to 2023-03-19T00:00:00+00:00, run_after=2023-03-20T00:00:00+00:00
[2023-03-19 00:14:02,852] {processor.py:161} INFO - Processing /Users/eugene/Personal_Projects/Data_Project/app/airflow/dags/data_ingestion_gcs.py took 0.597 seconds
[2023-03-19 00:14:32,970] {processor.py:153} INFO - Started process (PID=535) to work on /Users/eugene/Personal_Projects/Data_Project/app/airflow/dags/data_ingestion_gcs.py
[2023-03-19 00:14:32,972] {processor.py:641} INFO - Processing file /Users/eugene/Personal_Projects/Data_Project/app/airflow/dags/data_ingestion_gcs.py for tasks to queue
[2023-03-19 00:14:32,973] {logging_mixin.py:115} INFO - [2023-03-19 00:14:32,973] {dagbag.py:507} INFO - Filling up the DagBag from /Users/eugene/Personal_Projects/Data_Project/app/airflow/dags/data_ingestion_gcs.py
[2023-03-19 00:14:33,467] {processor.py:651} INFO - DAG(s) dict_keys(['data_ingestion_gcs_dag']) retrieved from /Users/eugene/Personal_Projects/Data_Project/app/airflow/dags/data_ingestion_gcs.py
[2023-03-19 00:14:33,487] {logging_mixin.py:115} INFO - [2023-03-19 00:14:33,487] {dag.py:2379} INFO - Sync 1 DAGs
[2023-03-19 00:14:33,507] {logging_mixin.py:115} INFO - [2023-03-19 00:14:33,507] {dag.py:2931} INFO - Setting next_dagrun for data_ingestion_gcs_dag to 2023-03-19T00:00:00+00:00, run_after=2023-03-20T00:00:00+00:00
[2023-03-19 00:14:33,518] {processor.py:161} INFO - Processing /Users/eugene/Personal_Projects/Data_Project/app/airflow/dags/data_ingestion_gcs.py took 0.552 seconds
[2023-03-19 00:15:03,625] {processor.py:153} INFO - Started process (PID=541) to work on /Users/eugene/Personal_Projects/Data_Project/app/airflow/dags/data_ingestion_gcs.py
[2023-03-19 00:15:03,627] {processor.py:641} INFO - Processing file /Users/eugene/Personal_Projects/Data_Project/app/airflow/dags/data_ingestion_gcs.py for tasks to queue
[2023-03-19 00:15:03,628] {logging_mixin.py:115} INFO - [2023-03-19 00:15:03,628] {dagbag.py:507} INFO - Filling up the DagBag from /Users/eugene/Personal_Projects/Data_Project/app/airflow/dags/data_ingestion_gcs.py
[2023-03-19 00:15:04,113] {processor.py:651} INFO - DAG(s) dict_keys(['data_ingestion_gcs_dag']) retrieved from /Users/eugene/Personal_Projects/Data_Project/app/airflow/dags/data_ingestion_gcs.py
[2023-03-19 00:15:04,136] {logging_mixin.py:115} INFO - [2023-03-19 00:15:04,136] {dag.py:2379} INFO - Sync 1 DAGs
[2023-03-19 00:15:04,156] {logging_mixin.py:115} INFO - [2023-03-19 00:15:04,156] {dag.py:2931} INFO - Setting next_dagrun for data_ingestion_gcs_dag to 2023-03-19T00:00:00+00:00, run_after=2023-03-20T00:00:00+00:00
[2023-03-19 00:15:04,167] {processor.py:161} INFO - Processing /Users/eugene/Personal_Projects/Data_Project/app/airflow/dags/data_ingestion_gcs.py took 0.546 seconds
[2023-03-19 00:15:34,285] {processor.py:153} INFO - Started process (PID=547) to work on /Users/eugene/Personal_Projects/Data_Project/app/airflow/dags/data_ingestion_gcs.py
[2023-03-19 00:15:34,286] {processor.py:641} INFO - Processing file /Users/eugene/Personal_Projects/Data_Project/app/airflow/dags/data_ingestion_gcs.py for tasks to queue
[2023-03-19 00:15:34,288] {logging_mixin.py:115} INFO - [2023-03-19 00:15:34,288] {dagbag.py:507} INFO - Filling up the DagBag from /Users/eugene/Personal_Projects/Data_Project/app/airflow/dags/data_ingestion_gcs.py
[2023-03-19 00:15:34,843] {processor.py:651} INFO - DAG(s) dict_keys(['data_ingestion_gcs_dag']) retrieved from /Users/eugene/Personal_Projects/Data_Project/app/airflow/dags/data_ingestion_gcs.py
[2023-03-19 00:15:34,865] {logging_mixin.py:115} INFO - [2023-03-19 00:15:34,865] {dag.py:2379} INFO - Sync 1 DAGs
[2023-03-19 00:15:34,886] {logging_mixin.py:115} INFO - [2023-03-19 00:15:34,886] {dag.py:2931} INFO - Setting next_dagrun for data_ingestion_gcs_dag to 2023-03-19T00:00:00+00:00, run_after=2023-03-20T00:00:00+00:00
[2023-03-19 00:15:34,897] {processor.py:161} INFO - Processing /Users/eugene/Personal_Projects/Data_Project/app/airflow/dags/data_ingestion_gcs.py took 0.617 seconds
[2023-03-19 00:16:05,006] {processor.py:153} INFO - Started process (PID=553) to work on /Users/eugene/Personal_Projects/Data_Project/app/airflow/dags/data_ingestion_gcs.py
[2023-03-19 00:16:05,007] {processor.py:641} INFO - Processing file /Users/eugene/Personal_Projects/Data_Project/app/airflow/dags/data_ingestion_gcs.py for tasks to queue
[2023-03-19 00:16:05,009] {logging_mixin.py:115} INFO - [2023-03-19 00:16:05,009] {dagbag.py:507} INFO - Filling up the DagBag from /Users/eugene/Personal_Projects/Data_Project/app/airflow/dags/data_ingestion_gcs.py
[2023-03-19 00:16:05,519] {processor.py:651} INFO - DAG(s) dict_keys(['data_ingestion_gcs_dag']) retrieved from /Users/eugene/Personal_Projects/Data_Project/app/airflow/dags/data_ingestion_gcs.py
[2023-03-19 00:16:05,542] {logging_mixin.py:115} INFO - [2023-03-19 00:16:05,542] {dag.py:2379} INFO - Sync 1 DAGs
[2023-03-19 00:16:05,563] {logging_mixin.py:115} INFO - [2023-03-19 00:16:05,563] {dag.py:2931} INFO - Setting next_dagrun for data_ingestion_gcs_dag to 2023-03-19T00:00:00+00:00, run_after=2023-03-20T00:00:00+00:00
[2023-03-19 00:16:05,574] {processor.py:161} INFO - Processing /Users/eugene/Personal_Projects/Data_Project/app/airflow/dags/data_ingestion_gcs.py took 0.573 seconds
[2023-03-19 00:16:35,706] {processor.py:153} INFO - Started process (PID=559) to work on /Users/eugene/Personal_Projects/Data_Project/app/airflow/dags/data_ingestion_gcs.py
[2023-03-19 00:16:35,709] {processor.py:641} INFO - Processing file /Users/eugene/Personal_Projects/Data_Project/app/airflow/dags/data_ingestion_gcs.py for tasks to queue
[2023-03-19 00:16:35,710] {logging_mixin.py:115} INFO - [2023-03-19 00:16:35,710] {dagbag.py:507} INFO - Filling up the DagBag from /Users/eugene/Personal_Projects/Data_Project/app/airflow/dags/data_ingestion_gcs.py
[2023-03-19 00:16:36,189] {processor.py:651} INFO - DAG(s) dict_keys(['data_ingestion_gcs_dag']) retrieved from /Users/eugene/Personal_Projects/Data_Project/app/airflow/dags/data_ingestion_gcs.py
[2023-03-19 00:16:36,212] {logging_mixin.py:115} INFO - [2023-03-19 00:16:36,211] {dag.py:2379} INFO - Sync 1 DAGs
[2023-03-19 00:16:36,234] {logging_mixin.py:115} INFO - [2023-03-19 00:16:36,234] {dag.py:2931} INFO - Setting next_dagrun for data_ingestion_gcs_dag to 2023-03-19T00:00:00+00:00, run_after=2023-03-20T00:00:00+00:00
[2023-03-19 00:16:36,245] {processor.py:161} INFO - Processing /Users/eugene/Personal_Projects/Data_Project/app/airflow/dags/data_ingestion_gcs.py took 0.544 seconds
[2023-03-19 00:17:06,348] {processor.py:153} INFO - Started process (PID=565) to work on /Users/eugene/Personal_Projects/Data_Project/app/airflow/dags/data_ingestion_gcs.py
[2023-03-19 00:17:06,350] {processor.py:641} INFO - Processing file /Users/eugene/Personal_Projects/Data_Project/app/airflow/dags/data_ingestion_gcs.py for tasks to queue
[2023-03-19 00:17:06,351] {logging_mixin.py:115} INFO - [2023-03-19 00:17:06,351] {dagbag.py:507} INFO - Filling up the DagBag from /Users/eugene/Personal_Projects/Data_Project/app/airflow/dags/data_ingestion_gcs.py
[2023-03-19 00:17:06,835] {processor.py:651} INFO - DAG(s) dict_keys(['data_ingestion_gcs_dag']) retrieved from /Users/eugene/Personal_Projects/Data_Project/app/airflow/dags/data_ingestion_gcs.py
[2023-03-19 00:17:06,858] {logging_mixin.py:115} INFO - [2023-03-19 00:17:06,858] {dag.py:2379} INFO - Sync 1 DAGs
[2023-03-19 00:17:06,878] {logging_mixin.py:115} INFO - [2023-03-19 00:17:06,878] {dag.py:2931} INFO - Setting next_dagrun for data_ingestion_gcs_dag to 2023-03-19T00:00:00+00:00, run_after=2023-03-20T00:00:00+00:00
[2023-03-19 00:17:06,904] {processor.py:161} INFO - Processing /Users/eugene/Personal_Projects/Data_Project/app/airflow/dags/data_ingestion_gcs.py took 0.561 seconds
[2023-03-19 00:17:37,041] {processor.py:153} INFO - Started process (PID=571) to work on /Users/eugene/Personal_Projects/Data_Project/app/airflow/dags/data_ingestion_gcs.py
[2023-03-19 00:17:37,043] {processor.py:641} INFO - Processing file /Users/eugene/Personal_Projects/Data_Project/app/airflow/dags/data_ingestion_gcs.py for tasks to queue
[2023-03-19 00:17:37,044] {logging_mixin.py:115} INFO - [2023-03-19 00:17:37,044] {dagbag.py:507} INFO - Filling up the DagBag from /Users/eugene/Personal_Projects/Data_Project/app/airflow/dags/data_ingestion_gcs.py
[2023-03-19 00:17:37,520] {processor.py:651} INFO - DAG(s) dict_keys(['data_ingestion_gcs_dag']) retrieved from /Users/eugene/Personal_Projects/Data_Project/app/airflow/dags/data_ingestion_gcs.py
[2023-03-19 00:17:37,541] {logging_mixin.py:115} INFO - [2023-03-19 00:17:37,541] {dag.py:2379} INFO - Sync 1 DAGs
[2023-03-19 00:17:37,561] {logging_mixin.py:115} INFO - [2023-03-19 00:17:37,561] {dag.py:2931} INFO - Setting next_dagrun for data_ingestion_gcs_dag to 2023-03-19T00:00:00+00:00, run_after=2023-03-20T00:00:00+00:00
[2023-03-19 00:17:37,571] {processor.py:161} INFO - Processing /Users/eugene/Personal_Projects/Data_Project/app/airflow/dags/data_ingestion_gcs.py took 0.536 seconds
[2023-03-19 00:18:07,676] {processor.py:153} INFO - Started process (PID=577) to work on /Users/eugene/Personal_Projects/Data_Project/app/airflow/dags/data_ingestion_gcs.py
[2023-03-19 00:18:07,678] {processor.py:641} INFO - Processing file /Users/eugene/Personal_Projects/Data_Project/app/airflow/dags/data_ingestion_gcs.py for tasks to queue
[2023-03-19 00:18:07,680] {logging_mixin.py:115} INFO - [2023-03-19 00:18:07,679] {dagbag.py:507} INFO - Filling up the DagBag from /Users/eugene/Personal_Projects/Data_Project/app/airflow/dags/data_ingestion_gcs.py
[2023-03-19 00:18:08,152] {processor.py:651} INFO - DAG(s) dict_keys(['data_ingestion_gcs_dag']) retrieved from /Users/eugene/Personal_Projects/Data_Project/app/airflow/dags/data_ingestion_gcs.py
[2023-03-19 00:18:08,176] {logging_mixin.py:115} INFO - [2023-03-19 00:18:08,175] {dag.py:2379} INFO - Sync 1 DAGs
[2023-03-19 00:18:08,196] {logging_mixin.py:115} INFO - [2023-03-19 00:18:08,196] {dag.py:2931} INFO - Setting next_dagrun for data_ingestion_gcs_dag to 2023-03-19T00:00:00+00:00, run_after=2023-03-20T00:00:00+00:00
[2023-03-19 00:18:08,207] {processor.py:161} INFO - Processing /Users/eugene/Personal_Projects/Data_Project/app/airflow/dags/data_ingestion_gcs.py took 0.536 seconds
[2023-03-19 00:18:38,334] {processor.py:153} INFO - Started process (PID=583) to work on /Users/eugene/Personal_Projects/Data_Project/app/airflow/dags/data_ingestion_gcs.py
[2023-03-19 00:18:38,338] {processor.py:641} INFO - Processing file /Users/eugene/Personal_Projects/Data_Project/app/airflow/dags/data_ingestion_gcs.py for tasks to queue
[2023-03-19 00:18:38,339] {logging_mixin.py:115} INFO - [2023-03-19 00:18:38,339] {dagbag.py:507} INFO - Filling up the DagBag from /Users/eugene/Personal_Projects/Data_Project/app/airflow/dags/data_ingestion_gcs.py
[2023-03-19 00:18:38,821] {processor.py:651} INFO - DAG(s) dict_keys(['data_ingestion_gcs_dag']) retrieved from /Users/eugene/Personal_Projects/Data_Project/app/airflow/dags/data_ingestion_gcs.py
[2023-03-19 00:18:38,842] {logging_mixin.py:115} INFO - [2023-03-19 00:18:38,842] {dag.py:2379} INFO - Sync 1 DAGs
[2023-03-19 00:18:38,862] {logging_mixin.py:115} INFO - [2023-03-19 00:18:38,862] {dag.py:2931} INFO - Setting next_dagrun for data_ingestion_gcs_dag to 2023-03-19T00:00:00+00:00, run_after=2023-03-20T00:00:00+00:00
[2023-03-19 00:18:38,874] {processor.py:161} INFO - Processing /Users/eugene/Personal_Projects/Data_Project/app/airflow/dags/data_ingestion_gcs.py took 0.544 seconds
[2023-03-19 00:19:08,977] {processor.py:153} INFO - Started process (PID=589) to work on /Users/eugene/Personal_Projects/Data_Project/app/airflow/dags/data_ingestion_gcs.py
[2023-03-19 00:19:08,979] {processor.py:641} INFO - Processing file /Users/eugene/Personal_Projects/Data_Project/app/airflow/dags/data_ingestion_gcs.py for tasks to queue
[2023-03-19 00:19:08,980] {logging_mixin.py:115} INFO - [2023-03-19 00:19:08,980] {dagbag.py:507} INFO - Filling up the DagBag from /Users/eugene/Personal_Projects/Data_Project/app/airflow/dags/data_ingestion_gcs.py
[2023-03-19 00:19:09,468] {processor.py:651} INFO - DAG(s) dict_keys(['data_ingestion_gcs_dag']) retrieved from /Users/eugene/Personal_Projects/Data_Project/app/airflow/dags/data_ingestion_gcs.py
[2023-03-19 00:19:09,489] {logging_mixin.py:115} INFO - [2023-03-19 00:19:09,489] {dag.py:2379} INFO - Sync 1 DAGs
[2023-03-19 00:19:09,509] {logging_mixin.py:115} INFO - [2023-03-19 00:19:09,509] {dag.py:2931} INFO - Setting next_dagrun for data_ingestion_gcs_dag to 2023-03-19T00:00:00+00:00, run_after=2023-03-20T00:00:00+00:00
[2023-03-19 00:19:09,521] {processor.py:161} INFO - Processing /Users/eugene/Personal_Projects/Data_Project/app/airflow/dags/data_ingestion_gcs.py took 0.548 seconds
[2023-03-19 00:19:39,659] {processor.py:153} INFO - Started process (PID=595) to work on /Users/eugene/Personal_Projects/Data_Project/app/airflow/dags/data_ingestion_gcs.py
[2023-03-19 00:19:39,661] {processor.py:641} INFO - Processing file /Users/eugene/Personal_Projects/Data_Project/app/airflow/dags/data_ingestion_gcs.py for tasks to queue
[2023-03-19 00:19:39,663] {logging_mixin.py:115} INFO - [2023-03-19 00:19:39,663] {dagbag.py:507} INFO - Filling up the DagBag from /Users/eugene/Personal_Projects/Data_Project/app/airflow/dags/data_ingestion_gcs.py
[2023-03-19 00:19:40,157] {processor.py:651} INFO - DAG(s) dict_keys(['data_ingestion_gcs_dag']) retrieved from /Users/eugene/Personal_Projects/Data_Project/app/airflow/dags/data_ingestion_gcs.py
[2023-03-19 00:19:40,180] {logging_mixin.py:115} INFO - [2023-03-19 00:19:40,180] {dag.py:2379} INFO - Sync 1 DAGs
[2023-03-19 00:19:40,200] {logging_mixin.py:115} INFO - [2023-03-19 00:19:40,200] {dag.py:2931} INFO - Setting next_dagrun for data_ingestion_gcs_dag to 2023-03-19T00:00:00+00:00, run_after=2023-03-20T00:00:00+00:00
[2023-03-19 00:19:40,213] {processor.py:161} INFO - Processing /Users/eugene/Personal_Projects/Data_Project/app/airflow/dags/data_ingestion_gcs.py took 0.558 seconds
[2023-03-19 00:20:10,320] {processor.py:153} INFO - Started process (PID=601) to work on /Users/eugene/Personal_Projects/Data_Project/app/airflow/dags/data_ingestion_gcs.py
[2023-03-19 00:20:10,325] {processor.py:641} INFO - Processing file /Users/eugene/Personal_Projects/Data_Project/app/airflow/dags/data_ingestion_gcs.py for tasks to queue
[2023-03-19 00:20:10,327] {logging_mixin.py:115} INFO - [2023-03-19 00:20:10,327] {dagbag.py:507} INFO - Filling up the DagBag from /Users/eugene/Personal_Projects/Data_Project/app/airflow/dags/data_ingestion_gcs.py
[2023-03-19 00:20:10,800] {processor.py:651} INFO - DAG(s) dict_keys(['data_ingestion_gcs_dag']) retrieved from /Users/eugene/Personal_Projects/Data_Project/app/airflow/dags/data_ingestion_gcs.py
[2023-03-19 00:20:10,824] {logging_mixin.py:115} INFO - [2023-03-19 00:20:10,823] {dag.py:2379} INFO - Sync 1 DAGs
[2023-03-19 00:20:10,859] {logging_mixin.py:115} INFO - [2023-03-19 00:20:10,858] {dag.py:2931} INFO - Setting next_dagrun for data_ingestion_gcs_dag to 2023-03-19T00:00:00+00:00, run_after=2023-03-20T00:00:00+00:00
[2023-03-19 00:20:10,874] {processor.py:161} INFO - Processing /Users/eugene/Personal_Projects/Data_Project/app/airflow/dags/data_ingestion_gcs.py took 0.558 seconds
[2023-03-19 00:20:41,006] {processor.py:153} INFO - Started process (PID=607) to work on /Users/eugene/Personal_Projects/Data_Project/app/airflow/dags/data_ingestion_gcs.py
[2023-03-19 00:20:41,008] {processor.py:641} INFO - Processing file /Users/eugene/Personal_Projects/Data_Project/app/airflow/dags/data_ingestion_gcs.py for tasks to queue
[2023-03-19 00:20:41,009] {logging_mixin.py:115} INFO - [2023-03-19 00:20:41,009] {dagbag.py:507} INFO - Filling up the DagBag from /Users/eugene/Personal_Projects/Data_Project/app/airflow/dags/data_ingestion_gcs.py
[2023-03-19 00:20:41,499] {processor.py:651} INFO - DAG(s) dict_keys(['data_ingestion_gcs_dag']) retrieved from /Users/eugene/Personal_Projects/Data_Project/app/airflow/dags/data_ingestion_gcs.py
[2023-03-19 00:20:41,522] {logging_mixin.py:115} INFO - [2023-03-19 00:20:41,521] {dag.py:2379} INFO - Sync 1 DAGs
[2023-03-19 00:20:41,542] {logging_mixin.py:115} INFO - [2023-03-19 00:20:41,542] {dag.py:2931} INFO - Setting next_dagrun for data_ingestion_gcs_dag to 2023-03-19T00:00:00+00:00, run_after=2023-03-20T00:00:00+00:00
[2023-03-19 00:20:41,553] {processor.py:161} INFO - Processing /Users/eugene/Personal_Projects/Data_Project/app/airflow/dags/data_ingestion_gcs.py took 0.551 seconds
[2023-03-19 00:21:11,655] {processor.py:153} INFO - Started process (PID=613) to work on /Users/eugene/Personal_Projects/Data_Project/app/airflow/dags/data_ingestion_gcs.py
[2023-03-19 00:21:11,656] {processor.py:641} INFO - Processing file /Users/eugene/Personal_Projects/Data_Project/app/airflow/dags/data_ingestion_gcs.py for tasks to queue
[2023-03-19 00:21:11,658] {logging_mixin.py:115} INFO - [2023-03-19 00:21:11,658] {dagbag.py:507} INFO - Filling up the DagBag from /Users/eugene/Personal_Projects/Data_Project/app/airflow/dags/data_ingestion_gcs.py
[2023-03-19 00:21:12,179] {processor.py:651} INFO - DAG(s) dict_keys(['data_ingestion_gcs_dag']) retrieved from /Users/eugene/Personal_Projects/Data_Project/app/airflow/dags/data_ingestion_gcs.py
[2023-03-19 00:21:12,205] {logging_mixin.py:115} INFO - [2023-03-19 00:21:12,204] {dag.py:2379} INFO - Sync 1 DAGs
[2023-03-19 00:21:12,227] {logging_mixin.py:115} INFO - [2023-03-19 00:21:12,227] {dag.py:2931} INFO - Setting next_dagrun for data_ingestion_gcs_dag to 2023-03-19T00:00:00+00:00, run_after=2023-03-20T00:00:00+00:00
[2023-03-19 00:21:12,243] {processor.py:161} INFO - Processing /Users/eugene/Personal_Projects/Data_Project/app/airflow/dags/data_ingestion_gcs.py took 0.593 seconds
[2023-03-19 00:21:42,378] {processor.py:153} INFO - Started process (PID=619) to work on /Users/eugene/Personal_Projects/Data_Project/app/airflow/dags/data_ingestion_gcs.py
[2023-03-19 00:21:42,379] {processor.py:641} INFO - Processing file /Users/eugene/Personal_Projects/Data_Project/app/airflow/dags/data_ingestion_gcs.py for tasks to queue
[2023-03-19 00:21:42,381] {logging_mixin.py:115} INFO - [2023-03-19 00:21:42,381] {dagbag.py:507} INFO - Filling up the DagBag from /Users/eugene/Personal_Projects/Data_Project/app/airflow/dags/data_ingestion_gcs.py
[2023-03-19 00:21:42,856] {processor.py:651} INFO - DAG(s) dict_keys(['data_ingestion_gcs_dag']) retrieved from /Users/eugene/Personal_Projects/Data_Project/app/airflow/dags/data_ingestion_gcs.py
[2023-03-19 00:21:42,879] {logging_mixin.py:115} INFO - [2023-03-19 00:21:42,878] {dag.py:2379} INFO - Sync 1 DAGs
[2023-03-19 00:21:42,900] {logging_mixin.py:115} INFO - [2023-03-19 00:21:42,899] {dag.py:2931} INFO - Setting next_dagrun for data_ingestion_gcs_dag to 2023-03-19T00:00:00+00:00, run_after=2023-03-20T00:00:00+00:00
[2023-03-19 00:21:42,913] {processor.py:161} INFO - Processing /Users/eugene/Personal_Projects/Data_Project/app/airflow/dags/data_ingestion_gcs.py took 0.540 seconds
[2023-03-19 00:22:13,018] {processor.py:153} INFO - Started process (PID=625) to work on /Users/eugene/Personal_Projects/Data_Project/app/airflow/dags/data_ingestion_gcs.py
[2023-03-19 00:22:13,020] {processor.py:641} INFO - Processing file /Users/eugene/Personal_Projects/Data_Project/app/airflow/dags/data_ingestion_gcs.py for tasks to queue
[2023-03-19 00:22:13,021] {logging_mixin.py:115} INFO - [2023-03-19 00:22:13,021] {dagbag.py:507} INFO - Filling up the DagBag from /Users/eugene/Personal_Projects/Data_Project/app/airflow/dags/data_ingestion_gcs.py
[2023-03-19 00:22:13,512] {processor.py:651} INFO - DAG(s) dict_keys(['data_ingestion_gcs_dag']) retrieved from /Users/eugene/Personal_Projects/Data_Project/app/airflow/dags/data_ingestion_gcs.py
[2023-03-19 00:22:13,535] {logging_mixin.py:115} INFO - [2023-03-19 00:22:13,534] {dag.py:2379} INFO - Sync 1 DAGs
[2023-03-19 00:22:13,556] {logging_mixin.py:115} INFO - [2023-03-19 00:22:13,556] {dag.py:2931} INFO - Setting next_dagrun for data_ingestion_gcs_dag to 2023-03-19T00:00:00+00:00, run_after=2023-03-20T00:00:00+00:00
[2023-03-19 00:22:13,566] {processor.py:161} INFO - Processing /Users/eugene/Personal_Projects/Data_Project/app/airflow/dags/data_ingestion_gcs.py took 0.552 seconds
[2023-03-19 00:22:43,694] {processor.py:153} INFO - Started process (PID=631) to work on /Users/eugene/Personal_Projects/Data_Project/app/airflow/dags/data_ingestion_gcs.py
[2023-03-19 00:22:43,696] {processor.py:641} INFO - Processing file /Users/eugene/Personal_Projects/Data_Project/app/airflow/dags/data_ingestion_gcs.py for tasks to queue
[2023-03-19 00:22:43,698] {logging_mixin.py:115} INFO - [2023-03-19 00:22:43,697] {dagbag.py:507} INFO - Filling up the DagBag from /Users/eugene/Personal_Projects/Data_Project/app/airflow/dags/data_ingestion_gcs.py
[2023-03-19 00:22:44,171] {processor.py:651} INFO - DAG(s) dict_keys(['data_ingestion_gcs_dag']) retrieved from /Users/eugene/Personal_Projects/Data_Project/app/airflow/dags/data_ingestion_gcs.py
[2023-03-19 00:22:44,193] {logging_mixin.py:115} INFO - [2023-03-19 00:22:44,193] {dag.py:2379} INFO - Sync 1 DAGs
[2023-03-19 00:22:44,214] {logging_mixin.py:115} INFO - [2023-03-19 00:22:44,214] {dag.py:2931} INFO - Setting next_dagrun for data_ingestion_gcs_dag to 2023-03-19T00:00:00+00:00, run_after=2023-03-20T00:00:00+00:00
[2023-03-19 00:22:44,226] {processor.py:161} INFO - Processing /Users/eugene/Personal_Projects/Data_Project/app/airflow/dags/data_ingestion_gcs.py took 0.536 seconds
[2023-03-19 00:23:14,330] {processor.py:153} INFO - Started process (PID=637) to work on /Users/eugene/Personal_Projects/Data_Project/app/airflow/dags/data_ingestion_gcs.py
[2023-03-19 00:23:14,332] {processor.py:641} INFO - Processing file /Users/eugene/Personal_Projects/Data_Project/app/airflow/dags/data_ingestion_gcs.py for tasks to queue
[2023-03-19 00:23:14,333] {logging_mixin.py:115} INFO - [2023-03-19 00:23:14,333] {dagbag.py:507} INFO - Filling up the DagBag from /Users/eugene/Personal_Projects/Data_Project/app/airflow/dags/data_ingestion_gcs.py
[2023-03-19 00:23:14,824] {processor.py:651} INFO - DAG(s) dict_keys(['data_ingestion_gcs_dag']) retrieved from /Users/eugene/Personal_Projects/Data_Project/app/airflow/dags/data_ingestion_gcs.py
[2023-03-19 00:23:14,845] {logging_mixin.py:115} INFO - [2023-03-19 00:23:14,845] {dag.py:2379} INFO - Sync 1 DAGs
[2023-03-19 00:23:14,867] {logging_mixin.py:115} INFO - [2023-03-19 00:23:14,866] {dag.py:2931} INFO - Setting next_dagrun for data_ingestion_gcs_dag to 2023-03-19T00:00:00+00:00, run_after=2023-03-20T00:00:00+00:00
[2023-03-19 00:23:14,877] {processor.py:161} INFO - Processing /Users/eugene/Personal_Projects/Data_Project/app/airflow/dags/data_ingestion_gcs.py took 0.550 seconds
[2023-03-19 00:23:45,003] {processor.py:153} INFO - Started process (PID=643) to work on /Users/eugene/Personal_Projects/Data_Project/app/airflow/dags/data_ingestion_gcs.py
[2023-03-19 00:23:45,004] {processor.py:641} INFO - Processing file /Users/eugene/Personal_Projects/Data_Project/app/airflow/dags/data_ingestion_gcs.py for tasks to queue
[2023-03-19 00:23:45,005] {logging_mixin.py:115} INFO - [2023-03-19 00:23:45,005] {dagbag.py:507} INFO - Filling up the DagBag from /Users/eugene/Personal_Projects/Data_Project/app/airflow/dags/data_ingestion_gcs.py
[2023-03-19 00:23:45,486] {processor.py:651} INFO - DAG(s) dict_keys(['data_ingestion_gcs_dag']) retrieved from /Users/eugene/Personal_Projects/Data_Project/app/airflow/dags/data_ingestion_gcs.py
[2023-03-19 00:23:45,507] {logging_mixin.py:115} INFO - [2023-03-19 00:23:45,507] {dag.py:2379} INFO - Sync 1 DAGs
[2023-03-19 00:23:45,528] {logging_mixin.py:115} INFO - [2023-03-19 00:23:45,528] {dag.py:2931} INFO - Setting next_dagrun for data_ingestion_gcs_dag to 2023-03-19T00:00:00+00:00, run_after=2023-03-20T00:00:00+00:00
[2023-03-19 00:23:45,540] {processor.py:161} INFO - Processing /Users/eugene/Personal_Projects/Data_Project/app/airflow/dags/data_ingestion_gcs.py took 0.541 seconds
[2023-03-19 00:24:15,651] {processor.py:153} INFO - Started process (PID=649) to work on /Users/eugene/Personal_Projects/Data_Project/app/airflow/dags/data_ingestion_gcs.py
[2023-03-19 00:24:15,652] {processor.py:641} INFO - Processing file /Users/eugene/Personal_Projects/Data_Project/app/airflow/dags/data_ingestion_gcs.py for tasks to queue
[2023-03-19 00:24:15,654] {logging_mixin.py:115} INFO - [2023-03-19 00:24:15,654] {dagbag.py:507} INFO - Filling up the DagBag from /Users/eugene/Personal_Projects/Data_Project/app/airflow/dags/data_ingestion_gcs.py
[2023-03-19 00:24:16,132] {processor.py:651} INFO - DAG(s) dict_keys(['data_ingestion_gcs_dag']) retrieved from /Users/eugene/Personal_Projects/Data_Project/app/airflow/dags/data_ingestion_gcs.py
[2023-03-19 00:24:16,156] {logging_mixin.py:115} INFO - [2023-03-19 00:24:16,156] {dag.py:2379} INFO - Sync 1 DAGs
[2023-03-19 00:24:16,175] {logging_mixin.py:115} INFO - [2023-03-19 00:24:16,175] {dag.py:2931} INFO - Setting next_dagrun for data_ingestion_gcs_dag to 2023-03-19T00:00:00+00:00, run_after=2023-03-20T00:00:00+00:00
[2023-03-19 00:24:16,186] {processor.py:161} INFO - Processing /Users/eugene/Personal_Projects/Data_Project/app/airflow/dags/data_ingestion_gcs.py took 0.540 seconds
[2023-03-19 00:24:46,318] {processor.py:153} INFO - Started process (PID=655) to work on /Users/eugene/Personal_Projects/Data_Project/app/airflow/dags/data_ingestion_gcs.py
[2023-03-19 00:24:46,319] {processor.py:641} INFO - Processing file /Users/eugene/Personal_Projects/Data_Project/app/airflow/dags/data_ingestion_gcs.py for tasks to queue
[2023-03-19 00:24:46,320] {logging_mixin.py:115} INFO - [2023-03-19 00:24:46,320] {dagbag.py:507} INFO - Filling up the DagBag from /Users/eugene/Personal_Projects/Data_Project/app/airflow/dags/data_ingestion_gcs.py
[2023-03-19 00:24:46,799] {processor.py:651} INFO - DAG(s) dict_keys(['data_ingestion_gcs_dag']) retrieved from /Users/eugene/Personal_Projects/Data_Project/app/airflow/dags/data_ingestion_gcs.py
[2023-03-19 00:24:46,822] {logging_mixin.py:115} INFO - [2023-03-19 00:24:46,822] {dag.py:2379} INFO - Sync 1 DAGs
[2023-03-19 00:24:46,842] {logging_mixin.py:115} INFO - [2023-03-19 00:24:46,842] {dag.py:2931} INFO - Setting next_dagrun for data_ingestion_gcs_dag to 2023-03-19T00:00:00+00:00, run_after=2023-03-20T00:00:00+00:00
[2023-03-19 00:24:46,854] {processor.py:161} INFO - Processing /Users/eugene/Personal_Projects/Data_Project/app/airflow/dags/data_ingestion_gcs.py took 0.541 seconds
[2023-03-19 00:25:16,965] {processor.py:153} INFO - Started process (PID=661) to work on /Users/eugene/Personal_Projects/Data_Project/app/airflow/dags/data_ingestion_gcs.py
[2023-03-19 00:25:16,967] {processor.py:641} INFO - Processing file /Users/eugene/Personal_Projects/Data_Project/app/airflow/dags/data_ingestion_gcs.py for tasks to queue
[2023-03-19 00:25:16,969] {logging_mixin.py:115} INFO - [2023-03-19 00:25:16,969] {dagbag.py:507} INFO - Filling up the DagBag from /Users/eugene/Personal_Projects/Data_Project/app/airflow/dags/data_ingestion_gcs.py
[2023-03-19 00:25:17,444] {processor.py:651} INFO - DAG(s) dict_keys(['data_ingestion_gcs_dag']) retrieved from /Users/eugene/Personal_Projects/Data_Project/app/airflow/dags/data_ingestion_gcs.py
[2023-03-19 00:25:17,466] {logging_mixin.py:115} INFO - [2023-03-19 00:25:17,465] {dag.py:2379} INFO - Sync 1 DAGs
[2023-03-19 00:25:17,485] {logging_mixin.py:115} INFO - [2023-03-19 00:25:17,485] {dag.py:2931} INFO - Setting next_dagrun for data_ingestion_gcs_dag to 2023-03-19T00:00:00+00:00, run_after=2023-03-20T00:00:00+00:00
[2023-03-19 00:25:17,497] {processor.py:161} INFO - Processing /Users/eugene/Personal_Projects/Data_Project/app/airflow/dags/data_ingestion_gcs.py took 0.536 seconds
[2023-03-19 00:25:47,621] {processor.py:153} INFO - Started process (PID=667) to work on /Users/eugene/Personal_Projects/Data_Project/app/airflow/dags/data_ingestion_gcs.py
[2023-03-19 00:25:47,623] {processor.py:641} INFO - Processing file /Users/eugene/Personal_Projects/Data_Project/app/airflow/dags/data_ingestion_gcs.py for tasks to queue
[2023-03-19 00:25:47,624] {logging_mixin.py:115} INFO - [2023-03-19 00:25:47,624] {dagbag.py:507} INFO - Filling up the DagBag from /Users/eugene/Personal_Projects/Data_Project/app/airflow/dags/data_ingestion_gcs.py
[2023-03-19 00:25:48,098] {processor.py:651} INFO - DAG(s) dict_keys(['data_ingestion_gcs_dag']) retrieved from /Users/eugene/Personal_Projects/Data_Project/app/airflow/dags/data_ingestion_gcs.py
[2023-03-19 00:25:48,119] {logging_mixin.py:115} INFO - [2023-03-19 00:25:48,119] {dag.py:2379} INFO - Sync 1 DAGs
[2023-03-19 00:25:48,140] {logging_mixin.py:115} INFO - [2023-03-19 00:25:48,139] {dag.py:2931} INFO - Setting next_dagrun for data_ingestion_gcs_dag to 2023-03-19T00:00:00+00:00, run_after=2023-03-20T00:00:00+00:00
[2023-03-19 00:25:48,152] {processor.py:161} INFO - Processing /Users/eugene/Personal_Projects/Data_Project/app/airflow/dags/data_ingestion_gcs.py took 0.535 seconds
[2023-03-19 00:26:18,257] {processor.py:153} INFO - Started process (PID=673) to work on /Users/eugene/Personal_Projects/Data_Project/app/airflow/dags/data_ingestion_gcs.py
[2023-03-19 00:26:18,259] {processor.py:641} INFO - Processing file /Users/eugene/Personal_Projects/Data_Project/app/airflow/dags/data_ingestion_gcs.py for tasks to queue
[2023-03-19 00:26:18,260] {logging_mixin.py:115} INFO - [2023-03-19 00:26:18,260] {dagbag.py:507} INFO - Filling up the DagBag from /Users/eugene/Personal_Projects/Data_Project/app/airflow/dags/data_ingestion_gcs.py
[2023-03-19 00:26:18,733] {processor.py:651} INFO - DAG(s) dict_keys(['data_ingestion_gcs_dag']) retrieved from /Users/eugene/Personal_Projects/Data_Project/app/airflow/dags/data_ingestion_gcs.py
[2023-03-19 00:26:18,756] {logging_mixin.py:115} INFO - [2023-03-19 00:26:18,756] {dag.py:2379} INFO - Sync 1 DAGs
[2023-03-19 00:26:18,776] {logging_mixin.py:115} INFO - [2023-03-19 00:26:18,776] {dag.py:2931} INFO - Setting next_dagrun for data_ingestion_gcs_dag to 2023-03-19T00:00:00+00:00, run_after=2023-03-20T00:00:00+00:00
[2023-03-19 00:26:18,787] {processor.py:161} INFO - Processing /Users/eugene/Personal_Projects/Data_Project/app/airflow/dags/data_ingestion_gcs.py took 0.534 seconds
[2023-03-19 00:26:48,912] {processor.py:153} INFO - Started process (PID=679) to work on /Users/eugene/Personal_Projects/Data_Project/app/airflow/dags/data_ingestion_gcs.py
[2023-03-19 00:26:48,914] {processor.py:641} INFO - Processing file /Users/eugene/Personal_Projects/Data_Project/app/airflow/dags/data_ingestion_gcs.py for tasks to queue
[2023-03-19 00:26:48,915] {logging_mixin.py:115} INFO - [2023-03-19 00:26:48,915] {dagbag.py:507} INFO - Filling up the DagBag from /Users/eugene/Personal_Projects/Data_Project/app/airflow/dags/data_ingestion_gcs.py
[2023-03-19 00:26:49,392] {processor.py:651} INFO - DAG(s) dict_keys(['data_ingestion_gcs_dag']) retrieved from /Users/eugene/Personal_Projects/Data_Project/app/airflow/dags/data_ingestion_gcs.py
[2023-03-19 00:26:49,417] {logging_mixin.py:115} INFO - [2023-03-19 00:26:49,416] {dag.py:2379} INFO - Sync 1 DAGs
[2023-03-19 00:26:49,437] {logging_mixin.py:115} INFO - [2023-03-19 00:26:49,437] {dag.py:2931} INFO - Setting next_dagrun for data_ingestion_gcs_dag to 2023-03-19T00:00:00+00:00, run_after=2023-03-20T00:00:00+00:00
[2023-03-19 00:26:49,449] {processor.py:161} INFO - Processing /Users/eugene/Personal_Projects/Data_Project/app/airflow/dags/data_ingestion_gcs.py took 0.542 seconds
[2023-03-19 00:27:19,560] {processor.py:153} INFO - Started process (PID=685) to work on /Users/eugene/Personal_Projects/Data_Project/app/airflow/dags/data_ingestion_gcs.py
[2023-03-19 00:27:19,562] {processor.py:641} INFO - Processing file /Users/eugene/Personal_Projects/Data_Project/app/airflow/dags/data_ingestion_gcs.py for tasks to queue
[2023-03-19 00:27:19,563] {logging_mixin.py:115} INFO - [2023-03-19 00:27:19,563] {dagbag.py:507} INFO - Filling up the DagBag from /Users/eugene/Personal_Projects/Data_Project/app/airflow/dags/data_ingestion_gcs.py
[2023-03-19 00:27:20,047] {processor.py:651} INFO - DAG(s) dict_keys(['data_ingestion_gcs_dag']) retrieved from /Users/eugene/Personal_Projects/Data_Project/app/airflow/dags/data_ingestion_gcs.py
[2023-03-19 00:27:20,069] {logging_mixin.py:115} INFO - [2023-03-19 00:27:20,068] {dag.py:2379} INFO - Sync 1 DAGs
[2023-03-19 00:27:20,088] {logging_mixin.py:115} INFO - [2023-03-19 00:27:20,088] {dag.py:2931} INFO - Setting next_dagrun for data_ingestion_gcs_dag to 2023-03-19T00:00:00+00:00, run_after=2023-03-20T00:00:00+00:00
[2023-03-19 00:27:20,101] {processor.py:161} INFO - Processing /Users/eugene/Personal_Projects/Data_Project/app/airflow/dags/data_ingestion_gcs.py took 0.546 seconds
[2023-03-19 00:27:50,224] {processor.py:153} INFO - Started process (PID=691) to work on /Users/eugene/Personal_Projects/Data_Project/app/airflow/dags/data_ingestion_gcs.py
[2023-03-19 00:27:50,226] {processor.py:641} INFO - Processing file /Users/eugene/Personal_Projects/Data_Project/app/airflow/dags/data_ingestion_gcs.py for tasks to queue
[2023-03-19 00:27:50,227] {logging_mixin.py:115} INFO - [2023-03-19 00:27:50,227] {dagbag.py:507} INFO - Filling up the DagBag from /Users/eugene/Personal_Projects/Data_Project/app/airflow/dags/data_ingestion_gcs.py
[2023-03-19 00:27:50,707] {processor.py:651} INFO - DAG(s) dict_keys(['data_ingestion_gcs_dag']) retrieved from /Users/eugene/Personal_Projects/Data_Project/app/airflow/dags/data_ingestion_gcs.py
[2023-03-19 00:27:50,728] {logging_mixin.py:115} INFO - [2023-03-19 00:27:50,728] {dag.py:2379} INFO - Sync 1 DAGs
[2023-03-19 00:27:50,748] {logging_mixin.py:115} INFO - [2023-03-19 00:27:50,748] {dag.py:2931} INFO - Setting next_dagrun for data_ingestion_gcs_dag to 2023-03-19T00:00:00+00:00, run_after=2023-03-20T00:00:00+00:00
[2023-03-19 00:27:50,761] {processor.py:161} INFO - Processing /Users/eugene/Personal_Projects/Data_Project/app/airflow/dags/data_ingestion_gcs.py took 0.541 seconds
[2023-03-19 00:28:20,868] {processor.py:153} INFO - Started process (PID=697) to work on /Users/eugene/Personal_Projects/Data_Project/app/airflow/dags/data_ingestion_gcs.py
[2023-03-19 00:28:20,870] {processor.py:641} INFO - Processing file /Users/eugene/Personal_Projects/Data_Project/app/airflow/dags/data_ingestion_gcs.py for tasks to queue
[2023-03-19 00:28:20,871] {logging_mixin.py:115} INFO - [2023-03-19 00:28:20,871] {dagbag.py:507} INFO - Filling up the DagBag from /Users/eugene/Personal_Projects/Data_Project/app/airflow/dags/data_ingestion_gcs.py
[2023-03-19 00:28:21,351] {processor.py:651} INFO - DAG(s) dict_keys(['data_ingestion_gcs_dag']) retrieved from /Users/eugene/Personal_Projects/Data_Project/app/airflow/dags/data_ingestion_gcs.py
[2023-03-19 00:28:21,373] {logging_mixin.py:115} INFO - [2023-03-19 00:28:21,373] {dag.py:2379} INFO - Sync 1 DAGs
[2023-03-19 00:28:21,394] {logging_mixin.py:115} INFO - [2023-03-19 00:28:21,394] {dag.py:2931} INFO - Setting next_dagrun for data_ingestion_gcs_dag to 2023-03-19T00:00:00+00:00, run_after=2023-03-20T00:00:00+00:00
[2023-03-19 00:28:21,408] {processor.py:161} INFO - Processing /Users/eugene/Personal_Projects/Data_Project/app/airflow/dags/data_ingestion_gcs.py took 0.544 seconds
[2023-03-19 00:28:51,536] {processor.py:153} INFO - Started process (PID=703) to work on /Users/eugene/Personal_Projects/Data_Project/app/airflow/dags/data_ingestion_gcs.py
[2023-03-19 00:28:51,538] {processor.py:641} INFO - Processing file /Users/eugene/Personal_Projects/Data_Project/app/airflow/dags/data_ingestion_gcs.py for tasks to queue
[2023-03-19 00:28:51,539] {logging_mixin.py:115} INFO - [2023-03-19 00:28:51,539] {dagbag.py:507} INFO - Filling up the DagBag from /Users/eugene/Personal_Projects/Data_Project/app/airflow/dags/data_ingestion_gcs.py
[2023-03-19 00:28:52,024] {processor.py:651} INFO - DAG(s) dict_keys(['data_ingestion_gcs_dag']) retrieved from /Users/eugene/Personal_Projects/Data_Project/app/airflow/dags/data_ingestion_gcs.py
[2023-03-19 00:28:52,047] {logging_mixin.py:115} INFO - [2023-03-19 00:28:52,047] {dag.py:2379} INFO - Sync 1 DAGs
[2023-03-19 00:28:52,066] {logging_mixin.py:115} INFO - [2023-03-19 00:28:52,066] {dag.py:2931} INFO - Setting next_dagrun for data_ingestion_gcs_dag to 2023-03-19T00:00:00+00:00, run_after=2023-03-20T00:00:00+00:00
[2023-03-19 00:28:52,078] {processor.py:161} INFO - Processing /Users/eugene/Personal_Projects/Data_Project/app/airflow/dags/data_ingestion_gcs.py took 0.545 seconds
[2023-03-19 00:29:22,186] {processor.py:153} INFO - Started process (PID=709) to work on /Users/eugene/Personal_Projects/Data_Project/app/airflow/dags/data_ingestion_gcs.py
[2023-03-19 00:29:22,188] {processor.py:641} INFO - Processing file /Users/eugene/Personal_Projects/Data_Project/app/airflow/dags/data_ingestion_gcs.py for tasks to queue
[2023-03-19 00:29:22,191] {logging_mixin.py:115} INFO - [2023-03-19 00:29:22,191] {dagbag.py:507} INFO - Filling up the DagBag from /Users/eugene/Personal_Projects/Data_Project/app/airflow/dags/data_ingestion_gcs.py
[2023-03-19 00:29:22,783] {processor.py:651} INFO - DAG(s) dict_keys(['data_ingestion_gcs_dag']) retrieved from /Users/eugene/Personal_Projects/Data_Project/app/airflow/dags/data_ingestion_gcs.py
[2023-03-19 00:29:22,808] {logging_mixin.py:115} INFO - [2023-03-19 00:29:22,808] {dag.py:2379} INFO - Sync 1 DAGs
[2023-03-19 00:29:22,833] {logging_mixin.py:115} INFO - [2023-03-19 00:29:22,833] {dag.py:2931} INFO - Setting next_dagrun for data_ingestion_gcs_dag to 2023-03-19T00:00:00+00:00, run_after=2023-03-20T00:00:00+00:00
[2023-03-19 00:29:22,847] {processor.py:161} INFO - Processing /Users/eugene/Personal_Projects/Data_Project/app/airflow/dags/data_ingestion_gcs.py took 0.665 seconds
[2023-03-19 00:29:52,975] {processor.py:153} INFO - Started process (PID=715) to work on /Users/eugene/Personal_Projects/Data_Project/app/airflow/dags/data_ingestion_gcs.py
[2023-03-19 00:29:52,977] {processor.py:641} INFO - Processing file /Users/eugene/Personal_Projects/Data_Project/app/airflow/dags/data_ingestion_gcs.py for tasks to queue
[2023-03-19 00:29:52,978] {logging_mixin.py:115} INFO - [2023-03-19 00:29:52,978] {dagbag.py:507} INFO - Filling up the DagBag from /Users/eugene/Personal_Projects/Data_Project/app/airflow/dags/data_ingestion_gcs.py
[2023-03-19 00:29:53,580] {processor.py:651} INFO - DAG(s) dict_keys(['data_ingestion_gcs_dag']) retrieved from /Users/eugene/Personal_Projects/Data_Project/app/airflow/dags/data_ingestion_gcs.py
[2023-03-19 00:29:53,603] {logging_mixin.py:115} INFO - [2023-03-19 00:29:53,602] {dag.py:2379} INFO - Sync 1 DAGs
[2023-03-19 00:29:53,625] {logging_mixin.py:115} INFO - [2023-03-19 00:29:53,625] {dag.py:2931} INFO - Setting next_dagrun for data_ingestion_gcs_dag to 2023-03-19T00:00:00+00:00, run_after=2023-03-20T00:00:00+00:00
[2023-03-19 00:29:53,638] {processor.py:161} INFO - Processing /Users/eugene/Personal_Projects/Data_Project/app/airflow/dags/data_ingestion_gcs.py took 0.668 seconds
[2023-03-19 00:30:23,749] {processor.py:153} INFO - Started process (PID=721) to work on /Users/eugene/Personal_Projects/Data_Project/app/airflow/dags/data_ingestion_gcs.py
[2023-03-19 00:30:23,751] {processor.py:641} INFO - Processing file /Users/eugene/Personal_Projects/Data_Project/app/airflow/dags/data_ingestion_gcs.py for tasks to queue
[2023-03-19 00:30:23,752] {logging_mixin.py:115} INFO - [2023-03-19 00:30:23,752] {dagbag.py:507} INFO - Filling up the DagBag from /Users/eugene/Personal_Projects/Data_Project/app/airflow/dags/data_ingestion_gcs.py
[2023-03-19 00:30:24,368] {processor.py:651} INFO - DAG(s) dict_keys(['data_ingestion_gcs_dag']) retrieved from /Users/eugene/Personal_Projects/Data_Project/app/airflow/dags/data_ingestion_gcs.py
[2023-03-19 00:30:24,393] {logging_mixin.py:115} INFO - [2023-03-19 00:30:24,393] {dag.py:2379} INFO - Sync 1 DAGs
[2023-03-19 00:30:24,417] {logging_mixin.py:115} INFO - [2023-03-19 00:30:24,417] {dag.py:2931} INFO - Setting next_dagrun for data_ingestion_gcs_dag to 2023-03-19T00:00:00+00:00, run_after=2023-03-20T00:00:00+00:00
[2023-03-19 00:30:24,432] {processor.py:161} INFO - Processing /Users/eugene/Personal_Projects/Data_Project/app/airflow/dags/data_ingestion_gcs.py took 0.687 seconds
[2023-03-19 00:30:54,547] {processor.py:153} INFO - Started process (PID=727) to work on /Users/eugene/Personal_Projects/Data_Project/app/airflow/dags/data_ingestion_gcs.py
[2023-03-19 00:30:54,548] {processor.py:641} INFO - Processing file /Users/eugene/Personal_Projects/Data_Project/app/airflow/dags/data_ingestion_gcs.py for tasks to queue
[2023-03-19 00:30:54,550] {logging_mixin.py:115} INFO - [2023-03-19 00:30:54,550] {dagbag.py:507} INFO - Filling up the DagBag from /Users/eugene/Personal_Projects/Data_Project/app/airflow/dags/data_ingestion_gcs.py
[2023-03-19 00:30:55,151] {processor.py:651} INFO - DAG(s) dict_keys(['data_ingestion_gcs_dag']) retrieved from /Users/eugene/Personal_Projects/Data_Project/app/airflow/dags/data_ingestion_gcs.py
[2023-03-19 00:30:55,176] {logging_mixin.py:115} INFO - [2023-03-19 00:30:55,176] {dag.py:2379} INFO - Sync 1 DAGs
[2023-03-19 00:30:55,200] {logging_mixin.py:115} INFO - [2023-03-19 00:30:55,199] {dag.py:2931} INFO - Setting next_dagrun for data_ingestion_gcs_dag to 2023-03-19T00:00:00+00:00, run_after=2023-03-20T00:00:00+00:00
[2023-03-19 00:30:55,213] {processor.py:161} INFO - Processing /Users/eugene/Personal_Projects/Data_Project/app/airflow/dags/data_ingestion_gcs.py took 0.670 seconds
[2023-03-19 00:31:25,346] {processor.py:153} INFO - Started process (PID=733) to work on /Users/eugene/Personal_Projects/Data_Project/app/airflow/dags/data_ingestion_gcs.py
[2023-03-19 00:31:25,348] {processor.py:641} INFO - Processing file /Users/eugene/Personal_Projects/Data_Project/app/airflow/dags/data_ingestion_gcs.py for tasks to queue
[2023-03-19 00:31:25,350] {logging_mixin.py:115} INFO - [2023-03-19 00:31:25,349] {dagbag.py:507} INFO - Filling up the DagBag from /Users/eugene/Personal_Projects/Data_Project/app/airflow/dags/data_ingestion_gcs.py
[2023-03-19 00:31:25,956] {processor.py:651} INFO - DAG(s) dict_keys(['data_ingestion_gcs_dag']) retrieved from /Users/eugene/Personal_Projects/Data_Project/app/airflow/dags/data_ingestion_gcs.py
[2023-03-19 00:31:25,980] {logging_mixin.py:115} INFO - [2023-03-19 00:31:25,979] {dag.py:2379} INFO - Sync 1 DAGs
[2023-03-19 00:31:26,005] {logging_mixin.py:115} INFO - [2023-03-19 00:31:26,004] {dag.py:2931} INFO - Setting next_dagrun for data_ingestion_gcs_dag to 2023-03-19T00:00:00+00:00, run_after=2023-03-20T00:00:00+00:00
[2023-03-19 00:31:26,021] {processor.py:161} INFO - Processing /Users/eugene/Personal_Projects/Data_Project/app/airflow/dags/data_ingestion_gcs.py took 0.680 seconds
[2023-03-19 00:31:56,145] {processor.py:153} INFO - Started process (PID=739) to work on /Users/eugene/Personal_Projects/Data_Project/app/airflow/dags/data_ingestion_gcs.py
[2023-03-19 00:31:56,147] {processor.py:641} INFO - Processing file /Users/eugene/Personal_Projects/Data_Project/app/airflow/dags/data_ingestion_gcs.py for tasks to queue
[2023-03-19 00:31:56,149] {logging_mixin.py:115} INFO - [2023-03-19 00:31:56,149] {dagbag.py:507} INFO - Filling up the DagBag from /Users/eugene/Personal_Projects/Data_Project/app/airflow/dags/data_ingestion_gcs.py
[2023-03-19 00:31:56,752] {processor.py:651} INFO - DAG(s) dict_keys(['data_ingestion_gcs_dag']) retrieved from /Users/eugene/Personal_Projects/Data_Project/app/airflow/dags/data_ingestion_gcs.py
[2023-03-19 00:31:56,784] {logging_mixin.py:115} INFO - [2023-03-19 00:31:56,783] {dag.py:2379} INFO - Sync 1 DAGs
[2023-03-19 00:31:56,820] {logging_mixin.py:115} INFO - [2023-03-19 00:31:56,820] {dag.py:2931} INFO - Setting next_dagrun for data_ingestion_gcs_dag to 2023-03-19T00:00:00+00:00, run_after=2023-03-20T00:00:00+00:00
[2023-03-19 00:31:56,838] {processor.py:161} INFO - Processing /Users/eugene/Personal_Projects/Data_Project/app/airflow/dags/data_ingestion_gcs.py took 0.697 seconds
[2023-03-19 00:32:26,953] {processor.py:153} INFO - Started process (PID=745) to work on /Users/eugene/Personal_Projects/Data_Project/app/airflow/dags/data_ingestion_gcs.py
[2023-03-19 00:32:26,954] {processor.py:641} INFO - Processing file /Users/eugene/Personal_Projects/Data_Project/app/airflow/dags/data_ingestion_gcs.py for tasks to queue
[2023-03-19 00:32:26,956] {logging_mixin.py:115} INFO - [2023-03-19 00:32:26,956] {dagbag.py:507} INFO - Filling up the DagBag from /Users/eugene/Personal_Projects/Data_Project/app/airflow/dags/data_ingestion_gcs.py
[2023-03-19 00:32:27,563] {processor.py:651} INFO - DAG(s) dict_keys(['data_ingestion_gcs_dag']) retrieved from /Users/eugene/Personal_Projects/Data_Project/app/airflow/dags/data_ingestion_gcs.py
[2023-03-19 00:32:27,588] {logging_mixin.py:115} INFO - [2023-03-19 00:32:27,587] {dag.py:2379} INFO - Sync 1 DAGs
[2023-03-19 00:32:27,612] {logging_mixin.py:115} INFO - [2023-03-19 00:32:27,611] {dag.py:2931} INFO - Setting next_dagrun for data_ingestion_gcs_dag to 2023-03-19T00:00:00+00:00, run_after=2023-03-20T00:00:00+00:00
[2023-03-19 00:32:27,625] {processor.py:161} INFO - Processing /Users/eugene/Personal_Projects/Data_Project/app/airflow/dags/data_ingestion_gcs.py took 0.677 seconds
[2023-03-19 00:32:57,748] {processor.py:153} INFO - Started process (PID=751) to work on /Users/eugene/Personal_Projects/Data_Project/app/airflow/dags/data_ingestion_gcs.py
[2023-03-19 00:32:57,750] {processor.py:641} INFO - Processing file /Users/eugene/Personal_Projects/Data_Project/app/airflow/dags/data_ingestion_gcs.py for tasks to queue
[2023-03-19 00:32:57,751] {logging_mixin.py:115} INFO - [2023-03-19 00:32:57,751] {dagbag.py:507} INFO - Filling up the DagBag from /Users/eugene/Personal_Projects/Data_Project/app/airflow/dags/data_ingestion_gcs.py
[2023-03-19 00:32:58,392] {processor.py:651} INFO - DAG(s) dict_keys(['data_ingestion_gcs_dag']) retrieved from /Users/eugene/Personal_Projects/Data_Project/app/airflow/dags/data_ingestion_gcs.py
[2023-03-19 00:32:58,417] {logging_mixin.py:115} INFO - [2023-03-19 00:32:58,417] {dag.py:2379} INFO - Sync 1 DAGs
[2023-03-19 00:32:58,442] {logging_mixin.py:115} INFO - [2023-03-19 00:32:58,442] {dag.py:2931} INFO - Setting next_dagrun for data_ingestion_gcs_dag to 2023-03-19T00:00:00+00:00, run_after=2023-03-20T00:00:00+00:00
[2023-03-19 00:32:58,458] {processor.py:161} INFO - Processing /Users/eugene/Personal_Projects/Data_Project/app/airflow/dags/data_ingestion_gcs.py took 0.715 seconds
[2023-03-19 00:33:28,582] {processor.py:153} INFO - Started process (PID=757) to work on /Users/eugene/Personal_Projects/Data_Project/app/airflow/dags/data_ingestion_gcs.py
[2023-03-19 00:33:28,583] {processor.py:641} INFO - Processing file /Users/eugene/Personal_Projects/Data_Project/app/airflow/dags/data_ingestion_gcs.py for tasks to queue
[2023-03-19 00:33:28,585] {logging_mixin.py:115} INFO - [2023-03-19 00:33:28,584] {dagbag.py:507} INFO - Filling up the DagBag from /Users/eugene/Personal_Projects/Data_Project/app/airflow/dags/data_ingestion_gcs.py
[2023-03-19 00:33:29,208] {processor.py:651} INFO - DAG(s) dict_keys(['data_ingestion_gcs_dag']) retrieved from /Users/eugene/Personal_Projects/Data_Project/app/airflow/dags/data_ingestion_gcs.py
[2023-03-19 00:33:29,244] {logging_mixin.py:115} INFO - [2023-03-19 00:33:29,243] {dag.py:2379} INFO - Sync 1 DAGs
[2023-03-19 00:33:29,275] {logging_mixin.py:115} INFO - [2023-03-19 00:33:29,275] {dag.py:2931} INFO - Setting next_dagrun for data_ingestion_gcs_dag to 2023-03-19T00:00:00+00:00, run_after=2023-03-20T00:00:00+00:00
[2023-03-19 00:33:29,300] {processor.py:161} INFO - Processing /Users/eugene/Personal_Projects/Data_Project/app/airflow/dags/data_ingestion_gcs.py took 0.724 seconds
[2023-03-19 00:33:59,418] {processor.py:153} INFO - Started process (PID=763) to work on /Users/eugene/Personal_Projects/Data_Project/app/airflow/dags/data_ingestion_gcs.py
[2023-03-19 00:33:59,420] {processor.py:641} INFO - Processing file /Users/eugene/Personal_Projects/Data_Project/app/airflow/dags/data_ingestion_gcs.py for tasks to queue
[2023-03-19 00:33:59,422] {logging_mixin.py:115} INFO - [2023-03-19 00:33:59,421] {dagbag.py:507} INFO - Filling up the DagBag from /Users/eugene/Personal_Projects/Data_Project/app/airflow/dags/data_ingestion_gcs.py
[2023-03-19 00:34:00,050] {processor.py:651} INFO - DAG(s) dict_keys(['data_ingestion_gcs_dag']) retrieved from /Users/eugene/Personal_Projects/Data_Project/app/airflow/dags/data_ingestion_gcs.py
[2023-03-19 00:34:00,072] {logging_mixin.py:115} INFO - [2023-03-19 00:34:00,072] {dag.py:2379} INFO - Sync 1 DAGs
[2023-03-19 00:34:00,093] {logging_mixin.py:115} INFO - [2023-03-19 00:34:00,093] {dag.py:2931} INFO - Setting next_dagrun for data_ingestion_gcs_dag to 2023-03-19T00:00:00+00:00, run_after=2023-03-20T00:00:00+00:00
[2023-03-19 00:34:00,104] {processor.py:161} INFO - Processing /Users/eugene/Personal_Projects/Data_Project/app/airflow/dags/data_ingestion_gcs.py took 0.692 seconds
[2023-03-19 00:34:30,225] {processor.py:153} INFO - Started process (PID=769) to work on /Users/eugene/Personal_Projects/Data_Project/app/airflow/dags/data_ingestion_gcs.py
[2023-03-19 00:34:30,227] {processor.py:641} INFO - Processing file /Users/eugene/Personal_Projects/Data_Project/app/airflow/dags/data_ingestion_gcs.py for tasks to queue
[2023-03-19 00:34:30,229] {logging_mixin.py:115} INFO - [2023-03-19 00:34:30,229] {dagbag.py:507} INFO - Filling up the DagBag from /Users/eugene/Personal_Projects/Data_Project/app/airflow/dags/data_ingestion_gcs.py
[2023-03-19 00:34:30,745] {processor.py:651} INFO - DAG(s) dict_keys(['data_ingestion_gcs_dag']) retrieved from /Users/eugene/Personal_Projects/Data_Project/app/airflow/dags/data_ingestion_gcs.py
[2023-03-19 00:34:30,769] {logging_mixin.py:115} INFO - [2023-03-19 00:34:30,769] {dag.py:2379} INFO - Sync 1 DAGs
[2023-03-19 00:34:30,793] {logging_mixin.py:115} INFO - [2023-03-19 00:34:30,793] {dag.py:2931} INFO - Setting next_dagrun for data_ingestion_gcs_dag to 2023-03-19T00:00:00+00:00, run_after=2023-03-20T00:00:00+00:00
[2023-03-19 00:34:30,808] {processor.py:161} INFO - Processing /Users/eugene/Personal_Projects/Data_Project/app/airflow/dags/data_ingestion_gcs.py took 0.588 seconds
[2023-03-19 00:35:00,910] {processor.py:153} INFO - Started process (PID=775) to work on /Users/eugene/Personal_Projects/Data_Project/app/airflow/dags/data_ingestion_gcs.py
[2023-03-19 00:35:00,912] {processor.py:641} INFO - Processing file /Users/eugene/Personal_Projects/Data_Project/app/airflow/dags/data_ingestion_gcs.py for tasks to queue
[2023-03-19 00:35:00,913] {logging_mixin.py:115} INFO - [2023-03-19 00:35:00,913] {dagbag.py:507} INFO - Filling up the DagBag from /Users/eugene/Personal_Projects/Data_Project/app/airflow/dags/data_ingestion_gcs.py
[2023-03-19 00:35:01,488] {processor.py:651} INFO - DAG(s) dict_keys(['data_ingestion_gcs_dag']) retrieved from /Users/eugene/Personal_Projects/Data_Project/app/airflow/dags/data_ingestion_gcs.py
[2023-03-19 00:35:01,509] {logging_mixin.py:115} INFO - [2023-03-19 00:35:01,509] {dag.py:2379} INFO - Sync 1 DAGs
[2023-03-19 00:35:01,529] {logging_mixin.py:115} INFO - [2023-03-19 00:35:01,529] {dag.py:2931} INFO - Setting next_dagrun for data_ingestion_gcs_dag to 2023-03-19T00:00:00+00:00, run_after=2023-03-20T00:00:00+00:00
[2023-03-19 00:35:01,542] {processor.py:161} INFO - Processing /Users/eugene/Personal_Projects/Data_Project/app/airflow/dags/data_ingestion_gcs.py took 0.637 seconds
[2023-03-19 00:35:31,615] {processor.py:153} INFO - Started process (PID=781) to work on /Users/eugene/Personal_Projects/Data_Project/app/airflow/dags/data_ingestion_gcs.py
[2023-03-19 00:35:31,616] {processor.py:641} INFO - Processing file /Users/eugene/Personal_Projects/Data_Project/app/airflow/dags/data_ingestion_gcs.py for tasks to queue
[2023-03-19 00:35:31,618] {logging_mixin.py:115} INFO - [2023-03-19 00:35:31,618] {dagbag.py:507} INFO - Filling up the DagBag from /Users/eugene/Personal_Projects/Data_Project/app/airflow/dags/data_ingestion_gcs.py
[2023-03-19 00:35:32,166] {processor.py:651} INFO - DAG(s) dict_keys(['data_ingestion_gcs_dag']) retrieved from /Users/eugene/Personal_Projects/Data_Project/app/airflow/dags/data_ingestion_gcs.py
[2023-03-19 00:35:32,186] {logging_mixin.py:115} INFO - [2023-03-19 00:35:32,186] {dag.py:2379} INFO - Sync 1 DAGs
[2023-03-19 00:35:32,206] {logging_mixin.py:115} INFO - [2023-03-19 00:35:32,206] {dag.py:2931} INFO - Setting next_dagrun for data_ingestion_gcs_dag to 2023-03-19T00:00:00+00:00, run_after=2023-03-20T00:00:00+00:00
[2023-03-19 00:35:32,220] {processor.py:161} INFO - Processing /Users/eugene/Personal_Projects/Data_Project/app/airflow/dags/data_ingestion_gcs.py took 0.609 seconds
