[2023-05-26 12:29:26,124] {taskinstance.py:1159} INFO - Dependencies all met for <TaskInstance: data_ingestion_gcs_dag.local_to_gcs_task scheduled__2023-05-24T00:00:00+00:00 [queued]>
[2023-05-26 12:29:26,140] {taskinstance.py:1159} INFO - Dependencies all met for <TaskInstance: data_ingestion_gcs_dag.local_to_gcs_task scheduled__2023-05-24T00:00:00+00:00 [queued]>
[2023-05-26 12:29:26,142] {taskinstance.py:1356} INFO - 
--------------------------------------------------------------------------------
[2023-05-26 12:29:26,143] {taskinstance.py:1357} INFO - Starting attempt 1 of 2
[2023-05-26 12:29:26,145] {taskinstance.py:1358} INFO - 
--------------------------------------------------------------------------------
[2023-05-26 12:29:26,164] {taskinstance.py:1377} INFO - Executing <Task(PythonOperator): local_to_gcs_task> on 2023-05-24 00:00:00+00:00
[2023-05-26 12:29:26,171] {standard_task_runner.py:52} INFO - Started process 309 to run task
[2023-05-26 12:29:26,177] {standard_task_runner.py:79} INFO - Running: ['***', 'tasks', 'run', 'data_ingestion_gcs_dag', 'local_to_gcs_task', 'scheduled__2023-05-24T00:00:00+00:00', '--job-id', '54', '--raw', '--subdir', 'DAGS_FOLDER/data_ingestion_gcs.py', '--cfg-path', '/tmp/tmp137436_l', '--error-file', '/tmp/tmp01mfurkm']
[2023-05-26 12:29:26,179] {standard_task_runner.py:80} INFO - Job 54: Subtask local_to_gcs_task
[2023-05-26 12:29:26,261] {task_command.py:370} INFO - Running <TaskInstance: data_ingestion_gcs_dag.local_to_gcs_task scheduled__2023-05-24T00:00:00+00:00 [running]> on host ca6ba07bb7b3
[2023-05-26 12:29:26,324] {logging_mixin.py:115} WARNING - /home/***/.local/lib/python3.7/site-packages/***/utils/context.py:202 AirflowContextDeprecationWarning: Accessing 'execution_date' from the template is deprecated and will be removed in a future version. Please use 'data_interval_start' or 'logical_date' instead.
[2023-05-26 12:29:26,383] {taskinstance.py:1571} INFO - Exporting the following env vars:
AIRFLOW_CTX_DAG_OWNER=***
AIRFLOW_CTX_DAG_ID=data_ingestion_gcs_dag
AIRFLOW_CTX_TASK_ID=local_to_gcs_task
AIRFLOW_CTX_EXECUTION_DATE=2023-05-24T00:00:00+00:00
AIRFLOW_CTX_TRY_NUMBER=1
AIRFLOW_CTX_DAG_RUN_ID=scheduled__2023-05-24T00:00:00+00:00
[2023-05-26 12:29:26,697] {python.py:173} INFO - Done. Returned value was: None
[2023-05-26 12:29:26,724] {taskinstance.py:1400} INFO - Marking task as SUCCESS. dag_id=data_ingestion_gcs_dag, task_id=local_to_gcs_task, execution_date=20230524T000000, start_date=20230526T122926, end_date=20230526T122926
[2023-05-26 12:29:26,753] {local_task_job.py:156} INFO - Task exited with return code 0
[2023-05-26 12:29:26,802] {local_task_job.py:273} INFO - 1 downstream tasks scheduled from follow-on schedule check
