[2023-05-23 20:26:32,064] {taskinstance.py:1159} INFO - Dependencies all met for <TaskInstance: data_ingestion_gcs_dag.download_dataset_task scheduled__2023-05-22T00:00:00+00:00 [queued]>
[2023-05-23 20:26:32,075] {taskinstance.py:1159} INFO - Dependencies all met for <TaskInstance: data_ingestion_gcs_dag.download_dataset_task scheduled__2023-05-22T00:00:00+00:00 [queued]>
[2023-05-23 20:26:32,077] {taskinstance.py:1356} INFO - 
--------------------------------------------------------------------------------
[2023-05-23 20:26:32,078] {taskinstance.py:1357} INFO - Starting attempt 1 of 2
[2023-05-23 20:26:32,079] {taskinstance.py:1358} INFO - 
--------------------------------------------------------------------------------
[2023-05-23 20:26:32,098] {taskinstance.py:1377} INFO - Executing <Task(BashOperator): download_dataset_task> on 2023-05-22 00:00:00+00:00
[2023-05-23 20:26:32,105] {standard_task_runner.py:52} INFO - Started process 206 to run task
[2023-05-23 20:26:32,113] {standard_task_runner.py:79} INFO - Running: ['***', 'tasks', 'run', 'data_ingestion_gcs_dag', 'download_dataset_task', 'scheduled__2023-05-22T00:00:00+00:00', '--job-id', '24', '--raw', '--subdir', 'DAGS_FOLDER/data_ingestion_gcs.py', '--cfg-path', '/tmp/tmp9gzhfw3m', '--error-file', '/tmp/tmpu_t04n_x']
[2023-05-23 20:26:32,116] {standard_task_runner.py:80} INFO - Job 24: Subtask download_dataset_task
[2023-05-23 20:26:32,243] {task_command.py:370} INFO - Running <TaskInstance: data_ingestion_gcs_dag.download_dataset_task scheduled__2023-05-22T00:00:00+00:00 [running]> on host bfd57a4116d5
[2023-05-23 20:26:32,377] {taskinstance.py:1571} INFO - Exporting the following env vars:
AIRFLOW_CTX_DAG_OWNER=***
AIRFLOW_CTX_DAG_ID=data_ingestion_gcs_dag
AIRFLOW_CTX_TASK_ID=download_dataset_task
AIRFLOW_CTX_EXECUTION_DATE=2023-05-22T00:00:00+00:00
AIRFLOW_CTX_TRY_NUMBER=1
AIRFLOW_CTX_DAG_RUN_ID=scheduled__2023-05-22T00:00:00+00:00
[2023-05-23 20:26:32,380] {subprocess.py:62} INFO - Tmp dir root location: 
 /tmp
[2023-05-23 20:26:32,383] {subprocess.py:74} INFO - Running command: ['bash', '-c', 'curl -sSL https://d37ci6vzurychx.cloudfront.net/trip-data/yellow_tripdata_2021-01.parquet > /Users/eugene/Personal_Projects/Data_Project/app/***/yellow_tripdata_2021-01.parquet']
[2023-05-23 20:26:32,396] {subprocess.py:85} INFO - Output:
[2023-05-23 20:26:33,728] {subprocess.py:96} INFO - Command exited with return code 0
[2023-05-23 20:26:33,777] {taskinstance.py:1400} INFO - Marking task as SUCCESS. dag_id=data_ingestion_gcs_dag, task_id=download_dataset_task, execution_date=20230522T000000, start_date=20230523T202632, end_date=20230523T202633
[2023-05-23 20:26:33,821] {local_task_job.py:156} INFO - Task exited with return code 0
[2023-05-23 20:26:33,876] {local_task_job.py:273} INFO - 1 downstream tasks scheduled from follow-on schedule check
