[2023-05-24 00:00:07,249] {taskinstance.py:1159} INFO - Dependencies all met for <TaskInstance: data_ingestion_gcs_dag.bigquery_external_table_task scheduled__2023-05-23T00:00:00+00:00 [queued]>
[2023-05-24 00:00:07,260] {taskinstance.py:1159} INFO - Dependencies all met for <TaskInstance: data_ingestion_gcs_dag.bigquery_external_table_task scheduled__2023-05-23T00:00:00+00:00 [queued]>
[2023-05-24 00:00:07,261] {taskinstance.py:1356} INFO - 
--------------------------------------------------------------------------------
[2023-05-24 00:00:07,262] {taskinstance.py:1357} INFO - Starting attempt 1 of 2
[2023-05-24 00:00:07,263] {taskinstance.py:1358} INFO - 
--------------------------------------------------------------------------------
[2023-05-24 00:00:07,277] {taskinstance.py:1377} INFO - Executing <Task(BigQueryCreateExternalTableOperator): bigquery_external_table_task> on 2023-05-23 00:00:00+00:00
[2023-05-24 00:00:07,283] {standard_task_runner.py:52} INFO - Started process 3610 to run task
[2023-05-24 00:00:07,287] {standard_task_runner.py:79} INFO - Running: ['***', 'tasks', 'run', 'data_ingestion_gcs_dag', 'bigquery_external_table_task', 'scheduled__2023-05-23T00:00:00+00:00', '--job-id', '50', '--raw', '--subdir', 'DAGS_FOLDER/data_ingestion_gcs.py', '--cfg-path', '/tmp/tmpy0k3l_sk', '--error-file', '/tmp/tmpt2gzjopv']
[2023-05-24 00:00:07,289] {standard_task_runner.py:80} INFO - Job 50: Subtask bigquery_external_table_task
[2023-05-24 00:00:07,351] {task_command.py:370} INFO - Running <TaskInstance: data_ingestion_gcs_dag.bigquery_external_table_task scheduled__2023-05-23T00:00:00+00:00 [running]> on host ca6ba07bb7b3
[2023-05-24 00:00:07,428] {taskinstance.py:1571} INFO - Exporting the following env vars:
AIRFLOW_CTX_DAG_OWNER=***
AIRFLOW_CTX_DAG_ID=data_ingestion_gcs_dag
AIRFLOW_CTX_TASK_ID=bigquery_external_table_task
AIRFLOW_CTX_EXECUTION_DATE=2023-05-23T00:00:00+00:00
AIRFLOW_CTX_TRY_NUMBER=1
AIRFLOW_CTX_DAG_RUN_ID=scheduled__2023-05-23T00:00:00+00:00
[2023-05-24 00:00:07,431] {crypto.py:82} WARNING - empty cryptography key - values will not be stored encrypted.
[2023-05-24 00:00:07,432] {base.py:68} INFO - Using connection ID 'google_cloud_default' for task execution.
[2023-05-24 00:00:07,882] {taskinstance.py:1400} INFO - Marking task as SUCCESS. dag_id=data_ingestion_gcs_dag, task_id=bigquery_external_table_task, execution_date=20230523T000000, start_date=20230524T000007, end_date=20230524T000007
[2023-05-24 00:00:07,904] {local_task_job.py:156} INFO - Task exited with return code 0
[2023-05-24 00:00:07,936] {local_task_job.py:273} INFO - 0 downstream tasks scheduled from follow-on schedule check
