[2023-06-03 22:38:25,412] {taskinstance.py:1159} INFO - Dependencies all met for <TaskInstance: data_ingestion_gcs_dag.local_to_gcs_task_yellow scheduled__2021-03-02T06:00:00+00:00 [queued]>
[2023-06-03 22:38:25,433] {taskinstance.py:1159} INFO - Dependencies all met for <TaskInstance: data_ingestion_gcs_dag.local_to_gcs_task_yellow scheduled__2021-03-02T06:00:00+00:00 [queued]>
[2023-06-03 22:38:25,436] {taskinstance.py:1356} INFO - 
--------------------------------------------------------------------------------
[2023-06-03 22:38:25,449] {taskinstance.py:1357} INFO - Starting attempt 1 of 2
[2023-06-03 22:38:25,458] {taskinstance.py:1358} INFO - 
--------------------------------------------------------------------------------
[2023-06-03 22:38:25,489] {taskinstance.py:1377} INFO - Executing <Task(PythonOperator): local_to_gcs_task_yellow> on 2021-03-02 06:00:00+00:00
[2023-06-03 22:38:25,497] {standard_task_runner.py:52} INFO - Started process 623 to run task
[2023-06-03 22:38:25,502] {standard_task_runner.py:79} INFO - Running: ['***', 'tasks', 'run', 'data_ingestion_gcs_dag', 'local_to_gcs_task_yellow', 'scheduled__2021-03-02T06:00:00+00:00', '--job-id', '124', '--raw', '--subdir', 'DAGS_FOLDER/data_ingestion_gcs.py', '--cfg-path', '/tmp/tmpbuhgkjq5', '--error-file', '/tmp/tmpx43w14fo']
[2023-06-03 22:38:25,505] {standard_task_runner.py:80} INFO - Job 124: Subtask local_to_gcs_task_yellow
[2023-06-03 22:38:25,640] {task_command.py:370} INFO - Running <TaskInstance: data_ingestion_gcs_dag.local_to_gcs_task_yellow scheduled__2021-03-02T06:00:00+00:00 [running]> on host ca6ba07bb7b3
[2023-06-03 22:38:25,696] {logging_mixin.py:115} WARNING - /home/***/.local/lib/python3.7/site-packages/***/utils/context.py:202 AirflowContextDeprecationWarning: Accessing 'execution_date' from the template is deprecated and will be removed in a future version. Please use 'data_interval_start' or 'logical_date' instead.
[2023-06-03 22:38:25,764] {taskinstance.py:1571} INFO - Exporting the following env vars:
AIRFLOW_CTX_DAG_OWNER=***
AIRFLOW_CTX_DAG_ID=data_ingestion_gcs_dag
AIRFLOW_CTX_TASK_ID=local_to_gcs_task_yellow
AIRFLOW_CTX_EXECUTION_DATE=2021-03-02T06:00:00+00:00
AIRFLOW_CTX_TRY_NUMBER=1
AIRFLOW_CTX_DAG_RUN_ID=scheduled__2021-03-02T06:00:00+00:00
[2023-06-03 22:38:35,624] {python.py:173} INFO - Done. Returned value was: None
[2023-06-03 22:38:35,659] {taskinstance.py:1400} INFO - Marking task as SUCCESS. dag_id=data_ingestion_gcs_dag, task_id=local_to_gcs_task_yellow, execution_date=20210302T060000, start_date=20230603T223825, end_date=20230603T223835
[2023-06-03 22:38:35,707] {local_task_job.py:221} WARNING - State of this instance has been externally set to success. Terminating instance.
[2023-06-03 22:38:35,711] {process_utils.py:129} INFO - Sending Signals.SIGTERM to group 623. PIDs of all processes in the group: [623]
[2023-06-03 22:38:35,713] {process_utils.py:80} INFO - Sending the signal Signals.SIGTERM to group 623
[2023-06-03 22:38:35,714] {process_utils.py:75} INFO - Process psutil.Process(pid=623, status='terminated', exitcode=0, started='22:38:25') (623) terminated with exit code 0
