[2023-03-18 23:49:07,958] {taskinstance.py:1159} INFO - Dependencies all met for <TaskInstance: data_ingestion_gcs_dag.download_dataset_task manual__2023-03-18T23:48:46.070373+00:00 [queued]>
[2023-03-18 23:49:07,968] {taskinstance.py:1159} INFO - Dependencies all met for <TaskInstance: data_ingestion_gcs_dag.download_dataset_task manual__2023-03-18T23:48:46.070373+00:00 [queued]>
[2023-03-18 23:49:07,969] {taskinstance.py:1356} INFO - 
--------------------------------------------------------------------------------
[2023-03-18 23:49:07,970] {taskinstance.py:1357} INFO - Starting attempt 1 of 2
[2023-03-18 23:49:07,971] {taskinstance.py:1358} INFO - 
--------------------------------------------------------------------------------
[2023-03-18 23:49:07,986] {taskinstance.py:1377} INFO - Executing <Task(BashOperator): download_dataset_task> on 2023-03-18 23:48:46.070373+00:00
[2023-03-18 23:49:07,993] {standard_task_runner.py:52} INFO - Started process 219 to run task
[2023-03-18 23:49:07,997] {standard_task_runner.py:79} INFO - Running: ['***', 'tasks', 'run', 'data_ingestion_gcs_dag', 'download_dataset_task', 'manual__2023-03-18T23:48:46.070373+00:00', '--job-id', '5', '--raw', '--subdir', 'DAGS_FOLDER/data_ingestion_gcs.py', '--cfg-path', '/tmp/tmp_hax8mmw', '--error-file', '/tmp/tmpznbp0yic']
[2023-03-18 23:49:07,999] {standard_task_runner.py:80} INFO - Job 5: Subtask download_dataset_task
[2023-03-18 23:49:08,063] {task_command.py:370} INFO - Running <TaskInstance: data_ingestion_gcs_dag.download_dataset_task manual__2023-03-18T23:48:46.070373+00:00 [running]> on host 3c67d305fd30
[2023-03-18 23:49:08,145] {taskinstance.py:1571} INFO - Exporting the following env vars:
AIRFLOW_CTX_DAG_OWNER=***
AIRFLOW_CTX_DAG_ID=data_ingestion_gcs_dag
AIRFLOW_CTX_TASK_ID=download_dataset_task
AIRFLOW_CTX_EXECUTION_DATE=2023-03-18T23:48:46.070373+00:00
AIRFLOW_CTX_TRY_NUMBER=1
AIRFLOW_CTX_DAG_RUN_ID=manual__2023-03-18T23:48:46.070373+00:00
[2023-03-18 23:49:08,148] {subprocess.py:62} INFO - Tmp dir root location: 
 /tmp
[2023-03-18 23:49:08,150] {subprocess.py:74} INFO - Running command: ['bash', '-c', 'curl -sSL https://d37ci6vzurychx.cloudfront.net/trip-data/yellow_tripdata_2021-01.parquet > /Users/eugene/Personal_Projects/Data_Project/app/***/yellow_tripdata_2021-01.parquet']
[2023-03-18 23:49:08,163] {subprocess.py:85} INFO - Output:
[2023-03-18 23:49:12,874] {subprocess.py:96} INFO - Command exited with return code 0
[2023-03-18 23:49:12,921] {taskinstance.py:1400} INFO - Marking task as SUCCESS. dag_id=data_ingestion_gcs_dag, task_id=download_dataset_task, execution_date=20230318T234846, start_date=20230318T234907, end_date=20230318T234912
[2023-03-18 23:49:12,954] {local_task_job.py:156} INFO - Task exited with return code 0
[2023-03-18 23:49:12,999] {local_task_job.py:273} INFO - 1 downstream tasks scheduled from follow-on schedule check
