[2023-05-22 14:29:05,524] {taskinstance.py:1159} INFO - Dependencies all met for <TaskInstance: data_ingestion_gcs_dag.download_dataset_task manual__2023-05-22T14:24:07.131291+00:00 [queued]>
[2023-05-22 14:29:05,535] {taskinstance.py:1159} INFO - Dependencies all met for <TaskInstance: data_ingestion_gcs_dag.download_dataset_task manual__2023-05-22T14:24:07.131291+00:00 [queued]>
[2023-05-22 14:29:05,537] {taskinstance.py:1356} INFO - 
--------------------------------------------------------------------------------
[2023-05-22 14:29:05,538] {taskinstance.py:1357} INFO - Starting attempt 1 of 2
[2023-05-22 14:29:05,539] {taskinstance.py:1358} INFO - 
--------------------------------------------------------------------------------
[2023-05-22 14:29:05,555] {taskinstance.py:1377} INFO - Executing <Task(BashOperator): download_dataset_task> on 2023-05-22 14:24:07.131291+00:00
[2023-05-22 14:29:05,561] {standard_task_runner.py:52} INFO - Started process 644 to run task
[2023-05-22 14:29:05,565] {standard_task_runner.py:79} INFO - Running: ['***', 'tasks', 'run', 'data_ingestion_gcs_dag', 'download_dataset_task', 'manual__2023-05-22T14:24:07.131291+00:00', '--job-id', '21', '--raw', '--subdir', 'DAGS_FOLDER/data_ingestion_gcs.py', '--cfg-path', '/tmp/tmpei4mujvk', '--error-file', '/tmp/tmplym_0c_o']
[2023-05-22 14:29:05,567] {standard_task_runner.py:80} INFO - Job 21: Subtask download_dataset_task
[2023-05-22 14:29:05,630] {task_command.py:370} INFO - Running <TaskInstance: data_ingestion_gcs_dag.download_dataset_task manual__2023-05-22T14:24:07.131291+00:00 [running]> on host bfd57a4116d5
[2023-05-22 14:29:05,711] {taskinstance.py:1571} INFO - Exporting the following env vars:
AIRFLOW_CTX_DAG_OWNER=***
AIRFLOW_CTX_DAG_ID=data_ingestion_gcs_dag
AIRFLOW_CTX_TASK_ID=download_dataset_task
AIRFLOW_CTX_EXECUTION_DATE=2023-05-22T14:24:07.131291+00:00
AIRFLOW_CTX_TRY_NUMBER=1
AIRFLOW_CTX_DAG_RUN_ID=manual__2023-05-22T14:24:07.131291+00:00
[2023-05-22 14:29:05,713] {subprocess.py:62} INFO - Tmp dir root location: 
 /tmp
[2023-05-22 14:29:05,715] {subprocess.py:74} INFO - Running command: ['bash', '-c', 'curl -sSL https://d37ci6vzurychx.cloudfront.net/trip-data/yellow_tripdata_2021-01.parquet > /Users/eugene/Personal_Projects/Data_Project/app/***/yellow_tripdata_2021-01.parquet']
[2023-05-22 14:29:05,728] {subprocess.py:85} INFO - Output:
[2023-05-22 14:29:10,470] {subprocess.py:96} INFO - Command exited with return code 0
[2023-05-22 14:29:10,515] {taskinstance.py:1400} INFO - Marking task as SUCCESS. dag_id=data_ingestion_gcs_dag, task_id=download_dataset_task, execution_date=20230522T142407, start_date=20230522T142905, end_date=20230522T142910
[2023-05-22 14:29:10,563] {local_task_job.py:156} INFO - Task exited with return code 0
[2023-05-22 14:29:10,608] {local_task_job.py:273} INFO - 1 downstream tasks scheduled from follow-on schedule check
