[2023-06-03 22:38:40,624] {taskinstance.py:1159} INFO - Dependencies all met for <TaskInstance: data_ingestion_gcs_dag.download_green_dataset_task scheduled__2021-04-02T06:00:00+00:00 [queued]>
[2023-06-03 22:38:40,636] {taskinstance.py:1159} INFO - Dependencies all met for <TaskInstance: data_ingestion_gcs_dag.download_green_dataset_task scheduled__2021-04-02T06:00:00+00:00 [queued]>
[2023-06-03 22:38:40,639] {taskinstance.py:1356} INFO - 
--------------------------------------------------------------------------------
[2023-06-03 22:38:40,640] {taskinstance.py:1357} INFO - Starting attempt 1 of 2
[2023-06-03 22:38:40,642] {taskinstance.py:1358} INFO - 
--------------------------------------------------------------------------------
[2023-06-03 22:38:40,697] {taskinstance.py:1377} INFO - Executing <Task(BashOperator): download_green_dataset_task> on 2021-04-02 06:00:00+00:00
[2023-06-03 22:38:40,705] {standard_task_runner.py:52} INFO - Started process 641 to run task
[2023-06-03 22:38:40,711] {standard_task_runner.py:79} INFO - Running: ['***', 'tasks', 'run', 'data_ingestion_gcs_dag', 'download_green_dataset_task', 'scheduled__2021-04-02T06:00:00+00:00', '--job-id', '127', '--raw', '--subdir', 'DAGS_FOLDER/data_ingestion_gcs.py', '--cfg-path', '/tmp/tmpa4om5p3l', '--error-file', '/tmp/tmpey0hzj71']
[2023-06-03 22:38:40,716] {standard_task_runner.py:80} INFO - Job 127: Subtask download_green_dataset_task
[2023-06-03 22:38:40,797] {task_command.py:370} INFO - Running <TaskInstance: data_ingestion_gcs_dag.download_green_dataset_task scheduled__2021-04-02T06:00:00+00:00 [running]> on host ca6ba07bb7b3
[2023-06-03 22:38:40,861] {logging_mixin.py:115} WARNING - /home/***/.local/lib/python3.7/site-packages/***/utils/context.py:202 AirflowContextDeprecationWarning: Accessing 'execution_date' from the template is deprecated and will be removed in a future version. Please use 'data_interval_start' or 'logical_date' instead.
[2023-06-03 22:38:40,908] {taskinstance.py:1571} INFO - Exporting the following env vars:
AIRFLOW_CTX_DAG_OWNER=***
AIRFLOW_CTX_DAG_ID=data_ingestion_gcs_dag
AIRFLOW_CTX_TASK_ID=download_green_dataset_task
AIRFLOW_CTX_EXECUTION_DATE=2021-04-02T06:00:00+00:00
AIRFLOW_CTX_TRY_NUMBER=1
AIRFLOW_CTX_DAG_RUN_ID=scheduled__2021-04-02T06:00:00+00:00
[2023-06-03 22:38:40,911] {subprocess.py:62} INFO - Tmp dir root location: 
 /tmp
[2023-06-03 22:38:40,913] {subprocess.py:74} INFO - Running command: ['bash', '-c', 'curl -sSL https://d37ci6vzurychx.cloudfront.net/trip-data/green_tripdata_2021-04.parquet > /Users/eugene/Personal_Projects/Data_Project/app/***/green_tripdata_2021-04.parquet']
[2023-06-03 22:38:40,928] {subprocess.py:85} INFO - Output:
[2023-06-03 22:38:41,991] {subprocess.py:96} INFO - Command exited with return code 0
[2023-06-03 22:38:42,022] {taskinstance.py:1400} INFO - Marking task as SUCCESS. dag_id=data_ingestion_gcs_dag, task_id=download_green_dataset_task, execution_date=20210402T060000, start_date=20230603T223840, end_date=20230603T223842
[2023-06-03 22:38:42,059] {local_task_job.py:156} INFO - Task exited with return code 0
[2023-06-03 22:38:42,100] {local_task_job.py:273} INFO - 1 downstream tasks scheduled from follow-on schedule check
