[2023-06-03 22:38:11,959] {taskinstance.py:1159} INFO - Dependencies all met for <TaskInstance: data_ingestion_gcs_dag.download_yellow_dataset_task scheduled__2021-03-02T06:00:00+00:00 [queued]>
[2023-06-03 22:38:11,980] {taskinstance.py:1159} INFO - Dependencies all met for <TaskInstance: data_ingestion_gcs_dag.download_yellow_dataset_task scheduled__2021-03-02T06:00:00+00:00 [queued]>
[2023-06-03 22:38:11,982] {taskinstance.py:1356} INFO - 
--------------------------------------------------------------------------------
[2023-06-03 22:38:11,984] {taskinstance.py:1357} INFO - Starting attempt 1 of 2
[2023-06-03 22:38:11,986] {taskinstance.py:1358} INFO - 
--------------------------------------------------------------------------------
[2023-06-03 22:38:12,007] {taskinstance.py:1377} INFO - Executing <Task(BashOperator): download_yellow_dataset_task> on 2021-03-02 06:00:00+00:00
[2023-06-03 22:38:12,014] {standard_task_runner.py:52} INFO - Started process 594 to run task
[2023-06-03 22:38:12,019] {standard_task_runner.py:79} INFO - Running: ['***', 'tasks', 'run', 'data_ingestion_gcs_dag', 'download_yellow_dataset_task', 'scheduled__2021-03-02T06:00:00+00:00', '--job-id', '120', '--raw', '--subdir', 'DAGS_FOLDER/data_ingestion_gcs.py', '--cfg-path', '/tmp/tmpt6xpdb8j', '--error-file', '/tmp/tmpm1t0bxzv']
[2023-06-03 22:38:12,022] {standard_task_runner.py:80} INFO - Job 120: Subtask download_yellow_dataset_task
[2023-06-03 22:38:12,095] {task_command.py:370} INFO - Running <TaskInstance: data_ingestion_gcs_dag.download_yellow_dataset_task scheduled__2021-03-02T06:00:00+00:00 [running]> on host ca6ba07bb7b3
[2023-06-03 22:38:12,163] {logging_mixin.py:115} WARNING - /home/***/.local/lib/python3.7/site-packages/***/utils/context.py:202 AirflowContextDeprecationWarning: Accessing 'execution_date' from the template is deprecated and will be removed in a future version. Please use 'data_interval_start' or 'logical_date' instead.
[2023-06-03 22:38:12,261] {taskinstance.py:1571} INFO - Exporting the following env vars:
AIRFLOW_CTX_DAG_OWNER=***
AIRFLOW_CTX_DAG_ID=data_ingestion_gcs_dag
AIRFLOW_CTX_TASK_ID=download_yellow_dataset_task
AIRFLOW_CTX_EXECUTION_DATE=2021-03-02T06:00:00+00:00
AIRFLOW_CTX_TRY_NUMBER=1
AIRFLOW_CTX_DAG_RUN_ID=scheduled__2021-03-02T06:00:00+00:00
[2023-06-03 22:38:12,266] {subprocess.py:62} INFO - Tmp dir root location: 
 /tmp
[2023-06-03 22:38:12,268] {subprocess.py:74} INFO - Running command: ['bash', '-c', 'curl -sSL https://d37ci6vzurychx.cloudfront.net/trip-data/yellow_tripdata_2021-03.parquet > /Users/eugene/Personal_Projects/Data_Project/app/***/yellow_tripdata_2021-03.parquet']
[2023-06-03 22:38:12,287] {subprocess.py:85} INFO - Output:
[2023-06-03 22:38:23,961] {subprocess.py:96} INFO - Command exited with return code 0
[2023-06-03 22:38:24,037] {taskinstance.py:1400} INFO - Marking task as SUCCESS. dag_id=data_ingestion_gcs_dag, task_id=download_yellow_dataset_task, execution_date=20210302T060000, start_date=20230603T223811, end_date=20230603T223824
[2023-06-03 22:38:24,082] {local_task_job.py:156} INFO - Task exited with return code 0
[2023-06-03 22:38:24,169] {local_task_job.py:273} INFO - 1 downstream tasks scheduled from follow-on schedule check
