[2023-03-18 23:48:49,403] {taskinstance.py:1159} INFO - Dependencies all met for <TaskInstance: data_ingestion_gcs_dag.download_dataset_task scheduled__2023-03-17T00:00:00+00:00 [queued]>
[2023-03-18 23:48:49,414] {taskinstance.py:1159} INFO - Dependencies all met for <TaskInstance: data_ingestion_gcs_dag.download_dataset_task scheduled__2023-03-17T00:00:00+00:00 [queued]>
[2023-03-18 23:48:49,417] {taskinstance.py:1356} INFO - 
--------------------------------------------------------------------------------
[2023-03-18 23:48:49,423] {taskinstance.py:1357} INFO - Starting attempt 1 of 2
[2023-03-18 23:48:49,424] {taskinstance.py:1358} INFO - 
--------------------------------------------------------------------------------
[2023-03-18 23:48:49,440] {taskinstance.py:1377} INFO - Executing <Task(BashOperator): download_dataset_task> on 2023-03-17 00:00:00+00:00
[2023-03-18 23:48:49,447] {standard_task_runner.py:52} INFO - Started process 201 to run task
[2023-03-18 23:48:49,451] {standard_task_runner.py:79} INFO - Running: ['***', 'tasks', 'run', 'data_ingestion_gcs_dag', 'download_dataset_task', 'scheduled__2023-03-17T00:00:00+00:00', '--job-id', '2', '--raw', '--subdir', 'DAGS_FOLDER/data_ingestion_gcs.py', '--cfg-path', '/tmp/tmpfiyomb9n', '--error-file', '/tmp/tmp4rheyx18']
[2023-03-18 23:48:49,453] {standard_task_runner.py:80} INFO - Job 2: Subtask download_dataset_task
[2023-03-18 23:48:49,508] {logging_mixin.py:115} WARNING - /home/***/.local/lib/python3.7/site-packages/***/configuration.py:525 DeprecationWarning: The sql_alchemy_conn option in [core] has been moved to the sql_alchemy_conn option in [database] - the old setting has been used, but please update your config.
[2023-03-18 23:48:49,683] {task_command.py:370} INFO - Running <TaskInstance: data_ingestion_gcs_dag.download_dataset_task scheduled__2023-03-17T00:00:00+00:00 [running]> on host 3c67d305fd30
[2023-03-18 23:48:49,781] {taskinstance.py:1571} INFO - Exporting the following env vars:
AIRFLOW_CTX_DAG_OWNER=***
AIRFLOW_CTX_DAG_ID=data_ingestion_gcs_dag
AIRFLOW_CTX_TASK_ID=download_dataset_task
AIRFLOW_CTX_EXECUTION_DATE=2023-03-17T00:00:00+00:00
AIRFLOW_CTX_TRY_NUMBER=1
AIRFLOW_CTX_DAG_RUN_ID=scheduled__2023-03-17T00:00:00+00:00
[2023-03-18 23:48:49,783] {subprocess.py:62} INFO - Tmp dir root location: 
 /tmp
[2023-03-18 23:48:49,785] {subprocess.py:74} INFO - Running command: ['bash', '-c', 'curl -sSL https://d37ci6vzurychx.cloudfront.net/trip-data/yellow_tripdata_2021-01.parquet > /Users/eugene/Personal_Projects/Data_Project/app/***/yellow_tripdata_2021-01.parquet']
[2023-03-18 23:48:49,800] {subprocess.py:85} INFO - Output:
[2023-03-18 23:48:54,886] {subprocess.py:96} INFO - Command exited with return code 0
[2023-03-18 23:48:55,004] {taskinstance.py:1400} INFO - Marking task as SUCCESS. dag_id=data_ingestion_gcs_dag, task_id=download_dataset_task, execution_date=20230317T000000, start_date=20230318T234849, end_date=20230318T234855
[2023-03-18 23:48:55,082] {local_task_job.py:156} INFO - Task exited with return code 0
[2023-03-18 23:48:55,121] {local_task_job.py:273} INFO - 1 downstream tasks scheduled from follow-on schedule check
