[2023-06-03 22:38:02,285] {taskinstance.py:1159} INFO - Dependencies all met for <TaskInstance: data_ingestion_gcs_dag.bigquery_external_table_task_fhv scheduled__2021-02-02T06:00:00+00:00 [queued]>
[2023-06-03 22:38:02,296] {taskinstance.py:1159} INFO - Dependencies all met for <TaskInstance: data_ingestion_gcs_dag.bigquery_external_table_task_fhv scheduled__2021-02-02T06:00:00+00:00 [queued]>
[2023-06-03 22:38:02,297] {taskinstance.py:1356} INFO - 
--------------------------------------------------------------------------------
[2023-06-03 22:38:02,298] {taskinstance.py:1357} INFO - Starting attempt 1 of 2
[2023-06-03 22:38:02,298] {taskinstance.py:1358} INFO - 
--------------------------------------------------------------------------------
[2023-06-03 22:38:02,312] {taskinstance.py:1377} INFO - Executing <Task(BigQueryCreateExternalTableOperator): bigquery_external_table_task_fhv> on 2021-02-02 06:00:00+00:00
[2023-06-03 22:38:02,317] {standard_task_runner.py:52} INFO - Started process 575 to run task
[2023-06-03 22:38:02,321] {standard_task_runner.py:79} INFO - Running: ['***', 'tasks', 'run', 'data_ingestion_gcs_dag', 'bigquery_external_table_task_fhv', 'scheduled__2021-02-02T06:00:00+00:00', '--job-id', '116', '--raw', '--subdir', 'DAGS_FOLDER/data_ingestion_gcs.py', '--cfg-path', '/tmp/tmpmdg7q3lh', '--error-file', '/tmp/tmpz54wt5h4']
[2023-06-03 22:38:02,322] {standard_task_runner.py:80} INFO - Job 116: Subtask bigquery_external_table_task_fhv
[2023-06-03 22:38:02,385] {task_command.py:370} INFO - Running <TaskInstance: data_ingestion_gcs_dag.bigquery_external_table_task_fhv scheduled__2021-02-02T06:00:00+00:00 [running]> on host ca6ba07bb7b3
[2023-06-03 22:38:02,431] {logging_mixin.py:115} WARNING - /home/***/.local/lib/python3.7/site-packages/***/utils/context.py:202 AirflowContextDeprecationWarning: Accessing 'execution_date' from the template is deprecated and will be removed in a future version. Please use 'data_interval_start' or 'logical_date' instead.
[2023-06-03 22:38:02,468] {taskinstance.py:1571} INFO - Exporting the following env vars:
AIRFLOW_CTX_DAG_OWNER=***
AIRFLOW_CTX_DAG_ID=data_ingestion_gcs_dag
AIRFLOW_CTX_TASK_ID=bigquery_external_table_task_fhv
AIRFLOW_CTX_EXECUTION_DATE=2021-02-02T06:00:00+00:00
AIRFLOW_CTX_TRY_NUMBER=1
AIRFLOW_CTX_DAG_RUN_ID=scheduled__2021-02-02T06:00:00+00:00
[2023-06-03 22:38:02,470] {crypto.py:82} WARNING - empty cryptography key - values will not be stored encrypted.
[2023-06-03 22:38:02,472] {base.py:68} INFO - Using connection ID 'google_cloud_default' for task execution.
[2023-06-03 22:38:02,886] {taskinstance.py:1400} INFO - Marking task as SUCCESS. dag_id=data_ingestion_gcs_dag, task_id=bigquery_external_table_task_fhv, execution_date=20210202T060000, start_date=20230603T223802, end_date=20230603T223802
[2023-06-03 22:38:02,938] {local_task_job.py:156} INFO - Task exited with return code 0
[2023-06-03 22:38:02,971] {local_task_job.py:273} INFO - 0 downstream tasks scheduled from follow-on schedule check
