[2023-06-03 22:39:17,915] {taskinstance.py:1159} INFO - Dependencies all met for <TaskInstance: data_ingestion_gcs_dag.local_to_gcs_task_fhv scheduled__2021-05-02T06:00:00+00:00 [queued]>
[2023-06-03 22:39:17,925] {taskinstance.py:1159} INFO - Dependencies all met for <TaskInstance: data_ingestion_gcs_dag.local_to_gcs_task_fhv scheduled__2021-05-02T06:00:00+00:00 [queued]>
[2023-06-03 22:39:17,925] {taskinstance.py:1356} INFO - 
--------------------------------------------------------------------------------
[2023-06-03 22:39:17,927] {taskinstance.py:1357} INFO - Starting attempt 1 of 2
[2023-06-03 22:39:17,928] {taskinstance.py:1358} INFO - 
--------------------------------------------------------------------------------
[2023-06-03 22:39:17,944] {taskinstance.py:1377} INFO - Executing <Task(PythonOperator): local_to_gcs_task_fhv> on 2021-05-02 06:00:00+00:00
[2023-06-03 22:39:17,951] {standard_task_runner.py:52} INFO - Started process 710 to run task
[2023-06-03 22:39:17,956] {standard_task_runner.py:79} INFO - Running: ['***', 'tasks', 'run', 'data_ingestion_gcs_dag', 'local_to_gcs_task_fhv', 'scheduled__2021-05-02T06:00:00+00:00', '--job-id', '141', '--raw', '--subdir', 'DAGS_FOLDER/data_ingestion_gcs.py', '--cfg-path', '/tmp/tmpd33d3a7m', '--error-file', '/tmp/tmpt3yqmx79']
[2023-06-03 22:39:17,957] {standard_task_runner.py:80} INFO - Job 141: Subtask local_to_gcs_task_fhv
[2023-06-03 22:39:18,019] {task_command.py:370} INFO - Running <TaskInstance: data_ingestion_gcs_dag.local_to_gcs_task_fhv scheduled__2021-05-02T06:00:00+00:00 [running]> on host ca6ba07bb7b3
[2023-06-03 22:39:18,066] {logging_mixin.py:115} WARNING - /home/***/.local/lib/python3.7/site-packages/***/utils/context.py:202 AirflowContextDeprecationWarning: Accessing 'execution_date' from the template is deprecated and will be removed in a future version. Please use 'data_interval_start' or 'logical_date' instead.
[2023-06-03 22:39:18,108] {taskinstance.py:1571} INFO - Exporting the following env vars:
AIRFLOW_CTX_DAG_OWNER=***
AIRFLOW_CTX_DAG_ID=data_ingestion_gcs_dag
AIRFLOW_CTX_TASK_ID=local_to_gcs_task_fhv
AIRFLOW_CTX_EXECUTION_DATE=2021-05-02T06:00:00+00:00
AIRFLOW_CTX_TRY_NUMBER=1
AIRFLOW_CTX_DAG_RUN_ID=scheduled__2021-05-02T06:00:00+00:00
[2023-06-03 22:39:23,503] {python.py:173} INFO - Done. Returned value was: None
[2023-06-03 22:39:23,521] {taskinstance.py:1400} INFO - Marking task as SUCCESS. dag_id=data_ingestion_gcs_dag, task_id=local_to_gcs_task_fhv, execution_date=20210502T060000, start_date=20230603T223917, end_date=20230603T223923
[2023-06-03 22:39:23,566] {local_task_job.py:156} INFO - Task exited with return code 0
[2023-06-03 22:39:23,598] {local_task_job.py:273} INFO - 1 downstream tasks scheduled from follow-on schedule check
