[2023-05-23 23:22:37,882] {taskinstance.py:1159} INFO - Dependencies all met for <TaskInstance: data_ingestion_gcs_dag.download_dataset_task manual__2023-05-23T23:22:36.377878+00:00 [queued]>
[2023-05-23 23:22:37,894] {taskinstance.py:1159} INFO - Dependencies all met for <TaskInstance: data_ingestion_gcs_dag.download_dataset_task manual__2023-05-23T23:22:36.377878+00:00 [queued]>
[2023-05-23 23:22:37,895] {taskinstance.py:1356} INFO - 
--------------------------------------------------------------------------------
[2023-05-23 23:22:37,896] {taskinstance.py:1357} INFO - Starting attempt 1 of 2
[2023-05-23 23:22:37,897] {taskinstance.py:1358} INFO - 
--------------------------------------------------------------------------------
[2023-05-23 23:22:37,912] {taskinstance.py:1377} INFO - Executing <Task(BashOperator): download_dataset_task> on 2023-05-23 23:22:36.377878+00:00
[2023-05-23 23:22:37,922] {standard_task_runner.py:52} INFO - Started process 2627 to run task
[2023-05-23 23:22:37,926] {standard_task_runner.py:79} INFO - Running: ['***', 'tasks', 'run', 'data_ingestion_gcs_dag', 'download_dataset_task', 'manual__2023-05-23T23:22:36.377878+00:00', '--job-id', '45', '--raw', '--subdir', 'DAGS_FOLDER/data_ingestion_gcs.py', '--cfg-path', '/tmp/tmpmm1x9i_f', '--error-file', '/tmp/tmpgokg63av']
[2023-05-23 23:22:37,929] {standard_task_runner.py:80} INFO - Job 45: Subtask download_dataset_task
[2023-05-23 23:22:37,996] {task_command.py:370} INFO - Running <TaskInstance: data_ingestion_gcs_dag.download_dataset_task manual__2023-05-23T23:22:36.377878+00:00 [running]> on host ca6ba07bb7b3
[2023-05-23 23:22:38,076] {taskinstance.py:1571} INFO - Exporting the following env vars:
AIRFLOW_CTX_DAG_OWNER=***
AIRFLOW_CTX_DAG_ID=data_ingestion_gcs_dag
AIRFLOW_CTX_TASK_ID=download_dataset_task
AIRFLOW_CTX_EXECUTION_DATE=2023-05-23T23:22:36.377878+00:00
AIRFLOW_CTX_TRY_NUMBER=1
AIRFLOW_CTX_DAG_RUN_ID=manual__2023-05-23T23:22:36.377878+00:00
[2023-05-23 23:22:38,079] {subprocess.py:62} INFO - Tmp dir root location: 
 /tmp
[2023-05-23 23:22:38,080] {subprocess.py:74} INFO - Running command: ['bash', '-c', 'curl -sSL https://d37ci6vzurychx.cloudfront.net/trip-data/yellow_tripdata_2021-01.parquet > /Users/eugene/Personal_Projects/Data_Project/app/***/yellow_tripdata_2021-01.parquet']
[2023-05-23 23:22:38,096] {subprocess.py:85} INFO - Output:
[2023-05-23 23:22:38,708] {subprocess.py:96} INFO - Command exited with return code 0
[2023-05-23 23:22:38,766] {taskinstance.py:1400} INFO - Marking task as SUCCESS. dag_id=data_ingestion_gcs_dag, task_id=download_dataset_task, execution_date=20230523T232236, start_date=20230523T232237, end_date=20230523T232238
[2023-05-23 23:22:38,826] {local_task_job.py:156} INFO - Task exited with return code 0
[2023-05-23 23:22:38,872] {local_task_job.py:273} INFO - 1 downstream tasks scheduled from follow-on schedule check
