[2023-06-03 20:44:30,554] {processor.py:153} INFO - Started process (PID=171) to work on /Users/eugene/Personal_Projects/Data_Project/app/airflow/dags/data_ingestion_gcs.py
[2023-06-03 20:44:30,556] {processor.py:641} INFO - Processing file /Users/eugene/Personal_Projects/Data_Project/app/airflow/dags/data_ingestion_gcs.py for tasks to queue
[2023-06-03 20:44:30,559] {logging_mixin.py:115} INFO - [2023-06-03 20:44:30,558] {dagbag.py:507} INFO - Filling up the DagBag from /Users/eugene/Personal_Projects/Data_Project/app/airflow/dags/data_ingestion_gcs.py
[2023-06-03 20:44:31,733] {processor.py:651} INFO - DAG(s) dict_keys(['data_ingestion_gcs_dag']) retrieved from /Users/eugene/Personal_Projects/Data_Project/app/airflow/dags/data_ingestion_gcs.py
[2023-06-03 20:44:31,840] {logging_mixin.py:115} INFO - [2023-06-03 20:44:31,840] {dag.py:2379} INFO - Sync 1 DAGs
[2023-06-03 20:44:31,878] {logging_mixin.py:115} INFO - [2023-06-03 20:44:31,877] {dag.py:2931} INFO - Setting next_dagrun for data_ingestion_gcs_dag to None, run_after=None
[2023-06-03 20:44:31,897] {processor.py:161} INFO - Processing /Users/eugene/Personal_Projects/Data_Project/app/airflow/dags/data_ingestion_gcs.py took 1.351 seconds
[2023-06-03 20:45:02,011] {processor.py:153} INFO - Started process (PID=185) to work on /Users/eugene/Personal_Projects/Data_Project/app/airflow/dags/data_ingestion_gcs.py
[2023-06-03 20:45:02,013] {processor.py:641} INFO - Processing file /Users/eugene/Personal_Projects/Data_Project/app/airflow/dags/data_ingestion_gcs.py for tasks to queue
[2023-06-03 20:45:02,015] {logging_mixin.py:115} INFO - [2023-06-03 20:45:02,014] {dagbag.py:507} INFO - Filling up the DagBag from /Users/eugene/Personal_Projects/Data_Project/app/airflow/dags/data_ingestion_gcs.py
[2023-06-03 20:45:02,950] {processor.py:651} INFO - DAG(s) dict_keys(['data_ingestion_gcs_dag']) retrieved from /Users/eugene/Personal_Projects/Data_Project/app/airflow/dags/data_ingestion_gcs.py
[2023-06-03 20:45:02,982] {logging_mixin.py:115} INFO - [2023-06-03 20:45:02,982] {dag.py:2379} INFO - Sync 1 DAGs
[2023-06-03 20:45:03,007] {logging_mixin.py:115} INFO - [2023-06-03 20:45:03,007] {dag.py:2931} INFO - Setting next_dagrun for data_ingestion_gcs_dag to None, run_after=None
[2023-06-03 20:45:03,021] {processor.py:161} INFO - Processing /Users/eugene/Personal_Projects/Data_Project/app/airflow/dags/data_ingestion_gcs.py took 1.015 seconds
[2023-06-03 20:45:33,108] {processor.py:153} INFO - Started process (PID=197) to work on /Users/eugene/Personal_Projects/Data_Project/app/airflow/dags/data_ingestion_gcs.py
[2023-06-03 20:45:33,109] {processor.py:641} INFO - Processing file /Users/eugene/Personal_Projects/Data_Project/app/airflow/dags/data_ingestion_gcs.py for tasks to queue
[2023-06-03 20:45:33,111] {logging_mixin.py:115} INFO - [2023-06-03 20:45:33,110] {dagbag.py:507} INFO - Filling up the DagBag from /Users/eugene/Personal_Projects/Data_Project/app/airflow/dags/data_ingestion_gcs.py
[2023-06-03 20:45:33,593] {processor.py:651} INFO - DAG(s) dict_keys(['data_ingestion_gcs_dag']) retrieved from /Users/eugene/Personal_Projects/Data_Project/app/airflow/dags/data_ingestion_gcs.py
[2023-06-03 20:45:33,621] {logging_mixin.py:115} INFO - [2023-06-03 20:45:33,620] {dag.py:2379} INFO - Sync 1 DAGs
[2023-06-03 20:45:33,644] {logging_mixin.py:115} INFO - [2023-06-03 20:45:33,643] {dag.py:2931} INFO - Setting next_dagrun for data_ingestion_gcs_dag to None, run_after=None
[2023-06-03 20:45:33,655] {processor.py:161} INFO - Processing /Users/eugene/Personal_Projects/Data_Project/app/airflow/dags/data_ingestion_gcs.py took 0.551 seconds
[2023-06-03 20:46:03,786] {processor.py:153} INFO - Started process (PID=210) to work on /Users/eugene/Personal_Projects/Data_Project/app/airflow/dags/data_ingestion_gcs.py
[2023-06-03 20:46:03,788] {processor.py:641} INFO - Processing file /Users/eugene/Personal_Projects/Data_Project/app/airflow/dags/data_ingestion_gcs.py for tasks to queue
[2023-06-03 20:46:03,790] {logging_mixin.py:115} INFO - [2023-06-03 20:46:03,790] {dagbag.py:507} INFO - Filling up the DagBag from /Users/eugene/Personal_Projects/Data_Project/app/airflow/dags/data_ingestion_gcs.py
[2023-06-03 20:46:04,311] {processor.py:651} INFO - DAG(s) dict_keys(['data_ingestion_gcs_dag']) retrieved from /Users/eugene/Personal_Projects/Data_Project/app/airflow/dags/data_ingestion_gcs.py
[2023-06-03 20:46:04,337] {logging_mixin.py:115} INFO - [2023-06-03 20:46:04,336] {dag.py:2379} INFO - Sync 1 DAGs
[2023-06-03 20:46:04,355] {logging_mixin.py:115} INFO - [2023-06-03 20:46:04,355] {dag.py:2931} INFO - Setting next_dagrun for data_ingestion_gcs_dag to None, run_after=None
[2023-06-03 20:46:04,365] {processor.py:161} INFO - Processing /Users/eugene/Personal_Projects/Data_Project/app/airflow/dags/data_ingestion_gcs.py took 0.583 seconds
[2023-06-03 20:46:34,464] {processor.py:153} INFO - Started process (PID=223) to work on /Users/eugene/Personal_Projects/Data_Project/app/airflow/dags/data_ingestion_gcs.py
[2023-06-03 20:46:34,465] {processor.py:641} INFO - Processing file /Users/eugene/Personal_Projects/Data_Project/app/airflow/dags/data_ingestion_gcs.py for tasks to queue
[2023-06-03 20:46:34,467] {logging_mixin.py:115} INFO - [2023-06-03 20:46:34,467] {dagbag.py:507} INFO - Filling up the DagBag from /Users/eugene/Personal_Projects/Data_Project/app/airflow/dags/data_ingestion_gcs.py
[2023-06-03 20:46:34,950] {processor.py:651} INFO - DAG(s) dict_keys(['data_ingestion_gcs_dag']) retrieved from /Users/eugene/Personal_Projects/Data_Project/app/airflow/dags/data_ingestion_gcs.py
[2023-06-03 20:46:34,972] {logging_mixin.py:115} INFO - [2023-06-03 20:46:34,971] {dag.py:2379} INFO - Sync 1 DAGs
[2023-06-03 20:46:34,991] {logging_mixin.py:115} INFO - [2023-06-03 20:46:34,991] {dag.py:2931} INFO - Setting next_dagrun for data_ingestion_gcs_dag to None, run_after=None
[2023-06-03 20:46:35,004] {processor.py:161} INFO - Processing /Users/eugene/Personal_Projects/Data_Project/app/airflow/dags/data_ingestion_gcs.py took 0.544 seconds
[2023-06-03 20:47:05,122] {processor.py:153} INFO - Started process (PID=236) to work on /Users/eugene/Personal_Projects/Data_Project/app/airflow/dags/data_ingestion_gcs.py
[2023-06-03 20:47:05,123] {processor.py:641} INFO - Processing file /Users/eugene/Personal_Projects/Data_Project/app/airflow/dags/data_ingestion_gcs.py for tasks to queue
[2023-06-03 20:47:05,125] {logging_mixin.py:115} INFO - [2023-06-03 20:47:05,125] {dagbag.py:507} INFO - Filling up the DagBag from /Users/eugene/Personal_Projects/Data_Project/app/airflow/dags/data_ingestion_gcs.py
[2023-06-03 20:47:05,600] {processor.py:651} INFO - DAG(s) dict_keys(['data_ingestion_gcs_dag']) retrieved from /Users/eugene/Personal_Projects/Data_Project/app/airflow/dags/data_ingestion_gcs.py
[2023-06-03 20:47:05,622] {logging_mixin.py:115} INFO - [2023-06-03 20:47:05,622] {dag.py:2379} INFO - Sync 1 DAGs
[2023-06-03 20:47:05,641] {logging_mixin.py:115} INFO - [2023-06-03 20:47:05,641] {dag.py:2931} INFO - Setting next_dagrun for data_ingestion_gcs_dag to None, run_after=None
[2023-06-03 20:47:05,654] {processor.py:161} INFO - Processing /Users/eugene/Personal_Projects/Data_Project/app/airflow/dags/data_ingestion_gcs.py took 0.536 seconds
[2023-06-03 20:47:35,757] {processor.py:153} INFO - Started process (PID=249) to work on /Users/eugene/Personal_Projects/Data_Project/app/airflow/dags/data_ingestion_gcs.py
[2023-06-03 20:47:35,758] {processor.py:641} INFO - Processing file /Users/eugene/Personal_Projects/Data_Project/app/airflow/dags/data_ingestion_gcs.py for tasks to queue
[2023-06-03 20:47:35,760] {logging_mixin.py:115} INFO - [2023-06-03 20:47:35,760] {dagbag.py:507} INFO - Filling up the DagBag from /Users/eugene/Personal_Projects/Data_Project/app/airflow/dags/data_ingestion_gcs.py
[2023-06-03 20:47:36,228] {processor.py:651} INFO - DAG(s) dict_keys(['data_ingestion_gcs_dag']) retrieved from /Users/eugene/Personal_Projects/Data_Project/app/airflow/dags/data_ingestion_gcs.py
[2023-06-03 20:47:36,253] {logging_mixin.py:115} INFO - [2023-06-03 20:47:36,252] {dag.py:2379} INFO - Sync 1 DAGs
[2023-06-03 20:47:36,273] {logging_mixin.py:115} INFO - [2023-06-03 20:47:36,273] {dag.py:2931} INFO - Setting next_dagrun for data_ingestion_gcs_dag to None, run_after=None
[2023-06-03 20:47:36,285] {processor.py:161} INFO - Processing /Users/eugene/Personal_Projects/Data_Project/app/airflow/dags/data_ingestion_gcs.py took 0.533 seconds
[2023-06-03 20:48:06,419] {processor.py:153} INFO - Started process (PID=262) to work on /Users/eugene/Personal_Projects/Data_Project/app/airflow/dags/data_ingestion_gcs.py
[2023-06-03 20:48:06,422] {processor.py:641} INFO - Processing file /Users/eugene/Personal_Projects/Data_Project/app/airflow/dags/data_ingestion_gcs.py for tasks to queue
[2023-06-03 20:48:06,424] {logging_mixin.py:115} INFO - [2023-06-03 20:48:06,424] {dagbag.py:507} INFO - Filling up the DagBag from /Users/eugene/Personal_Projects/Data_Project/app/airflow/dags/data_ingestion_gcs.py
[2023-06-03 20:48:07,686] {processor.py:651} INFO - DAG(s) dict_keys(['data_ingestion_gcs_dag']) retrieved from /Users/eugene/Personal_Projects/Data_Project/app/airflow/dags/data_ingestion_gcs.py
[2023-06-03 20:48:07,778] {logging_mixin.py:115} INFO - [2023-06-03 20:48:07,777] {dag.py:2379} INFO - Sync 1 DAGs
[2023-06-03 20:48:07,861] {logging_mixin.py:115} INFO - [2023-06-03 20:48:07,861] {dag.py:2931} INFO - Setting next_dagrun for data_ingestion_gcs_dag to None, run_after=None
[2023-06-03 20:48:07,891] {processor.py:161} INFO - Processing /Users/eugene/Personal_Projects/Data_Project/app/airflow/dags/data_ingestion_gcs.py took 1.478 seconds
[2023-06-03 20:48:38,136] {processor.py:153} INFO - Started process (PID=275) to work on /Users/eugene/Personal_Projects/Data_Project/app/airflow/dags/data_ingestion_gcs.py
[2023-06-03 20:48:38,147] {processor.py:641} INFO - Processing file /Users/eugene/Personal_Projects/Data_Project/app/airflow/dags/data_ingestion_gcs.py for tasks to queue
[2023-06-03 20:48:38,161] {logging_mixin.py:115} INFO - [2023-06-03 20:48:38,158] {dagbag.py:507} INFO - Filling up the DagBag from /Users/eugene/Personal_Projects/Data_Project/app/airflow/dags/data_ingestion_gcs.py
[2023-06-03 20:48:39,554] {processor.py:651} INFO - DAG(s) dict_keys(['data_ingestion_gcs_dag']) retrieved from /Users/eugene/Personal_Projects/Data_Project/app/airflow/dags/data_ingestion_gcs.py
[2023-06-03 20:48:39,653] {logging_mixin.py:115} INFO - [2023-06-03 20:48:39,652] {dag.py:2379} INFO - Sync 1 DAGs
[2023-06-03 20:48:39,715] {logging_mixin.py:115} INFO - [2023-06-03 20:48:39,715] {dag.py:2931} INFO - Setting next_dagrun for data_ingestion_gcs_dag to None, run_after=None
[2023-06-03 20:48:39,742] {processor.py:161} INFO - Processing /Users/eugene/Personal_Projects/Data_Project/app/airflow/dags/data_ingestion_gcs.py took 1.618 seconds
[2023-06-03 20:49:09,902] {processor.py:153} INFO - Started process (PID=288) to work on /Users/eugene/Personal_Projects/Data_Project/app/airflow/dags/data_ingestion_gcs.py
[2023-06-03 20:49:09,904] {processor.py:641} INFO - Processing file /Users/eugene/Personal_Projects/Data_Project/app/airflow/dags/data_ingestion_gcs.py for tasks to queue
[2023-06-03 20:49:09,905] {logging_mixin.py:115} INFO - [2023-06-03 20:49:09,905] {dagbag.py:507} INFO - Filling up the DagBag from /Users/eugene/Personal_Projects/Data_Project/app/airflow/dags/data_ingestion_gcs.py
[2023-06-03 20:49:10,481] {processor.py:651} INFO - DAG(s) dict_keys(['data_ingestion_gcs_dag']) retrieved from /Users/eugene/Personal_Projects/Data_Project/app/airflow/dags/data_ingestion_gcs.py
[2023-06-03 20:49:10,506] {logging_mixin.py:115} INFO - [2023-06-03 20:49:10,505] {dag.py:2379} INFO - Sync 1 DAGs
[2023-06-03 20:49:10,534] {logging_mixin.py:115} INFO - [2023-06-03 20:49:10,534] {dag.py:2931} INFO - Setting next_dagrun for data_ingestion_gcs_dag to None, run_after=None
[2023-06-03 20:49:10,547] {processor.py:161} INFO - Processing /Users/eugene/Personal_Projects/Data_Project/app/airflow/dags/data_ingestion_gcs.py took 0.650 seconds
[2023-06-03 20:49:40,688] {processor.py:153} INFO - Started process (PID=301) to work on /Users/eugene/Personal_Projects/Data_Project/app/airflow/dags/data_ingestion_gcs.py
[2023-06-03 20:49:40,689] {processor.py:641} INFO - Processing file /Users/eugene/Personal_Projects/Data_Project/app/airflow/dags/data_ingestion_gcs.py for tasks to queue
[2023-06-03 20:49:40,692] {logging_mixin.py:115} INFO - [2023-06-03 20:49:40,692] {dagbag.py:507} INFO - Filling up the DagBag from /Users/eugene/Personal_Projects/Data_Project/app/airflow/dags/data_ingestion_gcs.py
[2023-06-03 20:49:41,207] {processor.py:651} INFO - DAG(s) dict_keys(['data_ingestion_gcs_dag']) retrieved from /Users/eugene/Personal_Projects/Data_Project/app/airflow/dags/data_ingestion_gcs.py
[2023-06-03 20:49:41,230] {logging_mixin.py:115} INFO - [2023-06-03 20:49:41,230] {dag.py:2379} INFO - Sync 1 DAGs
[2023-06-03 20:49:41,255] {logging_mixin.py:115} INFO - [2023-06-03 20:49:41,255] {dag.py:2931} INFO - Setting next_dagrun for data_ingestion_gcs_dag to None, run_after=None
[2023-06-03 20:49:41,267] {processor.py:161} INFO - Processing /Users/eugene/Personal_Projects/Data_Project/app/airflow/dags/data_ingestion_gcs.py took 0.584 seconds
[2023-06-03 20:50:11,367] {processor.py:153} INFO - Started process (PID=314) to work on /Users/eugene/Personal_Projects/Data_Project/app/airflow/dags/data_ingestion_gcs.py
[2023-06-03 20:50:11,369] {processor.py:641} INFO - Processing file /Users/eugene/Personal_Projects/Data_Project/app/airflow/dags/data_ingestion_gcs.py for tasks to queue
[2023-06-03 20:50:11,371] {logging_mixin.py:115} INFO - [2023-06-03 20:50:11,371] {dagbag.py:507} INFO - Filling up the DagBag from /Users/eugene/Personal_Projects/Data_Project/app/airflow/dags/data_ingestion_gcs.py
[2023-06-03 20:50:12,052] {processor.py:651} INFO - DAG(s) dict_keys(['data_ingestion_gcs_dag']) retrieved from /Users/eugene/Personal_Projects/Data_Project/app/airflow/dags/data_ingestion_gcs.py
[2023-06-03 20:50:12,083] {logging_mixin.py:115} INFO - [2023-06-03 20:50:12,083] {dag.py:2379} INFO - Sync 1 DAGs
[2023-06-03 20:50:12,109] {logging_mixin.py:115} INFO - [2023-06-03 20:50:12,109] {dag.py:2931} INFO - Setting next_dagrun for data_ingestion_gcs_dag to None, run_after=None
[2023-06-03 20:50:12,122] {processor.py:161} INFO - Processing /Users/eugene/Personal_Projects/Data_Project/app/airflow/dags/data_ingestion_gcs.py took 0.760 seconds
[2023-06-03 21:28:13,763] {processor.py:153} INFO - Started process (PID=333) to work on /Users/eugene/Personal_Projects/Data_Project/app/airflow/dags/data_ingestion_gcs.py
[2023-06-03 21:28:13,768] {processor.py:641} INFO - Processing file /Users/eugene/Personal_Projects/Data_Project/app/airflow/dags/data_ingestion_gcs.py for tasks to queue
[2023-06-03 21:28:13,771] {logging_mixin.py:115} INFO - [2023-06-03 21:28:13,771] {dagbag.py:507} INFO - Filling up the DagBag from /Users/eugene/Personal_Projects/Data_Project/app/airflow/dags/data_ingestion_gcs.py
[2023-06-03 21:28:14,387] {processor.py:651} INFO - DAG(s) dict_keys(['data_ingestion_gcs_dag']) retrieved from /Users/eugene/Personal_Projects/Data_Project/app/airflow/dags/data_ingestion_gcs.py
[2023-06-03 21:28:14,430] {logging_mixin.py:115} INFO - [2023-06-03 21:28:14,429] {dag.py:2379} INFO - Sync 1 DAGs
[2023-06-03 21:28:14,597] {logging_mixin.py:115} INFO - [2023-06-03 21:28:14,597] {dag.py:2931} INFO - Setting next_dagrun for data_ingestion_gcs_dag to None, run_after=None
[2023-06-03 21:28:14,612] {processor.py:161} INFO - Processing /Users/eugene/Personal_Projects/Data_Project/app/airflow/dags/data_ingestion_gcs.py took 0.855 seconds
[2023-06-03 21:28:44,873] {processor.py:153} INFO - Started process (PID=346) to work on /Users/eugene/Personal_Projects/Data_Project/app/airflow/dags/data_ingestion_gcs.py
[2023-06-03 21:28:44,880] {processor.py:641} INFO - Processing file /Users/eugene/Personal_Projects/Data_Project/app/airflow/dags/data_ingestion_gcs.py for tasks to queue
[2023-06-03 21:28:44,888] {logging_mixin.py:115} INFO - [2023-06-03 21:28:44,887] {dagbag.py:507} INFO - Filling up the DagBag from /Users/eugene/Personal_Projects/Data_Project/app/airflow/dags/data_ingestion_gcs.py
[2023-06-03 21:28:46,949] {processor.py:651} INFO - DAG(s) dict_keys(['data_ingestion_gcs_dag']) retrieved from /Users/eugene/Personal_Projects/Data_Project/app/airflow/dags/data_ingestion_gcs.py
[2023-06-03 21:28:47,089] {logging_mixin.py:115} INFO - [2023-06-03 21:28:47,087] {dag.py:2379} INFO - Sync 1 DAGs
[2023-06-03 21:28:47,607] {logging_mixin.py:115} INFO - [2023-06-03 21:28:47,607] {dag.py:2931} INFO - Setting next_dagrun for data_ingestion_gcs_dag to None, run_after=None
[2023-06-03 21:28:47,662] {processor.py:161} INFO - Processing /Users/eugene/Personal_Projects/Data_Project/app/airflow/dags/data_ingestion_gcs.py took 2.807 seconds
[2023-06-03 21:29:48,345] {processor.py:153} INFO - Started process (PID=352) to work on /Users/eugene/Personal_Projects/Data_Project/app/airflow/dags/data_ingestion_gcs.py
[2023-06-03 21:29:48,348] {processor.py:641} INFO - Processing file /Users/eugene/Personal_Projects/Data_Project/app/airflow/dags/data_ingestion_gcs.py for tasks to queue
[2023-06-03 21:29:48,350] {logging_mixin.py:115} INFO - [2023-06-03 21:29:48,350] {dagbag.py:507} INFO - Filling up the DagBag from /Users/eugene/Personal_Projects/Data_Project/app/airflow/dags/data_ingestion_gcs.py
[2023-06-03 21:29:49,053] {processor.py:651} INFO - DAG(s) dict_keys(['data_ingestion_gcs_dag']) retrieved from /Users/eugene/Personal_Projects/Data_Project/app/airflow/dags/data_ingestion_gcs.py
[2023-06-03 21:29:49,094] {logging_mixin.py:115} INFO - [2023-06-03 21:29:49,094] {dag.py:2379} INFO - Sync 1 DAGs
[2023-06-03 21:29:49,734] {logging_mixin.py:115} INFO - [2023-06-03 21:29:49,734] {dag.py:2931} INFO - Setting next_dagrun for data_ingestion_gcs_dag to None, run_after=None
[2023-06-03 21:29:49,755] {processor.py:161} INFO - Processing /Users/eugene/Personal_Projects/Data_Project/app/airflow/dags/data_ingestion_gcs.py took 1.415 seconds
[2023-06-03 22:33:10,126] {processor.py:153} INFO - Started process (PID=385) to work on /Users/eugene/Personal_Projects/Data_Project/app/airflow/dags/data_ingestion_gcs.py
[2023-06-03 22:33:10,128] {processor.py:641} INFO - Processing file /Users/eugene/Personal_Projects/Data_Project/app/airflow/dags/data_ingestion_gcs.py for tasks to queue
[2023-06-03 22:33:10,129] {logging_mixin.py:115} INFO - [2023-06-03 22:33:10,129] {dagbag.py:507} INFO - Filling up the DagBag from /Users/eugene/Personal_Projects/Data_Project/app/airflow/dags/data_ingestion_gcs.py
[2023-06-03 22:33:11,413] {processor.py:651} INFO - DAG(s) dict_keys(['data_ingestion_gcs_dag']) retrieved from /Users/eugene/Personal_Projects/Data_Project/app/airflow/dags/data_ingestion_gcs.py
[2023-06-03 22:33:11,536] {logging_mixin.py:115} INFO - [2023-06-03 22:33:11,535] {dag.py:2379} INFO - Sync 1 DAGs
[2023-06-03 22:33:12,004] {logging_mixin.py:115} INFO - [2023-06-03 22:33:12,004] {dag.py:2931} INFO - Setting next_dagrun for data_ingestion_gcs_dag to None, run_after=None
[2023-06-03 22:33:12,325] {processor.py:161} INFO - Processing /Users/eugene/Personal_Projects/Data_Project/app/airflow/dags/data_ingestion_gcs.py took 2.202 seconds
[2023-06-03 22:33:43,052] {processor.py:153} INFO - Started process (PID=398) to work on /Users/eugene/Personal_Projects/Data_Project/app/airflow/dags/data_ingestion_gcs.py
[2023-06-03 22:33:43,054] {processor.py:641} INFO - Processing file /Users/eugene/Personal_Projects/Data_Project/app/airflow/dags/data_ingestion_gcs.py for tasks to queue
[2023-06-03 22:33:43,056] {logging_mixin.py:115} INFO - [2023-06-03 22:33:43,056] {dagbag.py:507} INFO - Filling up the DagBag from /Users/eugene/Personal_Projects/Data_Project/app/airflow/dags/data_ingestion_gcs.py
[2023-06-03 22:33:43,561] {processor.py:651} INFO - DAG(s) dict_keys(['data_ingestion_gcs_dag']) retrieved from /Users/eugene/Personal_Projects/Data_Project/app/airflow/dags/data_ingestion_gcs.py
[2023-06-03 22:33:43,599] {logging_mixin.py:115} INFO - [2023-06-03 22:33:43,599] {dag.py:2379} INFO - Sync 1 DAGs
[2023-06-03 22:33:43,751] {logging_mixin.py:115} INFO - [2023-06-03 22:33:43,751] {dag.py:2931} INFO - Setting next_dagrun for data_ingestion_gcs_dag to None, run_after=None
[2023-06-03 22:33:43,764] {processor.py:161} INFO - Processing /Users/eugene/Personal_Projects/Data_Project/app/airflow/dags/data_ingestion_gcs.py took 0.717 seconds
[2023-06-03 22:34:13,882] {processor.py:153} INFO - Started process (PID=411) to work on /Users/eugene/Personal_Projects/Data_Project/app/airflow/dags/data_ingestion_gcs.py
[2023-06-03 22:34:13,884] {processor.py:641} INFO - Processing file /Users/eugene/Personal_Projects/Data_Project/app/airflow/dags/data_ingestion_gcs.py for tasks to queue
[2023-06-03 22:34:13,885] {logging_mixin.py:115} INFO - [2023-06-03 22:34:13,885] {dagbag.py:507} INFO - Filling up the DagBag from /Users/eugene/Personal_Projects/Data_Project/app/airflow/dags/data_ingestion_gcs.py
[2023-06-03 22:34:14,284] {processor.py:651} INFO - DAG(s) dict_keys(['data_ingestion_gcs_dag']) retrieved from /Users/eugene/Personal_Projects/Data_Project/app/airflow/dags/data_ingestion_gcs.py
[2023-06-03 22:34:14,313] {logging_mixin.py:115} INFO - [2023-06-03 22:34:14,313] {dag.py:2379} INFO - Sync 1 DAGs
[2023-06-03 22:34:14,461] {logging_mixin.py:115} INFO - [2023-06-03 22:34:14,461] {dag.py:2931} INFO - Setting next_dagrun for data_ingestion_gcs_dag to None, run_after=None
[2023-06-03 22:34:14,475] {processor.py:161} INFO - Processing /Users/eugene/Personal_Projects/Data_Project/app/airflow/dags/data_ingestion_gcs.py took 0.597 seconds
[2023-06-03 22:34:44,579] {processor.py:153} INFO - Started process (PID=424) to work on /Users/eugene/Personal_Projects/Data_Project/app/airflow/dags/data_ingestion_gcs.py
[2023-06-03 22:34:44,581] {processor.py:641} INFO - Processing file /Users/eugene/Personal_Projects/Data_Project/app/airflow/dags/data_ingestion_gcs.py for tasks to queue
[2023-06-03 22:34:44,582] {logging_mixin.py:115} INFO - [2023-06-03 22:34:44,582] {dagbag.py:507} INFO - Filling up the DagBag from /Users/eugene/Personal_Projects/Data_Project/app/airflow/dags/data_ingestion_gcs.py
[2023-06-03 22:34:44,949] {processor.py:651} INFO - DAG(s) dict_keys(['data_ingestion_gcs_dag']) retrieved from /Users/eugene/Personal_Projects/Data_Project/app/airflow/dags/data_ingestion_gcs.py
[2023-06-03 22:34:44,978] {logging_mixin.py:115} INFO - [2023-06-03 22:34:44,978] {dag.py:2379} INFO - Sync 1 DAGs
[2023-06-03 22:34:45,124] {logging_mixin.py:115} INFO - [2023-06-03 22:34:45,124] {dag.py:2931} INFO - Setting next_dagrun for data_ingestion_gcs_dag to None, run_after=None
[2023-06-03 22:34:45,142] {processor.py:161} INFO - Processing /Users/eugene/Personal_Projects/Data_Project/app/airflow/dags/data_ingestion_gcs.py took 0.568 seconds
[2023-06-03 22:35:15,258] {processor.py:153} INFO - Started process (PID=436) to work on /Users/eugene/Personal_Projects/Data_Project/app/airflow/dags/data_ingestion_gcs.py
[2023-06-03 22:35:15,260] {processor.py:641} INFO - Processing file /Users/eugene/Personal_Projects/Data_Project/app/airflow/dags/data_ingestion_gcs.py for tasks to queue
[2023-06-03 22:35:15,261] {logging_mixin.py:115} INFO - [2023-06-03 22:35:15,261] {dagbag.py:507} INFO - Filling up the DagBag from /Users/eugene/Personal_Projects/Data_Project/app/airflow/dags/data_ingestion_gcs.py
[2023-06-03 22:35:15,725] {processor.py:651} INFO - DAG(s) dict_keys(['data_ingestion_gcs_dag']) retrieved from /Users/eugene/Personal_Projects/Data_Project/app/airflow/dags/data_ingestion_gcs.py
[2023-06-03 22:35:15,757] {logging_mixin.py:115} INFO - [2023-06-03 22:35:15,757] {dag.py:2379} INFO - Sync 1 DAGs
[2023-06-03 22:35:15,929] {logging_mixin.py:115} INFO - [2023-06-03 22:35:15,929] {dag.py:2931} INFO - Setting next_dagrun for data_ingestion_gcs_dag to None, run_after=None
[2023-06-03 22:35:15,944] {processor.py:161} INFO - Processing /Users/eugene/Personal_Projects/Data_Project/app/airflow/dags/data_ingestion_gcs.py took 0.690 seconds
[2023-06-03 22:35:46,054] {processor.py:153} INFO - Started process (PID=449) to work on /Users/eugene/Personal_Projects/Data_Project/app/airflow/dags/data_ingestion_gcs.py
[2023-06-03 22:35:46,055] {processor.py:641} INFO - Processing file /Users/eugene/Personal_Projects/Data_Project/app/airflow/dags/data_ingestion_gcs.py for tasks to queue
[2023-06-03 22:35:46,057] {logging_mixin.py:115} INFO - [2023-06-03 22:35:46,057] {dagbag.py:507} INFO - Filling up the DagBag from /Users/eugene/Personal_Projects/Data_Project/app/airflow/dags/data_ingestion_gcs.py
[2023-06-03 22:35:46,438] {processor.py:651} INFO - DAG(s) dict_keys(['data_ingestion_gcs_dag']) retrieved from /Users/eugene/Personal_Projects/Data_Project/app/airflow/dags/data_ingestion_gcs.py
[2023-06-03 22:35:46,467] {logging_mixin.py:115} INFO - [2023-06-03 22:35:46,466] {dag.py:2379} INFO - Sync 1 DAGs
[2023-06-03 22:35:46,612] {logging_mixin.py:115} INFO - [2023-06-03 22:35:46,612] {dag.py:2931} INFO - Setting next_dagrun for data_ingestion_gcs_dag to None, run_after=None
[2023-06-03 22:35:46,625] {processor.py:161} INFO - Processing /Users/eugene/Personal_Projects/Data_Project/app/airflow/dags/data_ingestion_gcs.py took 0.577 seconds
[2023-06-03 22:36:16,753] {processor.py:153} INFO - Started process (PID=462) to work on /Users/eugene/Personal_Projects/Data_Project/app/airflow/dags/data_ingestion_gcs.py
[2023-06-03 22:36:16,754] {processor.py:641} INFO - Processing file /Users/eugene/Personal_Projects/Data_Project/app/airflow/dags/data_ingestion_gcs.py for tasks to queue
[2023-06-03 22:36:16,756] {logging_mixin.py:115} INFO - [2023-06-03 22:36:16,755] {dagbag.py:507} INFO - Filling up the DagBag from /Users/eugene/Personal_Projects/Data_Project/app/airflow/dags/data_ingestion_gcs.py
[2023-06-03 22:36:17,123] {processor.py:651} INFO - DAG(s) dict_keys(['data_ingestion_gcs_dag']) retrieved from /Users/eugene/Personal_Projects/Data_Project/app/airflow/dags/data_ingestion_gcs.py
[2023-06-03 22:36:17,314] {logging_mixin.py:115} INFO - [2023-06-03 22:36:17,313] {dag.py:2379} INFO - Sync 1 DAGs
[2023-06-03 22:36:17,322] {logging_mixin.py:115} INFO - [2023-06-03 22:36:17,322] {dag.py:2398} INFO - Creating ORM DAG for data_ingestion_gcs_dag
[2023-06-03 22:36:17,332] {logging_mixin.py:115} INFO - [2023-06-03 22:36:17,332] {dag.py:2931} INFO - Setting next_dagrun for data_ingestion_gcs_dag to 2021-01-02T06:00:00+00:00, run_after=2021-02-02T06:00:00+00:00
[2023-06-03 22:36:17,351] {processor.py:161} INFO - Processing /Users/eugene/Personal_Projects/Data_Project/app/airflow/dags/data_ingestion_gcs.py took 0.604 seconds
[2023-06-03 22:36:47,474] {processor.py:153} INFO - Started process (PID=475) to work on /Users/eugene/Personal_Projects/Data_Project/app/airflow/dags/data_ingestion_gcs.py
[2023-06-03 22:36:47,477] {processor.py:641} INFO - Processing file /Users/eugene/Personal_Projects/Data_Project/app/airflow/dags/data_ingestion_gcs.py for tasks to queue
[2023-06-03 22:36:47,480] {logging_mixin.py:115} INFO - [2023-06-03 22:36:47,480] {dagbag.py:507} INFO - Filling up the DagBag from /Users/eugene/Personal_Projects/Data_Project/app/airflow/dags/data_ingestion_gcs.py
[2023-06-03 22:36:48,315] {processor.py:651} INFO - DAG(s) dict_keys(['data_ingestion_gcs_dag']) retrieved from /Users/eugene/Personal_Projects/Data_Project/app/airflow/dags/data_ingestion_gcs.py
[2023-06-03 22:36:48,369] {logging_mixin.py:115} INFO - [2023-06-03 22:36:48,369] {dag.py:2379} INFO - Sync 1 DAGs
[2023-06-03 22:36:48,638] {logging_mixin.py:115} INFO - [2023-06-03 22:36:48,637] {dag.py:2931} INFO - Setting next_dagrun for data_ingestion_gcs_dag to 2021-01-02T06:00:00+00:00, run_after=2021-02-02T06:00:00+00:00
[2023-06-03 22:36:48,672] {processor.py:161} INFO - Processing /Users/eugene/Personal_Projects/Data_Project/app/airflow/dags/data_ingestion_gcs.py took 1.205 seconds
[2023-06-03 22:37:18,878] {processor.py:153} INFO - Started process (PID=505) to work on /Users/eugene/Personal_Projects/Data_Project/app/airflow/dags/data_ingestion_gcs.py
[2023-06-03 22:37:18,883] {processor.py:641} INFO - Processing file /Users/eugene/Personal_Projects/Data_Project/app/airflow/dags/data_ingestion_gcs.py for tasks to queue
[2023-06-03 22:37:18,886] {logging_mixin.py:115} INFO - [2023-06-03 22:37:18,885] {dagbag.py:507} INFO - Filling up the DagBag from /Users/eugene/Personal_Projects/Data_Project/app/airflow/dags/data_ingestion_gcs.py
[2023-06-03 22:37:19,640] {processor.py:651} INFO - DAG(s) dict_keys(['data_ingestion_gcs_dag']) retrieved from /Users/eugene/Personal_Projects/Data_Project/app/airflow/dags/data_ingestion_gcs.py
[2023-06-03 22:37:19,692] {logging_mixin.py:115} INFO - [2023-06-03 22:37:19,692] {dag.py:2379} INFO - Sync 1 DAGs
[2023-06-03 22:37:19,962] {processor.py:161} INFO - Processing /Users/eugene/Personal_Projects/Data_Project/app/airflow/dags/data_ingestion_gcs.py took 1.096 seconds
[2023-06-03 22:37:50,106] {processor.py:153} INFO - Started process (PID=537) to work on /Users/eugene/Personal_Projects/Data_Project/app/airflow/dags/data_ingestion_gcs.py
[2023-06-03 22:37:50,109] {processor.py:641} INFO - Processing file /Users/eugene/Personal_Projects/Data_Project/app/airflow/dags/data_ingestion_gcs.py for tasks to queue
[2023-06-03 22:37:50,110] {logging_mixin.py:115} INFO - [2023-06-03 22:37:50,110] {dagbag.py:507} INFO - Filling up the DagBag from /Users/eugene/Personal_Projects/Data_Project/app/airflow/dags/data_ingestion_gcs.py
[2023-06-03 22:37:50,473] {processor.py:651} INFO - DAG(s) dict_keys(['data_ingestion_gcs_dag']) retrieved from /Users/eugene/Personal_Projects/Data_Project/app/airflow/dags/data_ingestion_gcs.py
[2023-06-03 22:37:50,501] {logging_mixin.py:115} INFO - [2023-06-03 22:37:50,501] {dag.py:2379} INFO - Sync 1 DAGs
[2023-06-03 22:37:50,640] {logging_mixin.py:115} INFO - [2023-06-03 22:37:50,640] {dag.py:2931} INFO - Setting next_dagrun for data_ingestion_gcs_dag to 2021-02-02T06:00:00+00:00, run_after=2021-03-02T06:00:00+00:00
[2023-06-03 22:37:50,654] {processor.py:161} INFO - Processing /Users/eugene/Personal_Projects/Data_Project/app/airflow/dags/data_ingestion_gcs.py took 0.552 seconds
[2023-06-03 22:38:20,761] {processor.py:153} INFO - Started process (PID=613) to work on /Users/eugene/Personal_Projects/Data_Project/app/airflow/dags/data_ingestion_gcs.py
[2023-06-03 22:38:20,763] {processor.py:641} INFO - Processing file /Users/eugene/Personal_Projects/Data_Project/app/airflow/dags/data_ingestion_gcs.py for tasks to queue
[2023-06-03 22:38:20,765] {logging_mixin.py:115} INFO - [2023-06-03 22:38:20,765] {dagbag.py:507} INFO - Filling up the DagBag from /Users/eugene/Personal_Projects/Data_Project/app/airflow/dags/data_ingestion_gcs.py
[2023-06-03 22:38:21,650] {processor.py:651} INFO - DAG(s) dict_keys(['data_ingestion_gcs_dag']) retrieved from /Users/eugene/Personal_Projects/Data_Project/app/airflow/dags/data_ingestion_gcs.py
[2023-06-03 22:38:21,695] {logging_mixin.py:115} INFO - [2023-06-03 22:38:21,695] {dag.py:2379} INFO - Sync 1 DAGs
[2023-06-03 22:38:21,976] {processor.py:161} INFO - Processing /Users/eugene/Personal_Projects/Data_Project/app/airflow/dags/data_ingestion_gcs.py took 1.220 seconds
[2023-06-03 22:38:52,107] {processor.py:153} INFO - Started process (PID=662) to work on /Users/eugene/Personal_Projects/Data_Project/app/airflow/dags/data_ingestion_gcs.py
[2023-06-03 22:38:52,109] {processor.py:641} INFO - Processing file /Users/eugene/Personal_Projects/Data_Project/app/airflow/dags/data_ingestion_gcs.py for tasks to queue
[2023-06-03 22:38:52,111] {logging_mixin.py:115} INFO - [2023-06-03 22:38:52,111] {dagbag.py:507} INFO - Filling up the DagBag from /Users/eugene/Personal_Projects/Data_Project/app/airflow/dags/data_ingestion_gcs.py
[2023-06-03 22:38:52,641] {processor.py:651} INFO - DAG(s) dict_keys(['data_ingestion_gcs_dag']) retrieved from /Users/eugene/Personal_Projects/Data_Project/app/airflow/dags/data_ingestion_gcs.py
[2023-06-03 22:38:52,668] {logging_mixin.py:115} INFO - [2023-06-03 22:38:52,668] {dag.py:2379} INFO - Sync 1 DAGs
[2023-06-03 22:38:52,982] {processor.py:161} INFO - Processing /Users/eugene/Personal_Projects/Data_Project/app/airflow/dags/data_ingestion_gcs.py took 0.881 seconds
[2023-06-03 22:39:23,095] {processor.py:153} INFO - Started process (PID=711) to work on /Users/eugene/Personal_Projects/Data_Project/app/airflow/dags/data_ingestion_gcs.py
[2023-06-03 22:39:23,097] {processor.py:641} INFO - Processing file /Users/eugene/Personal_Projects/Data_Project/app/airflow/dags/data_ingestion_gcs.py for tasks to queue
[2023-06-03 22:39:23,100] {logging_mixin.py:115} INFO - [2023-06-03 22:39:23,100] {dagbag.py:507} INFO - Filling up the DagBag from /Users/eugene/Personal_Projects/Data_Project/app/airflow/dags/data_ingestion_gcs.py
[2023-06-03 22:39:23,562] {processor.py:651} INFO - DAG(s) dict_keys(['data_ingestion_gcs_dag']) retrieved from /Users/eugene/Personal_Projects/Data_Project/app/airflow/dags/data_ingestion_gcs.py
[2023-06-03 22:39:23,592] {logging_mixin.py:115} INFO - [2023-06-03 22:39:23,592] {dag.py:2379} INFO - Sync 1 DAGs
[2023-06-03 22:39:23,744] {processor.py:161} INFO - Processing /Users/eugene/Personal_Projects/Data_Project/app/airflow/dags/data_ingestion_gcs.py took 0.653 seconds
[2023-06-03 22:39:53,860] {processor.py:153} INFO - Started process (PID=733) to work on /Users/eugene/Personal_Projects/Data_Project/app/airflow/dags/data_ingestion_gcs.py
[2023-06-03 22:39:53,862] {processor.py:641} INFO - Processing file /Users/eugene/Personal_Projects/Data_Project/app/airflow/dags/data_ingestion_gcs.py for tasks to queue
[2023-06-03 22:39:53,864] {logging_mixin.py:115} INFO - [2023-06-03 22:39:53,864] {dagbag.py:507} INFO - Filling up the DagBag from /Users/eugene/Personal_Projects/Data_Project/app/airflow/dags/data_ingestion_gcs.py
[2023-06-03 22:39:54,240] {processor.py:651} INFO - DAG(s) dict_keys(['data_ingestion_gcs_dag']) retrieved from /Users/eugene/Personal_Projects/Data_Project/app/airflow/dags/data_ingestion_gcs.py
[2023-06-03 22:39:54,266] {logging_mixin.py:115} INFO - [2023-06-03 22:39:54,266] {dag.py:2379} INFO - Sync 1 DAGs
[2023-06-03 22:39:54,415] {logging_mixin.py:115} INFO - [2023-06-03 22:39:54,415] {dag.py:2931} INFO - Setting next_dagrun for data_ingestion_gcs_dag to None, run_after=None
[2023-06-03 22:39:54,428] {processor.py:161} INFO - Processing /Users/eugene/Personal_Projects/Data_Project/app/airflow/dags/data_ingestion_gcs.py took 0.572 seconds
[2023-06-03 22:40:24,535] {processor.py:153} INFO - Started process (PID=746) to work on /Users/eugene/Personal_Projects/Data_Project/app/airflow/dags/data_ingestion_gcs.py
[2023-06-03 22:40:24,537] {processor.py:641} INFO - Processing file /Users/eugene/Personal_Projects/Data_Project/app/airflow/dags/data_ingestion_gcs.py for tasks to queue
[2023-06-03 22:40:24,539] {logging_mixin.py:115} INFO - [2023-06-03 22:40:24,539] {dagbag.py:507} INFO - Filling up the DagBag from /Users/eugene/Personal_Projects/Data_Project/app/airflow/dags/data_ingestion_gcs.py
[2023-06-03 22:40:25,031] {processor.py:651} INFO - DAG(s) dict_keys(['data_ingestion_gcs_dag']) retrieved from /Users/eugene/Personal_Projects/Data_Project/app/airflow/dags/data_ingestion_gcs.py
[2023-06-03 22:40:25,066] {logging_mixin.py:115} INFO - [2023-06-03 22:40:25,066] {dag.py:2379} INFO - Sync 1 DAGs
[2023-06-03 22:40:25,214] {logging_mixin.py:115} INFO - [2023-06-03 22:40:25,214] {dag.py:2931} INFO - Setting next_dagrun for data_ingestion_gcs_dag to None, run_after=None
[2023-06-03 22:40:25,232] {processor.py:161} INFO - Processing /Users/eugene/Personal_Projects/Data_Project/app/airflow/dags/data_ingestion_gcs.py took 0.702 seconds
[2023-06-03 22:40:55,352] {processor.py:153} INFO - Started process (PID=759) to work on /Users/eugene/Personal_Projects/Data_Project/app/airflow/dags/data_ingestion_gcs.py
[2023-06-03 22:40:55,355] {processor.py:641} INFO - Processing file /Users/eugene/Personal_Projects/Data_Project/app/airflow/dags/data_ingestion_gcs.py for tasks to queue
[2023-06-03 22:40:55,359] {logging_mixin.py:115} INFO - [2023-06-03 22:40:55,359] {dagbag.py:507} INFO - Filling up the DagBag from /Users/eugene/Personal_Projects/Data_Project/app/airflow/dags/data_ingestion_gcs.py
[2023-06-03 22:40:56,419] {processor.py:651} INFO - DAG(s) dict_keys(['data_ingestion_gcs_dag']) retrieved from /Users/eugene/Personal_Projects/Data_Project/app/airflow/dags/data_ingestion_gcs.py
[2023-06-03 22:40:56,481] {logging_mixin.py:115} INFO - [2023-06-03 22:40:56,480] {dag.py:2379} INFO - Sync 1 DAGs
[2023-06-03 22:40:56,786] {logging_mixin.py:115} INFO - [2023-06-03 22:40:56,786] {dag.py:2931} INFO - Setting next_dagrun for data_ingestion_gcs_dag to None, run_after=None
[2023-06-03 22:40:56,822] {processor.py:161} INFO - Processing /Users/eugene/Personal_Projects/Data_Project/app/airflow/dags/data_ingestion_gcs.py took 1.480 seconds
[2023-06-03 22:41:27,033] {processor.py:153} INFO - Started process (PID=772) to work on /Users/eugene/Personal_Projects/Data_Project/app/airflow/dags/data_ingestion_gcs.py
[2023-06-03 22:41:27,037] {processor.py:641} INFO - Processing file /Users/eugene/Personal_Projects/Data_Project/app/airflow/dags/data_ingestion_gcs.py for tasks to queue
[2023-06-03 22:41:27,045] {logging_mixin.py:115} INFO - [2023-06-03 22:41:27,045] {dagbag.py:507} INFO - Filling up the DagBag from /Users/eugene/Personal_Projects/Data_Project/app/airflow/dags/data_ingestion_gcs.py
[2023-06-03 22:41:28,528] {processor.py:651} INFO - DAG(s) dict_keys(['data_ingestion_gcs_dag']) retrieved from /Users/eugene/Personal_Projects/Data_Project/app/airflow/dags/data_ingestion_gcs.py
[2023-06-03 22:41:28,643] {logging_mixin.py:115} INFO - [2023-06-03 22:41:28,641] {dag.py:2379} INFO - Sync 1 DAGs
[2023-06-03 22:41:29,026] {logging_mixin.py:115} INFO - [2023-06-03 22:41:29,025] {dag.py:2931} INFO - Setting next_dagrun for data_ingestion_gcs_dag to None, run_after=None
[2023-06-03 22:41:29,057] {processor.py:161} INFO - Processing /Users/eugene/Personal_Projects/Data_Project/app/airflow/dags/data_ingestion_gcs.py took 2.038 seconds
[2023-06-03 22:41:59,230] {processor.py:153} INFO - Started process (PID=785) to work on /Users/eugene/Personal_Projects/Data_Project/app/airflow/dags/data_ingestion_gcs.py
[2023-06-03 22:41:59,233] {processor.py:641} INFO - Processing file /Users/eugene/Personal_Projects/Data_Project/app/airflow/dags/data_ingestion_gcs.py for tasks to queue
[2023-06-03 22:41:59,235] {logging_mixin.py:115} INFO - [2023-06-03 22:41:59,235] {dagbag.py:507} INFO - Filling up the DagBag from /Users/eugene/Personal_Projects/Data_Project/app/airflow/dags/data_ingestion_gcs.py
[2023-06-03 22:41:59,784] {processor.py:651} INFO - DAG(s) dict_keys(['data_ingestion_gcs_dag']) retrieved from /Users/eugene/Personal_Projects/Data_Project/app/airflow/dags/data_ingestion_gcs.py
[2023-06-03 22:41:59,824] {logging_mixin.py:115} INFO - [2023-06-03 22:41:59,823] {dag.py:2379} INFO - Sync 1 DAGs
[2023-06-03 22:42:00,026] {logging_mixin.py:115} INFO - [2023-06-03 22:42:00,026] {dag.py:2931} INFO - Setting next_dagrun for data_ingestion_gcs_dag to None, run_after=None
[2023-06-03 22:42:00,043] {processor.py:161} INFO - Processing /Users/eugene/Personal_Projects/Data_Project/app/airflow/dags/data_ingestion_gcs.py took 0.819 seconds
[2023-06-03 22:42:30,190] {processor.py:153} INFO - Started process (PID=798) to work on /Users/eugene/Personal_Projects/Data_Project/app/airflow/dags/data_ingestion_gcs.py
[2023-06-03 22:42:30,192] {processor.py:641} INFO - Processing file /Users/eugene/Personal_Projects/Data_Project/app/airflow/dags/data_ingestion_gcs.py for tasks to queue
[2023-06-03 22:42:30,193] {logging_mixin.py:115} INFO - [2023-06-03 22:42:30,193] {dagbag.py:507} INFO - Filling up the DagBag from /Users/eugene/Personal_Projects/Data_Project/app/airflow/dags/data_ingestion_gcs.py
[2023-06-03 22:42:30,565] {processor.py:651} INFO - DAG(s) dict_keys(['data_ingestion_gcs_dag']) retrieved from /Users/eugene/Personal_Projects/Data_Project/app/airflow/dags/data_ingestion_gcs.py
[2023-06-03 22:42:30,593] {logging_mixin.py:115} INFO - [2023-06-03 22:42:30,593] {dag.py:2379} INFO - Sync 1 DAGs
[2023-06-03 22:42:30,743] {logging_mixin.py:115} INFO - [2023-06-03 22:42:30,743] {dag.py:2931} INFO - Setting next_dagrun for data_ingestion_gcs_dag to None, run_after=None
[2023-06-03 22:42:30,756] {processor.py:161} INFO - Processing /Users/eugene/Personal_Projects/Data_Project/app/airflow/dags/data_ingestion_gcs.py took 0.571 seconds
[2023-06-03 22:43:00,897] {processor.py:153} INFO - Started process (PID=811) to work on /Users/eugene/Personal_Projects/Data_Project/app/airflow/dags/data_ingestion_gcs.py
[2023-06-03 22:43:00,899] {processor.py:641} INFO - Processing file /Users/eugene/Personal_Projects/Data_Project/app/airflow/dags/data_ingestion_gcs.py for tasks to queue
[2023-06-03 22:43:00,904] {logging_mixin.py:115} INFO - [2023-06-03 22:43:00,903] {dagbag.py:507} INFO - Filling up the DagBag from /Users/eugene/Personal_Projects/Data_Project/app/airflow/dags/data_ingestion_gcs.py
[2023-06-03 22:43:01,811] {processor.py:651} INFO - DAG(s) dict_keys(['data_ingestion_gcs_dag']) retrieved from /Users/eugene/Personal_Projects/Data_Project/app/airflow/dags/data_ingestion_gcs.py
[2023-06-03 22:43:01,864] {logging_mixin.py:115} INFO - [2023-06-03 22:43:01,863] {dag.py:2379} INFO - Sync 1 DAGs
[2023-06-03 22:43:02,117] {logging_mixin.py:115} INFO - [2023-06-03 22:43:02,117] {dag.py:2931} INFO - Setting next_dagrun for data_ingestion_gcs_dag to None, run_after=None
[2023-06-03 22:43:02,148] {processor.py:161} INFO - Processing /Users/eugene/Personal_Projects/Data_Project/app/airflow/dags/data_ingestion_gcs.py took 1.258 seconds
[2023-06-03 22:43:32,358] {processor.py:153} INFO - Started process (PID=824) to work on /Users/eugene/Personal_Projects/Data_Project/app/airflow/dags/data_ingestion_gcs.py
[2023-06-03 22:43:32,360] {processor.py:641} INFO - Processing file /Users/eugene/Personal_Projects/Data_Project/app/airflow/dags/data_ingestion_gcs.py for tasks to queue
[2023-06-03 22:43:32,362] {logging_mixin.py:115} INFO - [2023-06-03 22:43:32,362] {dagbag.py:507} INFO - Filling up the DagBag from /Users/eugene/Personal_Projects/Data_Project/app/airflow/dags/data_ingestion_gcs.py
[2023-06-03 22:43:33,260] {processor.py:651} INFO - DAG(s) dict_keys(['data_ingestion_gcs_dag']) retrieved from /Users/eugene/Personal_Projects/Data_Project/app/airflow/dags/data_ingestion_gcs.py
[2023-06-03 22:43:33,316] {logging_mixin.py:115} INFO - [2023-06-03 22:43:33,315] {dag.py:2379} INFO - Sync 1 DAGs
[2023-06-03 22:43:33,598] {logging_mixin.py:115} INFO - [2023-06-03 22:43:33,597] {dag.py:2931} INFO - Setting next_dagrun for data_ingestion_gcs_dag to None, run_after=None
[2023-06-03 22:43:33,632] {processor.py:161} INFO - Processing /Users/eugene/Personal_Projects/Data_Project/app/airflow/dags/data_ingestion_gcs.py took 1.284 seconds
[2023-06-03 22:44:03,788] {processor.py:153} INFO - Started process (PID=837) to work on /Users/eugene/Personal_Projects/Data_Project/app/airflow/dags/data_ingestion_gcs.py
[2023-06-03 22:44:03,790] {processor.py:641} INFO - Processing file /Users/eugene/Personal_Projects/Data_Project/app/airflow/dags/data_ingestion_gcs.py for tasks to queue
[2023-06-03 22:44:03,791] {logging_mixin.py:115} INFO - [2023-06-03 22:44:03,791] {dagbag.py:507} INFO - Filling up the DagBag from /Users/eugene/Personal_Projects/Data_Project/app/airflow/dags/data_ingestion_gcs.py
[2023-06-03 22:44:04,246] {processor.py:651} INFO - DAG(s) dict_keys(['data_ingestion_gcs_dag']) retrieved from /Users/eugene/Personal_Projects/Data_Project/app/airflow/dags/data_ingestion_gcs.py
[2023-06-03 22:44:04,275] {logging_mixin.py:115} INFO - [2023-06-03 22:44:04,274] {dag.py:2379} INFO - Sync 1 DAGs
[2023-06-03 22:44:04,423] {logging_mixin.py:115} INFO - [2023-06-03 22:44:04,423] {dag.py:2931} INFO - Setting next_dagrun for data_ingestion_gcs_dag to None, run_after=None
[2023-06-03 22:44:04,436] {processor.py:161} INFO - Processing /Users/eugene/Personal_Projects/Data_Project/app/airflow/dags/data_ingestion_gcs.py took 0.653 seconds
[2023-06-03 22:44:34,539] {processor.py:153} INFO - Started process (PID=850) to work on /Users/eugene/Personal_Projects/Data_Project/app/airflow/dags/data_ingestion_gcs.py
[2023-06-03 22:44:34,543] {processor.py:641} INFO - Processing file /Users/eugene/Personal_Projects/Data_Project/app/airflow/dags/data_ingestion_gcs.py for tasks to queue
[2023-06-03 22:44:34,545] {logging_mixin.py:115} INFO - [2023-06-03 22:44:34,545] {dagbag.py:507} INFO - Filling up the DagBag from /Users/eugene/Personal_Projects/Data_Project/app/airflow/dags/data_ingestion_gcs.py
[2023-06-03 22:44:35,656] {processor.py:651} INFO - DAG(s) dict_keys(['data_ingestion_gcs_dag']) retrieved from /Users/eugene/Personal_Projects/Data_Project/app/airflow/dags/data_ingestion_gcs.py
[2023-06-03 22:44:35,712] {logging_mixin.py:115} INFO - [2023-06-03 22:44:35,711] {dag.py:2379} INFO - Sync 1 DAGs
[2023-06-03 22:44:35,954] {logging_mixin.py:115} INFO - [2023-06-03 22:44:35,953] {dag.py:2931} INFO - Setting next_dagrun for data_ingestion_gcs_dag to None, run_after=None
[2023-06-03 22:44:36,002] {processor.py:161} INFO - Processing /Users/eugene/Personal_Projects/Data_Project/app/airflow/dags/data_ingestion_gcs.py took 1.472 seconds
[2023-06-03 22:45:06,214] {processor.py:153} INFO - Started process (PID=863) to work on /Users/eugene/Personal_Projects/Data_Project/app/airflow/dags/data_ingestion_gcs.py
[2023-06-03 22:45:06,219] {processor.py:641} INFO - Processing file /Users/eugene/Personal_Projects/Data_Project/app/airflow/dags/data_ingestion_gcs.py for tasks to queue
[2023-06-03 22:45:06,227] {logging_mixin.py:115} INFO - [2023-06-03 22:45:06,226] {dagbag.py:507} INFO - Filling up the DagBag from /Users/eugene/Personal_Projects/Data_Project/app/airflow/dags/data_ingestion_gcs.py
[2023-06-03 22:45:07,004] {processor.py:651} INFO - DAG(s) dict_keys(['data_ingestion_gcs_dag']) retrieved from /Users/eugene/Personal_Projects/Data_Project/app/airflow/dags/data_ingestion_gcs.py
[2023-06-03 22:45:07,059] {logging_mixin.py:115} INFO - [2023-06-03 22:45:07,059] {dag.py:2379} INFO - Sync 1 DAGs
[2023-06-03 22:45:07,304] {logging_mixin.py:115} INFO - [2023-06-03 22:45:07,304] {dag.py:2931} INFO - Setting next_dagrun for data_ingestion_gcs_dag to None, run_after=None
[2023-06-03 22:45:07,329] {processor.py:161} INFO - Processing /Users/eugene/Personal_Projects/Data_Project/app/airflow/dags/data_ingestion_gcs.py took 1.132 seconds
[2023-06-03 22:45:37,462] {processor.py:153} INFO - Started process (PID=876) to work on /Users/eugene/Personal_Projects/Data_Project/app/airflow/dags/data_ingestion_gcs.py
[2023-06-03 22:45:37,464] {processor.py:641} INFO - Processing file /Users/eugene/Personal_Projects/Data_Project/app/airflow/dags/data_ingestion_gcs.py for tasks to queue
[2023-06-03 22:45:37,466] {logging_mixin.py:115} INFO - [2023-06-03 22:45:37,466] {dagbag.py:507} INFO - Filling up the DagBag from /Users/eugene/Personal_Projects/Data_Project/app/airflow/dags/data_ingestion_gcs.py
[2023-06-03 22:45:37,866] {processor.py:651} INFO - DAG(s) dict_keys(['data_ingestion_gcs_dag']) retrieved from /Users/eugene/Personal_Projects/Data_Project/app/airflow/dags/data_ingestion_gcs.py
[2023-06-03 22:45:37,894] {logging_mixin.py:115} INFO - [2023-06-03 22:45:37,894] {dag.py:2379} INFO - Sync 1 DAGs
[2023-06-03 22:45:38,039] {logging_mixin.py:115} INFO - [2023-06-03 22:45:38,039] {dag.py:2931} INFO - Setting next_dagrun for data_ingestion_gcs_dag to None, run_after=None
[2023-06-03 22:45:38,052] {processor.py:161} INFO - Processing /Users/eugene/Personal_Projects/Data_Project/app/airflow/dags/data_ingestion_gcs.py took 0.594 seconds
[2023-06-03 22:46:08,172] {processor.py:153} INFO - Started process (PID=889) to work on /Users/eugene/Personal_Projects/Data_Project/app/airflow/dags/data_ingestion_gcs.py
[2023-06-03 22:46:08,174] {processor.py:641} INFO - Processing file /Users/eugene/Personal_Projects/Data_Project/app/airflow/dags/data_ingestion_gcs.py for tasks to queue
[2023-06-03 22:46:08,176] {logging_mixin.py:115} INFO - [2023-06-03 22:46:08,176] {dagbag.py:507} INFO - Filling up the DagBag from /Users/eugene/Personal_Projects/Data_Project/app/airflow/dags/data_ingestion_gcs.py
[2023-06-03 22:46:08,534] {processor.py:651} INFO - DAG(s) dict_keys(['data_ingestion_gcs_dag']) retrieved from /Users/eugene/Personal_Projects/Data_Project/app/airflow/dags/data_ingestion_gcs.py
[2023-06-03 22:46:08,562] {logging_mixin.py:115} INFO - [2023-06-03 22:46:08,561] {dag.py:2379} INFO - Sync 1 DAGs
[2023-06-03 22:46:08,710] {logging_mixin.py:115} INFO - [2023-06-03 22:46:08,710] {dag.py:2931} INFO - Setting next_dagrun for data_ingestion_gcs_dag to None, run_after=None
[2023-06-03 22:46:08,722] {processor.py:161} INFO - Processing /Users/eugene/Personal_Projects/Data_Project/app/airflow/dags/data_ingestion_gcs.py took 0.556 seconds
[2023-06-03 22:46:38,832] {processor.py:153} INFO - Started process (PID=902) to work on /Users/eugene/Personal_Projects/Data_Project/app/airflow/dags/data_ingestion_gcs.py
[2023-06-03 22:46:38,834] {processor.py:641} INFO - Processing file /Users/eugene/Personal_Projects/Data_Project/app/airflow/dags/data_ingestion_gcs.py for tasks to queue
[2023-06-03 22:46:38,836] {logging_mixin.py:115} INFO - [2023-06-03 22:46:38,836] {dagbag.py:507} INFO - Filling up the DagBag from /Users/eugene/Personal_Projects/Data_Project/app/airflow/dags/data_ingestion_gcs.py
[2023-06-03 22:46:39,223] {processor.py:651} INFO - DAG(s) dict_keys(['data_ingestion_gcs_dag']) retrieved from /Users/eugene/Personal_Projects/Data_Project/app/airflow/dags/data_ingestion_gcs.py
[2023-06-03 22:46:39,249] {logging_mixin.py:115} INFO - [2023-06-03 22:46:39,249] {dag.py:2379} INFO - Sync 1 DAGs
[2023-06-03 22:46:39,391] {logging_mixin.py:115} INFO - [2023-06-03 22:46:39,391] {dag.py:2931} INFO - Setting next_dagrun for data_ingestion_gcs_dag to None, run_after=None
[2023-06-03 22:46:39,405] {processor.py:161} INFO - Processing /Users/eugene/Personal_Projects/Data_Project/app/airflow/dags/data_ingestion_gcs.py took 0.578 seconds
[2023-06-03 22:47:09,525] {processor.py:153} INFO - Started process (PID=915) to work on /Users/eugene/Personal_Projects/Data_Project/app/airflow/dags/data_ingestion_gcs.py
[2023-06-03 22:47:09,527] {processor.py:641} INFO - Processing file /Users/eugene/Personal_Projects/Data_Project/app/airflow/dags/data_ingestion_gcs.py for tasks to queue
[2023-06-03 22:47:09,529] {logging_mixin.py:115} INFO - [2023-06-03 22:47:09,529] {dagbag.py:507} INFO - Filling up the DagBag from /Users/eugene/Personal_Projects/Data_Project/app/airflow/dags/data_ingestion_gcs.py
[2023-06-03 22:47:10,024] {processor.py:651} INFO - DAG(s) dict_keys(['data_ingestion_gcs_dag']) retrieved from /Users/eugene/Personal_Projects/Data_Project/app/airflow/dags/data_ingestion_gcs.py
[2023-06-03 22:47:10,056] {logging_mixin.py:115} INFO - [2023-06-03 22:47:10,056] {dag.py:2379} INFO - Sync 1 DAGs
[2023-06-03 22:47:10,239] {logging_mixin.py:115} INFO - [2023-06-03 22:47:10,239] {dag.py:2931} INFO - Setting next_dagrun for data_ingestion_gcs_dag to None, run_after=None
[2023-06-03 22:47:10,256] {processor.py:161} INFO - Processing /Users/eugene/Personal_Projects/Data_Project/app/airflow/dags/data_ingestion_gcs.py took 0.736 seconds
[2023-06-03 22:47:40,374] {processor.py:153} INFO - Started process (PID=928) to work on /Users/eugene/Personal_Projects/Data_Project/app/airflow/dags/data_ingestion_gcs.py
[2023-06-03 22:47:40,376] {processor.py:641} INFO - Processing file /Users/eugene/Personal_Projects/Data_Project/app/airflow/dags/data_ingestion_gcs.py for tasks to queue
[2023-06-03 22:47:40,377] {logging_mixin.py:115} INFO - [2023-06-03 22:47:40,377] {dagbag.py:507} INFO - Filling up the DagBag from /Users/eugene/Personal_Projects/Data_Project/app/airflow/dags/data_ingestion_gcs.py
[2023-06-03 22:47:40,754] {processor.py:651} INFO - DAG(s) dict_keys(['data_ingestion_gcs_dag']) retrieved from /Users/eugene/Personal_Projects/Data_Project/app/airflow/dags/data_ingestion_gcs.py
[2023-06-03 22:47:40,782] {logging_mixin.py:115} INFO - [2023-06-03 22:47:40,781] {dag.py:2379} INFO - Sync 1 DAGs
[2023-06-03 22:47:40,932] {logging_mixin.py:115} INFO - [2023-06-03 22:47:40,931] {dag.py:2931} INFO - Setting next_dagrun for data_ingestion_gcs_dag to None, run_after=None
[2023-06-03 22:47:40,945] {processor.py:161} INFO - Processing /Users/eugene/Personal_Projects/Data_Project/app/airflow/dags/data_ingestion_gcs.py took 0.575 seconds
[2023-06-03 22:48:11,093] {processor.py:153} INFO - Started process (PID=941) to work on /Users/eugene/Personal_Projects/Data_Project/app/airflow/dags/data_ingestion_gcs.py
[2023-06-03 22:48:11,094] {processor.py:641} INFO - Processing file /Users/eugene/Personal_Projects/Data_Project/app/airflow/dags/data_ingestion_gcs.py for tasks to queue
[2023-06-03 22:48:11,096] {logging_mixin.py:115} INFO - [2023-06-03 22:48:11,096] {dagbag.py:507} INFO - Filling up the DagBag from /Users/eugene/Personal_Projects/Data_Project/app/airflow/dags/data_ingestion_gcs.py
[2023-06-03 22:48:11,480] {processor.py:651} INFO - DAG(s) dict_keys(['data_ingestion_gcs_dag']) retrieved from /Users/eugene/Personal_Projects/Data_Project/app/airflow/dags/data_ingestion_gcs.py
[2023-06-03 22:48:11,508] {logging_mixin.py:115} INFO - [2023-06-03 22:48:11,507] {dag.py:2379} INFO - Sync 1 DAGs
[2023-06-03 22:48:11,646] {logging_mixin.py:115} INFO - [2023-06-03 22:48:11,646] {dag.py:2931} INFO - Setting next_dagrun for data_ingestion_gcs_dag to None, run_after=None
[2023-06-03 22:48:11,659] {processor.py:161} INFO - Processing /Users/eugene/Personal_Projects/Data_Project/app/airflow/dags/data_ingestion_gcs.py took 0.570 seconds
[2023-06-03 22:48:41,779] {processor.py:153} INFO - Started process (PID=954) to work on /Users/eugene/Personal_Projects/Data_Project/app/airflow/dags/data_ingestion_gcs.py
[2023-06-03 22:48:41,781] {processor.py:641} INFO - Processing file /Users/eugene/Personal_Projects/Data_Project/app/airflow/dags/data_ingestion_gcs.py for tasks to queue
[2023-06-03 22:48:41,783] {logging_mixin.py:115} INFO - [2023-06-03 22:48:41,782] {dagbag.py:507} INFO - Filling up the DagBag from /Users/eugene/Personal_Projects/Data_Project/app/airflow/dags/data_ingestion_gcs.py
[2023-06-03 22:48:42,153] {processor.py:651} INFO - DAG(s) dict_keys(['data_ingestion_gcs_dag']) retrieved from /Users/eugene/Personal_Projects/Data_Project/app/airflow/dags/data_ingestion_gcs.py
[2023-06-03 22:48:42,182] {logging_mixin.py:115} INFO - [2023-06-03 22:48:42,182] {dag.py:2379} INFO - Sync 1 DAGs
[2023-06-03 22:48:42,316] {logging_mixin.py:115} INFO - [2023-06-03 22:48:42,316] {dag.py:2931} INFO - Setting next_dagrun for data_ingestion_gcs_dag to None, run_after=None
[2023-06-03 22:48:42,327] {processor.py:161} INFO - Processing /Users/eugene/Personal_Projects/Data_Project/app/airflow/dags/data_ingestion_gcs.py took 0.553 seconds
[2023-06-03 22:49:12,439] {processor.py:153} INFO - Started process (PID=967) to work on /Users/eugene/Personal_Projects/Data_Project/app/airflow/dags/data_ingestion_gcs.py
[2023-06-03 22:49:12,440] {processor.py:641} INFO - Processing file /Users/eugene/Personal_Projects/Data_Project/app/airflow/dags/data_ingestion_gcs.py for tasks to queue
[2023-06-03 22:49:12,442] {logging_mixin.py:115} INFO - [2023-06-03 22:49:12,442] {dagbag.py:507} INFO - Filling up the DagBag from /Users/eugene/Personal_Projects/Data_Project/app/airflow/dags/data_ingestion_gcs.py
[2023-06-03 22:49:12,823] {processor.py:651} INFO - DAG(s) dict_keys(['data_ingestion_gcs_dag']) retrieved from /Users/eugene/Personal_Projects/Data_Project/app/airflow/dags/data_ingestion_gcs.py
[2023-06-03 22:49:12,850] {logging_mixin.py:115} INFO - [2023-06-03 22:49:12,850] {dag.py:2379} INFO - Sync 1 DAGs
[2023-06-03 22:49:12,986] {logging_mixin.py:115} INFO - [2023-06-03 22:49:12,986] {dag.py:2931} INFO - Setting next_dagrun for data_ingestion_gcs_dag to None, run_after=None
[2023-06-03 22:49:12,999] {processor.py:161} INFO - Processing /Users/eugene/Personal_Projects/Data_Project/app/airflow/dags/data_ingestion_gcs.py took 0.565 seconds
[2023-06-03 22:49:43,120] {processor.py:153} INFO - Started process (PID=980) to work on /Users/eugene/Personal_Projects/Data_Project/app/airflow/dags/data_ingestion_gcs.py
[2023-06-03 22:49:43,122] {processor.py:641} INFO - Processing file /Users/eugene/Personal_Projects/Data_Project/app/airflow/dags/data_ingestion_gcs.py for tasks to queue
[2023-06-03 22:49:43,123] {logging_mixin.py:115} INFO - [2023-06-03 22:49:43,123] {dagbag.py:507} INFO - Filling up the DagBag from /Users/eugene/Personal_Projects/Data_Project/app/airflow/dags/data_ingestion_gcs.py
[2023-06-03 22:49:43,553] {processor.py:651} INFO - DAG(s) dict_keys(['data_ingestion_gcs_dag']) retrieved from /Users/eugene/Personal_Projects/Data_Project/app/airflow/dags/data_ingestion_gcs.py
[2023-06-03 22:49:43,580] {logging_mixin.py:115} INFO - [2023-06-03 22:49:43,580] {dag.py:2379} INFO - Sync 1 DAGs
[2023-06-03 22:49:43,721] {logging_mixin.py:115} INFO - [2023-06-03 22:49:43,721] {dag.py:2931} INFO - Setting next_dagrun for data_ingestion_gcs_dag to None, run_after=None
[2023-06-03 22:49:43,734] {processor.py:161} INFO - Processing /Users/eugene/Personal_Projects/Data_Project/app/airflow/dags/data_ingestion_gcs.py took 0.620 seconds
[2023-06-03 22:50:13,883] {processor.py:153} INFO - Started process (PID=1000) to work on /Users/eugene/Personal_Projects/Data_Project/app/airflow/dags/data_ingestion_gcs.py
[2023-06-03 22:50:13,886] {processor.py:641} INFO - Processing file /Users/eugene/Personal_Projects/Data_Project/app/airflow/dags/data_ingestion_gcs.py for tasks to queue
[2023-06-03 22:50:13,888] {logging_mixin.py:115} INFO - [2023-06-03 22:50:13,888] {dagbag.py:507} INFO - Filling up the DagBag from /Users/eugene/Personal_Projects/Data_Project/app/airflow/dags/data_ingestion_gcs.py
[2023-06-03 22:50:15,087] {processor.py:651} INFO - DAG(s) dict_keys(['data_ingestion_gcs_dag']) retrieved from /Users/eugene/Personal_Projects/Data_Project/app/airflow/dags/data_ingestion_gcs.py
[2023-06-03 22:50:15,187] {logging_mixin.py:115} INFO - [2023-06-03 22:50:15,186] {dag.py:2379} INFO - Sync 1 DAGs
[2023-06-03 22:50:15,539] {logging_mixin.py:115} INFO - [2023-06-03 22:50:15,539] {dag.py:2931} INFO - Setting next_dagrun for data_ingestion_gcs_dag to None, run_after=None
[2023-06-03 22:50:15,569] {processor.py:161} INFO - Processing /Users/eugene/Personal_Projects/Data_Project/app/airflow/dags/data_ingestion_gcs.py took 1.696 seconds
[2023-06-03 22:50:45,729] {processor.py:153} INFO - Started process (PID=1014) to work on /Users/eugene/Personal_Projects/Data_Project/app/airflow/dags/data_ingestion_gcs.py
[2023-06-03 22:50:45,734] {processor.py:641} INFO - Processing file /Users/eugene/Personal_Projects/Data_Project/app/airflow/dags/data_ingestion_gcs.py for tasks to queue
[2023-06-03 22:50:45,736] {logging_mixin.py:115} INFO - [2023-06-03 22:50:45,736] {dagbag.py:507} INFO - Filling up the DagBag from /Users/eugene/Personal_Projects/Data_Project/app/airflow/dags/data_ingestion_gcs.py
[2023-06-03 22:50:46,625] {processor.py:651} INFO - DAG(s) dict_keys(['data_ingestion_gcs_dag']) retrieved from /Users/eugene/Personal_Projects/Data_Project/app/airflow/dags/data_ingestion_gcs.py
[2023-06-03 22:50:46,680] {logging_mixin.py:115} INFO - [2023-06-03 22:50:46,679] {dag.py:2379} INFO - Sync 1 DAGs
[2023-06-03 22:50:46,932] {logging_mixin.py:115} INFO - [2023-06-03 22:50:46,931] {dag.py:2931} INFO - Setting next_dagrun for data_ingestion_gcs_dag to None, run_after=None
[2023-06-03 22:50:46,964] {processor.py:161} INFO - Processing /Users/eugene/Personal_Projects/Data_Project/app/airflow/dags/data_ingestion_gcs.py took 1.244 seconds
[2023-06-03 22:51:17,159] {processor.py:153} INFO - Started process (PID=1027) to work on /Users/eugene/Personal_Projects/Data_Project/app/airflow/dags/data_ingestion_gcs.py
[2023-06-03 22:51:17,162] {processor.py:641} INFO - Processing file /Users/eugene/Personal_Projects/Data_Project/app/airflow/dags/data_ingestion_gcs.py for tasks to queue
[2023-06-03 22:51:17,164] {logging_mixin.py:115} INFO - [2023-06-03 22:51:17,164] {dagbag.py:507} INFO - Filling up the DagBag from /Users/eugene/Personal_Projects/Data_Project/app/airflow/dags/data_ingestion_gcs.py
[2023-06-03 22:51:18,157] {processor.py:651} INFO - DAG(s) dict_keys(['data_ingestion_gcs_dag']) retrieved from /Users/eugene/Personal_Projects/Data_Project/app/airflow/dags/data_ingestion_gcs.py
[2023-06-03 22:51:18,237] {logging_mixin.py:115} INFO - [2023-06-03 22:51:18,237] {dag.py:2379} INFO - Sync 1 DAGs
[2023-06-03 22:51:18,543] {logging_mixin.py:115} INFO - [2023-06-03 22:51:18,543] {dag.py:2931} INFO - Setting next_dagrun for data_ingestion_gcs_dag to None, run_after=None
[2023-06-03 22:51:18,559] {processor.py:161} INFO - Processing /Users/eugene/Personal_Projects/Data_Project/app/airflow/dags/data_ingestion_gcs.py took 1.407 seconds
[2023-06-03 22:51:48,718] {processor.py:153} INFO - Started process (PID=1040) to work on /Users/eugene/Personal_Projects/Data_Project/app/airflow/dags/data_ingestion_gcs.py
[2023-06-03 22:51:48,721] {processor.py:641} INFO - Processing file /Users/eugene/Personal_Projects/Data_Project/app/airflow/dags/data_ingestion_gcs.py for tasks to queue
[2023-06-03 22:51:48,725] {logging_mixin.py:115} INFO - [2023-06-03 22:51:48,724] {dagbag.py:507} INFO - Filling up the DagBag from /Users/eugene/Personal_Projects/Data_Project/app/airflow/dags/data_ingestion_gcs.py
[2023-06-03 22:51:49,980] {processor.py:651} INFO - DAG(s) dict_keys(['data_ingestion_gcs_dag']) retrieved from /Users/eugene/Personal_Projects/Data_Project/app/airflow/dags/data_ingestion_gcs.py
[2023-06-03 22:51:50,036] {logging_mixin.py:115} INFO - [2023-06-03 22:51:50,035] {dag.py:2379} INFO - Sync 1 DAGs
[2023-06-03 22:51:50,336] {logging_mixin.py:115} INFO - [2023-06-03 22:51:50,336] {dag.py:2931} INFO - Setting next_dagrun for data_ingestion_gcs_dag to None, run_after=None
[2023-06-03 22:51:50,368] {processor.py:161} INFO - Processing /Users/eugene/Personal_Projects/Data_Project/app/airflow/dags/data_ingestion_gcs.py took 1.661 seconds
[2023-06-03 22:52:20,544] {processor.py:153} INFO - Started process (PID=1053) to work on /Users/eugene/Personal_Projects/Data_Project/app/airflow/dags/data_ingestion_gcs.py
[2023-06-03 22:52:20,548] {processor.py:641} INFO - Processing file /Users/eugene/Personal_Projects/Data_Project/app/airflow/dags/data_ingestion_gcs.py for tasks to queue
[2023-06-03 22:52:20,550] {logging_mixin.py:115} INFO - [2023-06-03 22:52:20,550] {dagbag.py:507} INFO - Filling up the DagBag from /Users/eugene/Personal_Projects/Data_Project/app/airflow/dags/data_ingestion_gcs.py
[2023-06-03 22:52:21,508] {processor.py:651} INFO - DAG(s) dict_keys(['data_ingestion_gcs_dag']) retrieved from /Users/eugene/Personal_Projects/Data_Project/app/airflow/dags/data_ingestion_gcs.py
[2023-06-03 22:52:21,575] {logging_mixin.py:115} INFO - [2023-06-03 22:52:21,574] {dag.py:2379} INFO - Sync 1 DAGs
[2023-06-03 22:52:21,827] {logging_mixin.py:115} INFO - [2023-06-03 22:52:21,827] {dag.py:2931} INFO - Setting next_dagrun for data_ingestion_gcs_dag to None, run_after=None
[2023-06-03 22:52:21,856] {processor.py:161} INFO - Processing /Users/eugene/Personal_Projects/Data_Project/app/airflow/dags/data_ingestion_gcs.py took 1.320 seconds
[2023-06-03 22:52:52,022] {processor.py:153} INFO - Started process (PID=1066) to work on /Users/eugene/Personal_Projects/Data_Project/app/airflow/dags/data_ingestion_gcs.py
[2023-06-03 22:52:52,024] {processor.py:641} INFO - Processing file /Users/eugene/Personal_Projects/Data_Project/app/airflow/dags/data_ingestion_gcs.py for tasks to queue
[2023-06-03 22:52:52,026] {logging_mixin.py:115} INFO - [2023-06-03 22:52:52,025] {dagbag.py:507} INFO - Filling up the DagBag from /Users/eugene/Personal_Projects/Data_Project/app/airflow/dags/data_ingestion_gcs.py
[2023-06-03 22:52:52,486] {processor.py:651} INFO - DAG(s) dict_keys(['data_ingestion_gcs_dag']) retrieved from /Users/eugene/Personal_Projects/Data_Project/app/airflow/dags/data_ingestion_gcs.py
[2023-06-03 22:52:52,517] {logging_mixin.py:115} INFO - [2023-06-03 22:52:52,517] {dag.py:2379} INFO - Sync 1 DAGs
[2023-06-03 22:52:52,679] {logging_mixin.py:115} INFO - [2023-06-03 22:52:52,679] {dag.py:2931} INFO - Setting next_dagrun for data_ingestion_gcs_dag to None, run_after=None
[2023-06-03 22:52:52,692] {processor.py:161} INFO - Processing /Users/eugene/Personal_Projects/Data_Project/app/airflow/dags/data_ingestion_gcs.py took 0.674 seconds
[2023-06-03 22:53:22,797] {processor.py:153} INFO - Started process (PID=1079) to work on /Users/eugene/Personal_Projects/Data_Project/app/airflow/dags/data_ingestion_gcs.py
[2023-06-03 22:53:22,799] {processor.py:641} INFO - Processing file /Users/eugene/Personal_Projects/Data_Project/app/airflow/dags/data_ingestion_gcs.py for tasks to queue
[2023-06-03 22:53:22,801] {logging_mixin.py:115} INFO - [2023-06-03 22:53:22,800] {dagbag.py:507} INFO - Filling up the DagBag from /Users/eugene/Personal_Projects/Data_Project/app/airflow/dags/data_ingestion_gcs.py
[2023-06-03 22:53:23,201] {processor.py:651} INFO - DAG(s) dict_keys(['data_ingestion_gcs_dag']) retrieved from /Users/eugene/Personal_Projects/Data_Project/app/airflow/dags/data_ingestion_gcs.py
[2023-06-03 22:53:23,355] {logging_mixin.py:115} INFO - [2023-06-03 22:53:23,355] {dag.py:2379} INFO - Sync 1 DAGs
[2023-06-03 22:53:23,379] {logging_mixin.py:115} INFO - [2023-06-03 22:53:23,379] {dag.py:2931} INFO - Setting next_dagrun for data_ingestion_gcs_dag to None, run_after=None
[2023-06-03 22:53:23,392] {processor.py:161} INFO - Processing /Users/eugene/Personal_Projects/Data_Project/app/airflow/dags/data_ingestion_gcs.py took 0.599 seconds
[2023-06-03 22:53:53,517] {processor.py:153} INFO - Started process (PID=1092) to work on /Users/eugene/Personal_Projects/Data_Project/app/airflow/dags/data_ingestion_gcs.py
[2023-06-03 22:53:53,519] {processor.py:641} INFO - Processing file /Users/eugene/Personal_Projects/Data_Project/app/airflow/dags/data_ingestion_gcs.py for tasks to queue
[2023-06-03 22:53:53,521] {logging_mixin.py:115} INFO - [2023-06-03 22:53:53,521] {dagbag.py:507} INFO - Filling up the DagBag from /Users/eugene/Personal_Projects/Data_Project/app/airflow/dags/data_ingestion_gcs.py
[2023-06-03 22:53:53,913] {processor.py:651} INFO - DAG(s) dict_keys(['data_ingestion_gcs_dag']) retrieved from /Users/eugene/Personal_Projects/Data_Project/app/airflow/dags/data_ingestion_gcs.py
[2023-06-03 22:53:54,063] {logging_mixin.py:115} INFO - [2023-06-03 22:53:54,063] {dag.py:2379} INFO - Sync 1 DAGs
[2023-06-03 22:53:54,086] {logging_mixin.py:115} INFO - [2023-06-03 22:53:54,086] {dag.py:2931} INFO - Setting next_dagrun for data_ingestion_gcs_dag to None, run_after=None
[2023-06-03 22:53:54,098] {processor.py:161} INFO - Processing /Users/eugene/Personal_Projects/Data_Project/app/airflow/dags/data_ingestion_gcs.py took 0.586 seconds
[2023-06-03 22:54:24,231] {processor.py:153} INFO - Started process (PID=1105) to work on /Users/eugene/Personal_Projects/Data_Project/app/airflow/dags/data_ingestion_gcs.py
[2023-06-03 22:54:24,235] {processor.py:641} INFO - Processing file /Users/eugene/Personal_Projects/Data_Project/app/airflow/dags/data_ingestion_gcs.py for tasks to queue
[2023-06-03 22:54:24,237] {logging_mixin.py:115} INFO - [2023-06-03 22:54:24,237] {dagbag.py:507} INFO - Filling up the DagBag from /Users/eugene/Personal_Projects/Data_Project/app/airflow/dags/data_ingestion_gcs.py
[2023-06-03 22:54:25,243] {processor.py:651} INFO - DAG(s) dict_keys(['data_ingestion_gcs_dag']) retrieved from /Users/eugene/Personal_Projects/Data_Project/app/airflow/dags/data_ingestion_gcs.py
[2023-06-03 22:54:25,589] {logging_mixin.py:115} INFO - [2023-06-03 22:54:25,588] {dag.py:2379} INFO - Sync 1 DAGs
[2023-06-03 22:54:25,638] {logging_mixin.py:115} INFO - [2023-06-03 22:54:25,638] {dag.py:2931} INFO - Setting next_dagrun for data_ingestion_gcs_dag to None, run_after=None
[2023-06-03 22:54:25,668] {processor.py:161} INFO - Processing /Users/eugene/Personal_Projects/Data_Project/app/airflow/dags/data_ingestion_gcs.py took 1.447 seconds
[2023-06-03 22:54:55,843] {processor.py:153} INFO - Started process (PID=1118) to work on /Users/eugene/Personal_Projects/Data_Project/app/airflow/dags/data_ingestion_gcs.py
[2023-06-03 22:54:55,846] {processor.py:641} INFO - Processing file /Users/eugene/Personal_Projects/Data_Project/app/airflow/dags/data_ingestion_gcs.py for tasks to queue
[2023-06-03 22:54:55,848] {logging_mixin.py:115} INFO - [2023-06-03 22:54:55,847] {dagbag.py:507} INFO - Filling up the DagBag from /Users/eugene/Personal_Projects/Data_Project/app/airflow/dags/data_ingestion_gcs.py
[2023-06-03 22:54:56,762] {processor.py:651} INFO - DAG(s) dict_keys(['data_ingestion_gcs_dag']) retrieved from /Users/eugene/Personal_Projects/Data_Project/app/airflow/dags/data_ingestion_gcs.py
[2023-06-03 22:54:57,018] {logging_mixin.py:115} INFO - [2023-06-03 22:54:57,017] {dag.py:2379} INFO - Sync 1 DAGs
[2023-06-03 22:54:57,067] {logging_mixin.py:115} INFO - [2023-06-03 22:54:57,067] {dag.py:2931} INFO - Setting next_dagrun for data_ingestion_gcs_dag to None, run_after=None
[2023-06-03 22:54:57,086] {processor.py:161} INFO - Processing /Users/eugene/Personal_Projects/Data_Project/app/airflow/dags/data_ingestion_gcs.py took 1.249 seconds
[2023-06-03 22:55:27,226] {processor.py:153} INFO - Started process (PID=1131) to work on /Users/eugene/Personal_Projects/Data_Project/app/airflow/dags/data_ingestion_gcs.py
[2023-06-03 22:55:27,228] {processor.py:641} INFO - Processing file /Users/eugene/Personal_Projects/Data_Project/app/airflow/dags/data_ingestion_gcs.py for tasks to queue
[2023-06-03 22:55:27,229] {logging_mixin.py:115} INFO - [2023-06-03 22:55:27,229] {dagbag.py:507} INFO - Filling up the DagBag from /Users/eugene/Personal_Projects/Data_Project/app/airflow/dags/data_ingestion_gcs.py
[2023-06-03 22:55:27,616] {processor.py:651} INFO - DAG(s) dict_keys(['data_ingestion_gcs_dag']) retrieved from /Users/eugene/Personal_Projects/Data_Project/app/airflow/dags/data_ingestion_gcs.py
[2023-06-03 22:55:27,789] {logging_mixin.py:115} INFO - [2023-06-03 22:55:27,789] {dag.py:2379} INFO - Sync 1 DAGs
[2023-06-03 22:55:27,814] {logging_mixin.py:115} INFO - [2023-06-03 22:55:27,814] {dag.py:2931} INFO - Setting next_dagrun for data_ingestion_gcs_dag to None, run_after=None
[2023-06-03 22:55:27,830] {processor.py:161} INFO - Processing /Users/eugene/Personal_Projects/Data_Project/app/airflow/dags/data_ingestion_gcs.py took 0.609 seconds
