[2023-05-26 13:44:35,824] {taskinstance.py:1159} INFO - Dependencies all met for <TaskInstance: data_ingestion_gcs_dag.local_to_gcs_task scheduled__2021-03-02T06:00:00+00:00 [queued]>
[2023-05-26 13:44:35,842] {taskinstance.py:1159} INFO - Dependencies all met for <TaskInstance: data_ingestion_gcs_dag.local_to_gcs_task scheduled__2021-03-02T06:00:00+00:00 [queued]>
[2023-05-26 13:44:35,843] {taskinstance.py:1356} INFO - 
--------------------------------------------------------------------------------
[2023-05-26 13:44:35,844] {taskinstance.py:1357} INFO - Starting attempt 1 of 2
[2023-05-26 13:44:35,846] {taskinstance.py:1358} INFO - 
--------------------------------------------------------------------------------
[2023-05-26 13:44:35,868] {taskinstance.py:1377} INFO - Executing <Task(PythonOperator): local_to_gcs_task> on 2021-03-02 06:00:00+00:00
[2023-05-26 13:44:35,875] {standard_task_runner.py:52} INFO - Started process 2575 to run task
[2023-05-26 13:44:35,881] {standard_task_runner.py:79} INFO - Running: ['***', 'tasks', 'run', 'data_ingestion_gcs_dag', 'local_to_gcs_task', 'scheduled__2021-03-02T06:00:00+00:00', '--job-id', '85', '--raw', '--subdir', 'DAGS_FOLDER/data_ingestion_gcs.py', '--cfg-path', '/tmp/tmp_w9qbt3t', '--error-file', '/tmp/tmpfniz8si9']
[2023-05-26 13:44:35,884] {standard_task_runner.py:80} INFO - Job 85: Subtask local_to_gcs_task
[2023-05-26 13:44:35,973] {task_command.py:370} INFO - Running <TaskInstance: data_ingestion_gcs_dag.local_to_gcs_task scheduled__2021-03-02T06:00:00+00:00 [running]> on host ca6ba07bb7b3
[2023-05-26 13:44:36,034] {logging_mixin.py:115} WARNING - /home/***/.local/lib/python3.7/site-packages/***/utils/context.py:202 AirflowContextDeprecationWarning: Accessing 'execution_date' from the template is deprecated and will be removed in a future version. Please use 'data_interval_start' or 'logical_date' instead.
[2023-05-26 13:44:36,083] {taskinstance.py:1571} INFO - Exporting the following env vars:
AIRFLOW_CTX_DAG_OWNER=***
AIRFLOW_CTX_DAG_ID=data_ingestion_gcs_dag
AIRFLOW_CTX_TASK_ID=local_to_gcs_task
AIRFLOW_CTX_EXECUTION_DATE=2021-03-02T06:00:00+00:00
AIRFLOW_CTX_TRY_NUMBER=1
AIRFLOW_CTX_DAG_RUN_ID=scheduled__2021-03-02T06:00:00+00:00
[2023-05-26 13:44:40,027] {python.py:173} INFO - Done. Returned value was: None
[2023-05-26 13:44:40,044] {taskinstance.py:1400} INFO - Marking task as SUCCESS. dag_id=data_ingestion_gcs_dag, task_id=local_to_gcs_task, execution_date=20210302T060000, start_date=20230526T134435, end_date=20230526T134440
[2023-05-26 13:44:40,085] {local_task_job.py:156} INFO - Task exited with return code 0
[2023-05-26 13:44:40,131] {local_task_job.py:273} INFO - 1 downstream tasks scheduled from follow-on schedule check
